[0.096s] DEBUG:colcon:Command line arguments: ['/usr/bin/colcon', 'build', '--symlink-install']
[0.096s] DEBUG:colcon:Parsed command line arguments: Namespace(log_base=None, log_level=None, verb_name='build', build_base='build', install_base='install', merge_install=False, symlink_install=True, test_result_base=None, continue_on_error=False, executor='parallel', parallel_workers=2, event_handlers=None, ignore_user_meta=False, metas=['./colcon.meta'], base_paths=['.'], packages_ignore=None, packages_ignore_regex=None, paths=None, packages_up_to=None, packages_up_to_regex=None, packages_above=None, packages_above_and_dependencies=None, packages_above_depth=None, packages_select_by_dep=None, packages_skip_by_dep=None, packages_skip_up_to=None, packages_select_build_failed=False, packages_skip_build_finished=False, packages_select_test_failures=False, packages_skip_test_passed=False, packages_select=None, packages_skip=None, packages_select_regex=None, packages_skip_regex=None, packages_start=None, packages_end=None, allow_overriding=[], cmake_args=None, cmake_target=None, cmake_target_skip_unavailable=False, cmake_clean_cache=False, cmake_clean_first=False, cmake_force_configure=False, ament_cmake_args=None, catkin_cmake_args=None, catkin_skip_building_tests=False, verb_parser=<colcon_defaults.argument_parser.defaults.DefaultArgumentsDecorator object at 0x7d8d4d102ef0>, verb_extension=<colcon_core.verb.build.BuildVerb object at 0x7d8d4d102a70>, main=<bound method BuildVerb.main of <colcon_core.verb.build.BuildVerb object at 0x7d8d4d102a70>>)
[0.221s] Level 1:colcon.colcon_core.package_discovery:discover_packages(colcon_meta) check parameters
[0.221s] Level 1:colcon.colcon_core.package_discovery:discover_packages(recursive) check parameters
[0.221s] Level 1:colcon.colcon_core.package_discovery:discover_packages(ignore) check parameters
[0.222s] Level 1:colcon.colcon_core.package_discovery:discover_packages(path) check parameters
[0.222s] Level 1:colcon.colcon_core.package_discovery:discover_packages(colcon_meta) discover
[0.222s] Level 1:colcon.colcon_core.package_discovery:discover_packages(recursive) discover
[0.222s] INFO:colcon.colcon_core.package_discovery:Crawling recursively for packages in '/home/lisior/Workspaces/racoonbot_ws'
[0.222s] Level 1:colcon.colcon_core.package_identification:_identify(.) by extensions ['ignore', 'ignore_ament_install']
[0.222s] Level 1:colcon.colcon_core.package_identification:_identify(.) by extension 'ignore'
[0.222s] Level 1:colcon.colcon_core.package_identification:_identify(.) by extension 'ignore_ament_install'
[0.223s] Level 1:colcon.colcon_core.package_identification:_identify(.) by extensions ['colcon_pkg']
[0.223s] Level 1:colcon.colcon_core.package_identification:_identify(.) by extension 'colcon_pkg'
[0.223s] Level 1:colcon.colcon_core.package_identification:_identify(.) by extensions ['colcon_meta']
[0.223s] Level 1:colcon.colcon_core.package_identification:_identify(.) by extension 'colcon_meta'
[0.223s] Level 1:colcon.colcon_core.package_identification:_identify(.) by extensions ['ros']
[0.223s] Level 1:colcon.colcon_core.package_identification:_identify(.) by extension 'ros'
[0.234s] Level 1:colcon.colcon_core.package_identification:_identify(.) by extensions ['cmake', 'python']
[0.234s] Level 1:colcon.colcon_core.package_identification:_identify(.) by extension 'cmake'
[0.234s] Level 1:colcon.colcon_core.package_identification:_identify(.) by extension 'python'
[0.234s] Level 1:colcon.colcon_core.package_identification:_identify(.) by extensions ['python_setup_py']
[0.235s] Level 1:colcon.colcon_core.package_identification:_identify(.) by extension 'python_setup_py'
[0.235s] Level 1:colcon.colcon_core.package_identification:_identify(build) by extensions ['ignore', 'ignore_ament_install']
[0.235s] Level 1:colcon.colcon_core.package_identification:_identify(build) by extension 'ignore'
[0.235s] Level 1:colcon.colcon_core.package_identification:_identify(build) ignored
[0.235s] Level 1:colcon.colcon_core.package_identification:_identify(install) by extensions ['ignore', 'ignore_ament_install']
[0.236s] Level 1:colcon.colcon_core.package_identification:_identify(install) by extension 'ignore'
[0.236s] Level 1:colcon.colcon_core.package_identification:_identify(install) ignored
[0.236s] Level 1:colcon.colcon_core.package_identification:_identify(log) by extensions ['ignore', 'ignore_ament_install']
[0.236s] Level 1:colcon.colcon_core.package_identification:_identify(log) by extension 'ignore'
[0.236s] Level 1:colcon.colcon_core.package_identification:_identify(log) ignored
[0.236s] Level 1:colcon.colcon_core.package_identification:_identify(src) by extensions ['ignore', 'ignore_ament_install']
[0.236s] Level 1:colcon.colcon_core.package_identification:_identify(src) by extension 'ignore'
[0.237s] Level 1:colcon.colcon_core.package_identification:_identify(src) by extension 'ignore_ament_install'
[0.237s] Level 1:colcon.colcon_core.package_identification:_identify(src) by extensions ['colcon_pkg']
[0.237s] Level 1:colcon.colcon_core.package_identification:_identify(src) by extension 'colcon_pkg'
[0.237s] Level 1:colcon.colcon_core.package_identification:_identify(src) by extensions ['colcon_meta']
[0.237s] Level 1:colcon.colcon_core.package_identification:_identify(src) by extension 'colcon_meta'
[0.237s] Level 1:colcon.colcon_core.package_identification:_identify(src) by extensions ['ros']
[0.237s] Level 1:colcon.colcon_core.package_identification:_identify(src) by extension 'ros'
[0.238s] Level 1:colcon.colcon_core.package_identification:_identify(src) by extensions ['cmake', 'python']
[0.238s] Level 1:colcon.colcon_core.package_identification:_identify(src) by extension 'cmake'
[0.238s] Level 1:colcon.colcon_core.package_identification:_identify(src) by extension 'python'
[0.238s] Level 1:colcon.colcon_core.package_identification:_identify(src) by extensions ['python_setup_py']
[0.238s] Level 1:colcon.colcon_core.package_identification:_identify(src) by extension 'python_setup_py'
[0.238s] Level 1:colcon.colcon_core.package_identification:_identify(src/racoonbot_pkg) by extensions ['ignore', 'ignore_ament_install']
[0.238s] Level 1:colcon.colcon_core.package_identification:_identify(src/racoonbot_pkg) by extension 'ignore'
[0.239s] Level 1:colcon.colcon_core.package_identification:_identify(src/racoonbot_pkg) by extension 'ignore_ament_install'
[0.239s] Level 1:colcon.colcon_core.package_identification:_identify(src/racoonbot_pkg) by extensions ['colcon_pkg']
[0.239s] Level 1:colcon.colcon_core.package_identification:_identify(src/racoonbot_pkg) by extension 'colcon_pkg'
[0.239s] Level 1:colcon.colcon_core.package_identification:_identify(src/racoonbot_pkg) by extensions ['colcon_meta']
[0.239s] Level 1:colcon.colcon_core.package_identification:_identify(src/racoonbot_pkg) by extension 'colcon_meta'
[0.239s] Level 1:colcon.colcon_core.package_identification:_identify(src/racoonbot_pkg) by extensions ['ros']
[0.239s] Level 1:colcon.colcon_core.package_identification:_identify(src/racoonbot_pkg) by extension 'ros'
[0.243s] DEBUG:colcon.colcon_core.package_identification:Package 'src/racoonbot_pkg' with type 'ros.ament_cmake' and name 'racoonbot_pkg'
[0.243s] Level 1:colcon.colcon_core.package_discovery:discover_packages(recursive) using defaults
[0.243s] Level 1:colcon.colcon_core.package_discovery:discover_packages(ignore) discover
[0.243s] Level 1:colcon.colcon_core.package_discovery:discover_packages(ignore) using defaults
[0.243s] Level 1:colcon.colcon_core.package_discovery:discover_packages(path) discover
[0.244s] Level 1:colcon.colcon_core.package_discovery:discover_packages(path) using defaults
[0.262s] Level 1:colcon.colcon_core.package_discovery:discover_packages(prefix_path) check parameters
[0.263s] Level 1:colcon.colcon_core.package_discovery:discover_packages(prefix_path) discover
[0.264s] Level 1:colcon.colcon_core.package_discovery:discover_packages(prefix_path) using defaults
[0.264s] Level 5:colcon.colcon_core.verb:set package 'racoonbot_pkg' build argument 'cmake_args' from command line to 'None'
[0.265s] Level 5:colcon.colcon_core.verb:set package 'racoonbot_pkg' build argument 'cmake_target' from command line to 'None'
[0.265s] Level 5:colcon.colcon_core.verb:set package 'racoonbot_pkg' build argument 'cmake_target_skip_unavailable' from command line to 'False'
[0.265s] Level 5:colcon.colcon_core.verb:set package 'racoonbot_pkg' build argument 'cmake_clean_cache' from command line to 'False'
[0.265s] Level 5:colcon.colcon_core.verb:set package 'racoonbot_pkg' build argument 'cmake_clean_first' from command line to 'False'
[0.265s] Level 5:colcon.colcon_core.verb:set package 'racoonbot_pkg' build argument 'cmake_force_configure' from command line to 'False'
[0.265s] Level 5:colcon.colcon_core.verb:set package 'racoonbot_pkg' build argument 'ament_cmake_args' from command line to 'None'
[0.266s] Level 5:colcon.colcon_core.verb:set package 'racoonbot_pkg' build argument 'catkin_cmake_args' from command line to 'None'
[0.266s] Level 5:colcon.colcon_core.verb:set package 'racoonbot_pkg' build argument 'catkin_skip_building_tests' from command line to 'False'
[0.266s] DEBUG:colcon.colcon_core.verb:Building package 'racoonbot_pkg' with the following arguments: {'ament_cmake_args': None, 'build_base': '/home/lisior/Workspaces/racoonbot_ws/build/racoonbot_pkg', 'catkin_cmake_args': None, 'catkin_skip_building_tests': False, 'cmake_args': None, 'cmake_clean_cache': False, 'cmake_clean_first': False, 'cmake_force_configure': False, 'cmake_target': None, 'cmake_target_skip_unavailable': False, 'install_base': '/home/lisior/Workspaces/racoonbot_ws/install/racoonbot_pkg', 'merge_install': False, 'path': '/home/lisior/Workspaces/racoonbot_ws/src/racoonbot_pkg', 'symlink_install': True, 'test_result_base': None}
[0.266s] INFO:colcon.colcon_core.executor:Executing jobs using 'parallel' executor
[0.267s] DEBUG:colcon.colcon_parallel_executor.executor.parallel:run_until_complete
[0.268s] INFO:colcon.colcon_ros.task.ament_cmake.build:Building ROS package in '/home/lisior/Workspaces/racoonbot_ws/src/racoonbot_pkg' with build type 'ament_cmake'
[0.268s] INFO:colcon.colcon_cmake.task.cmake.build:Building CMake package in '/home/lisior/Workspaces/racoonbot_ws/src/racoonbot_pkg'
[0.270s] INFO:colcon.colcon_core.plugin_system:Skipping extension 'colcon_core.shell.bat': Not used on non-Windows systems
[0.270s] INFO:colcon.colcon_core.shell:Skip shell extension 'powershell' for command environment: Not usable outside of PowerShell
[0.270s] DEBUG:colcon.colcon_core.shell:Skip shell extension 'dsv' for command environment
[0.279s] DEBUG:colcon.colcon_core.event_handler.log_command:Invoking command in '/home/lisior/Workspaces/racoonbot_ws/build/racoonbot_pkg': /usr/bin/cmake --build /home/lisior/Workspaces/racoonbot_ws/build/racoonbot_pkg -- -j2 -l2
[4.641s] DEBUG:colcon.colcon_core.event_handler.log_command:Invoked command in '/home/lisior/Workspaces/racoonbot_ws/build/racoonbot_pkg' returned '0': /usr/bin/cmake --build /home/lisior/Workspaces/racoonbot_ws/build/racoonbot_pkg -- -j2 -l2
[4.691s] DEBUG:colcon.colcon_core.event_handler.log_command:Invoking command in '/home/lisior/Workspaces/racoonbot_ws/build/racoonbot_pkg': /usr/bin/cmake --install /home/lisior/Workspaces/racoonbot_ws/build/racoonbot_pkg
[4.845s] Level 1:colcon.colcon_core.environment:create_environment_scripts_only(racoonbot_pkg)
[4.847s] Level 1:colcon.colcon_core.environment:checking '/home/lisior/Workspaces/racoonbot_ws/install/racoonbot_pkg' for CMake module files
[4.848s] Level 1:colcon.colcon_core.environment:checking '/home/lisior/Workspaces/racoonbot_ws/install/racoonbot_pkg' for CMake config files
[4.848s] Level 1:colcon.colcon_core.shell:create_environment_hook('racoonbot_pkg', 'cmake_prefix_path')
[4.849s] INFO:colcon.colcon_core.shell:Creating environment hook '/home/lisior/Workspaces/racoonbot_ws/install/racoonbot_pkg/share/racoonbot_pkg/hook/cmake_prefix_path.ps1'
[4.856s] DEBUG:colcon.colcon_core.event_handler.log_command:Invoked command in '/home/lisior/Workspaces/racoonbot_ws/build/racoonbot_pkg' returned '0': /usr/bin/cmake --install /home/lisior/Workspaces/racoonbot_ws/build/racoonbot_pkg
[4.857s] INFO:colcon.colcon_core.shell:Creating environment descriptor '/home/lisior/Workspaces/racoonbot_ws/install/racoonbot_pkg/share/racoonbot_pkg/hook/cmake_prefix_path.dsv'
[4.857s] INFO:colcon.colcon_core.shell:Creating environment hook '/home/lisior/Workspaces/racoonbot_ws/install/racoonbot_pkg/share/racoonbot_pkg/hook/cmake_prefix_path.sh'
[4.858s] Level 1:colcon.colcon_core.environment:checking '/home/lisior/Workspaces/racoonbot_ws/install/racoonbot_pkg/lib'
[4.858s] Level 1:colcon.colcon_core.shell:create_environment_hook('racoonbot_pkg', 'ld_library_path_lib')
[4.859s] INFO:colcon.colcon_core.shell:Creating environment hook '/home/lisior/Workspaces/racoonbot_ws/install/racoonbot_pkg/share/racoonbot_pkg/hook/ld_library_path_lib.ps1'
[4.860s] INFO:colcon.colcon_core.shell:Creating environment descriptor '/home/lisior/Workspaces/racoonbot_ws/install/racoonbot_pkg/share/racoonbot_pkg/hook/ld_library_path_lib.dsv'
[4.860s] INFO:colcon.colcon_core.shell:Creating environment hook '/home/lisior/Workspaces/racoonbot_ws/install/racoonbot_pkg/share/racoonbot_pkg/hook/ld_library_path_lib.sh'
[4.861s] Level 1:colcon.colcon_core.environment:checking '/home/lisior/Workspaces/racoonbot_ws/install/racoonbot_pkg/bin'
[4.862s] Level 1:colcon.colcon_core.environment:checking '/home/lisior/Workspaces/racoonbot_ws/install/racoonbot_pkg/lib/pkgconfig/racoonbot_pkg.pc'
[4.864s] Level 1:colcon.colcon_core.environment:checking '/home/lisior/Workspaces/racoonbot_ws/install/racoonbot_pkg/lib/python3.10/site-packages'
[4.864s] Level 1:colcon.colcon_core.environment:checking '/home/lisior/Workspaces/racoonbot_ws/install/racoonbot_pkg/bin'
[4.865s] INFO:colcon.colcon_core.shell:Creating package script '/home/lisior/Workspaces/racoonbot_ws/install/racoonbot_pkg/share/racoonbot_pkg/package.ps1'
[4.866s] INFO:colcon.colcon_core.shell:Creating package descriptor '/home/lisior/Workspaces/racoonbot_ws/install/racoonbot_pkg/share/racoonbot_pkg/package.dsv'
[4.866s] INFO:colcon.colcon_core.shell:Creating package script '/home/lisior/Workspaces/racoonbot_ws/install/racoonbot_pkg/share/racoonbot_pkg/package.sh'
[4.867s] INFO:colcon.colcon_core.shell:Creating package script '/home/lisior/Workspaces/racoonbot_ws/install/racoonbot_pkg/share/racoonbot_pkg/package.bash'
[4.868s] INFO:colcon.colcon_core.shell:Creating package script '/home/lisior/Workspaces/racoonbot_ws/install/racoonbot_pkg/share/racoonbot_pkg/package.zsh'
[4.868s] Level 1:colcon.colcon_core.environment:create_file_with_runtime_dependencies(/home/lisior/Workspaces/racoonbot_ws/install/racoonbot_pkg/share/colcon-core/packages/racoonbot_pkg)
[4.911s] Level 1:colcon.colcon_core.environment:create_environment_scripts_only(racoonbot_pkg)
[4.912s] Level 1:colcon.colcon_core.environment:checking '/home/lisior/Workspaces/racoonbot_ws/install/racoonbot_pkg' for CMake module files
[4.913s] Level 1:colcon.colcon_core.environment:checking '/home/lisior/Workspaces/racoonbot_ws/install/racoonbot_pkg' for CMake config files
[4.913s] Level 1:colcon.colcon_core.shell:create_environment_hook('racoonbot_pkg', 'cmake_prefix_path')
[4.914s] INFO:colcon.colcon_core.shell:Creating environment hook '/home/lisior/Workspaces/racoonbot_ws/install/racoonbot_pkg/share/racoonbot_pkg/hook/cmake_prefix_path.ps1'
[4.915s] INFO:colcon.colcon_core.shell:Creating environment descriptor '/home/lisior/Workspaces/racoonbot_ws/install/racoonbot_pkg/share/racoonbot_pkg/hook/cmake_prefix_path.dsv'
[4.916s] INFO:colcon.colcon_core.shell:Creating environment hook '/home/lisior/Workspaces/racoonbot_ws/install/racoonbot_pkg/share/racoonbot_pkg/hook/cmake_prefix_path.sh'
[4.917s] Level 1:colcon.colcon_core.environment:checking '/home/lisior/Workspaces/racoonbot_ws/install/racoonbot_pkg/lib'
[4.917s] Level 1:colcon.colcon_core.shell:create_environment_hook('racoonbot_pkg', 'ld_library_path_lib')
[4.917s] INFO:colcon.colcon_core.shell:Creating environment hook '/home/lisior/Workspaces/racoonbot_ws/install/racoonbot_pkg/share/racoonbot_pkg/hook/ld_library_path_lib.ps1'
[4.918s] INFO:colcon.colcon_core.shell:Creating environment descriptor '/home/lisior/Workspaces/racoonbot_ws/install/racoonbot_pkg/share/racoonbot_pkg/hook/ld_library_path_lib.dsv'
[4.919s] INFO:colcon.colcon_core.shell:Creating environment hook '/home/lisior/Workspaces/racoonbot_ws/install/racoonbot_pkg/share/racoonbot_pkg/hook/ld_library_path_lib.sh'
[4.920s] Level 1:colcon.colcon_core.environment:checking '/home/lisior/Workspaces/racoonbot_ws/install/racoonbot_pkg/bin'
[4.920s] Level 1:colcon.colcon_core.environment:checking '/home/lisior/Workspaces/racoonbot_ws/install/racoonbot_pkg/lib/pkgconfig/racoonbot_pkg.pc'
[4.921s] Level 1:colcon.colcon_core.environment:checking '/home/lisior/Workspaces/racoonbot_ws/install/racoonbot_pkg/lib/python3.10/site-packages'
[4.921s] Level 1:colcon.colcon_core.environment:checking '/home/lisior/Workspaces/racoonbot_ws/install/racoonbot_pkg/bin'
[4.921s] INFO:colcon.colcon_core.shell:Creating package script '/home/lisior/Workspaces/racoonbot_ws/install/racoonbot_pkg/share/racoonbot_pkg/package.ps1'
[4.922s] INFO:colcon.colcon_core.shell:Creating package descriptor '/home/lisior/Workspaces/racoonbot_ws/install/racoonbot_pkg/share/racoonbot_pkg/package.dsv'
[4.923s] INFO:colcon.colcon_core.shell:Creating package script '/home/lisior/Workspaces/racoonbot_ws/install/racoonbot_pkg/share/racoonbot_pkg/package.sh'
[4.924s] INFO:colcon.colcon_core.shell:Creating package script '/home/lisior/Workspaces/racoonbot_ws/install/racoonbot_pkg/share/racoonbot_pkg/package.bash'
[4.925s] INFO:colcon.colcon_core.shell:Creating package script '/home/lisior/Workspaces/racoonbot_ws/install/racoonbot_pkg/share/racoonbot_pkg/package.zsh'
[4.926s] Level 1:colcon.colcon_core.environment:create_file_with_runtime_dependencies(/home/lisior/Workspaces/racoonbot_ws/install/racoonbot_pkg/share/colcon-core/packages/racoonbot_pkg)
[4.929s] DEBUG:colcon.colcon_parallel_executor.executor.parallel:closing loop
[4.929s] DEBUG:colcon.colcon_parallel_executor.executor.parallel:loop closed
[4.929s] DEBUG:colcon.colcon_parallel_executor.executor.parallel:run_until_complete finished with '0'
[4.930s] DEBUG:colcon.colcon_core.event_reactor:joining thread
[4.936s] INFO:colcon.colcon_core.plugin_system:Skipping extension 'colcon_notification.desktop_notification.terminal_notifier': Not used on non-Darwin systems
[4.936s] INFO:colcon.colcon_core.plugin_system:Skipping extension 'colcon_notification.desktop_notification.win32': Not used on non-Windows systems
[4.936s] INFO:colcon.colcon_notification.desktop_notification:Sending desktop notification using 'notify2'
[4.939s] DEBUG:colcon.colcon_notification.desktop_notification.notify2:Failed to initialize notify2: org.freedesktop.DBus.Error.Spawn.ExecFailed: /usr/bin/dbus-launch terminated abnormally without any error message
[4.940s] DEBUG:colcon.colcon_core.event_reactor:joined thread
[4.941s] INFO:colcon.colcon_core.shell:Creating prefix script '/home/lisior/Workspaces/racoonbot_ws/install/local_setup.ps1'
[4.942s] INFO:colcon.colcon_core.shell:Creating prefix util module '/home/lisior/Workspaces/racoonbot_ws/install/_local_setup_util_ps1.py'
[4.957s] INFO:colcon.colcon_core.shell:Creating prefix chain script '/home/lisior/Workspaces/racoonbot_ws/install/setup.ps1'
[4.961s] INFO:colcon.colcon_core.shell:Creating prefix script '/home/lisior/Workspaces/racoonbot_ws/install/local_setup.sh'
[4.962s] INFO:colcon.colcon_core.shell:Creating prefix util module '/home/lisior/Workspaces/racoonbot_ws/install/_local_setup_util_sh.py'
[4.963s] INFO:colcon.colcon_core.shell:Creating prefix chain script '/home/lisior/Workspaces/racoonbot_ws/install/setup.sh'
[4.964s] INFO:colcon.colcon_core.shell:Creating prefix script '/home/lisior/Workspaces/racoonbot_ws/install/local_setup.bash'
[4.965s] INFO:colcon.colcon_core.shell:Creating prefix chain script '/home/lisior/Workspaces/racoonbot_ws/install/setup.bash'
[4.966s] INFO:colcon.colcon_core.shell:Creating prefix script '/home/lisior/Workspaces/racoonbot_ws/install/local_setup.zsh'
[4.967s] INFO:colcon.colcon_core.shell:Creating prefix chain script '/home/lisior/Workspaces/racoonbot_ws/install/setup.zsh'
