[0.430s] DEBUG:colcon:Command line arguments: ['/usr/bin/colcon', 'build', '--symlink-install']
[0.430s] DEBUG:colcon:Parsed command line arguments: Namespace(log_base=None, log_level=None, verb_name='build', build_base='build', install_base='install', merge_install=False, symlink_install=True, test_result_base=None, continue_on_error=False, executor='parallel', parallel_workers=4, event_handlers=None, ignore_user_meta=False, metas=['./colcon.meta'], base_paths=['.'], packages_ignore=None, packages_ignore_regex=None, paths=None, packages_up_to=None, packages_up_to_regex=None, packages_above=None, packages_above_and_dependencies=None, packages_above_depth=None, packages_select_by_dep=None, packages_skip_by_dep=None, packages_skip_up_to=None, packages_select_build_failed=False, packages_skip_build_finished=False, packages_select_test_failures=False, packages_skip_test_passed=False, packages_select=None, packages_skip=None, packages_select_regex=None, packages_skip_regex=None, packages_start=None, packages_end=None, allow_overriding=[], cmake_args=None, cmake_target=None, cmake_target_skip_unavailable=False, cmake_clean_cache=False, cmake_clean_first=False, cmake_force_configure=False, ament_cmake_args=None, catkin_cmake_args=None, catkin_skip_building_tests=False, verb_parser=<colcon_defaults.argument_parser.defaults.DefaultArgumentsDecorator object at 0xffffb08506d0>, verb_extension=<colcon_core.verb.build.BuildVerb object at 0xffffb08501f0>, main=<bound method BuildVerb.main of <colcon_core.verb.build.BuildVerb object at 0xffffb08501f0>>)
[1.241s] Level 1:colcon.colcon_core.package_discovery:discover_packages(colcon_meta) check parameters
[1.241s] Level 1:colcon.colcon_core.package_discovery:discover_packages(recursive) check parameters
[1.241s] Level 1:colcon.colcon_core.package_discovery:discover_packages(ignore) check parameters
[1.242s] Level 1:colcon.colcon_core.package_discovery:discover_packages(path) check parameters
[1.242s] Level 1:colcon.colcon_core.package_discovery:discover_packages(colcon_meta) discover
[1.242s] Level 1:colcon.colcon_core.package_discovery:discover_packages(recursive) discover
[1.242s] INFO:colcon.colcon_core.package_discovery:Crawling recursively for packages in '/home/pawel/Workspaces/racoonbot'
[1.243s] Level 1:colcon.colcon_core.package_identification:_identify(.) by extensions ['ignore', 'ignore_ament_install']
[1.243s] Level 1:colcon.colcon_core.package_identification:_identify(.) by extension 'ignore'
[1.244s] Level 1:colcon.colcon_core.package_identification:_identify(.) by extension 'ignore_ament_install'
[1.244s] Level 1:colcon.colcon_core.package_identification:_identify(.) by extensions ['colcon_pkg']
[1.244s] Level 1:colcon.colcon_core.package_identification:_identify(.) by extension 'colcon_pkg'
[1.245s] Level 1:colcon.colcon_core.package_identification:_identify(.) by extensions ['colcon_meta']
[1.245s] Level 1:colcon.colcon_core.package_identification:_identify(.) by extension 'colcon_meta'
[1.245s] Level 1:colcon.colcon_core.package_identification:_identify(.) by extensions ['ros']
[1.245s] Level 1:colcon.colcon_core.package_identification:_identify(.) by extension 'ros'
[1.292s] Level 1:colcon.colcon_core.package_identification:_identify(.) by extensions ['cmake', 'python']
[1.292s] Level 1:colcon.colcon_core.package_identification:_identify(.) by extension 'cmake'
[1.292s] Level 1:colcon.colcon_core.package_identification:_identify(.) by extension 'python'
[1.292s] Level 1:colcon.colcon_core.package_identification:_identify(.) by extensions ['python_setup_py']
[1.292s] Level 1:colcon.colcon_core.package_identification:_identify(.) by extension 'python_setup_py'
[1.293s] Level 1:colcon.colcon_core.package_identification:_identify(build) by extensions ['ignore', 'ignore_ament_install']
[1.293s] Level 1:colcon.colcon_core.package_identification:_identify(build) by extension 'ignore'
[1.294s] Level 1:colcon.colcon_core.package_identification:_identify(build) ignored
[1.294s] Level 1:colcon.colcon_core.package_identification:_identify(install) by extensions ['ignore', 'ignore_ament_install']
[1.295s] Level 1:colcon.colcon_core.package_identification:_identify(install) by extension 'ignore'
[1.295s] Level 1:colcon.colcon_core.package_identification:_identify(install) ignored
[1.295s] Level 1:colcon.colcon_core.package_identification:_identify(log) by extensions ['ignore', 'ignore_ament_install']
[1.296s] Level 1:colcon.colcon_core.package_identification:_identify(log) by extension 'ignore'
[1.296s] Level 1:colcon.colcon_core.package_identification:_identify(log) ignored
[1.296s] Level 1:colcon.colcon_core.package_identification:_identify(src) by extensions ['ignore', 'ignore_ament_install']
[1.297s] Level 1:colcon.colcon_core.package_identification:_identify(src) by extension 'ignore'
[1.297s] Level 1:colcon.colcon_core.package_identification:_identify(src) by extension 'ignore_ament_install'
[1.297s] Level 1:colcon.colcon_core.package_identification:_identify(src) by extensions ['colcon_pkg']
[1.297s] Level 1:colcon.colcon_core.package_identification:_identify(src) by extension 'colcon_pkg'
[1.298s] Level 1:colcon.colcon_core.package_identification:_identify(src) by extensions ['colcon_meta']
[1.298s] Level 1:colcon.colcon_core.package_identification:_identify(src) by extension 'colcon_meta'
[1.298s] Level 1:colcon.colcon_core.package_identification:_identify(src) by extensions ['ros']
[1.298s] Level 1:colcon.colcon_core.package_identification:_identify(src) by extension 'ros'
[1.298s] Level 1:colcon.colcon_core.package_identification:_identify(src) by extensions ['cmake', 'python']
[1.298s] Level 1:colcon.colcon_core.package_identification:_identify(src) by extension 'cmake'
[1.299s] Level 1:colcon.colcon_core.package_identification:_identify(src) by extension 'python'
[1.299s] Level 1:colcon.colcon_core.package_identification:_identify(src) by extensions ['python_setup_py']
[1.299s] Level 1:colcon.colcon_core.package_identification:_identify(src) by extension 'python_setup_py'
[1.299s] Level 1:colcon.colcon_core.package_identification:_identify(src/racoonbot_pkg) by extensions ['ignore', 'ignore_ament_install']
[1.300s] Level 1:colcon.colcon_core.package_identification:_identify(src/racoonbot_pkg) by extension 'ignore'
[1.300s] Level 1:colcon.colcon_core.package_identification:_identify(src/racoonbot_pkg) by extension 'ignore_ament_install'
[1.300s] Level 1:colcon.colcon_core.package_identification:_identify(src/racoonbot_pkg) by extensions ['colcon_pkg']
[1.300s] Level 1:colcon.colcon_core.package_identification:_identify(src/racoonbot_pkg) by extension 'colcon_pkg'
[1.301s] Level 1:colcon.colcon_core.package_identification:_identify(src/racoonbot_pkg) by extensions ['colcon_meta']
[1.301s] Level 1:colcon.colcon_core.package_identification:_identify(src/racoonbot_pkg) by extension 'colcon_meta'
[1.301s] Level 1:colcon.colcon_core.package_identification:_identify(src/racoonbot_pkg) by extensions ['ros']
[1.301s] Level 1:colcon.colcon_core.package_identification:_identify(src/racoonbot_pkg) by extension 'ros'
[1.312s] DEBUG:colcon.colcon_core.package_identification:Package 'src/racoonbot_pkg' with type 'ros.ament_cmake' and name 'racoonbot_pkg'
[1.313s] Level 1:colcon.colcon_core.package_identification:_identify(test) by extensions ['ignore', 'ignore_ament_install']
[1.313s] Level 1:colcon.colcon_core.package_identification:_identify(test) by extension 'ignore'
[1.314s] Level 1:colcon.colcon_core.package_identification:_identify(test) by extension 'ignore_ament_install'
[1.314s] Level 1:colcon.colcon_core.package_identification:_identify(test) by extensions ['colcon_pkg']
[1.314s] Level 1:colcon.colcon_core.package_identification:_identify(test) by extension 'colcon_pkg'
[1.314s] Level 1:colcon.colcon_core.package_identification:_identify(test) by extensions ['colcon_meta']
[1.314s] Level 1:colcon.colcon_core.package_identification:_identify(test) by extension 'colcon_meta'
[1.314s] Level 1:colcon.colcon_core.package_identification:_identify(test) by extensions ['ros']
[1.315s] Level 1:colcon.colcon_core.package_identification:_identify(test) by extension 'ros'
[1.315s] Level 1:colcon.colcon_core.package_identification:_identify(test) by extensions ['cmake', 'python']
[1.315s] Level 1:colcon.colcon_core.package_identification:_identify(test) by extension 'cmake'
[1.315s] Level 1:colcon.colcon_core.package_identification:_identify(test) by extension 'python'
[1.315s] Level 1:colcon.colcon_core.package_identification:_identify(test) by extensions ['python_setup_py']
[1.316s] Level 1:colcon.colcon_core.package_identification:_identify(test) by extension 'python_setup_py'
[1.316s] Level 1:colcon.colcon_core.package_discovery:discover_packages(recursive) using defaults
[1.316s] Level 1:colcon.colcon_core.package_discovery:discover_packages(ignore) discover
[1.316s] Level 1:colcon.colcon_core.package_discovery:discover_packages(ignore) using defaults
[1.316s] Level 1:colcon.colcon_core.package_discovery:discover_packages(path) discover
[1.316s] Level 1:colcon.colcon_core.package_discovery:discover_packages(path) using defaults
[1.392s] Level 1:colcon.colcon_core.package_discovery:discover_packages(prefix_path) check parameters
[1.392s] Level 1:colcon.colcon_core.package_discovery:discover_packages(prefix_path) discover
[1.401s] DEBUG:colcon.colcon_installed_package_information.package_discovery:Found 1 installed packages in /home/pawel/Workspaces/racoonbot/install
[1.404s] DEBUG:colcon.colcon_installed_package_information.package_discovery:Found 4 installed packages in /home/pawel/Workspaces/ros2-racoon/install
[1.413s] DEBUG:colcon.colcon_installed_package_information.package_discovery:Found 293 installed packages in /opt/ros/humble
[1.461s] Level 1:colcon.colcon_core.package_discovery:discover_packages(prefix_path) using defaults
[1.634s] Level 5:colcon.colcon_core.verb:set package 'racoonbot_pkg' build argument 'cmake_args' from command line to 'None'
[1.634s] Level 5:colcon.colcon_core.verb:set package 'racoonbot_pkg' build argument 'cmake_target' from command line to 'None'
[1.634s] Level 5:colcon.colcon_core.verb:set package 'racoonbot_pkg' build argument 'cmake_target_skip_unavailable' from command line to 'False'
[1.635s] Level 5:colcon.colcon_core.verb:set package 'racoonbot_pkg' build argument 'cmake_clean_cache' from command line to 'False'
[1.635s] Level 5:colcon.colcon_core.verb:set package 'racoonbot_pkg' build argument 'cmake_clean_first' from command line to 'False'
[1.635s] Level 5:colcon.colcon_core.verb:set package 'racoonbot_pkg' build argument 'cmake_force_configure' from command line to 'False'
[1.635s] Level 5:colcon.colcon_core.verb:set package 'racoonbot_pkg' build argument 'ament_cmake_args' from command line to 'None'
[1.635s] Level 5:colcon.colcon_core.verb:set package 'racoonbot_pkg' build argument 'catkin_cmake_args' from command line to 'None'
[1.635s] Level 5:colcon.colcon_core.verb:set package 'racoonbot_pkg' build argument 'catkin_skip_building_tests' from command line to 'False'
[1.635s] DEBUG:colcon.colcon_core.verb:Building package 'racoonbot_pkg' with the following arguments: {'ament_cmake_args': None, 'build_base': '/home/pawel/Workspaces/racoonbot/build/racoonbot_pkg', 'catkin_cmake_args': None, 'catkin_skip_building_tests': False, 'cmake_args': None, 'cmake_clean_cache': False, 'cmake_clean_first': False, 'cmake_force_configure': False, 'cmake_target': None, 'cmake_target_skip_unavailable': False, 'install_base': '/home/pawel/Workspaces/racoonbot/install/racoonbot_pkg', 'merge_install': False, 'path': '/home/pawel/Workspaces/racoonbot/src/racoonbot_pkg', 'symlink_install': True, 'test_result_base': None}
[1.636s] INFO:colcon.colcon_core.executor:Executing jobs using 'parallel' executor
[1.639s] DEBUG:colcon.colcon_parallel_executor.executor.parallel:run_until_complete
[1.640s] INFO:colcon.colcon_ros.task.ament_cmake.build:Building ROS package in '/home/pawel/Workspaces/racoonbot/src/racoonbot_pkg' with build type 'ament_cmake'
[1.641s] INFO:colcon.colcon_cmake.task.cmake.build:Building CMake package in '/home/pawel/Workspaces/racoonbot/src/racoonbot_pkg'
[1.650s] INFO:colcon.colcon_core.plugin_system:Skipping extension 'colcon_core.shell.bat': Not used on non-Windows systems
[1.651s] INFO:colcon.colcon_core.shell:Skip shell extension 'powershell' for command environment: Not usable outside of PowerShell
[1.652s] DEBUG:colcon.colcon_core.shell:Skip shell extension 'dsv' for command environment
[1.697s] DEBUG:colcon.colcon_core.event_handler.log_command:Invoking command in '/home/pawel/Workspaces/racoonbot/build/racoonbot_pkg': CMAKE_PREFIX_PATH=${CMAKE_PREFIX_PATH}:/opt/ros/humble /usr/bin/cmake --build /home/pawel/Workspaces/racoonbot/build/racoonbot_pkg -- -j4 -l4
[7.029s] DEBUG:colcon.colcon_core.event_handler.log_command:Invoked command in '/home/pawel/Workspaces/racoonbot/build/racoonbot_pkg' returned '0': CMAKE_PREFIX_PATH=${CMAKE_PREFIX_PATH}:/opt/ros/humble /usr/bin/cmake --build /home/pawel/Workspaces/racoonbot/build/racoonbot_pkg -- -j4 -l4
[7.212s] DEBUG:colcon.colcon_core.event_handler.log_command:Invoking command in '/home/pawel/Workspaces/racoonbot/build/racoonbot_pkg': CMAKE_PREFIX_PATH=${CMAKE_PREFIX_PATH}:/opt/ros/humble /usr/bin/cmake --install /home/pawel/Workspaces/racoonbot/build/racoonbot_pkg
[7.330s] Level 1:colcon.colcon_core.environment:create_environment_scripts_only(racoonbot_pkg)
[7.332s] DEBUG:colcon.colcon_core.event_handler.log_command:Invoked command in '/home/pawel/Workspaces/racoonbot/build/racoonbot_pkg' returned '0': CMAKE_PREFIX_PATH=${CMAKE_PREFIX_PATH}:/opt/ros/humble /usr/bin/cmake --install /home/pawel/Workspaces/racoonbot/build/racoonbot_pkg
[7.343s] Level 1:colcon.colcon_core.environment:checking '/home/pawel/Workspaces/racoonbot/install/racoonbot_pkg' for CMake module files
[7.347s] Level 1:colcon.colcon_core.environment:checking '/home/pawel/Workspaces/racoonbot/install/racoonbot_pkg' for CMake config files
[7.352s] Level 1:colcon.colcon_core.shell:create_environment_hook('racoonbot_pkg', 'cmake_prefix_path')
[7.353s] INFO:colcon.colcon_core.shell:Creating environment hook '/home/pawel/Workspaces/racoonbot/install/racoonbot_pkg/share/racoonbot_pkg/hook/cmake_prefix_path.ps1'
[7.355s] INFO:colcon.colcon_core.shell:Creating environment descriptor '/home/pawel/Workspaces/racoonbot/install/racoonbot_pkg/share/racoonbot_pkg/hook/cmake_prefix_path.dsv'
[7.357s] INFO:colcon.colcon_core.shell:Creating environment hook '/home/pawel/Workspaces/racoonbot/install/racoonbot_pkg/share/racoonbot_pkg/hook/cmake_prefix_path.sh'
[7.361s] Level 1:colcon.colcon_core.environment:checking '/home/pawel/Workspaces/racoonbot/install/racoonbot_pkg/lib'
[7.362s] Level 1:colcon.colcon_core.shell:create_environment_hook('racoonbot_pkg', 'ld_library_path_lib')
[7.363s] INFO:colcon.colcon_core.shell:Creating environment hook '/home/pawel/Workspaces/racoonbot/install/racoonbot_pkg/share/racoonbot_pkg/hook/ld_library_path_lib.ps1'
[7.364s] INFO:colcon.colcon_core.shell:Creating environment descriptor '/home/pawel/Workspaces/racoonbot/install/racoonbot_pkg/share/racoonbot_pkg/hook/ld_library_path_lib.dsv'
[7.366s] INFO:colcon.colcon_core.shell:Creating environment hook '/home/pawel/Workspaces/racoonbot/install/racoonbot_pkg/share/racoonbot_pkg/hook/ld_library_path_lib.sh'
[7.368s] Level 1:colcon.colcon_core.environment:checking '/home/pawel/Workspaces/racoonbot/install/racoonbot_pkg/bin'
[7.368s] Level 1:colcon.colcon_core.environment:checking '/home/pawel/Workspaces/racoonbot/install/racoonbot_pkg/lib/pkgconfig/racoonbot_pkg.pc'
[7.369s] Level 1:colcon.colcon_core.environment:checking '/home/pawel/Workspaces/racoonbot/install/racoonbot_pkg/lib/python3.10/site-packages'
[7.370s] Level 1:colcon.colcon_core.environment:checking '/home/pawel/Workspaces/racoonbot/install/racoonbot_pkg/bin'
[7.371s] INFO:colcon.colcon_core.shell:Creating package script '/home/pawel/Workspaces/racoonbot/install/racoonbot_pkg/share/racoonbot_pkg/package.ps1'
[7.375s] INFO:colcon.colcon_core.shell:Creating package descriptor '/home/pawel/Workspaces/racoonbot/install/racoonbot_pkg/share/racoonbot_pkg/package.dsv'
[7.378s] INFO:colcon.colcon_core.shell:Creating package script '/home/pawel/Workspaces/racoonbot/install/racoonbot_pkg/share/racoonbot_pkg/package.sh'
[7.382s] INFO:colcon.colcon_core.shell:Creating package script '/home/pawel/Workspaces/racoonbot/install/racoonbot_pkg/share/racoonbot_pkg/package.bash'
[7.385s] INFO:colcon.colcon_core.shell:Creating package script '/home/pawel/Workspaces/racoonbot/install/racoonbot_pkg/share/racoonbot_pkg/package.zsh'
[7.388s] Level 1:colcon.colcon_core.environment:create_file_with_runtime_dependencies(/home/pawel/Workspaces/racoonbot/install/racoonbot_pkg/share/colcon-core/packages/racoonbot_pkg)
[7.539s] Level 1:colcon.colcon_core.environment:create_environment_scripts_only(racoonbot_pkg)
[7.540s] Level 1:colcon.colcon_core.environment:checking '/home/pawel/Workspaces/racoonbot/install/racoonbot_pkg' for CMake module files
[7.544s] Level 1:colcon.colcon_core.environment:checking '/home/pawel/Workspaces/racoonbot/install/racoonbot_pkg' for CMake config files
[7.548s] Level 1:colcon.colcon_core.shell:create_environment_hook('racoonbot_pkg', 'cmake_prefix_path')
[7.549s] INFO:colcon.colcon_core.shell:Creating environment hook '/home/pawel/Workspaces/racoonbot/install/racoonbot_pkg/share/racoonbot_pkg/hook/cmake_prefix_path.ps1'
[7.551s] INFO:colcon.colcon_core.shell:Creating environment descriptor '/home/pawel/Workspaces/racoonbot/install/racoonbot_pkg/share/racoonbot_pkg/hook/cmake_prefix_path.dsv'
[7.553s] INFO:colcon.colcon_core.shell:Creating environment hook '/home/pawel/Workspaces/racoonbot/install/racoonbot_pkg/share/racoonbot_pkg/hook/cmake_prefix_path.sh'
[7.555s] Level 1:colcon.colcon_core.environment:checking '/home/pawel/Workspaces/racoonbot/install/racoonbot_pkg/lib'
[7.556s] Level 1:colcon.colcon_core.shell:create_environment_hook('racoonbot_pkg', 'ld_library_path_lib')
[7.557s] INFO:colcon.colcon_core.shell:Creating environment hook '/home/pawel/Workspaces/racoonbot/install/racoonbot_pkg/share/racoonbot_pkg/hook/ld_library_path_lib.ps1'
[7.559s] INFO:colcon.colcon_core.shell:Creating environment descriptor '/home/pawel/Workspaces/racoonbot/install/racoonbot_pkg/share/racoonbot_pkg/hook/ld_library_path_lib.dsv'
[7.560s] INFO:colcon.colcon_core.shell:Creating environment hook '/home/pawel/Workspaces/racoonbot/install/racoonbot_pkg/share/racoonbot_pkg/hook/ld_library_path_lib.sh'
[7.562s] Level 1:colcon.colcon_core.environment:checking '/home/pawel/Workspaces/racoonbot/install/racoonbot_pkg/bin'
[7.563s] Level 1:colcon.colcon_core.environment:checking '/home/pawel/Workspaces/racoonbot/install/racoonbot_pkg/lib/pkgconfig/racoonbot_pkg.pc'
[7.563s] Level 1:colcon.colcon_core.environment:checking '/home/pawel/Workspaces/racoonbot/install/racoonbot_pkg/lib/python3.10/site-packages'
[7.564s] Level 1:colcon.colcon_core.environment:checking '/home/pawel/Workspaces/racoonbot/install/racoonbot_pkg/bin'
[7.566s] INFO:colcon.colcon_core.shell:Creating package script '/home/pawel/Workspaces/racoonbot/install/racoonbot_pkg/share/racoonbot_pkg/package.ps1'
[7.568s] INFO:colcon.colcon_core.shell:Creating package descriptor '/home/pawel/Workspaces/racoonbot/install/racoonbot_pkg/share/racoonbot_pkg/package.dsv'
[7.571s] INFO:colcon.colcon_core.shell:Creating package script '/home/pawel/Workspaces/racoonbot/install/racoonbot_pkg/share/racoonbot_pkg/package.sh'
[7.573s] INFO:colcon.colcon_core.shell:Creating package script '/home/pawel/Workspaces/racoonbot/install/racoonbot_pkg/share/racoonbot_pkg/package.bash'
[7.575s] INFO:colcon.colcon_core.shell:Creating package script '/home/pawel/Workspaces/racoonbot/install/racoonbot_pkg/share/racoonbot_pkg/package.zsh'
[7.577s] Level 1:colcon.colcon_core.environment:create_file_with_runtime_dependencies(/home/pawel/Workspaces/racoonbot/install/racoonbot_pkg/share/colcon-core/packages/racoonbot_pkg)
[7.578s] DEBUG:colcon.colcon_parallel_executor.executor.parallel:closing loop
[7.579s] DEBUG:colcon.colcon_parallel_executor.executor.parallel:loop closed
[7.580s] DEBUG:colcon.colcon_parallel_executor.executor.parallel:run_until_complete finished with '0'
[7.580s] DEBUG:colcon.colcon_core.event_reactor:joining thread
[7.603s] INFO:colcon.colcon_core.plugin_system:Skipping extension 'colcon_notification.desktop_notification.terminal_notifier': Not used on non-Darwin systems
[7.604s] INFO:colcon.colcon_core.plugin_system:Skipping extension 'colcon_notification.desktop_notification.win32': Not used on non-Windows systems
[7.604s] INFO:colcon.colcon_notification.desktop_notification:Sending desktop notification using 'notify2'
[7.609s] DEBUG:colcon.colcon_notification.desktop_notification.notify2:Failed to initialize notify2: org.freedesktop.DBus.Error.ServiceUnknown: The name org.freedesktop.Notifications was not provided by any .service files
[7.609s] DEBUG:colcon.colcon_core.event_reactor:joined thread
[7.610s] INFO:colcon.colcon_core.shell:Creating prefix script '/home/pawel/Workspaces/racoonbot/install/local_setup.ps1'
[7.615s] INFO:colcon.colcon_core.shell:Creating prefix util module '/home/pawel/Workspaces/racoonbot/install/_local_setup_util_ps1.py'
[7.621s] INFO:colcon.colcon_core.shell:Creating prefix chain script '/home/pawel/Workspaces/racoonbot/install/setup.ps1'
[7.627s] INFO:colcon.colcon_core.shell:Creating prefix script '/home/pawel/Workspaces/racoonbot/install/local_setup.sh'
[7.629s] INFO:colcon.colcon_core.shell:Creating prefix util module '/home/pawel/Workspaces/racoonbot/install/_local_setup_util_sh.py'
[7.632s] INFO:colcon.colcon_core.shell:Creating prefix chain script '/home/pawel/Workspaces/racoonbot/install/setup.sh'
[7.638s] INFO:colcon.colcon_core.shell:Creating prefix script '/home/pawel/Workspaces/racoonbot/install/local_setup.bash'
[7.641s] INFO:colcon.colcon_core.shell:Creating prefix chain script '/home/pawel/Workspaces/racoonbot/install/setup.bash'
[7.646s] INFO:colcon.colcon_core.shell:Creating prefix script '/home/pawel/Workspaces/racoonbot/install/local_setup.zsh'
[7.649s] INFO:colcon.colcon_core.shell:Creating prefix chain script '/home/pawel/Workspaces/racoonbot/install/setup.zsh'
