[0.426s] DEBUG:colcon:Command line arguments: ['/usr/bin/colcon', 'build', '--symlink-install']
[0.426s] DEBUG:colcon:Parsed command line arguments: Namespace(log_base=None, log_level=None, verb_name='build', build_base='build', install_base='install', merge_install=False, symlink_install=True, test_result_base=None, continue_on_error=False, executor='parallel', parallel_workers=4, event_handlers=None, ignore_user_meta=False, metas=['./colcon.meta'], base_paths=['.'], packages_ignore=None, packages_ignore_regex=None, paths=None, packages_up_to=None, packages_up_to_regex=None, packages_above=None, packages_above_and_dependencies=None, packages_above_depth=None, packages_select_by_dep=None, packages_skip_by_dep=None, packages_skip_up_to=None, packages_select_build_failed=False, packages_skip_build_finished=False, packages_select_test_failures=False, packages_skip_test_passed=False, packages_select=None, packages_skip=None, packages_select_regex=None, packages_skip_regex=None, packages_start=None, packages_end=None, allow_overriding=[], cmake_args=None, cmake_target=None, cmake_target_skip_unavailable=False, cmake_clean_cache=False, cmake_clean_first=False, cmake_force_configure=False, ament_cmake_args=None, catkin_cmake_args=None, catkin_skip_building_tests=False, verb_parser=<colcon_defaults.argument_parser.defaults.DefaultArgumentsDecorator object at 0xffff84840340>, verb_extension=<colcon_core.verb.build.BuildVerb object at 0xffff84807e20>, main=<bound method BuildVerb.main of <colcon_core.verb.build.BuildVerb object at 0xffff84807e20>>)
[1.330s] Level 1:colcon.colcon_core.package_discovery:discover_packages(colcon_meta) check parameters
[1.330s] Level 1:colcon.colcon_core.package_discovery:discover_packages(recursive) check parameters
[1.331s] Level 1:colcon.colcon_core.package_discovery:discover_packages(ignore) check parameters
[1.331s] Level 1:colcon.colcon_core.package_discovery:discover_packages(path) check parameters
[1.331s] Level 1:colcon.colcon_core.package_discovery:discover_packages(colcon_meta) discover
[1.331s] Level 1:colcon.colcon_core.package_discovery:discover_packages(recursive) discover
[1.331s] INFO:colcon.colcon_core.package_discovery:Crawling recursively for packages in '/home/pawel/Workspaces/racoonbot'
[1.332s] Level 1:colcon.colcon_core.package_identification:_identify(.) by extensions ['ignore', 'ignore_ament_install']
[1.332s] Level 1:colcon.colcon_core.package_identification:_identify(.) by extension 'ignore'
[1.333s] Level 1:colcon.colcon_core.package_identification:_identify(.) by extension 'ignore_ament_install'
[1.333s] Level 1:colcon.colcon_core.package_identification:_identify(.) by extensions ['colcon_pkg']
[1.333s] Level 1:colcon.colcon_core.package_identification:_identify(.) by extension 'colcon_pkg'
[1.333s] Level 1:colcon.colcon_core.package_identification:_identify(.) by extensions ['colcon_meta']
[1.333s] Level 1:colcon.colcon_core.package_identification:_identify(.) by extension 'colcon_meta'
[1.334s] Level 1:colcon.colcon_core.package_identification:_identify(.) by extensions ['ros']
[1.334s] Level 1:colcon.colcon_core.package_identification:_identify(.) by extension 'ros'
[1.380s] Level 1:colcon.colcon_core.package_identification:_identify(.) by extensions ['cmake', 'python']
[1.381s] Level 1:colcon.colcon_core.package_identification:_identify(.) by extension 'cmake'
[1.381s] Level 1:colcon.colcon_core.package_identification:_identify(.) by extension 'python'
[1.381s] Level 1:colcon.colcon_core.package_identification:_identify(.) by extensions ['python_setup_py']
[1.381s] Level 1:colcon.colcon_core.package_identification:_identify(.) by extension 'python_setup_py'
[1.382s] Level 1:colcon.colcon_core.package_identification:_identify(build) by extensions ['ignore', 'ignore_ament_install']
[1.382s] Level 1:colcon.colcon_core.package_identification:_identify(build) by extension 'ignore'
[1.382s] Level 1:colcon.colcon_core.package_identification:_identify(build) ignored
[1.383s] Level 1:colcon.colcon_core.package_identification:_identify(install) by extensions ['ignore', 'ignore_ament_install']
[1.383s] Level 1:colcon.colcon_core.package_identification:_identify(install) by extension 'ignore'
[1.383s] Level 1:colcon.colcon_core.package_identification:_identify(install) ignored
[1.384s] Level 1:colcon.colcon_core.package_identification:_identify(log) by extensions ['ignore', 'ignore_ament_install']
[1.384s] Level 1:colcon.colcon_core.package_identification:_identify(log) by extension 'ignore'
[1.384s] Level 1:colcon.colcon_core.package_identification:_identify(log) ignored
[1.384s] Level 1:colcon.colcon_core.package_identification:_identify(src) by extensions ['ignore', 'ignore_ament_install']
[1.385s] Level 1:colcon.colcon_core.package_identification:_identify(src) by extension 'ignore'
[1.385s] Level 1:colcon.colcon_core.package_identification:_identify(src) by extension 'ignore_ament_install'
[1.385s] Level 1:colcon.colcon_core.package_identification:_identify(src) by extensions ['colcon_pkg']
[1.385s] Level 1:colcon.colcon_core.package_identification:_identify(src) by extension 'colcon_pkg'
[1.385s] Level 1:colcon.colcon_core.package_identification:_identify(src) by extensions ['colcon_meta']
[1.385s] Level 1:colcon.colcon_core.package_identification:_identify(src) by extension 'colcon_meta'
[1.385s] Level 1:colcon.colcon_core.package_identification:_identify(src) by extensions ['ros']
[1.386s] Level 1:colcon.colcon_core.package_identification:_identify(src) by extension 'ros'
[1.386s] Level 1:colcon.colcon_core.package_identification:_identify(src) by extensions ['cmake', 'python']
[1.386s] Level 1:colcon.colcon_core.package_identification:_identify(src) by extension 'cmake'
[1.386s] Level 1:colcon.colcon_core.package_identification:_identify(src) by extension 'python'
[1.386s] Level 1:colcon.colcon_core.package_identification:_identify(src) by extensions ['python_setup_py']
[1.387s] Level 1:colcon.colcon_core.package_identification:_identify(src) by extension 'python_setup_py'
[1.387s] Level 1:colcon.colcon_core.package_identification:_identify(src/racoonbot_pkg) by extensions ['ignore', 'ignore_ament_install']
[1.387s] Level 1:colcon.colcon_core.package_identification:_identify(src/racoonbot_pkg) by extension 'ignore'
[1.388s] Level 1:colcon.colcon_core.package_identification:_identify(src/racoonbot_pkg) by extension 'ignore_ament_install'
[1.388s] Level 1:colcon.colcon_core.package_identification:_identify(src/racoonbot_pkg) by extensions ['colcon_pkg']
[1.388s] Level 1:colcon.colcon_core.package_identification:_identify(src/racoonbot_pkg) by extension 'colcon_pkg'
[1.388s] Level 1:colcon.colcon_core.package_identification:_identify(src/racoonbot_pkg) by extensions ['colcon_meta']
[1.388s] Level 1:colcon.colcon_core.package_identification:_identify(src/racoonbot_pkg) by extension 'colcon_meta'
[1.388s] Level 1:colcon.colcon_core.package_identification:_identify(src/racoonbot_pkg) by extensions ['ros']
[1.388s] Level 1:colcon.colcon_core.package_identification:_identify(src/racoonbot_pkg) by extension 'ros'
[1.399s] DEBUG:colcon.colcon_core.package_identification:Package 'src/racoonbot_pkg' with type 'ros.ament_cmake' and name 'racoonbot_pkg'
[1.400s] Level 1:colcon.colcon_core.package_identification:_identify(test) by extensions ['ignore', 'ignore_ament_install']
[1.401s] Level 1:colcon.colcon_core.package_identification:_identify(test) by extension 'ignore'
[1.401s] Level 1:colcon.colcon_core.package_identification:_identify(test) by extension 'ignore_ament_install'
[1.401s] Level 1:colcon.colcon_core.package_identification:_identify(test) by extensions ['colcon_pkg']
[1.401s] Level 1:colcon.colcon_core.package_identification:_identify(test) by extension 'colcon_pkg'
[1.401s] Level 1:colcon.colcon_core.package_identification:_identify(test) by extensions ['colcon_meta']
[1.402s] Level 1:colcon.colcon_core.package_identification:_identify(test) by extension 'colcon_meta'
[1.402s] Level 1:colcon.colcon_core.package_identification:_identify(test) by extensions ['ros']
[1.402s] Level 1:colcon.colcon_core.package_identification:_identify(test) by extension 'ros'
[1.402s] Level 1:colcon.colcon_core.package_identification:_identify(test) by extensions ['cmake', 'python']
[1.402s] Level 1:colcon.colcon_core.package_identification:_identify(test) by extension 'cmake'
[1.403s] Level 1:colcon.colcon_core.package_identification:_identify(test) by extension 'python'
[1.403s] Level 1:colcon.colcon_core.package_identification:_identify(test) by extensions ['python_setup_py']
[1.403s] Level 1:colcon.colcon_core.package_identification:_identify(test) by extension 'python_setup_py'
[1.403s] Level 1:colcon.colcon_core.package_discovery:discover_packages(recursive) using defaults
[1.403s] Level 1:colcon.colcon_core.package_discovery:discover_packages(ignore) discover
[1.403s] Level 1:colcon.colcon_core.package_discovery:discover_packages(ignore) using defaults
[1.403s] Level 1:colcon.colcon_core.package_discovery:discover_packages(path) discover
[1.403s] Level 1:colcon.colcon_core.package_discovery:discover_packages(path) using defaults
[1.477s] Level 1:colcon.colcon_core.package_discovery:discover_packages(prefix_path) check parameters
[1.478s] Level 1:colcon.colcon_core.package_discovery:discover_packages(prefix_path) discover
[1.482s] WARNING:colcon.colcon_ros.prefix_path.ament:The path '/home/pawel/Workspaces/racoonbot/install/racoonbot_pkg' in the environment variable AMENT_PREFIX_PATH doesn't exist
[1.482s] WARNING:colcon.colcon_ros.prefix_path.catkin:The path '/home/pawel/Workspaces/racoonbot/install/racoonbot_pkg' in the environment variable CMAKE_PREFIX_PATH doesn't exist
[1.483s] WARNING:colcon.colcon_ros.prefix_path.catkin:The path '/home/pawel/Workspaces/racoonbot/install/pigpio' in the environment variable CMAKE_PREFIX_PATH doesn't exist
[1.485s] DEBUG:colcon.colcon_installed_package_information.package_discovery:Found 0 installed packages in /home/pawel/Workspaces/racoonbot/install
[1.495s] DEBUG:colcon.colcon_installed_package_information.package_discovery:Found 293 installed packages in /opt/ros/humble
[1.542s] Level 1:colcon.colcon_core.package_discovery:discover_packages(prefix_path) using defaults
[1.713s] Level 5:colcon.colcon_core.verb:set package 'racoonbot_pkg' build argument 'cmake_args' from command line to 'None'
[1.713s] Level 5:colcon.colcon_core.verb:set package 'racoonbot_pkg' build argument 'cmake_target' from command line to 'None'
[1.714s] Level 5:colcon.colcon_core.verb:set package 'racoonbot_pkg' build argument 'cmake_target_skip_unavailable' from command line to 'False'
[1.714s] Level 5:colcon.colcon_core.verb:set package 'racoonbot_pkg' build argument 'cmake_clean_cache' from command line to 'False'
[1.714s] Level 5:colcon.colcon_core.verb:set package 'racoonbot_pkg' build argument 'cmake_clean_first' from command line to 'False'
[1.714s] Level 5:colcon.colcon_core.verb:set package 'racoonbot_pkg' build argument 'cmake_force_configure' from command line to 'False'
[1.714s] Level 5:colcon.colcon_core.verb:set package 'racoonbot_pkg' build argument 'ament_cmake_args' from command line to 'None'
[1.714s] Level 5:colcon.colcon_core.verb:set package 'racoonbot_pkg' build argument 'catkin_cmake_args' from command line to 'None'
[1.714s] Level 5:colcon.colcon_core.verb:set package 'racoonbot_pkg' build argument 'catkin_skip_building_tests' from command line to 'False'
[1.714s] DEBUG:colcon.colcon_core.verb:Building package 'racoonbot_pkg' with the following arguments: {'ament_cmake_args': None, 'build_base': '/home/pawel/Workspaces/racoonbot/build/racoonbot_pkg', 'catkin_cmake_args': None, 'catkin_skip_building_tests': False, 'cmake_args': None, 'cmake_clean_cache': False, 'cmake_clean_first': False, 'cmake_force_configure': False, 'cmake_target': None, 'cmake_target_skip_unavailable': False, 'install_base': '/home/pawel/Workspaces/racoonbot/install/racoonbot_pkg', 'merge_install': False, 'path': '/home/pawel/Workspaces/racoonbot/src/racoonbot_pkg', 'symlink_install': True, 'test_result_base': None}
[1.715s] INFO:colcon.colcon_core.executor:Executing jobs using 'parallel' executor
[1.718s] DEBUG:colcon.colcon_parallel_executor.executor.parallel:run_until_complete
[1.719s] INFO:colcon.colcon_ros.task.ament_cmake.build:Building ROS package in '/home/pawel/Workspaces/racoonbot/src/racoonbot_pkg' with build type 'ament_cmake'
[1.719s] INFO:colcon.colcon_cmake.task.cmake.build:Building CMake package in '/home/pawel/Workspaces/racoonbot/src/racoonbot_pkg'
[1.731s] INFO:colcon.colcon_core.plugin_system:Skipping extension 'colcon_core.shell.bat': Not used on non-Windows systems
[1.732s] INFO:colcon.colcon_core.shell:Skip shell extension 'powershell' for command environment: Not usable outside of PowerShell
[1.732s] DEBUG:colcon.colcon_core.shell:Skip shell extension 'dsv' for command environment
[1.767s] DEBUG:colcon.colcon_core.event_handler.log_command:Invoking command in '/home/pawel/Workspaces/racoonbot/build/racoonbot_pkg': CMAKE_PREFIX_PATH=${CMAKE_PREFIX_PATH}:/opt/ros/humble /usr/bin/cmake /home/pawel/Workspaces/racoonbot/src/racoonbot_pkg -DAMENT_CMAKE_SYMLINK_INSTALL=1 -DCMAKE_INSTALL_PREFIX=/home/pawel/Workspaces/racoonbot/install/racoonbot_pkg
[13.414s] DEBUG:colcon.colcon_core.event_handler.log_command:Invoked command in '/home/pawel/Workspaces/racoonbot/build/racoonbot_pkg' returned '0': CMAKE_PREFIX_PATH=${CMAKE_PREFIX_PATH}:/opt/ros/humble /usr/bin/cmake /home/pawel/Workspaces/racoonbot/src/racoonbot_pkg -DAMENT_CMAKE_SYMLINK_INSTALL=1 -DCMAKE_INSTALL_PREFIX=/home/pawel/Workspaces/racoonbot/install/racoonbot_pkg
[13.425s] DEBUG:colcon.colcon_core.event_handler.log_command:Invoking command in '/home/pawel/Workspaces/racoonbot/build/racoonbot_pkg': CMAKE_PREFIX_PATH=${CMAKE_PREFIX_PATH}:/opt/ros/humble /usr/bin/cmake --build /home/pawel/Workspaces/racoonbot/build/racoonbot_pkg -- -j4 -l4
[31.825s] DEBUG:colcon.colcon_core.event_handler.log_command:Invoked command in '/home/pawel/Workspaces/racoonbot/build/racoonbot_pkg' returned '0': CMAKE_PREFIX_PATH=${CMAKE_PREFIX_PATH}:/opt/ros/humble /usr/bin/cmake --build /home/pawel/Workspaces/racoonbot/build/racoonbot_pkg -- -j4 -l4
[31.974s] DEBUG:colcon.colcon_core.event_handler.log_command:Invoking command in '/home/pawel/Workspaces/racoonbot/build/racoonbot_pkg': CMAKE_PREFIX_PATH=${CMAKE_PREFIX_PATH}:/opt/ros/humble /usr/bin/cmake --install /home/pawel/Workspaces/racoonbot/build/racoonbot_pkg
[33.727s] Level 1:colcon.colcon_core.environment:create_environment_scripts_only(racoonbot_pkg)
[33.730s] DEBUG:colcon.colcon_core.event_handler.log_command:Invoked command in '/home/pawel/Workspaces/racoonbot/build/racoonbot_pkg' returned '0': CMAKE_PREFIX_PATH=${CMAKE_PREFIX_PATH}:/opt/ros/humble /usr/bin/cmake --install /home/pawel/Workspaces/racoonbot/build/racoonbot_pkg
[33.773s] Level 1:colcon.colcon_core.environment:checking '/home/pawel/Workspaces/racoonbot/install/racoonbot_pkg' for CMake module files
[33.777s] Level 1:colcon.colcon_core.environment:checking '/home/pawel/Workspaces/racoonbot/install/racoonbot_pkg' for CMake config files
[33.781s] Level 1:colcon.colcon_core.shell:create_environment_hook('racoonbot_pkg', 'cmake_prefix_path')
[33.783s] INFO:colcon.colcon_core.shell:Creating environment hook '/home/pawel/Workspaces/racoonbot/install/racoonbot_pkg/share/racoonbot_pkg/hook/cmake_prefix_path.ps1'
[33.787s] INFO:colcon.colcon_core.shell:Creating environment descriptor '/home/pawel/Workspaces/racoonbot/install/racoonbot_pkg/share/racoonbot_pkg/hook/cmake_prefix_path.dsv'
[33.789s] INFO:colcon.colcon_core.shell:Creating environment hook '/home/pawel/Workspaces/racoonbot/install/racoonbot_pkg/share/racoonbot_pkg/hook/cmake_prefix_path.sh'
[33.793s] Level 1:colcon.colcon_core.environment:checking '/home/pawel/Workspaces/racoonbot/install/racoonbot_pkg/lib'
[33.795s] Level 1:colcon.colcon_core.shell:create_environment_hook('racoonbot_pkg', 'ld_library_path_lib')
[33.796s] INFO:colcon.colcon_core.shell:Creating environment hook '/home/pawel/Workspaces/racoonbot/install/racoonbot_pkg/share/racoonbot_pkg/hook/ld_library_path_lib.ps1'
[33.798s] INFO:colcon.colcon_core.shell:Creating environment descriptor '/home/pawel/Workspaces/racoonbot/install/racoonbot_pkg/share/racoonbot_pkg/hook/ld_library_path_lib.dsv'
[33.800s] INFO:colcon.colcon_core.shell:Creating environment hook '/home/pawel/Workspaces/racoonbot/install/racoonbot_pkg/share/racoonbot_pkg/hook/ld_library_path_lib.sh'
[33.802s] Level 1:colcon.colcon_core.environment:checking '/home/pawel/Workspaces/racoonbot/install/racoonbot_pkg/bin'
[33.802s] Level 1:colcon.colcon_core.environment:checking '/home/pawel/Workspaces/racoonbot/install/racoonbot_pkg/lib/pkgconfig/racoonbot_pkg.pc'
[33.803s] Level 1:colcon.colcon_core.environment:checking '/home/pawel/Workspaces/racoonbot/install/racoonbot_pkg/lib/python3.10/site-packages'
[33.805s] Level 1:colcon.colcon_core.environment:checking '/home/pawel/Workspaces/racoonbot/install/racoonbot_pkg/bin'
[33.806s] INFO:colcon.colcon_core.shell:Creating package script '/home/pawel/Workspaces/racoonbot/install/racoonbot_pkg/share/racoonbot_pkg/package.ps1'
[33.810s] INFO:colcon.colcon_core.shell:Creating package descriptor '/home/pawel/Workspaces/racoonbot/install/racoonbot_pkg/share/racoonbot_pkg/package.dsv'
[33.813s] INFO:colcon.colcon_core.shell:Creating package script '/home/pawel/Workspaces/racoonbot/install/racoonbot_pkg/share/racoonbot_pkg/package.sh'
[33.817s] INFO:colcon.colcon_core.shell:Creating package script '/home/pawel/Workspaces/racoonbot/install/racoonbot_pkg/share/racoonbot_pkg/package.bash'
[33.821s] INFO:colcon.colcon_core.shell:Creating package script '/home/pawel/Workspaces/racoonbot/install/racoonbot_pkg/share/racoonbot_pkg/package.zsh'
[33.824s] Level 1:colcon.colcon_core.environment:create_file_with_runtime_dependencies(/home/pawel/Workspaces/racoonbot/install/racoonbot_pkg/share/colcon-core/packages/racoonbot_pkg)
[33.967s] Level 1:colcon.colcon_core.environment:create_environment_scripts_only(racoonbot_pkg)
[33.969s] Level 1:colcon.colcon_core.environment:checking '/home/pawel/Workspaces/racoonbot/install/racoonbot_pkg' for CMake module files
[33.974s] Level 1:colcon.colcon_core.environment:checking '/home/pawel/Workspaces/racoonbot/install/racoonbot_pkg' for CMake config files
[33.981s] Level 1:colcon.colcon_core.shell:create_environment_hook('racoonbot_pkg', 'cmake_prefix_path')
[33.983s] INFO:colcon.colcon_core.shell:Creating environment hook '/home/pawel/Workspaces/racoonbot/install/racoonbot_pkg/share/racoonbot_pkg/hook/cmake_prefix_path.ps1'
[33.986s] INFO:colcon.colcon_core.shell:Creating environment descriptor '/home/pawel/Workspaces/racoonbot/install/racoonbot_pkg/share/racoonbot_pkg/hook/cmake_prefix_path.dsv'
[33.989s] INFO:colcon.colcon_core.shell:Creating environment hook '/home/pawel/Workspaces/racoonbot/install/racoonbot_pkg/share/racoonbot_pkg/hook/cmake_prefix_path.sh'
[33.994s] Level 1:colcon.colcon_core.environment:checking '/home/pawel/Workspaces/racoonbot/install/racoonbot_pkg/lib'
[33.994s] Level 1:colcon.colcon_core.shell:create_environment_hook('racoonbot_pkg', 'ld_library_path_lib')
[33.996s] INFO:colcon.colcon_core.shell:Creating environment hook '/home/pawel/Workspaces/racoonbot/install/racoonbot_pkg/share/racoonbot_pkg/hook/ld_library_path_lib.ps1'
[33.999s] INFO:colcon.colcon_core.shell:Creating environment descriptor '/home/pawel/Workspaces/racoonbot/install/racoonbot_pkg/share/racoonbot_pkg/hook/ld_library_path_lib.dsv'
[34.001s] INFO:colcon.colcon_core.shell:Creating environment hook '/home/pawel/Workspaces/racoonbot/install/racoonbot_pkg/share/racoonbot_pkg/hook/ld_library_path_lib.sh'
[34.005s] Level 1:colcon.colcon_core.environment:checking '/home/pawel/Workspaces/racoonbot/install/racoonbot_pkg/bin'
[34.005s] Level 1:colcon.colcon_core.environment:checking '/home/pawel/Workspaces/racoonbot/install/racoonbot_pkg/lib/pkgconfig/racoonbot_pkg.pc'
[34.007s] Level 1:colcon.colcon_core.environment:checking '/home/pawel/Workspaces/racoonbot/install/racoonbot_pkg/lib/python3.10/site-packages'
[34.008s] Level 1:colcon.colcon_core.environment:checking '/home/pawel/Workspaces/racoonbot/install/racoonbot_pkg/bin'
[34.011s] INFO:colcon.colcon_core.shell:Creating package script '/home/pawel/Workspaces/racoonbot/install/racoonbot_pkg/share/racoonbot_pkg/package.ps1'
[34.014s] INFO:colcon.colcon_core.shell:Creating package descriptor '/home/pawel/Workspaces/racoonbot/install/racoonbot_pkg/share/racoonbot_pkg/package.dsv'
[34.018s] INFO:colcon.colcon_core.shell:Creating package script '/home/pawel/Workspaces/racoonbot/install/racoonbot_pkg/share/racoonbot_pkg/package.sh'
[34.020s] INFO:colcon.colcon_core.shell:Creating package script '/home/pawel/Workspaces/racoonbot/install/racoonbot_pkg/share/racoonbot_pkg/package.bash'
[34.022s] INFO:colcon.colcon_core.shell:Creating package script '/home/pawel/Workspaces/racoonbot/install/racoonbot_pkg/share/racoonbot_pkg/package.zsh'
[34.024s] Level 1:colcon.colcon_core.environment:create_file_with_runtime_dependencies(/home/pawel/Workspaces/racoonbot/install/racoonbot_pkg/share/colcon-core/packages/racoonbot_pkg)
[34.028s] DEBUG:colcon.colcon_parallel_executor.executor.parallel:closing loop
[34.028s] DEBUG:colcon.colcon_parallel_executor.executor.parallel:loop closed
[34.029s] DEBUG:colcon.colcon_parallel_executor.executor.parallel:run_until_complete finished with '0'
[34.029s] DEBUG:colcon.colcon_core.event_reactor:joining thread
[34.090s] INFO:colcon.colcon_core.plugin_system:Skipping extension 'colcon_notification.desktop_notification.terminal_notifier': Not used on non-Darwin systems
[34.091s] INFO:colcon.colcon_core.plugin_system:Skipping extension 'colcon_notification.desktop_notification.win32': Not used on non-Windows systems
[34.091s] INFO:colcon.colcon_notification.desktop_notification:Sending desktop notification using 'notify2'
[34.091s] DEBUG:colcon.colcon_notification.desktop_notification.notify2:Failed to initialize notify2: org.freedesktop.DBus.Error.NotSupported: Unable to autolaunch a dbus-daemon without a $DISPLAY for X11
[34.091s] DEBUG:colcon.colcon_core.event_reactor:joined thread
[34.092s] INFO:colcon.colcon_core.shell:Creating prefix script '/home/pawel/Workspaces/racoonbot/install/local_setup.ps1'
[34.101s] INFO:colcon.colcon_core.shell:Creating prefix util module '/home/pawel/Workspaces/racoonbot/install/_local_setup_util_ps1.py'
[34.107s] INFO:colcon.colcon_core.shell:Creating prefix chain script '/home/pawel/Workspaces/racoonbot/install/setup.ps1'
[34.116s] INFO:colcon.colcon_core.shell:Creating prefix script '/home/pawel/Workspaces/racoonbot/install/local_setup.sh'
[34.120s] INFO:colcon.colcon_core.shell:Creating prefix util module '/home/pawel/Workspaces/racoonbot/install/_local_setup_util_sh.py'
[34.123s] INFO:colcon.colcon_core.shell:Creating prefix chain script '/home/pawel/Workspaces/racoonbot/install/setup.sh'
[34.131s] INFO:colcon.colcon_core.shell:Creating prefix script '/home/pawel/Workspaces/racoonbot/install/local_setup.bash'
[34.135s] INFO:colcon.colcon_core.shell:Creating prefix chain script '/home/pawel/Workspaces/racoonbot/install/setup.bash'
[34.142s] INFO:colcon.colcon_core.shell:Creating prefix script '/home/pawel/Workspaces/racoonbot/install/local_setup.zsh'
[34.145s] INFO:colcon.colcon_core.shell:Creating prefix chain script '/home/pawel/Workspaces/racoonbot/install/setup.zsh'
