-- Found ament_cmake: 1.3.8 (/opt/ros/humble/share/ament_cmake/cmake)
-- Found Python3: /usr/bin/python3 (found version "3.10.12") found components: Interpreter 
-- Override CMake install command with custom implementation using symlinks instead of copying resources
-- Configuring done
-- Generating done
-- Build files have been written to: /home/pawel/Workspaces/racoonbot/build/ldlidar
-- Install configuration: ""
-- Execute custom install script
-- Symlinking: /home/pawel/Workspaces/racoonbot/install/ldlidar/share/ament_index/resource_index/package_run_dependencies/ldlidar
-- Symlinking: /home/pawel/Workspaces/racoonbot/install/ldlidar/share/ament_index/resource_index/parent_prefix_path/ldlidar
-- Symlinking: /home/pawel/Workspaces/racoonbot/install/ldlidar/share/ldlidar/environment/ament_prefix_path.sh
-- Symlinking: /home/pawel/Workspaces/racoonbot/install/ldlidar/share/ldlidar/environment/ament_prefix_path.dsv
-- Symlinking: /home/pawel/Workspaces/racoonbot/install/ldlidar/share/ldlidar/environment/path.sh
-- Symlinking: /home/pawel/Workspaces/racoonbot/install/ldlidar/share/ldlidar/environment/path.dsv
-- Symlinking: /home/pawel/Workspaces/racoonbot/install/ldlidar/share/ldlidar/local_setup.bash
-- Symlinking: /home/pawel/Workspaces/racoonbot/install/ldlidar/share/ldlidar/local_setup.sh
-- Symlinking: /home/pawel/Workspaces/racoonbot/install/ldlidar/share/ldlidar/local_setup.zsh
-- Symlinking: /home/pawel/Workspaces/racoonbot/install/ldlidar/share/ldlidar/local_setup.dsv
-- Symlinking: /home/pawel/Workspaces/racoonbot/install/ldlidar/share/ldlidar/package.dsv
-- Symlinking: /home/pawel/Workspaces/racoonbot/install/ldlidar/share/ament_index/resource_index/packages/ldlidar
-- Symlinking: /home/pawel/Workspaces/racoonbot/install/ldlidar/share/ldlidar/cmake/ldlidarConfig.cmake
-- Symlinking: /home/pawel/Workspaces/racoonbot/install/ldlidar/share/ldlidar/cmake/ldlidarConfig-version.cmake
-- Symlinking: /home/pawel/Workspaces/racoonbot/install/ldlidar/share/ldlidar/package.xml
