[0.060s] Invoking command in '/home/pawel/Workspaces/racoonbot/build/ldlidar': AMENT_PREFIX_PATH=/home/pawel/Workspaces/racoonbot/install/ldlidar_node:/home/pawel/Workspaces/racoonbot/install/ldlidar_component:${AMENT_PREFIX_PATH} CMAKE_PREFIX_PATH=/home/pawel/Workspaces/racoonbot/install/ldlidar_node:/home/pawel/Workspaces/racoonbot/install/ldlidar_component:/home/pawel/Workspaces/racoonbot/install/racoonbot_pkg:/home/pawel/Workspaces/ros2-racoon/install/racoon_ros2_pkg:/home/pawel/Workspaces/ros2-racoon/install/ldlidar:/home/pawel/Workspaces/ros2-racoon/install/ldlidar_node:/home/pawel/Workspaces/ros2-racoon/install/ldlidar_component:/opt/ros/humble LD_LIBRARY_PATH=/home/pawel/Workspaces/racoonbot/install/ldlidar_component/lib:${LD_LIBRARY_PATH} /usr/bin/cmake /home/pawel/Workspaces/racoonbot/src/ldrobot-lidar-ros2/ldlidar -DAMENT_CMAKE_SYMLINK_INSTALL=1 -DCMAKE_INSTALL_PREFIX=/home/pawel/Workspaces/racoonbot/install/ldlidar
[0.164s] -- Found ament_cmake: 1.3.8 (/opt/ros/humble/share/ament_cmake/cmake)
[1.008s] -- Found Python3: /usr/bin/python3 (found version "3.10.12") found components: Interpreter 
[1.287s] -- Override CMake install command with custom implementation using symlinks instead of copying resources
[1.952s] -- Configuring done
[1.970s] -- Generating done
[1.974s] -- Build files have been written to: /home/pawel/Workspaces/racoonbot/build/ldlidar
[1.982s] Invoked command in '/home/pawel/Workspaces/racoonbot/build/ldlidar' returned '0': AMENT_PREFIX_PATH=/home/pawel/Workspaces/racoonbot/install/ldlidar_node:/home/pawel/Workspaces/racoonbot/install/ldlidar_component:${AMENT_PREFIX_PATH} CMAKE_PREFIX_PATH=/home/pawel/Workspaces/racoonbot/install/ldlidar_node:/home/pawel/Workspaces/racoonbot/install/ldlidar_component:/home/pawel/Workspaces/racoonbot/install/racoonbot_pkg:/home/pawel/Workspaces/ros2-racoon/install/racoon_ros2_pkg:/home/pawel/Workspaces/ros2-racoon/install/ldlidar:/home/pawel/Workspaces/ros2-racoon/install/ldlidar_node:/home/pawel/Workspaces/ros2-racoon/install/ldlidar_component:/opt/ros/humble LD_LIBRARY_PATH=/home/pawel/Workspaces/racoonbot/install/ldlidar_component/lib:${LD_LIBRARY_PATH} /usr/bin/cmake /home/pawel/Workspaces/racoonbot/src/ldrobot-lidar-ros2/ldlidar -DAMENT_CMAKE_SYMLINK_INSTALL=1 -DCMAKE_INSTALL_PREFIX=/home/pawel/Workspaces/racoonbot/install/ldlidar
[1.989s] Invoking command in '/home/pawel/Workspaces/racoonbot/build/ldlidar': AMENT_PREFIX_PATH=/home/pawel/Workspaces/racoonbot/install/ldlidar_node:/home/pawel/Workspaces/racoonbot/install/ldlidar_component:${AMENT_PREFIX_PATH} CMAKE_PREFIX_PATH=/home/pawel/Workspaces/racoonbot/install/ldlidar_node:/home/pawel/Workspaces/racoonbot/install/ldlidar_component:/home/pawel/Workspaces/racoonbot/install/racoonbot_pkg:/home/pawel/Workspaces/ros2-racoon/install/racoon_ros2_pkg:/home/pawel/Workspaces/ros2-racoon/install/ldlidar:/home/pawel/Workspaces/ros2-racoon/install/ldlidar_node:/home/pawel/Workspaces/ros2-racoon/install/ldlidar_component:/opt/ros/humble LD_LIBRARY_PATH=/home/pawel/Workspaces/racoonbot/install/ldlidar_component/lib:${LD_LIBRARY_PATH} /usr/bin/cmake --build /home/pawel/Workspaces/racoonbot/build/ldlidar -- -j4 -l4
[2.152s] Invoked command in '/home/pawel/Workspaces/racoonbot/build/ldlidar' returned '0': AMENT_PREFIX_PATH=/home/pawel/Workspaces/racoonbot/install/ldlidar_node:/home/pawel/Workspaces/racoonbot/install/ldlidar_component:${AMENT_PREFIX_PATH} CMAKE_PREFIX_PATH=/home/pawel/Workspaces/racoonbot/install/ldlidar_node:/home/pawel/Workspaces/racoonbot/install/ldlidar_component:/home/pawel/Workspaces/racoonbot/install/racoonbot_pkg:/home/pawel/Workspaces/ros2-racoon/install/racoon_ros2_pkg:/home/pawel/Workspaces/ros2-racoon/install/ldlidar:/home/pawel/Workspaces/ros2-racoon/install/ldlidar_node:/home/pawel/Workspaces/ros2-racoon/install/ldlidar_component:/opt/ros/humble LD_LIBRARY_PATH=/home/pawel/Workspaces/racoonbot/install/ldlidar_component/lib:${LD_LIBRARY_PATH} /usr/bin/cmake --build /home/pawel/Workspaces/racoonbot/build/ldlidar -- -j4 -l4
[2.284s] Invoking command in '/home/pawel/Workspaces/racoonbot/build/ldlidar': AMENT_PREFIX_PATH=/home/pawel/Workspaces/racoonbot/install/ldlidar_node:/home/pawel/Workspaces/racoonbot/install/ldlidar_component:${AMENT_PREFIX_PATH} CMAKE_PREFIX_PATH=/home/pawel/Workspaces/racoonbot/install/ldlidar_node:/home/pawel/Workspaces/racoonbot/install/ldlidar_component:/home/pawel/Workspaces/racoonbot/install/racoonbot_pkg:/home/pawel/Workspaces/ros2-racoon/install/racoon_ros2_pkg:/home/pawel/Workspaces/ros2-racoon/install/ldlidar:/home/pawel/Workspaces/ros2-racoon/install/ldlidar_node:/home/pawel/Workspaces/ros2-racoon/install/ldlidar_component:/opt/ros/humble LD_LIBRARY_PATH=/home/pawel/Workspaces/racoonbot/install/ldlidar_component/lib:${LD_LIBRARY_PATH} /usr/bin/cmake --install /home/pawel/Workspaces/racoonbot/build/ldlidar
[2.315s] -- Install configuration: ""
[2.317s] -- Execute custom install script
[2.319s] -- Symlinking: /home/pawel/Workspaces/racoonbot/install/ldlidar/share/ament_index/resource_index/package_run_dependencies/ldlidar
[2.354s] -- Symlinking: /home/pawel/Workspaces/racoonbot/install/ldlidar/share/ament_index/resource_index/parent_prefix_path/ldlidar
[2.392s] -- Symlinking: /home/pawel/Workspaces/racoonbot/install/ldlidar/share/ldlidar/environment/ament_prefix_path.sh
[2.429s] -- Symlinking: /home/pawel/Workspaces/racoonbot/install/ldlidar/share/ldlidar/environment/ament_prefix_path.dsv
[2.466s] -- Symlinking: /home/pawel/Workspaces/racoonbot/install/ldlidar/share/ldlidar/environment/path.sh
[2.504s] -- Symlinking: /home/pawel/Workspaces/racoonbot/install/ldlidar/share/ldlidar/environment/path.dsv
[2.541s] -- Symlinking: /home/pawel/Workspaces/racoonbot/install/ldlidar/share/ldlidar/local_setup.bash
[2.576s] -- Symlinking: /home/pawel/Workspaces/racoonbot/install/ldlidar/share/ldlidar/local_setup.sh
[2.613s] -- Symlinking: /home/pawel/Workspaces/racoonbot/install/ldlidar/share/ldlidar/local_setup.zsh
[2.649s] -- Symlinking: /home/pawel/Workspaces/racoonbot/install/ldlidar/share/ldlidar/local_setup.dsv
[2.691s] -- Symlinking: /home/pawel/Workspaces/racoonbot/install/ldlidar/share/ldlidar/package.dsv
[2.730s] -- Symlinking: /home/pawel/Workspaces/racoonbot/install/ldlidar/share/ament_index/resource_index/packages/ldlidar
[2.767s] -- Symlinking: /home/pawel/Workspaces/racoonbot/install/ldlidar/share/ldlidar/cmake/ldlidarConfig.cmake
[2.802s] -- Symlinking: /home/pawel/Workspaces/racoonbot/install/ldlidar/share/ldlidar/cmake/ldlidarConfig-version.cmake
[2.838s] -- Symlinking: /home/pawel/Workspaces/racoonbot/install/ldlidar/share/ldlidar/package.xml
[2.882s] Invoked command in '/home/pawel/Workspaces/racoonbot/build/ldlidar' returned '0': AMENT_PREFIX_PATH=/home/pawel/Workspaces/racoonbot/install/ldlidar_node:/home/pawel/Workspaces/racoonbot/install/ldlidar_component:${AMENT_PREFIX_PATH} CMAKE_PREFIX_PATH=/home/pawel/Workspaces/racoonbot/install/ldlidar_node:/home/pawel/Workspaces/racoonbot/install/ldlidar_component:/home/pawel/Workspaces/racoonbot/install/racoonbot_pkg:/home/pawel/Workspaces/ros2-racoon/install/racoon_ros2_pkg:/home/pawel/Workspaces/ros2-racoon/install/ldlidar:/home/pawel/Workspaces/ros2-racoon/install/ldlidar_node:/home/pawel/Workspaces/ros2-racoon/install/ldlidar_component:/opt/ros/humble LD_LIBRARY_PATH=/home/pawel/Workspaces/racoonbot/install/ldlidar_component/lib:${LD_LIBRARY_PATH} /usr/bin/cmake --install /home/pawel/Workspaces/racoonbot/build/ldlidar
