[1.561s] DEBUG:colcon:Command line arguments: ['/usr/bin/colcon', 'build', '--symlink-install']
[1.561s] DEBUG:colcon:Parsed command line arguments: Namespace(log_base=None, log_level=None, verb_name='build', build_base='build', install_base='install', merge_install=False, symlink_install=True, test_result_base=None, continue_on_error=False, executor='parallel', parallel_workers=4, event_handlers=None, ignore_user_meta=False, metas=['./colcon.meta'], base_paths=['.'], packages_ignore=None, packages_ignore_regex=None, paths=None, packages_up_to=None, packages_up_to_regex=None, packages_above=None, packages_above_and_dependencies=None, packages_above_depth=None, packages_select_by_dep=None, packages_skip_by_dep=None, packages_skip_up_to=None, packages_select_build_failed=False, packages_skip_build_finished=False, packages_select_test_failures=False, packages_skip_test_passed=False, packages_select=None, packages_skip=None, packages_select_regex=None, packages_skip_regex=None, packages_start=None, packages_end=None, allow_overriding=[], cmake_args=None, cmake_target=None, cmake_target_skip_unavailable=False, cmake_clean_cache=False, cmake_clean_first=False, cmake_force_configure=False, ament_cmake_args=None, catkin_cmake_args=None, catkin_skip_building_tests=False, verb_parser=<colcon_defaults.argument_parser.defaults.DefaultArgumentsDecorator object at 0xffff967c4670>, verb_extension=<colcon_core.verb.build.BuildVerb object at 0xffff967c4190>, main=<bound method BuildVerb.main of <colcon_core.verb.build.BuildVerb object at 0xffff967c4190>>)
[3.468s] Level 1:colcon.colcon_core.package_discovery:discover_packages(colcon_meta) check parameters
[3.468s] Level 1:colcon.colcon_core.package_discovery:discover_packages(recursive) check parameters
[3.468s] Level 1:colcon.colcon_core.package_discovery:discover_packages(ignore) check parameters
[3.469s] Level 1:colcon.colcon_core.package_discovery:discover_packages(path) check parameters
[3.469s] Level 1:colcon.colcon_core.package_discovery:discover_packages(colcon_meta) discover
[3.469s] Level 1:colcon.colcon_core.package_discovery:discover_packages(recursive) discover
[3.469s] INFO:colcon.colcon_core.package_discovery:Crawling recursively for packages in '/home/pawel/Workspaces/racoonbot'
[3.470s] Level 1:colcon.colcon_core.package_identification:_identify(.) by extensions ['ignore', 'ignore_ament_install']
[3.471s] Level 1:colcon.colcon_core.package_identification:_identify(.) by extension 'ignore'
[3.472s] Level 1:colcon.colcon_core.package_identification:_identify(.) by extension 'ignore_ament_install'
[3.472s] Level 1:colcon.colcon_core.package_identification:_identify(.) by extensions ['colcon_pkg']
[3.472s] Level 1:colcon.colcon_core.package_identification:_identify(.) by extension 'colcon_pkg'
[3.472s] Level 1:colcon.colcon_core.package_identification:_identify(.) by extensions ['colcon_meta']
[3.472s] Level 1:colcon.colcon_core.package_identification:_identify(.) by extension 'colcon_meta'
[3.473s] Level 1:colcon.colcon_core.package_identification:_identify(.) by extensions ['ros']
[3.473s] Level 1:colcon.colcon_core.package_identification:_identify(.) by extension 'ros'
[3.609s] Level 1:colcon.colcon_core.package_identification:_identify(.) by extensions ['cmake', 'python']
[3.609s] Level 1:colcon.colcon_core.package_identification:_identify(.) by extension 'cmake'
[3.610s] Level 1:colcon.colcon_core.package_identification:_identify(.) by extension 'python'
[3.610s] Level 1:colcon.colcon_core.package_identification:_identify(.) by extensions ['python_setup_py']
[3.610s] Level 1:colcon.colcon_core.package_identification:_identify(.) by extension 'python_setup_py'
[3.611s] Level 1:colcon.colcon_core.package_identification:_identify(build) by extensions ['ignore', 'ignore_ament_install']
[3.611s] Level 1:colcon.colcon_core.package_identification:_identify(build) by extension 'ignore'
[3.611s] Level 1:colcon.colcon_core.package_identification:_identify(build) ignored
[3.612s] Level 1:colcon.colcon_core.package_identification:_identify(install) by extensions ['ignore', 'ignore_ament_install']
[3.612s] Level 1:colcon.colcon_core.package_identification:_identify(install) by extension 'ignore'
[3.612s] Level 1:colcon.colcon_core.package_identification:_identify(install) ignored
[3.613s] Level 1:colcon.colcon_core.package_identification:_identify(log) by extensions ['ignore', 'ignore_ament_install']
[3.613s] Level 1:colcon.colcon_core.package_identification:_identify(log) by extension 'ignore'
[3.613s] Level 1:colcon.colcon_core.package_identification:_identify(log) ignored
[3.614s] Level 1:colcon.colcon_core.package_identification:_identify(src) by extensions ['ignore', 'ignore_ament_install']
[3.614s] Level 1:colcon.colcon_core.package_identification:_identify(src) by extension 'ignore'
[3.614s] Level 1:colcon.colcon_core.package_identification:_identify(src) by extension 'ignore_ament_install'
[3.615s] Level 1:colcon.colcon_core.package_identification:_identify(src) by extensions ['colcon_pkg']
[3.615s] Level 1:colcon.colcon_core.package_identification:_identify(src) by extension 'colcon_pkg'
[3.615s] Level 1:colcon.colcon_core.package_identification:_identify(src) by extensions ['colcon_meta']
[3.615s] Level 1:colcon.colcon_core.package_identification:_identify(src) by extension 'colcon_meta'
[3.615s] Level 1:colcon.colcon_core.package_identification:_identify(src) by extensions ['ros']
[3.615s] Level 1:colcon.colcon_core.package_identification:_identify(src) by extension 'ros'
[3.616s] Level 1:colcon.colcon_core.package_identification:_identify(src) by extensions ['cmake', 'python']
[3.616s] Level 1:colcon.colcon_core.package_identification:_identify(src) by extension 'cmake'
[3.616s] Level 1:colcon.colcon_core.package_identification:_identify(src) by extension 'python'
[3.616s] Level 1:colcon.colcon_core.package_identification:_identify(src) by extensions ['python_setup_py']
[3.616s] Level 1:colcon.colcon_core.package_identification:_identify(src) by extension 'python_setup_py'
[3.617s] Level 1:colcon.colcon_core.package_identification:_identify(src/ldrobot-lidar-ros2) by extensions ['ignore', 'ignore_ament_install']
[3.617s] Level 1:colcon.colcon_core.package_identification:_identify(src/ldrobot-lidar-ros2) by extension 'ignore'
[3.618s] Level 1:colcon.colcon_core.package_identification:_identify(src/ldrobot-lidar-ros2) by extension 'ignore_ament_install'
[3.618s] Level 1:colcon.colcon_core.package_identification:_identify(src/ldrobot-lidar-ros2) by extensions ['colcon_pkg']
[3.618s] Level 1:colcon.colcon_core.package_identification:_identify(src/ldrobot-lidar-ros2) by extension 'colcon_pkg'
[3.618s] Level 1:colcon.colcon_core.package_identification:_identify(src/ldrobot-lidar-ros2) by extensions ['colcon_meta']
[3.618s] Level 1:colcon.colcon_core.package_identification:_identify(src/ldrobot-lidar-ros2) by extension 'colcon_meta'
[3.619s] Level 1:colcon.colcon_core.package_identification:_identify(src/ldrobot-lidar-ros2) by extensions ['ros']
[3.619s] Level 1:colcon.colcon_core.package_identification:_identify(src/ldrobot-lidar-ros2) by extension 'ros'
[3.619s] Level 1:colcon.colcon_core.package_identification:_identify(src/ldrobot-lidar-ros2) by extensions ['cmake', 'python']
[3.619s] Level 1:colcon.colcon_core.package_identification:_identify(src/ldrobot-lidar-ros2) by extension 'cmake'
[3.619s] Level 1:colcon.colcon_core.package_identification:_identify(src/ldrobot-lidar-ros2) by extension 'python'
[3.620s] Level 1:colcon.colcon_core.package_identification:_identify(src/ldrobot-lidar-ros2) by extensions ['python_setup_py']
[3.620s] Level 1:colcon.colcon_core.package_identification:_identify(src/ldrobot-lidar-ros2) by extension 'python_setup_py'
[3.620s] Level 1:colcon.colcon_core.package_identification:_identify(src/ldrobot-lidar-ros2/3d_model) by extensions ['ignore', 'ignore_ament_install']
[3.621s] Level 1:colcon.colcon_core.package_identification:_identify(src/ldrobot-lidar-ros2/3d_model) by extension 'ignore'
[3.621s] Level 1:colcon.colcon_core.package_identification:_identify(src/ldrobot-lidar-ros2/3d_model) by extension 'ignore_ament_install'
[3.621s] Level 1:colcon.colcon_core.package_identification:_identify(src/ldrobot-lidar-ros2/3d_model) by extensions ['colcon_pkg']
[3.621s] Level 1:colcon.colcon_core.package_identification:_identify(src/ldrobot-lidar-ros2/3d_model) by extension 'colcon_pkg'
[3.621s] Level 1:colcon.colcon_core.package_identification:_identify(src/ldrobot-lidar-ros2/3d_model) by extensions ['colcon_meta']
[3.622s] Level 1:colcon.colcon_core.package_identification:_identify(src/ldrobot-lidar-ros2/3d_model) by extension 'colcon_meta'
[3.622s] Level 1:colcon.colcon_core.package_identification:_identify(src/ldrobot-lidar-ros2/3d_model) by extensions ['ros']
[3.622s] Level 1:colcon.colcon_core.package_identification:_identify(src/ldrobot-lidar-ros2/3d_model) by extension 'ros'
[3.622s] Level 1:colcon.colcon_core.package_identification:_identify(src/ldrobot-lidar-ros2/3d_model) by extensions ['cmake', 'python']
[3.623s] Level 1:colcon.colcon_core.package_identification:_identify(src/ldrobot-lidar-ros2/3d_model) by extension 'cmake'
[3.623s] Level 1:colcon.colcon_core.package_identification:_identify(src/ldrobot-lidar-ros2/3d_model) by extension 'python'
[3.623s] Level 1:colcon.colcon_core.package_identification:_identify(src/ldrobot-lidar-ros2/3d_model) by extensions ['python_setup_py']
[3.623s] Level 1:colcon.colcon_core.package_identification:_identify(src/ldrobot-lidar-ros2/3d_model) by extension 'python_setup_py'
[3.624s] Level 1:colcon.colcon_core.package_identification:_identify(src/ldrobot-lidar-ros2/docs) by extensions ['ignore', 'ignore_ament_install']
[3.624s] Level 1:colcon.colcon_core.package_identification:_identify(src/ldrobot-lidar-ros2/docs) by extension 'ignore'
[3.624s] Level 1:colcon.colcon_core.package_identification:_identify(src/ldrobot-lidar-ros2/docs) by extension 'ignore_ament_install'
[3.624s] Level 1:colcon.colcon_core.package_identification:_identify(src/ldrobot-lidar-ros2/docs) by extensions ['colcon_pkg']
[3.624s] Level 1:colcon.colcon_core.package_identification:_identify(src/ldrobot-lidar-ros2/docs) by extension 'colcon_pkg'
[3.625s] Level 1:colcon.colcon_core.package_identification:_identify(src/ldrobot-lidar-ros2/docs) by extensions ['colcon_meta']
[3.625s] Level 1:colcon.colcon_core.package_identification:_identify(src/ldrobot-lidar-ros2/docs) by extension 'colcon_meta'
[3.625s] Level 1:colcon.colcon_core.package_identification:_identify(src/ldrobot-lidar-ros2/docs) by extensions ['ros']
[3.625s] Level 1:colcon.colcon_core.package_identification:_identify(src/ldrobot-lidar-ros2/docs) by extension 'ros'
[3.626s] Level 1:colcon.colcon_core.package_identification:_identify(src/ldrobot-lidar-ros2/docs) by extensions ['cmake', 'python']
[3.626s] Level 1:colcon.colcon_core.package_identification:_identify(src/ldrobot-lidar-ros2/docs) by extension 'cmake'
[3.626s] Level 1:colcon.colcon_core.package_identification:_identify(src/ldrobot-lidar-ros2/docs) by extension 'python'
[3.626s] Level 1:colcon.colcon_core.package_identification:_identify(src/ldrobot-lidar-ros2/docs) by extensions ['python_setup_py']
[3.626s] Level 1:colcon.colcon_core.package_identification:_identify(src/ldrobot-lidar-ros2/docs) by extension 'python_setup_py'
[3.627s] Level 1:colcon.colcon_core.package_identification:_identify(src/ldrobot-lidar-ros2/images) by extensions ['ignore', 'ignore_ament_install']
[3.627s] Level 1:colcon.colcon_core.package_identification:_identify(src/ldrobot-lidar-ros2/images) by extension 'ignore'
[3.627s] Level 1:colcon.colcon_core.package_identification:_identify(src/ldrobot-lidar-ros2/images) by extension 'ignore_ament_install'
[3.628s] Level 1:colcon.colcon_core.package_identification:_identify(src/ldrobot-lidar-ros2/images) by extensions ['colcon_pkg']
[3.628s] Level 1:colcon.colcon_core.package_identification:_identify(src/ldrobot-lidar-ros2/images) by extension 'colcon_pkg'
[3.628s] Level 1:colcon.colcon_core.package_identification:_identify(src/ldrobot-lidar-ros2/images) by extensions ['colcon_meta']
[3.628s] Level 1:colcon.colcon_core.package_identification:_identify(src/ldrobot-lidar-ros2/images) by extension 'colcon_meta'
[3.628s] Level 1:colcon.colcon_core.package_identification:_identify(src/ldrobot-lidar-ros2/images) by extensions ['ros']
[3.629s] Level 1:colcon.colcon_core.package_identification:_identify(src/ldrobot-lidar-ros2/images) by extension 'ros'
[3.629s] Level 1:colcon.colcon_core.package_identification:_identify(src/ldrobot-lidar-ros2/images) by extensions ['cmake', 'python']
[3.629s] Level 1:colcon.colcon_core.package_identification:_identify(src/ldrobot-lidar-ros2/images) by extension 'cmake'
[3.629s] Level 1:colcon.colcon_core.package_identification:_identify(src/ldrobot-lidar-ros2/images) by extension 'python'
[3.629s] Level 1:colcon.colcon_core.package_identification:_identify(src/ldrobot-lidar-ros2/images) by extensions ['python_setup_py']
[3.630s] Level 1:colcon.colcon_core.package_identification:_identify(src/ldrobot-lidar-ros2/images) by extension 'python_setup_py'
[3.630s] Level 1:colcon.colcon_core.package_identification:_identify(src/ldrobot-lidar-ros2/ldlidar) by extensions ['ignore', 'ignore_ament_install']
[3.630s] Level 1:colcon.colcon_core.package_identification:_identify(src/ldrobot-lidar-ros2/ldlidar) by extension 'ignore'
[3.631s] Level 1:colcon.colcon_core.package_identification:_identify(src/ldrobot-lidar-ros2/ldlidar) by extension 'ignore_ament_install'
[3.631s] Level 1:colcon.colcon_core.package_identification:_identify(src/ldrobot-lidar-ros2/ldlidar) by extensions ['colcon_pkg']
[3.631s] Level 1:colcon.colcon_core.package_identification:_identify(src/ldrobot-lidar-ros2/ldlidar) by extension 'colcon_pkg'
[3.631s] Level 1:colcon.colcon_core.package_identification:_identify(src/ldrobot-lidar-ros2/ldlidar) by extensions ['colcon_meta']
[3.631s] Level 1:colcon.colcon_core.package_identification:_identify(src/ldrobot-lidar-ros2/ldlidar) by extension 'colcon_meta'
[3.632s] Level 1:colcon.colcon_core.package_identification:_identify(src/ldrobot-lidar-ros2/ldlidar) by extensions ['ros']
[3.632s] Level 1:colcon.colcon_core.package_identification:_identify(src/ldrobot-lidar-ros2/ldlidar) by extension 'ros'
[3.662s] DEBUG:colcon.colcon_core.package_identification:Package 'src/ldrobot-lidar-ros2/ldlidar' with type 'ros.ament_cmake' and name 'ldlidar'
[3.663s] Level 1:colcon.colcon_core.package_identification:_identify(src/ldrobot-lidar-ros2/ldlidar_component) by extensions ['ignore', 'ignore_ament_install']
[3.664s] Level 1:colcon.colcon_core.package_identification:_identify(src/ldrobot-lidar-ros2/ldlidar_component) by extension 'ignore'
[3.664s] Level 1:colcon.colcon_core.package_identification:_identify(src/ldrobot-lidar-ros2/ldlidar_component) by extension 'ignore_ament_install'
[3.664s] Level 1:colcon.colcon_core.package_identification:_identify(src/ldrobot-lidar-ros2/ldlidar_component) by extensions ['colcon_pkg']
[3.664s] Level 1:colcon.colcon_core.package_identification:_identify(src/ldrobot-lidar-ros2/ldlidar_component) by extension 'colcon_pkg'
[3.665s] Level 1:colcon.colcon_core.package_identification:_identify(src/ldrobot-lidar-ros2/ldlidar_component) by extensions ['colcon_meta']
[3.665s] Level 1:colcon.colcon_core.package_identification:_identify(src/ldrobot-lidar-ros2/ldlidar_component) by extension 'colcon_meta'
[3.665s] Level 1:colcon.colcon_core.package_identification:_identify(src/ldrobot-lidar-ros2/ldlidar_component) by extensions ['ros']
[3.665s] Level 1:colcon.colcon_core.package_identification:_identify(src/ldrobot-lidar-ros2/ldlidar_component) by extension 'ros'
[3.672s] DEBUG:colcon.colcon_core.package_identification:Package 'src/ldrobot-lidar-ros2/ldlidar_component' with type 'ros.ament_cmake' and name 'ldlidar_component'
[3.673s] Level 1:colcon.colcon_core.package_identification:_identify(src/ldrobot-lidar-ros2/ldlidar_node) by extensions ['ignore', 'ignore_ament_install']
[3.673s] Level 1:colcon.colcon_core.package_identification:_identify(src/ldrobot-lidar-ros2/ldlidar_node) by extension 'ignore'
[3.674s] Level 1:colcon.colcon_core.package_identification:_identify(src/ldrobot-lidar-ros2/ldlidar_node) by extension 'ignore_ament_install'
[3.674s] Level 1:colcon.colcon_core.package_identification:_identify(src/ldrobot-lidar-ros2/ldlidar_node) by extensions ['colcon_pkg']
[3.674s] Level 1:colcon.colcon_core.package_identification:_identify(src/ldrobot-lidar-ros2/ldlidar_node) by extension 'colcon_pkg'
[3.675s] Level 1:colcon.colcon_core.package_identification:_identify(src/ldrobot-lidar-ros2/ldlidar_node) by extensions ['colcon_meta']
[3.675s] Level 1:colcon.colcon_core.package_identification:_identify(src/ldrobot-lidar-ros2/ldlidar_node) by extension 'colcon_meta'
[3.675s] Level 1:colcon.colcon_core.package_identification:_identify(src/ldrobot-lidar-ros2/ldlidar_node) by extensions ['ros']
[3.675s] Level 1:colcon.colcon_core.package_identification:_identify(src/ldrobot-lidar-ros2/ldlidar_node) by extension 'ros'
[3.679s] DEBUG:colcon.colcon_core.package_identification:Package 'src/ldrobot-lidar-ros2/ldlidar_node' with type 'ros.ament_cmake' and name 'ldlidar_node'
[3.680s] Level 1:colcon.colcon_core.package_identification:_identify(src/ldrobot-lidar-ros2/rules) by extensions ['ignore', 'ignore_ament_install']
[3.680s] Level 1:colcon.colcon_core.package_identification:_identify(src/ldrobot-lidar-ros2/rules) by extension 'ignore'
[3.681s] Level 1:colcon.colcon_core.package_identification:_identify(src/ldrobot-lidar-ros2/rules) by extension 'ignore_ament_install'
[3.681s] Level 1:colcon.colcon_core.package_identification:_identify(src/ldrobot-lidar-ros2/rules) by extensions ['colcon_pkg']
[3.681s] Level 1:colcon.colcon_core.package_identification:_identify(src/ldrobot-lidar-ros2/rules) by extension 'colcon_pkg'
[3.681s] Level 1:colcon.colcon_core.package_identification:_identify(src/ldrobot-lidar-ros2/rules) by extensions ['colcon_meta']
[3.681s] Level 1:colcon.colcon_core.package_identification:_identify(src/ldrobot-lidar-ros2/rules) by extension 'colcon_meta'
[3.682s] Level 1:colcon.colcon_core.package_identification:_identify(src/ldrobot-lidar-ros2/rules) by extensions ['ros']
[3.682s] Level 1:colcon.colcon_core.package_identification:_identify(src/ldrobot-lidar-ros2/rules) by extension 'ros'
[3.682s] Level 1:colcon.colcon_core.package_identification:_identify(src/ldrobot-lidar-ros2/rules) by extensions ['cmake', 'python']
[3.682s] Level 1:colcon.colcon_core.package_identification:_identify(src/ldrobot-lidar-ros2/rules) by extension 'cmake'
[3.683s] Level 1:colcon.colcon_core.package_identification:_identify(src/ldrobot-lidar-ros2/rules) by extension 'python'
[3.683s] Level 1:colcon.colcon_core.package_identification:_identify(src/ldrobot-lidar-ros2/rules) by extensions ['python_setup_py']
[3.683s] Level 1:colcon.colcon_core.package_identification:_identify(src/ldrobot-lidar-ros2/rules) by extension 'python_setup_py'
[3.684s] Level 1:colcon.colcon_core.package_identification:_identify(src/ldrobot-lidar-ros2/scripts) by extensions ['ignore', 'ignore_ament_install']
[3.684s] Level 1:colcon.colcon_core.package_identification:_identify(src/ldrobot-lidar-ros2/scripts) by extension 'ignore'
[3.684s] Level 1:colcon.colcon_core.package_identification:_identify(src/ldrobot-lidar-ros2/scripts) by extension 'ignore_ament_install'
[3.684s] Level 1:colcon.colcon_core.package_identification:_identify(src/ldrobot-lidar-ros2/scripts) by extensions ['colcon_pkg']
[3.685s] Level 1:colcon.colcon_core.package_identification:_identify(src/ldrobot-lidar-ros2/scripts) by extension 'colcon_pkg'
[3.685s] Level 1:colcon.colcon_core.package_identification:_identify(src/ldrobot-lidar-ros2/scripts) by extensions ['colcon_meta']
[3.685s] Level 1:colcon.colcon_core.package_identification:_identify(src/ldrobot-lidar-ros2/scripts) by extension 'colcon_meta'
[3.685s] Level 1:colcon.colcon_core.package_identification:_identify(src/ldrobot-lidar-ros2/scripts) by extensions ['ros']
[3.685s] Level 1:colcon.colcon_core.package_identification:_identify(src/ldrobot-lidar-ros2/scripts) by extension 'ros'
[3.686s] Level 1:colcon.colcon_core.package_identification:_identify(src/ldrobot-lidar-ros2/scripts) by extensions ['cmake', 'python']
[3.686s] Level 1:colcon.colcon_core.package_identification:_identify(src/ldrobot-lidar-ros2/scripts) by extension 'cmake'
[3.686s] Level 1:colcon.colcon_core.package_identification:_identify(src/ldrobot-lidar-ros2/scripts) by extension 'python'
[3.686s] Level 1:colcon.colcon_core.package_identification:_identify(src/ldrobot-lidar-ros2/scripts) by extensions ['python_setup_py']
[3.687s] Level 1:colcon.colcon_core.package_identification:_identify(src/ldrobot-lidar-ros2/scripts) by extension 'python_setup_py'
[3.687s] Level 1:colcon.colcon_core.package_identification:_identify(src/racoonbot_pkg) by extensions ['ignore', 'ignore_ament_install']
[3.687s] Level 1:colcon.colcon_core.package_identification:_identify(src/racoonbot_pkg) by extension 'ignore'
[3.688s] Level 1:colcon.colcon_core.package_identification:_identify(src/racoonbot_pkg) by extension 'ignore_ament_install'
[3.688s] Level 1:colcon.colcon_core.package_identification:_identify(src/racoonbot_pkg) by extensions ['colcon_pkg']
[3.688s] Level 1:colcon.colcon_core.package_identification:_identify(src/racoonbot_pkg) by extension 'colcon_pkg'
[3.688s] Level 1:colcon.colcon_core.package_identification:_identify(src/racoonbot_pkg) by extensions ['colcon_meta']
[3.688s] Level 1:colcon.colcon_core.package_identification:_identify(src/racoonbot_pkg) by extension 'colcon_meta'
[3.689s] Level 1:colcon.colcon_core.package_identification:_identify(src/racoonbot_pkg) by extensions ['ros']
[3.689s] Level 1:colcon.colcon_core.package_identification:_identify(src/racoonbot_pkg) by extension 'ros'
[3.694s] DEBUG:colcon.colcon_core.package_identification:Package 'src/racoonbot_pkg' with type 'ros.ament_cmake' and name 'racoonbot_pkg'
[3.695s] Level 1:colcon.colcon_core.package_identification:_identify(test) by extensions ['ignore', 'ignore_ament_install']
[3.695s] Level 1:colcon.colcon_core.package_identification:_identify(test) by extension 'ignore'
[3.696s] Level 1:colcon.colcon_core.package_identification:_identify(test) by extension 'ignore_ament_install'
[3.696s] Level 1:colcon.colcon_core.package_identification:_identify(test) by extensions ['colcon_pkg']
[3.696s] Level 1:colcon.colcon_core.package_identification:_identify(test) by extension 'colcon_pkg'
[3.696s] Level 1:colcon.colcon_core.package_identification:_identify(test) by extensions ['colcon_meta']
[3.696s] Level 1:colcon.colcon_core.package_identification:_identify(test) by extension 'colcon_meta'
[3.696s] Level 1:colcon.colcon_core.package_identification:_identify(test) by extensions ['ros']
[3.697s] Level 1:colcon.colcon_core.package_identification:_identify(test) by extension 'ros'
[3.697s] Level 1:colcon.colcon_core.package_identification:_identify(test) by extensions ['cmake', 'python']
[3.697s] Level 1:colcon.colcon_core.package_identification:_identify(test) by extension 'cmake'
[3.697s] Level 1:colcon.colcon_core.package_identification:_identify(test) by extension 'python'
[3.698s] Level 1:colcon.colcon_core.package_identification:_identify(test) by extensions ['python_setup_py']
[3.698s] Level 1:colcon.colcon_core.package_identification:_identify(test) by extension 'python_setup_py'
[3.698s] Level 1:colcon.colcon_core.package_discovery:discover_packages(recursive) using defaults
[3.698s] Level 1:colcon.colcon_core.package_discovery:discover_packages(ignore) discover
[3.699s] Level 1:colcon.colcon_core.package_discovery:discover_packages(ignore) using defaults
[3.699s] Level 1:colcon.colcon_core.package_discovery:discover_packages(path) discover
[3.699s] Level 1:colcon.colcon_core.package_discovery:discover_packages(path) using defaults
[3.902s] Level 1:colcon.colcon_core.package_discovery:discover_packages(prefix_path) check parameters
[3.902s] Level 1:colcon.colcon_core.package_discovery:discover_packages(prefix_path) discover
[3.920s] DEBUG:colcon.colcon_installed_package_information.package_discovery:Found 1 installed packages in /home/pawel/Workspaces/racoonbot/install
[3.924s] DEBUG:colcon.colcon_installed_package_information.package_discovery:Found 4 installed packages in /home/pawel/Workspaces/ros2-racoon/install
[3.935s] DEBUG:colcon.colcon_installed_package_information.package_discovery:Found 293 installed packages in /opt/ros/humble
[3.979s] Level 1:colcon.colcon_core.package_discovery:discover_packages(prefix_path) using defaults
[4.215s] Level 5:colcon.colcon_core.verb:set package 'ldlidar_component' build argument 'cmake_args' from command line to 'None'
[4.216s] Level 5:colcon.colcon_core.verb:set package 'ldlidar_component' build argument 'cmake_target' from command line to 'None'
[4.216s] Level 5:colcon.colcon_core.verb:set package 'ldlidar_component' build argument 'cmake_target_skip_unavailable' from command line to 'False'
[4.216s] Level 5:colcon.colcon_core.verb:set package 'ldlidar_component' build argument 'cmake_clean_cache' from command line to 'False'
[4.216s] Level 5:colcon.colcon_core.verb:set package 'ldlidar_component' build argument 'cmake_clean_first' from command line to 'False'
[4.216s] Level 5:colcon.colcon_core.verb:set package 'ldlidar_component' build argument 'cmake_force_configure' from command line to 'False'
[4.216s] Level 5:colcon.colcon_core.verb:set package 'ldlidar_component' build argument 'ament_cmake_args' from command line to 'None'
[4.216s] Level 5:colcon.colcon_core.verb:set package 'ldlidar_component' build argument 'catkin_cmake_args' from command line to 'None'
[4.216s] Level 5:colcon.colcon_core.verb:set package 'ldlidar_component' build argument 'catkin_skip_building_tests' from command line to 'False'
[4.217s] DEBUG:colcon.colcon_core.verb:Building package 'ldlidar_component' with the following arguments: {'ament_cmake_args': None, 'build_base': '/home/pawel/Workspaces/racoonbot/build/ldlidar_component', 'catkin_cmake_args': None, 'catkin_skip_building_tests': False, 'cmake_args': None, 'cmake_clean_cache': False, 'cmake_clean_first': False, 'cmake_force_configure': False, 'cmake_target': None, 'cmake_target_skip_unavailable': False, 'install_base': '/home/pawel/Workspaces/racoonbot/install/ldlidar_component', 'merge_install': False, 'path': '/home/pawel/Workspaces/racoonbot/src/ldrobot-lidar-ros2/ldlidar_component', 'symlink_install': True, 'test_result_base': None}
[4.218s] Level 5:colcon.colcon_core.verb:set package 'racoonbot_pkg' build argument 'cmake_args' from command line to 'None'
[4.218s] Level 5:colcon.colcon_core.verb:set package 'racoonbot_pkg' build argument 'cmake_target' from command line to 'None'
[4.219s] Level 5:colcon.colcon_core.verb:set package 'racoonbot_pkg' build argument 'cmake_target_skip_unavailable' from command line to 'False'
[4.219s] Level 5:colcon.colcon_core.verb:set package 'racoonbot_pkg' build argument 'cmake_clean_cache' from command line to 'False'
[4.219s] Level 5:colcon.colcon_core.verb:set package 'racoonbot_pkg' build argument 'cmake_clean_first' from command line to 'False'
[4.219s] Level 5:colcon.colcon_core.verb:set package 'racoonbot_pkg' build argument 'cmake_force_configure' from command line to 'False'
[4.219s] Level 5:colcon.colcon_core.verb:set package 'racoonbot_pkg' build argument 'ament_cmake_args' from command line to 'None'
[4.219s] Level 5:colcon.colcon_core.verb:set package 'racoonbot_pkg' build argument 'catkin_cmake_args' from command line to 'None'
[4.219s] Level 5:colcon.colcon_core.verb:set package 'racoonbot_pkg' build argument 'catkin_skip_building_tests' from command line to 'False'
[4.219s] DEBUG:colcon.colcon_core.verb:Building package 'racoonbot_pkg' with the following arguments: {'ament_cmake_args': None, 'build_base': '/home/pawel/Workspaces/racoonbot/build/racoonbot_pkg', 'catkin_cmake_args': None, 'catkin_skip_building_tests': False, 'cmake_args': None, 'cmake_clean_cache': False, 'cmake_clean_first': False, 'cmake_force_configure': False, 'cmake_target': None, 'cmake_target_skip_unavailable': False, 'install_base': '/home/pawel/Workspaces/racoonbot/install/racoonbot_pkg', 'merge_install': False, 'path': '/home/pawel/Workspaces/racoonbot/src/racoonbot_pkg', 'symlink_install': True, 'test_result_base': None}
[4.221s] Level 5:colcon.colcon_core.verb:set package 'ldlidar_node' build argument 'cmake_args' from command line to 'None'
[4.221s] Level 5:colcon.colcon_core.verb:set package 'ldlidar_node' build argument 'cmake_target' from command line to 'None'
[4.221s] Level 5:colcon.colcon_core.verb:set package 'ldlidar_node' build argument 'cmake_target_skip_unavailable' from command line to 'False'
[4.221s] Level 5:colcon.colcon_core.verb:set package 'ldlidar_node' build argument 'cmake_clean_cache' from command line to 'False'
[4.221s] Level 5:colcon.colcon_core.verb:set package 'ldlidar_node' build argument 'cmake_clean_first' from command line to 'False'
[4.221s] Level 5:colcon.colcon_core.verb:set package 'ldlidar_node' build argument 'cmake_force_configure' from command line to 'False'
[4.221s] Level 5:colcon.colcon_core.verb:set package 'ldlidar_node' build argument 'ament_cmake_args' from command line to 'None'
[4.222s] Level 5:colcon.colcon_core.verb:set package 'ldlidar_node' build argument 'catkin_cmake_args' from command line to 'None'
[4.222s] Level 5:colcon.colcon_core.verb:set package 'ldlidar_node' build argument 'catkin_skip_building_tests' from command line to 'False'
[4.222s] DEBUG:colcon.colcon_core.verb:Building package 'ldlidar_node' with the following arguments: {'ament_cmake_args': None, 'build_base': '/home/pawel/Workspaces/racoonbot/build/ldlidar_node', 'catkin_cmake_args': None, 'catkin_skip_building_tests': False, 'cmake_args': None, 'cmake_clean_cache': False, 'cmake_clean_first': False, 'cmake_force_configure': False, 'cmake_target': None, 'cmake_target_skip_unavailable': False, 'install_base': '/home/pawel/Workspaces/racoonbot/install/ldlidar_node', 'merge_install': False, 'path': '/home/pawel/Workspaces/racoonbot/src/ldrobot-lidar-ros2/ldlidar_node', 'symlink_install': True, 'test_result_base': None}
[4.223s] Level 5:colcon.colcon_core.verb:set package 'ldlidar' build argument 'cmake_args' from command line to 'None'
[4.224s] Level 5:colcon.colcon_core.verb:set package 'ldlidar' build argument 'cmake_target' from command line to 'None'
[4.224s] Level 5:colcon.colcon_core.verb:set package 'ldlidar' build argument 'cmake_target_skip_unavailable' from command line to 'False'
[4.224s] Level 5:colcon.colcon_core.verb:set package 'ldlidar' build argument 'cmake_clean_cache' from command line to 'False'
[4.224s] Level 5:colcon.colcon_core.verb:set package 'ldlidar' build argument 'cmake_clean_first' from command line to 'False'
[4.224s] Level 5:colcon.colcon_core.verb:set package 'ldlidar' build argument 'cmake_force_configure' from command line to 'False'
[4.224s] Level 5:colcon.colcon_core.verb:set package 'ldlidar' build argument 'ament_cmake_args' from command line to 'None'
[4.224s] Level 5:colcon.colcon_core.verb:set package 'ldlidar' build argument 'catkin_cmake_args' from command line to 'None'
[4.224s] Level 5:colcon.colcon_core.verb:set package 'ldlidar' build argument 'catkin_skip_building_tests' from command line to 'False'
[4.224s] DEBUG:colcon.colcon_core.verb:Building package 'ldlidar' with the following arguments: {'ament_cmake_args': None, 'build_base': '/home/pawel/Workspaces/racoonbot/build/ldlidar', 'catkin_cmake_args': None, 'catkin_skip_building_tests': False, 'cmake_args': None, 'cmake_clean_cache': False, 'cmake_clean_first': False, 'cmake_force_configure': False, 'cmake_target': None, 'cmake_target_skip_unavailable': False, 'install_base': '/home/pawel/Workspaces/racoonbot/install/ldlidar', 'merge_install': False, 'path': '/home/pawel/Workspaces/racoonbot/src/ldrobot-lidar-ros2/ldlidar', 'symlink_install': True, 'test_result_base': None}
[4.225s] INFO:colcon.colcon_core.executor:Executing jobs using 'parallel' executor
[4.228s] DEBUG:colcon.colcon_parallel_executor.executor.parallel:run_until_complete
[4.229s] INFO:colcon.colcon_ros.task.ament_cmake.build:Building ROS package in '/home/pawel/Workspaces/racoonbot/src/ldrobot-lidar-ros2/ldlidar_component' with build type 'ament_cmake'
[4.230s] INFO:colcon.colcon_cmake.task.cmake.build:Building CMake package in '/home/pawel/Workspaces/racoonbot/src/ldrobot-lidar-ros2/ldlidar_component'
[4.251s] INFO:colcon.colcon_core.plugin_system:Skipping extension 'colcon_core.shell.bat': Not used on non-Windows systems
[4.252s] INFO:colcon.colcon_core.shell:Skip shell extension 'powershell' for command environment: Not usable outside of PowerShell
[4.253s] DEBUG:colcon.colcon_core.shell:Skip shell extension 'dsv' for command environment
[4.277s] INFO:colcon.colcon_ros.task.ament_cmake.build:Building ROS package in '/home/pawel/Workspaces/racoonbot/src/racoonbot_pkg' with build type 'ament_cmake'
[4.278s] INFO:colcon.colcon_cmake.task.cmake.build:Building CMake package in '/home/pawel/Workspaces/racoonbot/src/racoonbot_pkg'
[4.279s] INFO:colcon.colcon_core.shell:Skip shell extension 'powershell' for command environment: Not usable outside of PowerShell
[4.280s] DEBUG:colcon.colcon_core.shell:Skip shell extension 'dsv' for command environment
[4.314s] DEBUG:colcon.colcon_core.event_handler.log_command:Invoking command in '/home/pawel/Workspaces/racoonbot/build/ldlidar_component': CMAKE_PREFIX_PATH=${CMAKE_PREFIX_PATH}:/opt/ros/humble /usr/bin/cmake /home/pawel/Workspaces/racoonbot/src/ldrobot-lidar-ros2/ldlidar_component -DAMENT_CMAKE_SYMLINK_INSTALL=1 -DCMAKE_INSTALL_PREFIX=/home/pawel/Workspaces/racoonbot/install/ldlidar_component
[4.393s] DEBUG:colcon.colcon_core.event_handler.log_command:Invoking command in '/home/pawel/Workspaces/racoonbot/build/racoonbot_pkg': CMAKE_PREFIX_PATH=${CMAKE_PREFIX_PATH}:/opt/ros/humble /usr/bin/cmake --build /home/pawel/Workspaces/racoonbot/build/racoonbot_pkg -- -j4 -l4
[5.745s] DEBUG:colcon.colcon_core.event_handler.log_command:Invoked command in '/home/pawel/Workspaces/racoonbot/build/racoonbot_pkg' returned '0': CMAKE_PREFIX_PATH=${CMAKE_PREFIX_PATH}:/opt/ros/humble /usr/bin/cmake --build /home/pawel/Workspaces/racoonbot/build/racoonbot_pkg -- -j4 -l4
[5.944s] DEBUG:colcon.colcon_core.event_handler.log_command:Invoking command in '/home/pawel/Workspaces/racoonbot/build/racoonbot_pkg': CMAKE_PREFIX_PATH=${CMAKE_PREFIX_PATH}:/opt/ros/humble /usr/bin/cmake --install /home/pawel/Workspaces/racoonbot/build/racoonbot_pkg
[6.396s] Level 1:colcon.colcon_core.environment:create_environment_scripts_only(racoonbot_pkg)
[6.398s] DEBUG:colcon.colcon_core.event_handler.log_command:Invoked command in '/home/pawel/Workspaces/racoonbot/build/racoonbot_pkg' returned '0': CMAKE_PREFIX_PATH=${CMAKE_PREFIX_PATH}:/opt/ros/humble /usr/bin/cmake --install /home/pawel/Workspaces/racoonbot/build/racoonbot_pkg
[6.430s] Level 1:colcon.colcon_core.environment:checking '/home/pawel/Workspaces/racoonbot/install/racoonbot_pkg' for CMake module files
[6.434s] Level 1:colcon.colcon_core.environment:checking '/home/pawel/Workspaces/racoonbot/install/racoonbot_pkg' for CMake config files
[6.440s] Level 1:colcon.colcon_core.shell:create_environment_hook('racoonbot_pkg', 'cmake_prefix_path')
[6.441s] INFO:colcon.colcon_core.shell:Creating environment hook '/home/pawel/Workspaces/racoonbot/install/racoonbot_pkg/share/racoonbot_pkg/hook/cmake_prefix_path.ps1'
[6.449s] INFO:colcon.colcon_core.shell:Creating environment descriptor '/home/pawel/Workspaces/racoonbot/install/racoonbot_pkg/share/racoonbot_pkg/hook/cmake_prefix_path.dsv'
[6.453s] INFO:colcon.colcon_core.shell:Creating environment hook '/home/pawel/Workspaces/racoonbot/install/racoonbot_pkg/share/racoonbot_pkg/hook/cmake_prefix_path.sh'
[6.459s] Level 1:colcon.colcon_core.environment:checking '/home/pawel/Workspaces/racoonbot/install/racoonbot_pkg/lib'
[6.461s] Level 1:colcon.colcon_core.shell:create_environment_hook('racoonbot_pkg', 'ld_library_path_lib')
[6.463s] INFO:colcon.colcon_core.shell:Creating environment hook '/home/pawel/Workspaces/racoonbot/install/racoonbot_pkg/share/racoonbot_pkg/hook/ld_library_path_lib.ps1'
[6.466s] INFO:colcon.colcon_core.shell:Creating environment descriptor '/home/pawel/Workspaces/racoonbot/install/racoonbot_pkg/share/racoonbot_pkg/hook/ld_library_path_lib.dsv'
[6.468s] INFO:colcon.colcon_core.shell:Creating environment hook '/home/pawel/Workspaces/racoonbot/install/racoonbot_pkg/share/racoonbot_pkg/hook/ld_library_path_lib.sh'
[6.471s] Level 1:colcon.colcon_core.environment:checking '/home/pawel/Workspaces/racoonbot/install/racoonbot_pkg/bin'
[6.471s] Level 1:colcon.colcon_core.environment:checking '/home/pawel/Workspaces/racoonbot/install/racoonbot_pkg/lib/pkgconfig/racoonbot_pkg.pc'
[6.473s] Level 1:colcon.colcon_core.environment:checking '/home/pawel/Workspaces/racoonbot/install/racoonbot_pkg/lib/python3.10/site-packages'
[6.474s] Level 1:colcon.colcon_core.environment:checking '/home/pawel/Workspaces/racoonbot/install/racoonbot_pkg/bin'
[6.476s] INFO:colcon.colcon_core.shell:Creating package script '/home/pawel/Workspaces/racoonbot/install/racoonbot_pkg/share/racoonbot_pkg/package.ps1'
[6.484s] INFO:colcon.colcon_core.shell:Creating package descriptor '/home/pawel/Workspaces/racoonbot/install/racoonbot_pkg/share/racoonbot_pkg/package.dsv'
[6.489s] INFO:colcon.colcon_core.shell:Creating package script '/home/pawel/Workspaces/racoonbot/install/racoonbot_pkg/share/racoonbot_pkg/package.sh'
[6.493s] INFO:colcon.colcon_core.shell:Creating package script '/home/pawel/Workspaces/racoonbot/install/racoonbot_pkg/share/racoonbot_pkg/package.bash'
[6.498s] INFO:colcon.colcon_core.shell:Creating package script '/home/pawel/Workspaces/racoonbot/install/racoonbot_pkg/share/racoonbot_pkg/package.zsh'
[6.503s] Level 1:colcon.colcon_core.environment:create_file_with_runtime_dependencies(/home/pawel/Workspaces/racoonbot/install/racoonbot_pkg/share/colcon-core/packages/racoonbot_pkg)
[6.650s] Level 1:colcon.colcon_core.environment:create_environment_scripts_only(racoonbot_pkg)
[6.651s] Level 1:colcon.colcon_core.environment:checking '/home/pawel/Workspaces/racoonbot/install/racoonbot_pkg' for CMake module files
[6.656s] Level 1:colcon.colcon_core.environment:checking '/home/pawel/Workspaces/racoonbot/install/racoonbot_pkg' for CMake config files
[6.661s] Level 1:colcon.colcon_core.shell:create_environment_hook('racoonbot_pkg', 'cmake_prefix_path')
[6.663s] INFO:colcon.colcon_core.shell:Creating environment hook '/home/pawel/Workspaces/racoonbot/install/racoonbot_pkg/share/racoonbot_pkg/hook/cmake_prefix_path.ps1'
[6.665s] INFO:colcon.colcon_core.shell:Creating environment descriptor '/home/pawel/Workspaces/racoonbot/install/racoonbot_pkg/share/racoonbot_pkg/hook/cmake_prefix_path.dsv'
[6.667s] INFO:colcon.colcon_core.shell:Creating environment hook '/home/pawel/Workspaces/racoonbot/install/racoonbot_pkg/share/racoonbot_pkg/hook/cmake_prefix_path.sh'
[6.670s] Level 1:colcon.colcon_core.environment:checking '/home/pawel/Workspaces/racoonbot/install/racoonbot_pkg/lib'
[6.670s] Level 1:colcon.colcon_core.shell:create_environment_hook('racoonbot_pkg', 'ld_library_path_lib')
[6.671s] INFO:colcon.colcon_core.shell:Creating environment hook '/home/pawel/Workspaces/racoonbot/install/racoonbot_pkg/share/racoonbot_pkg/hook/ld_library_path_lib.ps1'
[6.673s] INFO:colcon.colcon_core.shell:Creating environment descriptor '/home/pawel/Workspaces/racoonbot/install/racoonbot_pkg/share/racoonbot_pkg/hook/ld_library_path_lib.dsv'
[6.675s] INFO:colcon.colcon_core.shell:Creating environment hook '/home/pawel/Workspaces/racoonbot/install/racoonbot_pkg/share/racoonbot_pkg/hook/ld_library_path_lib.sh'
[6.677s] Level 1:colcon.colcon_core.environment:checking '/home/pawel/Workspaces/racoonbot/install/racoonbot_pkg/bin'
[6.677s] Level 1:colcon.colcon_core.environment:checking '/home/pawel/Workspaces/racoonbot/install/racoonbot_pkg/lib/pkgconfig/racoonbot_pkg.pc'
[6.678s] Level 1:colcon.colcon_core.environment:checking '/home/pawel/Workspaces/racoonbot/install/racoonbot_pkg/lib/python3.10/site-packages'
[6.679s] Level 1:colcon.colcon_core.environment:checking '/home/pawel/Workspaces/racoonbot/install/racoonbot_pkg/bin'
[6.681s] INFO:colcon.colcon_core.shell:Creating package script '/home/pawel/Workspaces/racoonbot/install/racoonbot_pkg/share/racoonbot_pkg/package.ps1'
[6.683s] INFO:colcon.colcon_core.shell:Creating package descriptor '/home/pawel/Workspaces/racoonbot/install/racoonbot_pkg/share/racoonbot_pkg/package.dsv'
[6.686s] INFO:colcon.colcon_core.shell:Creating package script '/home/pawel/Workspaces/racoonbot/install/racoonbot_pkg/share/racoonbot_pkg/package.sh'
[6.688s] INFO:colcon.colcon_core.shell:Creating package script '/home/pawel/Workspaces/racoonbot/install/racoonbot_pkg/share/racoonbot_pkg/package.bash'
[6.690s] INFO:colcon.colcon_core.shell:Creating package script '/home/pawel/Workspaces/racoonbot/install/racoonbot_pkg/share/racoonbot_pkg/package.zsh'
[6.692s] Level 1:colcon.colcon_core.environment:create_file_with_runtime_dependencies(/home/pawel/Workspaces/racoonbot/install/racoonbot_pkg/share/colcon-core/packages/racoonbot_pkg)
[15.847s] DEBUG:colcon.colcon_core.event_handler.log_command:Invoked command in '/home/pawel/Workspaces/racoonbot/build/ldlidar_component' returned '1': CMAKE_PREFIX_PATH=${CMAKE_PREFIX_PATH}:/opt/ros/humble /usr/bin/cmake /home/pawel/Workspaces/racoonbot/src/ldrobot-lidar-ros2/ldlidar_component -DAMENT_CMAKE_SYMLINK_INSTALL=1 -DCMAKE_INSTALL_PREFIX=/home/pawel/Workspaces/racoonbot/install/ldlidar_component
[15.895s] Level 1:colcon.colcon_core.environment:create_environment_scripts_only(ldlidar_component)
[15.896s] Level 1:colcon.colcon_core.environment:checking '/home/pawel/Workspaces/racoonbot/install/ldlidar_component' for CMake module files
[15.898s] Level 1:colcon.colcon_core.environment:checking '/home/pawel/Workspaces/racoonbot/install/ldlidar_component' for CMake config files
[15.899s] Level 1:colcon.colcon_core.environment:checking '/home/pawel/Workspaces/racoonbot/install/ldlidar_component/bin'
[15.899s] Level 1:colcon.colcon_core.environment:checking '/home/pawel/Workspaces/racoonbot/install/ldlidar_component/lib/pkgconfig/ldlidar_component.pc'
[15.900s] Level 1:colcon.colcon_core.environment:checking '/home/pawel/Workspaces/racoonbot/install/ldlidar_component/lib/python3.10/site-packages'
[15.901s] Level 1:colcon.colcon_core.environment:checking '/home/pawel/Workspaces/racoonbot/install/ldlidar_component/bin'
[15.903s] INFO:colcon.colcon_core.shell:Creating package script '/home/pawel/Workspaces/racoonbot/install/ldlidar_component/share/ldlidar_component/package.ps1'
[15.905s] INFO:colcon.colcon_core.shell:Creating package descriptor '/home/pawel/Workspaces/racoonbot/install/ldlidar_component/share/ldlidar_component/package.dsv'
[15.907s] INFO:colcon.colcon_core.shell:Creating package script '/home/pawel/Workspaces/racoonbot/install/ldlidar_component/share/ldlidar_component/package.sh'
[15.908s] INFO:colcon.colcon_core.shell:Creating package script '/home/pawel/Workspaces/racoonbot/install/ldlidar_component/share/ldlidar_component/package.bash'
[15.910s] INFO:colcon.colcon_core.shell:Creating package script '/home/pawel/Workspaces/racoonbot/install/ldlidar_component/share/ldlidar_component/package.zsh'
[15.911s] Level 1:colcon.colcon_core.environment:create_file_with_runtime_dependencies(/home/pawel/Workspaces/racoonbot/install/ldlidar_component/share/colcon-core/packages/ldlidar_component)
[15.923s] DEBUG:colcon.colcon_parallel_executor.executor.parallel:closing loop
[15.924s] DEBUG:colcon.colcon_parallel_executor.executor.parallel:loop closed
[15.924s] DEBUG:colcon.colcon_parallel_executor.executor.parallel:run_until_complete finished with '1'
[15.924s] DEBUG:colcon.colcon_core.event_reactor:joining thread
[15.965s] INFO:colcon.colcon_core.plugin_system:Skipping extension 'colcon_notification.desktop_notification.terminal_notifier': Not used on non-Darwin systems
[15.965s] INFO:colcon.colcon_core.plugin_system:Skipping extension 'colcon_notification.desktop_notification.win32': Not used on non-Windows systems
[15.966s] INFO:colcon.colcon_notification.desktop_notification:Sending desktop notification using 'notify2'
[15.977s] DEBUG:colcon.colcon_notification.desktop_notification.notify2:Failed to initialize notify2: org.freedesktop.DBus.Error.ServiceUnknown: The name org.freedesktop.Notifications was not provided by any .service files
[15.977s] DEBUG:colcon.colcon_core.event_reactor:joined thread
[15.979s] INFO:colcon.colcon_core.shell:Creating prefix script '/home/pawel/Workspaces/racoonbot/install/local_setup.ps1'
[15.988s] INFO:colcon.colcon_core.shell:Creating prefix util module '/home/pawel/Workspaces/racoonbot/install/_local_setup_util_ps1.py'
[16.008s] INFO:colcon.colcon_core.shell:Creating prefix chain script '/home/pawel/Workspaces/racoonbot/install/setup.ps1'
[16.028s] INFO:colcon.colcon_core.shell:Creating prefix script '/home/pawel/Workspaces/racoonbot/install/local_setup.sh'
[16.043s] INFO:colcon.colcon_core.shell:Creating prefix util module '/home/pawel/Workspaces/racoonbot/install/_local_setup_util_sh.py'
[16.047s] INFO:colcon.colcon_core.shell:Creating prefix chain script '/home/pawel/Workspaces/racoonbot/install/setup.sh'
[16.072s] INFO:colcon.colcon_core.shell:Creating prefix script '/home/pawel/Workspaces/racoonbot/install/local_setup.bash'
[16.087s] INFO:colcon.colcon_core.shell:Creating prefix chain script '/home/pawel/Workspaces/racoonbot/install/setup.bash'
[16.101s] INFO:colcon.colcon_core.shell:Creating prefix script '/home/pawel/Workspaces/racoonbot/install/local_setup.zsh'
[16.116s] INFO:colcon.colcon_core.shell:Creating prefix chain script '/home/pawel/Workspaces/racoonbot/install/setup.zsh'
