[1.481s] DEBUG:colcon:Command line arguments: ['/usr/bin/colcon', 'build', '--symlink-install']
[1.482s] DEBUG:colcon:Parsed command line arguments: Namespace(log_base=None, log_level=None, verb_name='build', build_base='build', install_base='install', merge_install=False, symlink_install=True, test_result_base=None, continue_on_error=False, executor='parallel', parallel_workers=2, event_handlers=None, ignore_user_meta=False, metas=['./colcon.meta'], base_paths=['.'], packages_ignore=None, packages_ignore_regex=None, paths=None, packages_up_to=None, packages_up_to_regex=None, packages_above=None, packages_above_and_dependencies=None, packages_above_depth=None, packages_select_by_dep=None, packages_skip_by_dep=None, packages_skip_up_to=None, packages_select_build_failed=False, packages_skip_build_finished=False, packages_select_test_failures=False, packages_skip_test_passed=False, packages_select=None, packages_skip=None, packages_select_regex=None, packages_skip_regex=None, packages_start=None, packages_end=None, allow_overriding=[], cmake_args=None, cmake_target=None, cmake_target_skip_unavailable=False, cmake_clean_cache=False, cmake_clean_first=False, cmake_force_configure=False, ament_cmake_args=None, catkin_cmake_args=None, catkin_skip_building_tests=False, verb_parser=<colcon_defaults.argument_parser.defaults.DefaultArgumentsDecorator object at 0x7a1355f845e0>, verb_extension=<colcon_core.verb.build.BuildVerb object at 0x7a1355f848e0>, main=<bound method BuildVerb.main of <colcon_core.verb.build.BuildVerb object at 0x7a1355f848e0>>)
[1.561s] Level 1:colcon.colcon_core.package_discovery:discover_packages(colcon_meta) check parameters
[1.561s] Level 1:colcon.colcon_core.package_discovery:discover_packages(recursive) check parameters
[1.561s] Level 1:colcon.colcon_core.package_discovery:discover_packages(ignore) check parameters
[1.561s] Level 1:colcon.colcon_core.package_discovery:discover_packages(path) check parameters
[1.562s] Level 1:colcon.colcon_core.package_discovery:discover_packages(colcon_meta) discover
[1.562s] Level 1:colcon.colcon_core.package_discovery:discover_packages(recursive) discover
[1.562s] INFO:colcon.colcon_core.package_discovery:Crawling recursively for packages in '/home/lisior/Workspaces/racoonbot_ws'
[1.562s] Level 1:colcon.colcon_core.package_identification:_identify(.) by extensions ['ignore', 'ignore_ament_install']
[1.563s] Level 1:colcon.colcon_core.package_identification:_identify(.) by extension 'ignore'
[1.563s] Level 1:colcon.colcon_core.package_identification:_identify(.) by extension 'ignore_ament_install'
[1.563s] Level 1:colcon.colcon_core.package_identification:_identify(.) by extensions ['colcon_pkg']
[1.563s] Level 1:colcon.colcon_core.package_identification:_identify(.) by extension 'colcon_pkg'
[1.563s] Level 1:colcon.colcon_core.package_identification:_identify(.) by extensions ['colcon_meta']
[1.563s] Level 1:colcon.colcon_core.package_identification:_identify(.) by extension 'colcon_meta'
[1.563s] Level 1:colcon.colcon_core.package_identification:_identify(.) by extensions ['ros']
[1.563s] Level 1:colcon.colcon_core.package_identification:_identify(.) by extension 'ros'
[1.600s] Level 1:colcon.colcon_core.package_identification:_identify(.) by extensions ['cmake', 'python']
[1.602s] Level 1:colcon.colcon_core.package_identification:_identify(.) by extension 'cmake'
[1.603s] Level 1:colcon.colcon_core.package_identification:_identify(.) by extension 'python'
[1.603s] Level 1:colcon.colcon_core.package_identification:_identify(.) by extensions ['python_setup_py']
[1.603s] Level 1:colcon.colcon_core.package_identification:_identify(.) by extension 'python_setup_py'
[1.604s] Level 1:colcon.colcon_core.package_identification:_identify(build) by extensions ['ignore', 'ignore_ament_install']
[1.604s] Level 1:colcon.colcon_core.package_identification:_identify(build) by extension 'ignore'
[1.604s] Level 1:colcon.colcon_core.package_identification:_identify(build) ignored
[1.604s] Level 1:colcon.colcon_core.package_identification:_identify(install) by extensions ['ignore', 'ignore_ament_install']
[1.605s] Level 1:colcon.colcon_core.package_identification:_identify(install) by extension 'ignore'
[1.605s] Level 1:colcon.colcon_core.package_identification:_identify(install) ignored
[1.605s] Level 1:colcon.colcon_core.package_identification:_identify(log) by extensions ['ignore', 'ignore_ament_install']
[1.605s] Level 1:colcon.colcon_core.package_identification:_identify(log) by extension 'ignore'
[1.606s] Level 1:colcon.colcon_core.package_identification:_identify(log) ignored
[1.606s] Level 1:colcon.colcon_core.package_identification:_identify(src) by extensions ['ignore', 'ignore_ament_install']
[1.606s] Level 1:colcon.colcon_core.package_identification:_identify(src) by extension 'ignore'
[1.607s] Level 1:colcon.colcon_core.package_identification:_identify(src) by extension 'ignore_ament_install'
[1.608s] Level 1:colcon.colcon_core.package_identification:_identify(src) by extensions ['colcon_pkg']
[1.608s] Level 1:colcon.colcon_core.package_identification:_identify(src) by extension 'colcon_pkg'
[1.608s] Level 1:colcon.colcon_core.package_identification:_identify(src) by extensions ['colcon_meta']
[1.609s] Level 1:colcon.colcon_core.package_identification:_identify(src) by extension 'colcon_meta'
[1.609s] Level 1:colcon.colcon_core.package_identification:_identify(src) by extensions ['ros']
[1.609s] Level 1:colcon.colcon_core.package_identification:_identify(src) by extension 'ros'
[1.609s] Level 1:colcon.colcon_core.package_identification:_identify(src) by extensions ['cmake', 'python']
[1.609s] Level 1:colcon.colcon_core.package_identification:_identify(src) by extension 'cmake'
[1.609s] Level 1:colcon.colcon_core.package_identification:_identify(src) by extension 'python'
[1.609s] Level 1:colcon.colcon_core.package_identification:_identify(src) by extensions ['python_setup_py']
[1.609s] Level 1:colcon.colcon_core.package_identification:_identify(src) by extension 'python_setup_py'
[1.610s] Level 1:colcon.colcon_core.package_identification:_identify(src/racoonbot_pkg) by extensions ['ignore', 'ignore_ament_install']
[1.610s] Level 1:colcon.colcon_core.package_identification:_identify(src/racoonbot_pkg) by extension 'ignore'
[1.610s] Level 1:colcon.colcon_core.package_identification:_identify(src/racoonbot_pkg) by extension 'ignore_ament_install'
[1.610s] Level 1:colcon.colcon_core.package_identification:_identify(src/racoonbot_pkg) by extensions ['colcon_pkg']
[1.610s] Level 1:colcon.colcon_core.package_identification:_identify(src/racoonbot_pkg) by extension 'colcon_pkg'
[1.611s] Level 1:colcon.colcon_core.package_identification:_identify(src/racoonbot_pkg) by extensions ['colcon_meta']
[1.611s] Level 1:colcon.colcon_core.package_identification:_identify(src/racoonbot_pkg) by extension 'colcon_meta'
[1.611s] Level 1:colcon.colcon_core.package_identification:_identify(src/racoonbot_pkg) by extensions ['ros']
[1.611s] Level 1:colcon.colcon_core.package_identification:_identify(src/racoonbot_pkg) by extension 'ros'
[1.619s] DEBUG:colcon.colcon_core.package_identification:Package 'src/racoonbot_pkg' with type 'ros.ament_cmake' and name 'racoonbot_pkg'
[1.620s] Level 1:colcon.colcon_core.package_discovery:discover_packages(recursive) using defaults
[1.621s] Level 1:colcon.colcon_core.package_discovery:discover_packages(ignore) discover
[1.621s] Level 1:colcon.colcon_core.package_discovery:discover_packages(ignore) using defaults
[1.621s] Level 1:colcon.colcon_core.package_discovery:discover_packages(path) discover
[1.621s] Level 1:colcon.colcon_core.package_discovery:discover_packages(path) using defaults
[1.766s] Level 1:colcon.colcon_core.package_discovery:discover_packages(prefix_path) check parameters
[1.766s] Level 1:colcon.colcon_core.package_discovery:discover_packages(prefix_path) discover
[1.793s] Level 1:colcon.colcon_core.package_discovery:discover_packages(prefix_path) using defaults
[1.838s] Level 5:colcon.colcon_core.verb:set package 'racoonbot_pkg' build argument 'cmake_args' from command line to 'None'
[1.838s] Level 5:colcon.colcon_core.verb:set package 'racoonbot_pkg' build argument 'cmake_target' from command line to 'None'
[1.838s] Level 5:colcon.colcon_core.verb:set package 'racoonbot_pkg' build argument 'cmake_target_skip_unavailable' from command line to 'False'
[1.839s] Level 5:colcon.colcon_core.verb:set package 'racoonbot_pkg' build argument 'cmake_clean_cache' from command line to 'False'
[1.839s] Level 5:colcon.colcon_core.verb:set package 'racoonbot_pkg' build argument 'cmake_clean_first' from command line to 'False'
[1.839s] Level 5:colcon.colcon_core.verb:set package 'racoonbot_pkg' build argument 'cmake_force_configure' from command line to 'False'
[1.839s] Level 5:colcon.colcon_core.verb:set package 'racoonbot_pkg' build argument 'ament_cmake_args' from command line to 'None'
[1.839s] Level 5:colcon.colcon_core.verb:set package 'racoonbot_pkg' build argument 'catkin_cmake_args' from command line to 'None'
[1.839s] Level 5:colcon.colcon_core.verb:set package 'racoonbot_pkg' build argument 'catkin_skip_building_tests' from command line to 'False'
[1.839s] DEBUG:colcon.colcon_core.verb:Building package 'racoonbot_pkg' with the following arguments: {'ament_cmake_args': None, 'build_base': '/home/lisior/Workspaces/racoonbot_ws/build/racoonbot_pkg', 'catkin_cmake_args': None, 'catkin_skip_building_tests': False, 'cmake_args': None, 'cmake_clean_cache': False, 'cmake_clean_first': False, 'cmake_force_configure': False, 'cmake_target': None, 'cmake_target_skip_unavailable': False, 'install_base': '/home/lisior/Workspaces/racoonbot_ws/install/racoonbot_pkg', 'merge_install': False, 'path': '/home/lisior/Workspaces/racoonbot_ws/src/racoonbot_pkg', 'symlink_install': True, 'test_result_base': None}
[1.861s] INFO:colcon.colcon_core.executor:Executing jobs using 'parallel' executor
[1.884s] DEBUG:colcon.colcon_parallel_executor.executor.parallel:run_until_complete
[1.885s] INFO:colcon.colcon_ros.task.ament_cmake.build:Building ROS package in '/home/lisior/Workspaces/racoonbot_ws/src/racoonbot_pkg' with build type 'ament_cmake'
[1.885s] INFO:colcon.colcon_cmake.task.cmake.build:Building CMake package in '/home/lisior/Workspaces/racoonbot_ws/src/racoonbot_pkg'
[1.919s] INFO:colcon.colcon_core.plugin_system:Skipping extension 'colcon_core.shell.bat': Not used on non-Windows systems
[1.919s] INFO:colcon.colcon_core.shell:Skip shell extension 'powershell' for command environment: Not usable outside of PowerShell
[1.919s] DEBUG:colcon.colcon_core.shell:Skip shell extension 'dsv' for command environment
[2.012s] DEBUG:colcon.colcon_core.event_handler.log_command:Invoking command in '/home/lisior/Workspaces/racoonbot_ws/build/racoonbot_pkg': /usr/bin/cmake --build /home/lisior/Workspaces/racoonbot_ws/build/racoonbot_pkg -- -j2 -l2
[11.138s] DEBUG:colcon.colcon_core.event_handler.log_command:Invoked command in '/home/lisior/Workspaces/racoonbot_ws/build/racoonbot_pkg' returned '0': /usr/bin/cmake --build /home/lisior/Workspaces/racoonbot_ws/build/racoonbot_pkg -- -j2 -l2
[11.331s] DEBUG:colcon.colcon_core.event_handler.log_command:Invoking command in '/home/lisior/Workspaces/racoonbot_ws/build/racoonbot_pkg': /usr/bin/cmake --install /home/lisior/Workspaces/racoonbot_ws/build/racoonbot_pkg
[11.440s] Level 1:colcon.colcon_core.environment:create_environment_scripts_only(racoonbot_pkg)
[11.443s] DEBUG:colcon.colcon_core.event_handler.log_command:Invoked command in '/home/lisior/Workspaces/racoonbot_ws/build/racoonbot_pkg' returned '0': /usr/bin/cmake --install /home/lisior/Workspaces/racoonbot_ws/build/racoonbot_pkg
[11.470s] Level 1:colcon.colcon_core.environment:checking '/home/lisior/Workspaces/racoonbot_ws/install/racoonbot_pkg' for CMake module files
[11.472s] Level 1:colcon.colcon_core.environment:checking '/home/lisior/Workspaces/racoonbot_ws/install/racoonbot_pkg' for CMake config files
[11.473s] Level 1:colcon.colcon_core.shell:create_environment_hook('racoonbot_pkg', 'cmake_prefix_path')
[11.490s] INFO:colcon.colcon_core.shell:Creating environment hook '/home/lisior/Workspaces/racoonbot_ws/install/racoonbot_pkg/share/racoonbot_pkg/hook/cmake_prefix_path.ps1'
[11.493s] INFO:colcon.colcon_core.shell:Creating environment descriptor '/home/lisior/Workspaces/racoonbot_ws/install/racoonbot_pkg/share/racoonbot_pkg/hook/cmake_prefix_path.dsv'
[11.497s] INFO:colcon.colcon_core.shell:Creating environment hook '/home/lisior/Workspaces/racoonbot_ws/install/racoonbot_pkg/share/racoonbot_pkg/hook/cmake_prefix_path.sh'
[11.500s] Level 1:colcon.colcon_core.environment:checking '/home/lisior/Workspaces/racoonbot_ws/install/racoonbot_pkg/lib'
[11.501s] Level 1:colcon.colcon_core.shell:create_environment_hook('racoonbot_pkg', 'ld_library_path_lib')
[11.517s] INFO:colcon.colcon_core.shell:Creating environment hook '/home/lisior/Workspaces/racoonbot_ws/install/racoonbot_pkg/share/racoonbot_pkg/hook/ld_library_path_lib.ps1'
[11.519s] INFO:colcon.colcon_core.shell:Creating environment descriptor '/home/lisior/Workspaces/racoonbot_ws/install/racoonbot_pkg/share/racoonbot_pkg/hook/ld_library_path_lib.dsv'
[11.520s] INFO:colcon.colcon_core.shell:Creating environment hook '/home/lisior/Workspaces/racoonbot_ws/install/racoonbot_pkg/share/racoonbot_pkg/hook/ld_library_path_lib.sh'
[11.520s] Level 1:colcon.colcon_core.environment:checking '/home/lisior/Workspaces/racoonbot_ws/install/racoonbot_pkg/bin'
[11.521s] Level 1:colcon.colcon_core.environment:checking '/home/lisior/Workspaces/racoonbot_ws/install/racoonbot_pkg/lib/pkgconfig/racoonbot_pkg.pc'
[11.526s] Level 1:colcon.colcon_core.environment:checking '/home/lisior/Workspaces/racoonbot_ws/install/racoonbot_pkg/lib/python3.10/site-packages'
[11.526s] Level 1:colcon.colcon_core.environment:checking '/home/lisior/Workspaces/racoonbot_ws/install/racoonbot_pkg/bin'
[11.544s] INFO:colcon.colcon_core.shell:Creating package script '/home/lisior/Workspaces/racoonbot_ws/install/racoonbot_pkg/share/racoonbot_pkg/package.ps1'
[11.546s] INFO:colcon.colcon_core.shell:Creating package descriptor '/home/lisior/Workspaces/racoonbot_ws/install/racoonbot_pkg/share/racoonbot_pkg/package.dsv'
[11.548s] INFO:colcon.colcon_core.shell:Creating package script '/home/lisior/Workspaces/racoonbot_ws/install/racoonbot_pkg/share/racoonbot_pkg/package.sh'
[11.552s] INFO:colcon.colcon_core.shell:Creating package script '/home/lisior/Workspaces/racoonbot_ws/install/racoonbot_pkg/share/racoonbot_pkg/package.bash'
[11.554s] INFO:colcon.colcon_core.shell:Creating package script '/home/lisior/Workspaces/racoonbot_ws/install/racoonbot_pkg/share/racoonbot_pkg/package.zsh'
[11.559s] Level 1:colcon.colcon_core.environment:create_file_with_runtime_dependencies(/home/lisior/Workspaces/racoonbot_ws/install/racoonbot_pkg/share/colcon-core/packages/racoonbot_pkg)
[11.742s] Level 1:colcon.colcon_core.environment:create_environment_scripts_only(racoonbot_pkg)
[11.760s] Level 1:colcon.colcon_core.environment:checking '/home/lisior/Workspaces/racoonbot_ws/install/racoonbot_pkg' for CMake module files
[11.762s] Level 1:colcon.colcon_core.environment:checking '/home/lisior/Workspaces/racoonbot_ws/install/racoonbot_pkg' for CMake config files
[11.765s] Level 1:colcon.colcon_core.shell:create_environment_hook('racoonbot_pkg', 'cmake_prefix_path')
[11.785s] INFO:colcon.colcon_core.shell:Creating environment hook '/home/lisior/Workspaces/racoonbot_ws/install/racoonbot_pkg/share/racoonbot_pkg/hook/cmake_prefix_path.ps1'
[11.787s] INFO:colcon.colcon_core.shell:Creating environment descriptor '/home/lisior/Workspaces/racoonbot_ws/install/racoonbot_pkg/share/racoonbot_pkg/hook/cmake_prefix_path.dsv'
[11.789s] INFO:colcon.colcon_core.shell:Creating environment hook '/home/lisior/Workspaces/racoonbot_ws/install/racoonbot_pkg/share/racoonbot_pkg/hook/cmake_prefix_path.sh'
[11.791s] Level 1:colcon.colcon_core.environment:checking '/home/lisior/Workspaces/racoonbot_ws/install/racoonbot_pkg/lib'
[11.791s] Level 1:colcon.colcon_core.shell:create_environment_hook('racoonbot_pkg', 'ld_library_path_lib')
[11.812s] INFO:colcon.colcon_core.shell:Creating environment hook '/home/lisior/Workspaces/racoonbot_ws/install/racoonbot_pkg/share/racoonbot_pkg/hook/ld_library_path_lib.ps1'
[11.814s] INFO:colcon.colcon_core.shell:Creating environment descriptor '/home/lisior/Workspaces/racoonbot_ws/install/racoonbot_pkg/share/racoonbot_pkg/hook/ld_library_path_lib.dsv'
[11.816s] INFO:colcon.colcon_core.shell:Creating environment hook '/home/lisior/Workspaces/racoonbot_ws/install/racoonbot_pkg/share/racoonbot_pkg/hook/ld_library_path_lib.sh'
[11.819s] Level 1:colcon.colcon_core.environment:checking '/home/lisior/Workspaces/racoonbot_ws/install/racoonbot_pkg/bin'
[11.819s] Level 1:colcon.colcon_core.environment:checking '/home/lisior/Workspaces/racoonbot_ws/install/racoonbot_pkg/lib/pkgconfig/racoonbot_pkg.pc'
[11.820s] Level 1:colcon.colcon_core.environment:checking '/home/lisior/Workspaces/racoonbot_ws/install/racoonbot_pkg/lib/python3.10/site-packages'
[11.821s] Level 1:colcon.colcon_core.environment:checking '/home/lisior/Workspaces/racoonbot_ws/install/racoonbot_pkg/bin'
[11.835s] INFO:colcon.colcon_core.shell:Creating package script '/home/lisior/Workspaces/racoonbot_ws/install/racoonbot_pkg/share/racoonbot_pkg/package.ps1'
[11.837s] INFO:colcon.colcon_core.shell:Creating package descriptor '/home/lisior/Workspaces/racoonbot_ws/install/racoonbot_pkg/share/racoonbot_pkg/package.dsv'
[11.839s] INFO:colcon.colcon_core.shell:Creating package script '/home/lisior/Workspaces/racoonbot_ws/install/racoonbot_pkg/share/racoonbot_pkg/package.sh'
[11.841s] INFO:colcon.colcon_core.shell:Creating package script '/home/lisior/Workspaces/racoonbot_ws/install/racoonbot_pkg/share/racoonbot_pkg/package.bash'
[11.843s] INFO:colcon.colcon_core.shell:Creating package script '/home/lisior/Workspaces/racoonbot_ws/install/racoonbot_pkg/share/racoonbot_pkg/package.zsh'
[11.845s] Level 1:colcon.colcon_core.environment:create_file_with_runtime_dependencies(/home/lisior/Workspaces/racoonbot_ws/install/racoonbot_pkg/share/colcon-core/packages/racoonbot_pkg)
[11.846s] DEBUG:colcon.colcon_parallel_executor.executor.parallel:closing loop
[11.848s] DEBUG:colcon.colcon_parallel_executor.executor.parallel:loop closed
[11.848s] DEBUG:colcon.colcon_parallel_executor.executor.parallel:run_until_complete finished with '0'
[11.849s] DEBUG:colcon.colcon_core.event_reactor:joining thread
[11.881s] INFO:colcon.colcon_core.plugin_system:Skipping extension 'colcon_notification.desktop_notification.terminal_notifier': Not used on non-Darwin systems
[11.882s] INFO:colcon.colcon_core.plugin_system:Skipping extension 'colcon_notification.desktop_notification.win32': Not used on non-Windows systems
[11.882s] INFO:colcon.colcon_notification.desktop_notification:Sending desktop notification using 'notify2'
[11.889s] DEBUG:colcon.colcon_notification.desktop_notification.notify2:Failed to initialize notify2: org.freedesktop.DBus.Error.Spawn.ExecFailed: /usr/bin/dbus-launch terminated abnormally without any error message
[11.891s] DEBUG:colcon.colcon_core.event_reactor:joined thread
[11.920s] INFO:colcon.colcon_core.shell:Creating prefix script '/home/lisior/Workspaces/racoonbot_ws/install/local_setup.ps1'
[11.923s] INFO:colcon.colcon_core.shell:Creating prefix util module '/home/lisior/Workspaces/racoonbot_ws/install/_local_setup_util_ps1.py'
[11.925s] INFO:colcon.colcon_core.shell:Creating prefix chain script '/home/lisior/Workspaces/racoonbot_ws/install/setup.ps1'
[11.943s] INFO:colcon.colcon_core.shell:Creating prefix script '/home/lisior/Workspaces/racoonbot_ws/install/local_setup.sh'
[11.944s] INFO:colcon.colcon_core.shell:Creating prefix util module '/home/lisior/Workspaces/racoonbot_ws/install/_local_setup_util_sh.py'
[11.946s] INFO:colcon.colcon_core.shell:Creating prefix chain script '/home/lisior/Workspaces/racoonbot_ws/install/setup.sh'
[11.969s] INFO:colcon.colcon_core.shell:Creating prefix script '/home/lisior/Workspaces/racoonbot_ws/install/local_setup.bash'
[11.970s] INFO:colcon.colcon_core.shell:Creating prefix chain script '/home/lisior/Workspaces/racoonbot_ws/install/setup.bash'
[11.989s] INFO:colcon.colcon_core.shell:Creating prefix script '/home/lisior/Workspaces/racoonbot_ws/install/local_setup.zsh'
[11.991s] INFO:colcon.colcon_core.shell:Creating prefix chain script '/home/lisior/Workspaces/racoonbot_ws/install/setup.zsh'
