[0.055s] Invoking command in '/home/pawel/Workspaces/racoonbot/build/racoonbot_pkg': CMAKE_PREFIX_PATH=${CMAKE_PREFIX_PATH}:/opt/ros/humble /usr/bin/cmake --build /home/pawel/Workspaces/racoonbot/build/racoonbot_pkg -- -j4 -l4
[0.169s] -- Found ament_cmake: 1.3.8 (/opt/ros/humble/share/ament_cmake/cmake)
[0.708s] -- Override CMake install command with custom implementation using symlinks instead of copying resources
[0.741s] -- Found hardware_interface: 2.40.0 (/opt/ros/humble/share/hardware_interface/cmake)
[0.906s] -- Found rosidl_generator_c: 3.1.5 (/opt/ros/humble/share/rosidl_generator_c/cmake)
[0.917s] -- Found rosidl_adapter: 3.1.5 (/opt/ros/humble/share/rosidl_adapter/cmake)
[0.941s] -- Found rosidl_generator_cpp: 3.1.5 (/opt/ros/humble/share/rosidl_generator_cpp/cmake)
[0.984s] -- Using all available rosidl_typesupport_c: rosidl_typesupport_fastrtps_c;rosidl_typesupport_introspection_c
[1.047s] -- Using all available rosidl_typesupport_cpp: rosidl_typesupport_fastrtps_cpp;rosidl_typesupport_introspection_cpp
[3.510s] -- Found rmw_implementation_cmake: 6.1.1 (/opt/ros/humble/share/rmw_implementation_cmake/cmake)
[3.516s] -- Found rmw_fastrtps_cpp: 6.2.6 (/opt/ros/humble/share/rmw_fastrtps_cpp/cmake)
[3.641s] -- Found TinyXML2 via Config file: TinyXML2_DIR-NOTFOUND
[3.677s] -- Found TinyXML2 via Config file: TinyXML2_DIR-NOTFOUND
[3.783s] -- Found TinyXML2 via Config file: TinyXML2_DIR-NOTFOUND
[3.815s] -- Found TinyXML2 via Config file: TinyXML2_DIR-NOTFOUND
[3.854s] -- Using RMW implementation 'rmw_fastrtps_cpp' as default
[4.955s] -- Configuring done
[5.110s] -- Generating done
[5.118s] -- Build files have been written to: /home/pawel/Workspaces/racoonbot/build/racoonbot_pkg
[5.242s] [35m[1mConsolidate compiler generated dependencies of target racoonbot_pkg[0m
[5.343s] [100%] Built target racoonbot_pkg
[5.388s] Invoked command in '/home/pawel/Workspaces/racoonbot/build/racoonbot_pkg' returned '0': CMAKE_PREFIX_PATH=${CMAKE_PREFIX_PATH}:/opt/ros/humble /usr/bin/cmake --build /home/pawel/Workspaces/racoonbot/build/racoonbot_pkg -- -j4 -l4
[5.569s] Invoking command in '/home/pawel/Workspaces/racoonbot/build/racoonbot_pkg': CMAKE_PREFIX_PATH=${CMAKE_PREFIX_PATH}:/opt/ros/humble /usr/bin/cmake --install /home/pawel/Workspaces/racoonbot/build/racoonbot_pkg
[5.598s] -- Install configuration: ""
[5.600s] -- Execute custom install script
[5.602s] -- Up-to-date symlink: /home/pawel/Workspaces/racoonbot/install/racoonbot_pkg/share/racoonbot_pkg//racoonbot_pkg.xml
[5.604s] -- Up-to-date symlink: /home/pawel/Workspaces/racoonbot/install/racoonbot_pkg/include/racoonbot_pkg/racoonbot_pkg/racoonbot_control.hpp
[5.604s] -- Up-to-date symlink: /home/pawel/Workspaces/racoonbot/install/racoonbot_pkg/include/racoonbot_pkg/racoonbot_pkg/racoonbot_system.hpp
[5.605s] -- Up-to-date symlink: /home/pawel/Workspaces/racoonbot/install/racoonbot_pkg/include/racoonbot_pkg/racoonbot_pkg/visibility_control.h
[5.606s] -- Up-to-date symlink: /home/pawel/Workspaces/racoonbot/install/racoonbot_pkg/include/racoonbot_pkg/racoonbot_pkg/wheel.hpp
[5.608s] -- Up-to-date symlink: /home/pawel/Workspaces/racoonbot/install/racoonbot_pkg/share/racoonbot_pkg/ros2_control/racoonbot.ros2_control.xacro
[5.609s] -- Up-to-date symlink: /home/pawel/Workspaces/racoonbot/install/racoonbot_pkg/share/racoonbot_pkg/urdf/racoonbot.materials.xacro
[5.610s] -- Up-to-date symlink: /home/pawel/Workspaces/racoonbot/install/racoonbot_pkg/share/racoonbot_pkg/urdf/racoonbot.urdf.xacro
[5.611s] -- Up-to-date symlink: /home/pawel/Workspaces/racoonbot/install/racoonbot_pkg/share/racoonbot_pkg/urdf/racoonbot_description.urdf.xacro
[5.612s] -- Up-to-date symlink: /home/pawel/Workspaces/racoonbot/install/racoonbot_pkg/share/racoonbot_pkg/urdf/racoonbot_description_3.urdf.xacro
[5.613s] -- Up-to-date symlink: /home/pawel/Workspaces/racoonbot/install/racoonbot_pkg/share/racoonbot_pkg/rviz/racoonbot copy.rviz
[5.614s] -- Up-to-date symlink: /home/pawel/Workspaces/racoonbot/install/racoonbot_pkg/share/racoonbot_pkg/rviz/racoonbot.rviz
[5.615s] -- Up-to-date symlink: /home/pawel/Workspaces/racoonbot/install/racoonbot_pkg/share/racoonbot_pkg/rviz/racoonbot_view copy.rviz
[5.616s] -- Up-to-date symlink: /home/pawel/Workspaces/racoonbot/install/racoonbot_pkg/share/racoonbot_pkg/rviz/racoonbot_view.rviz
[5.617s] -- Up-to-date symlink: /home/pawel/Workspaces/racoonbot/install/racoonbot_pkg/share/racoonbot_pkg/meshes/base_link.dae
[5.618s] -- Up-to-date symlink: /home/pawel/Workspaces/racoonbot/install/racoonbot_pkg/share/racoonbot_pkg/meshes/caster_link.dae
[5.619s] -- Up-to-date symlink: /home/pawel/Workspaces/racoonbot/install/racoonbot_pkg/share/racoonbot_pkg/meshes/motor_link.dae
[5.620s] -- Up-to-date symlink: /home/pawel/Workspaces/racoonbot/install/racoonbot_pkg/share/racoonbot_pkg/meshes/scan_link.dae
[5.620s] -- Up-to-date symlink: /home/pawel/Workspaces/racoonbot/install/racoonbot_pkg/share/racoonbot_pkg/meshes/wheel_link.dae
[5.622s] -- Up-to-date symlink: /home/pawel/Workspaces/racoonbot/install/racoonbot_pkg/share/racoonbot_pkg/launch/racoonbot.launch.py
[5.624s] -- Up-to-date symlink: /home/pawel/Workspaces/racoonbot/install/racoonbot_pkg/share/racoonbot_pkg/config/racoonbot_controllers.yaml
[5.625s] -- Up-to-date symlink: /home/pawel/Workspaces/racoonbot/install/racoonbot_pkg/share/racoonbot_pkg/environment/library_path.sh
[5.626s] -- Up-to-date symlink: /home/pawel/Workspaces/racoonbot/install/racoonbot_pkg/share/racoonbot_pkg/environment/library_path.dsv
[5.627s] -- Up-to-date symlink: /home/pawel/Workspaces/racoonbot/install/racoonbot_pkg/share/ament_index/resource_index/package_run_dependencies/racoonbot_pkg
[5.628s] -- Up-to-date symlink: /home/pawel/Workspaces/racoonbot/install/racoonbot_pkg/share/ament_index/resource_index/parent_prefix_path/racoonbot_pkg
[5.629s] -- Up-to-date symlink: /home/pawel/Workspaces/racoonbot/install/racoonbot_pkg/share/racoonbot_pkg/environment/ament_prefix_path.sh
[5.630s] -- Up-to-date symlink: /home/pawel/Workspaces/racoonbot/install/racoonbot_pkg/share/racoonbot_pkg/environment/ament_prefix_path.dsv
[5.631s] -- Up-to-date symlink: /home/pawel/Workspaces/racoonbot/install/racoonbot_pkg/share/racoonbot_pkg/environment/path.sh
[5.632s] -- Up-to-date symlink: /home/pawel/Workspaces/racoonbot/install/racoonbot_pkg/share/racoonbot_pkg/environment/path.dsv
[5.633s] -- Up-to-date symlink: /home/pawel/Workspaces/racoonbot/install/racoonbot_pkg/share/racoonbot_pkg/local_setup.bash
[5.634s] -- Up-to-date symlink: /home/pawel/Workspaces/racoonbot/install/racoonbot_pkg/share/racoonbot_pkg/local_setup.sh
[5.635s] -- Up-to-date symlink: /home/pawel/Workspaces/racoonbot/install/racoonbot_pkg/share/racoonbot_pkg/local_setup.zsh
[5.636s] -- Up-to-date symlink: /home/pawel/Workspaces/racoonbot/install/racoonbot_pkg/share/racoonbot_pkg/local_setup.dsv
[5.636s] -- Symlinking: /home/pawel/Workspaces/racoonbot/install/racoonbot_pkg/share/racoonbot_pkg/package.dsv
[5.673s] -- Up-to-date symlink: /home/pawel/Workspaces/racoonbot/install/racoonbot_pkg/share/ament_index/resource_index/packages/racoonbot_pkg
[5.674s] -- Up-to-date symlink: /home/pawel/Workspaces/racoonbot/install/racoonbot_pkg/share/ament_index/resource_index/hardware_interface__pluginlib__plugin/racoonbot_pkg
[5.676s] -- Up-to-date symlink: /home/pawel/Workspaces/racoonbot/install/racoonbot_pkg/share/racoonbot_pkg/cmake/ament_cmake_export_targets-extras.cmake
[5.677s] -- Up-to-date symlink: /home/pawel/Workspaces/racoonbot/install/racoonbot_pkg/share/racoonbot_pkg/cmake/ament_cmake_export_dependencies-extras.cmake
[5.678s] -- Up-to-date symlink: /home/pawel/Workspaces/racoonbot/install/racoonbot_pkg/share/racoonbot_pkg/cmake/racoonbot_pkgConfig.cmake
[5.679s] -- Up-to-date symlink: /home/pawel/Workspaces/racoonbot/install/racoonbot_pkg/share/racoonbot_pkg/cmake/racoonbot_pkgConfig-version.cmake
[5.680s] -- Up-to-date symlink: /home/pawel/Workspaces/racoonbot/install/racoonbot_pkg/share/racoonbot_pkg/package.xml
[5.681s] -- Up-to-date: /home/pawel/Workspaces/racoonbot/install/racoonbot_pkg/lib/libracoonbot_pkg.so
[5.683s] -- Up-to-date: /home/pawel/Workspaces/racoonbot/install/racoonbot_pkg/share/racoonbot_pkg/cmake/export_racoonbot_pkgExport.cmake
[5.684s] -- Up-to-date: /home/pawel/Workspaces/racoonbot/install/racoonbot_pkg/share/racoonbot_pkg/cmake/export_racoonbot_pkgExport-noconfig.cmake
[5.690s] Invoked command in '/home/pawel/Workspaces/racoonbot/build/racoonbot_pkg' returned '0': CMAKE_PREFIX_PATH=${CMAKE_PREFIX_PATH}:/opt/ros/humble /usr/bin/cmake --install /home/pawel/Workspaces/racoonbot/build/racoonbot_pkg
