[0.125s] DEBUG:colcon:Command line arguments: ['/usr/bin/colcon', 'build', '--symlink-install']
[0.126s] DEBUG:colcon:Parsed command line arguments: Namespace(log_base=None, log_level=None, verb_name='build', build_base='build', install_base='install', merge_install=False, symlink_install=True, test_result_base=None, continue_on_error=False, executor='parallel', parallel_workers=2, event_handlers=None, ignore_user_meta=False, metas=['./colcon.meta'], base_paths=['.'], packages_ignore=None, packages_ignore_regex=None, paths=None, packages_up_to=None, packages_up_to_regex=None, packages_above=None, packages_above_and_dependencies=None, packages_above_depth=None, packages_select_by_dep=None, packages_skip_by_dep=None, packages_skip_up_to=None, packages_select_build_failed=False, packages_skip_build_finished=False, packages_select_test_failures=False, packages_skip_test_passed=False, packages_select=None, packages_skip=None, packages_select_regex=None, packages_skip_regex=None, packages_start=None, packages_end=None, allow_overriding=[], cmake_args=None, cmake_target=None, cmake_target_skip_unavailable=False, cmake_clean_cache=False, cmake_clean_first=False, cmake_force_configure=False, ament_cmake_args=None, catkin_cmake_args=None, catkin_skip_building_tests=False, verb_parser=<colcon_defaults.argument_parser.defaults.DefaultArgumentsDecorator object at 0x71bf64ea2e60>, verb_extension=<colcon_core.verb.build.BuildVerb object at 0x71bf64ea29e0>, main=<bound method BuildVerb.main of <colcon_core.verb.build.BuildVerb object at 0x71bf64ea29e0>>)
[0.283s] Level 1:colcon.colcon_core.package_discovery:discover_packages(colcon_meta) check parameters
[0.284s] Level 1:colcon.colcon_core.package_discovery:discover_packages(recursive) check parameters
[0.284s] Level 1:colcon.colcon_core.package_discovery:discover_packages(ignore) check parameters
[0.284s] Level 1:colcon.colcon_core.package_discovery:discover_packages(path) check parameters
[0.284s] Level 1:colcon.colcon_core.package_discovery:discover_packages(colcon_meta) discover
[0.284s] Level 1:colcon.colcon_core.package_discovery:discover_packages(recursive) discover
[0.284s] INFO:colcon.colcon_core.package_discovery:Crawling recursively for packages in '/home/lisior/Workspaces/racoonbot_ws'
[0.284s] Level 1:colcon.colcon_core.package_identification:_identify(.) by extensions ['ignore', 'ignore_ament_install']
[0.284s] Level 1:colcon.colcon_core.package_identification:_identify(.) by extension 'ignore'
[0.284s] Level 1:colcon.colcon_core.package_identification:_identify(.) by extension 'ignore_ament_install'
[0.285s] Level 1:colcon.colcon_core.package_identification:_identify(.) by extensions ['colcon_pkg']
[0.285s] Level 1:colcon.colcon_core.package_identification:_identify(.) by extension 'colcon_pkg'
[0.285s] Level 1:colcon.colcon_core.package_identification:_identify(.) by extensions ['colcon_meta']
[0.285s] Level 1:colcon.colcon_core.package_identification:_identify(.) by extension 'colcon_meta'
[0.285s] Level 1:colcon.colcon_core.package_identification:_identify(.) by extensions ['ros']
[0.285s] Level 1:colcon.colcon_core.package_identification:_identify(.) by extension 'ros'
[0.298s] Level 1:colcon.colcon_core.package_identification:_identify(.) by extensions ['cmake', 'python']
[0.298s] Level 1:colcon.colcon_core.package_identification:_identify(.) by extension 'cmake'
[0.298s] Level 1:colcon.colcon_core.package_identification:_identify(.) by extension 'python'
[0.298s] Level 1:colcon.colcon_core.package_identification:_identify(.) by extensions ['python_setup_py']
[0.298s] Level 1:colcon.colcon_core.package_identification:_identify(.) by extension 'python_setup_py'
[0.299s] Level 1:colcon.colcon_core.package_identification:_identify(build) by extensions ['ignore', 'ignore_ament_install']
[0.299s] Level 1:colcon.colcon_core.package_identification:_identify(build) by extension 'ignore'
[0.299s] Level 1:colcon.colcon_core.package_identification:_identify(build) ignored
[0.299s] Level 1:colcon.colcon_core.package_identification:_identify(install) by extensions ['ignore', 'ignore_ament_install']
[0.299s] Level 1:colcon.colcon_core.package_identification:_identify(install) by extension 'ignore'
[0.299s] Level 1:colcon.colcon_core.package_identification:_identify(install) ignored
[0.300s] Level 1:colcon.colcon_core.package_identification:_identify(log) by extensions ['ignore', 'ignore_ament_install']
[0.300s] Level 1:colcon.colcon_core.package_identification:_identify(log) by extension 'ignore'
[0.300s] Level 1:colcon.colcon_core.package_identification:_identify(log) ignored
[0.300s] Level 1:colcon.colcon_core.package_identification:_identify(src) by extensions ['ignore', 'ignore_ament_install']
[0.300s] Level 1:colcon.colcon_core.package_identification:_identify(src) by extension 'ignore'
[0.300s] Level 1:colcon.colcon_core.package_identification:_identify(src) by extension 'ignore_ament_install'
[0.300s] Level 1:colcon.colcon_core.package_identification:_identify(src) by extensions ['colcon_pkg']
[0.301s] Level 1:colcon.colcon_core.package_identification:_identify(src) by extension 'colcon_pkg'
[0.301s] Level 1:colcon.colcon_core.package_identification:_identify(src) by extensions ['colcon_meta']
[0.301s] Level 1:colcon.colcon_core.package_identification:_identify(src) by extension 'colcon_meta'
[0.301s] Level 1:colcon.colcon_core.package_identification:_identify(src) by extensions ['ros']
[0.301s] Level 1:colcon.colcon_core.package_identification:_identify(src) by extension 'ros'
[0.301s] Level 1:colcon.colcon_core.package_identification:_identify(src) by extensions ['cmake', 'python']
[0.301s] Level 1:colcon.colcon_core.package_identification:_identify(src) by extension 'cmake'
[0.301s] Level 1:colcon.colcon_core.package_identification:_identify(src) by extension 'python'
[0.301s] Level 1:colcon.colcon_core.package_identification:_identify(src) by extensions ['python_setup_py']
[0.301s] Level 1:colcon.colcon_core.package_identification:_identify(src) by extension 'python_setup_py'
[0.301s] Level 1:colcon.colcon_core.package_identification:_identify(src/racoonbot_pkg) by extensions ['ignore', 'ignore_ament_install']
[0.302s] Level 1:colcon.colcon_core.package_identification:_identify(src/racoonbot_pkg) by extension 'ignore'
[0.302s] Level 1:colcon.colcon_core.package_identification:_identify(src/racoonbot_pkg) by extension 'ignore_ament_install'
[0.302s] Level 1:colcon.colcon_core.package_identification:_identify(src/racoonbot_pkg) by extensions ['colcon_pkg']
[0.302s] Level 1:colcon.colcon_core.package_identification:_identify(src/racoonbot_pkg) by extension 'colcon_pkg'
[0.302s] Level 1:colcon.colcon_core.package_identification:_identify(src/racoonbot_pkg) by extensions ['colcon_meta']
[0.302s] Level 1:colcon.colcon_core.package_identification:_identify(src/racoonbot_pkg) by extension 'colcon_meta'
[0.302s] Level 1:colcon.colcon_core.package_identification:_identify(src/racoonbot_pkg) by extensions ['ros']
[0.302s] Level 1:colcon.colcon_core.package_identification:_identify(src/racoonbot_pkg) by extension 'ros'
[0.305s] DEBUG:colcon.colcon_core.package_identification:Package 'src/racoonbot_pkg' with type 'ros.ament_cmake' and name 'racoonbot_pkg'
[0.305s] Level 1:colcon.colcon_core.package_discovery:discover_packages(recursive) using defaults
[0.305s] Level 1:colcon.colcon_core.package_discovery:discover_packages(ignore) discover
[0.305s] Level 1:colcon.colcon_core.package_discovery:discover_packages(ignore) using defaults
[0.306s] Level 1:colcon.colcon_core.package_discovery:discover_packages(path) discover
[0.306s] Level 1:colcon.colcon_core.package_discovery:discover_packages(path) using defaults
[0.328s] Level 1:colcon.colcon_core.package_discovery:discover_packages(prefix_path) check parameters
[0.328s] Level 1:colcon.colcon_core.package_discovery:discover_packages(prefix_path) discover
[0.329s] Level 1:colcon.colcon_core.package_discovery:discover_packages(prefix_path) using defaults
[0.331s] Level 5:colcon.colcon_core.verb:set package 'racoonbot_pkg' build argument 'cmake_args' from command line to 'None'
[0.331s] Level 5:colcon.colcon_core.verb:set package 'racoonbot_pkg' build argument 'cmake_target' from command line to 'None'
[0.331s] Level 5:colcon.colcon_core.verb:set package 'racoonbot_pkg' build argument 'cmake_target_skip_unavailable' from command line to 'False'
[0.331s] Level 5:colcon.colcon_core.verb:set package 'racoonbot_pkg' build argument 'cmake_clean_cache' from command line to 'False'
[0.331s] Level 5:colcon.colcon_core.verb:set package 'racoonbot_pkg' build argument 'cmake_clean_first' from command line to 'False'
[0.331s] Level 5:colcon.colcon_core.verb:set package 'racoonbot_pkg' build argument 'cmake_force_configure' from command line to 'False'
[0.331s] Level 5:colcon.colcon_core.verb:set package 'racoonbot_pkg' build argument 'ament_cmake_args' from command line to 'None'
[0.331s] Level 5:colcon.colcon_core.verb:set package 'racoonbot_pkg' build argument 'catkin_cmake_args' from command line to 'None'
[0.331s] Level 5:colcon.colcon_core.verb:set package 'racoonbot_pkg' build argument 'catkin_skip_building_tests' from command line to 'False'
[0.331s] DEBUG:colcon.colcon_core.verb:Building package 'racoonbot_pkg' with the following arguments: {'ament_cmake_args': None, 'build_base': '/home/lisior/Workspaces/racoonbot_ws/build/racoonbot_pkg', 'catkin_cmake_args': None, 'catkin_skip_building_tests': False, 'cmake_args': None, 'cmake_clean_cache': False, 'cmake_clean_first': False, 'cmake_force_configure': False, 'cmake_target': None, 'cmake_target_skip_unavailable': False, 'install_base': '/home/lisior/Workspaces/racoonbot_ws/install/racoonbot_pkg', 'merge_install': False, 'path': '/home/lisior/Workspaces/racoonbot_ws/src/racoonbot_pkg', 'symlink_install': True, 'test_result_base': None}
[0.331s] INFO:colcon.colcon_core.executor:Executing jobs using 'parallel' executor
[0.333s] DEBUG:colcon.colcon_parallel_executor.executor.parallel:run_until_complete
[0.334s] INFO:colcon.colcon_ros.task.ament_cmake.build:Building ROS package in '/home/lisior/Workspaces/racoonbot_ws/src/racoonbot_pkg' with build type 'ament_cmake'
[0.334s] INFO:colcon.colcon_cmake.task.cmake.build:Building CMake package in '/home/lisior/Workspaces/racoonbot_ws/src/racoonbot_pkg'
[0.338s] INFO:colcon.colcon_core.plugin_system:Skipping extension 'colcon_core.shell.bat': Not used on non-Windows systems
[0.338s] INFO:colcon.colcon_core.shell:Skip shell extension 'powershell' for command environment: Not usable outside of PowerShell
[0.338s] DEBUG:colcon.colcon_core.shell:Skip shell extension 'dsv' for command environment
[0.358s] DEBUG:colcon.colcon_core.event_handler.log_command:Invoking command in '/home/lisior/Workspaces/racoonbot_ws/build/racoonbot_pkg': /usr/bin/cmake --build /home/lisior/Workspaces/racoonbot_ws/build/racoonbot_pkg -- -j2 -l2
[0.525s] DEBUG:colcon.colcon_core.event_handler.log_command:Invoked command in '/home/lisior/Workspaces/racoonbot_ws/build/racoonbot_pkg' returned '0': /usr/bin/cmake --build /home/lisior/Workspaces/racoonbot_ws/build/racoonbot_pkg -- -j2 -l2
[0.618s] DEBUG:colcon.colcon_core.event_handler.log_command:Invoking command in '/home/lisior/Workspaces/racoonbot_ws/build/racoonbot_pkg': /usr/bin/cmake --install /home/lisior/Workspaces/racoonbot_ws/build/racoonbot_pkg
[0.732s] Level 1:colcon.colcon_core.environment:create_environment_scripts_only(racoonbot_pkg)
[0.737s] DEBUG:colcon.colcon_core.event_handler.log_command:Invoked command in '/home/lisior/Workspaces/racoonbot_ws/build/racoonbot_pkg' returned '0': /usr/bin/cmake --install /home/lisior/Workspaces/racoonbot_ws/build/racoonbot_pkg
[0.740s] Level 1:colcon.colcon_core.environment:checking '/home/lisior/Workspaces/racoonbot_ws/install/racoonbot_pkg' for CMake module files
[0.741s] Level 1:colcon.colcon_core.environment:checking '/home/lisior/Workspaces/racoonbot_ws/install/racoonbot_pkg' for CMake config files
[0.743s] Level 1:colcon.colcon_core.shell:create_environment_hook('racoonbot_pkg', 'cmake_prefix_path')
[0.744s] INFO:colcon.colcon_core.shell:Creating environment hook '/home/lisior/Workspaces/racoonbot_ws/install/racoonbot_pkg/share/racoonbot_pkg/hook/cmake_prefix_path.ps1'
[0.745s] INFO:colcon.colcon_core.shell:Creating environment descriptor '/home/lisior/Workspaces/racoonbot_ws/install/racoonbot_pkg/share/racoonbot_pkg/hook/cmake_prefix_path.dsv'
[0.746s] INFO:colcon.colcon_core.shell:Creating environment hook '/home/lisior/Workspaces/racoonbot_ws/install/racoonbot_pkg/share/racoonbot_pkg/hook/cmake_prefix_path.sh'
[0.747s] Level 1:colcon.colcon_core.environment:checking '/home/lisior/Workspaces/racoonbot_ws/install/racoonbot_pkg/lib'
[0.748s] Level 1:colcon.colcon_core.shell:create_environment_hook('racoonbot_pkg', 'ld_library_path_lib')
[0.748s] INFO:colcon.colcon_core.shell:Creating environment hook '/home/lisior/Workspaces/racoonbot_ws/install/racoonbot_pkg/share/racoonbot_pkg/hook/ld_library_path_lib.ps1'
[0.750s] INFO:colcon.colcon_core.shell:Creating environment descriptor '/home/lisior/Workspaces/racoonbot_ws/install/racoonbot_pkg/share/racoonbot_pkg/hook/ld_library_path_lib.dsv'
[0.750s] INFO:colcon.colcon_core.shell:Creating environment hook '/home/lisior/Workspaces/racoonbot_ws/install/racoonbot_pkg/share/racoonbot_pkg/hook/ld_library_path_lib.sh'
[0.752s] Level 1:colcon.colcon_core.environment:checking '/home/lisior/Workspaces/racoonbot_ws/install/racoonbot_pkg/bin'
[0.752s] Level 1:colcon.colcon_core.environment:checking '/home/lisior/Workspaces/racoonbot_ws/install/racoonbot_pkg/lib/pkgconfig/racoonbot_pkg.pc'
[0.756s] Level 1:colcon.colcon_core.environment:checking '/home/lisior/Workspaces/racoonbot_ws/install/racoonbot_pkg/lib/python3.10/site-packages'
[0.757s] Level 1:colcon.colcon_core.environment:checking '/home/lisior/Workspaces/racoonbot_ws/install/racoonbot_pkg/bin'
[0.757s] INFO:colcon.colcon_core.shell:Creating package script '/home/lisior/Workspaces/racoonbot_ws/install/racoonbot_pkg/share/racoonbot_pkg/package.ps1'
[0.759s] INFO:colcon.colcon_core.shell:Creating package descriptor '/home/lisior/Workspaces/racoonbot_ws/install/racoonbot_pkg/share/racoonbot_pkg/package.dsv'
[0.760s] INFO:colcon.colcon_core.shell:Creating package script '/home/lisior/Workspaces/racoonbot_ws/install/racoonbot_pkg/share/racoonbot_pkg/package.sh'
[0.761s] INFO:colcon.colcon_core.shell:Creating package script '/home/lisior/Workspaces/racoonbot_ws/install/racoonbot_pkg/share/racoonbot_pkg/package.bash'
[0.762s] INFO:colcon.colcon_core.shell:Creating package script '/home/lisior/Workspaces/racoonbot_ws/install/racoonbot_pkg/share/racoonbot_pkg/package.zsh'
[0.763s] Level 1:colcon.colcon_core.environment:create_file_with_runtime_dependencies(/home/lisior/Workspaces/racoonbot_ws/install/racoonbot_pkg/share/colcon-core/packages/racoonbot_pkg)
[0.878s] Level 1:colcon.colcon_core.environment:create_environment_scripts_only(racoonbot_pkg)
[0.878s] Level 1:colcon.colcon_core.environment:checking '/home/lisior/Workspaces/racoonbot_ws/install/racoonbot_pkg' for CMake module files
[0.880s] Level 1:colcon.colcon_core.environment:checking '/home/lisior/Workspaces/racoonbot_ws/install/racoonbot_pkg' for CMake config files
[0.881s] Level 1:colcon.colcon_core.shell:create_environment_hook('racoonbot_pkg', 'cmake_prefix_path')
[0.881s] INFO:colcon.colcon_core.shell:Creating environment hook '/home/lisior/Workspaces/racoonbot_ws/install/racoonbot_pkg/share/racoonbot_pkg/hook/cmake_prefix_path.ps1'
[0.882s] INFO:colcon.colcon_core.shell:Creating environment descriptor '/home/lisior/Workspaces/racoonbot_ws/install/racoonbot_pkg/share/racoonbot_pkg/hook/cmake_prefix_path.dsv'
[0.883s] INFO:colcon.colcon_core.shell:Creating environment hook '/home/lisior/Workspaces/racoonbot_ws/install/racoonbot_pkg/share/racoonbot_pkg/hook/cmake_prefix_path.sh'
[0.884s] Level 1:colcon.colcon_core.environment:checking '/home/lisior/Workspaces/racoonbot_ws/install/racoonbot_pkg/lib'
[0.884s] Level 1:colcon.colcon_core.shell:create_environment_hook('racoonbot_pkg', 'ld_library_path_lib')
[0.885s] INFO:colcon.colcon_core.shell:Creating environment hook '/home/lisior/Workspaces/racoonbot_ws/install/racoonbot_pkg/share/racoonbot_pkg/hook/ld_library_path_lib.ps1'
[0.885s] INFO:colcon.colcon_core.shell:Creating environment descriptor '/home/lisior/Workspaces/racoonbot_ws/install/racoonbot_pkg/share/racoonbot_pkg/hook/ld_library_path_lib.dsv'
[0.886s] INFO:colcon.colcon_core.shell:Creating environment hook '/home/lisior/Workspaces/racoonbot_ws/install/racoonbot_pkg/share/racoonbot_pkg/hook/ld_library_path_lib.sh'
[0.887s] Level 1:colcon.colcon_core.environment:checking '/home/lisior/Workspaces/racoonbot_ws/install/racoonbot_pkg/bin'
[0.887s] Level 1:colcon.colcon_core.environment:checking '/home/lisior/Workspaces/racoonbot_ws/install/racoonbot_pkg/lib/pkgconfig/racoonbot_pkg.pc'
[0.887s] Level 1:colcon.colcon_core.environment:checking '/home/lisior/Workspaces/racoonbot_ws/install/racoonbot_pkg/lib/python3.10/site-packages'
[0.888s] Level 1:colcon.colcon_core.environment:checking '/home/lisior/Workspaces/racoonbot_ws/install/racoonbot_pkg/bin'
[0.888s] INFO:colcon.colcon_core.shell:Creating package script '/home/lisior/Workspaces/racoonbot_ws/install/racoonbot_pkg/share/racoonbot_pkg/package.ps1'
[0.889s] INFO:colcon.colcon_core.shell:Creating package descriptor '/home/lisior/Workspaces/racoonbot_ws/install/racoonbot_pkg/share/racoonbot_pkg/package.dsv'
[0.890s] INFO:colcon.colcon_core.shell:Creating package script '/home/lisior/Workspaces/racoonbot_ws/install/racoonbot_pkg/share/racoonbot_pkg/package.sh'
[0.892s] INFO:colcon.colcon_core.shell:Creating package script '/home/lisior/Workspaces/racoonbot_ws/install/racoonbot_pkg/share/racoonbot_pkg/package.bash'
[0.894s] INFO:colcon.colcon_core.shell:Creating package script '/home/lisior/Workspaces/racoonbot_ws/install/racoonbot_pkg/share/racoonbot_pkg/package.zsh'
[0.895s] Level 1:colcon.colcon_core.environment:create_file_with_runtime_dependencies(/home/lisior/Workspaces/racoonbot_ws/install/racoonbot_pkg/share/colcon-core/packages/racoonbot_pkg)
[0.900s] DEBUG:colcon.colcon_parallel_executor.executor.parallel:closing loop
[0.900s] DEBUG:colcon.colcon_parallel_executor.executor.parallel:loop closed
[0.900s] DEBUG:colcon.colcon_parallel_executor.executor.parallel:run_until_complete finished with '0'
[0.900s] DEBUG:colcon.colcon_core.event_reactor:joining thread
[0.916s] INFO:colcon.colcon_core.plugin_system:Skipping extension 'colcon_notification.desktop_notification.terminal_notifier': Not used on non-Darwin systems
[0.916s] INFO:colcon.colcon_core.plugin_system:Skipping extension 'colcon_notification.desktop_notification.win32': Not used on non-Windows systems
[0.916s] INFO:colcon.colcon_notification.desktop_notification:Sending desktop notification using 'notify2'
[0.922s] DEBUG:colcon.colcon_notification.desktop_notification.notify2:Failed to initialize notify2: org.freedesktop.DBus.Error.Spawn.ExecFailed: /usr/bin/dbus-launch terminated abnormally without any error message
[0.923s] DEBUG:colcon.colcon_core.event_reactor:joined thread
[0.924s] INFO:colcon.colcon_core.shell:Creating prefix script '/home/lisior/Workspaces/racoonbot_ws/install/local_setup.ps1'
[0.927s] INFO:colcon.colcon_core.shell:Creating prefix util module '/home/lisior/Workspaces/racoonbot_ws/install/_local_setup_util_ps1.py'
[0.930s] INFO:colcon.colcon_core.shell:Creating prefix chain script '/home/lisior/Workspaces/racoonbot_ws/install/setup.ps1'
[0.932s] INFO:colcon.colcon_core.shell:Creating prefix script '/home/lisior/Workspaces/racoonbot_ws/install/local_setup.sh'
[0.933s] INFO:colcon.colcon_core.shell:Creating prefix util module '/home/lisior/Workspaces/racoonbot_ws/install/_local_setup_util_sh.py'
[0.934s] INFO:colcon.colcon_core.shell:Creating prefix chain script '/home/lisior/Workspaces/racoonbot_ws/install/setup.sh'
[0.935s] INFO:colcon.colcon_core.shell:Creating prefix script '/home/lisior/Workspaces/racoonbot_ws/install/local_setup.bash'
[0.938s] INFO:colcon.colcon_core.shell:Creating prefix chain script '/home/lisior/Workspaces/racoonbot_ws/install/setup.bash'
[0.939s] INFO:colcon.colcon_core.shell:Creating prefix script '/home/lisior/Workspaces/racoonbot_ws/install/local_setup.zsh'
[0.940s] INFO:colcon.colcon_core.shell:Creating prefix chain script '/home/lisior/Workspaces/racoonbot_ws/install/setup.zsh'
