[100%] Built target racoonbot_pkg
-- Install configuration: ""
-- Execute custom install script
-- Up-to-date symlink: /home/pawel/Workspaces/racoonbot/install/racoonbot_pkg/share/racoonbot_pkg//racoonbot_pkg.xml
-- Up-to-date symlink: /home/pawel/Workspaces/racoonbot/install/racoonbot_pkg/include/racoonbot_pkg/racoonbot_pkg/racoonbot_control.hpp
-- Up-to-date symlink: /home/pawel/Workspaces/racoonbot/install/racoonbot_pkg/include/racoonbot_pkg/racoonbot_pkg/racoonbot_system.hpp
-- Up-to-date symlink: /home/pawel/Workspaces/racoonbot/install/racoonbot_pkg/include/racoonbot_pkg/racoonbot_pkg/visibility_control.h
-- Up-to-date symlink: /home/pawel/Workspaces/racoonbot/install/racoonbot_pkg/include/racoonbot_pkg/racoonbot_pkg/wheel.hpp
-- Up-to-date symlink: /home/pawel/Workspaces/racoonbot/install/racoonbot_pkg/share/racoonbot_pkg/ros2_control/racoonbot.ros2_control.xacro
-- Up-to-date symlink: /home/pawel/Workspaces/racoonbot/install/racoonbot_pkg/share/racoonbot_pkg/urdf/racoonbot.materials.xacro
-- Up-to-date symlink: /home/pawel/Workspaces/racoonbot/install/racoonbot_pkg/share/racoonbot_pkg/urdf/racoonbot.urdf.xacro
-- Up-to-date symlink: /home/pawel/Workspaces/racoonbot/install/racoonbot_pkg/share/racoonbot_pkg/urdf/racoonbot_description.urdf.xacro
-- Up-to-date symlink: /home/pawel/Workspaces/racoonbot/install/racoonbot_pkg/share/racoonbot_pkg/urdf/racoonbot_description_3.urdf.xacro
-- Up-to-date symlink: /home/pawel/Workspaces/racoonbot/install/racoonbot_pkg/share/racoonbot_pkg/rviz/racoonbot copy.rviz
-- Up-to-date symlink: /home/pawel/Workspaces/racoonbot/install/racoonbot_pkg/share/racoonbot_pkg/rviz/racoonbot.rviz
-- Up-to-date symlink: /home/pawel/Workspaces/racoonbot/install/racoonbot_pkg/share/racoonbot_pkg/rviz/racoonbot_view copy.rviz
-- Up-to-date symlink: /home/pawel/Workspaces/racoonbot/install/racoonbot_pkg/share/racoonbot_pkg/rviz/racoonbot_view.rviz
-- Up-to-date symlink: /home/pawel/Workspaces/racoonbot/install/racoonbot_pkg/share/racoonbot_pkg/meshes/base_link.dae
-- Up-to-date symlink: /home/pawel/Workspaces/racoonbot/install/racoonbot_pkg/share/racoonbot_pkg/meshes/caster_link.dae
-- Up-to-date symlink: /home/pawel/Workspaces/racoonbot/install/racoonbot_pkg/share/racoonbot_pkg/meshes/motor_link.dae
-- Up-to-date symlink: /home/pawel/Workspaces/racoonbot/install/racoonbot_pkg/share/racoonbot_pkg/meshes/scan_link.dae
-- Up-to-date symlink: /home/pawel/Workspaces/racoonbot/install/racoonbot_pkg/share/racoonbot_pkg/meshes/wheel_link.dae
-- Up-to-date symlink: /home/pawel/Workspaces/racoonbot/install/racoonbot_pkg/share/racoonbot_pkg/launch/racoonbot.launch.py
-- Up-to-date symlink: /home/pawel/Workspaces/racoonbot/install/racoonbot_pkg/share/racoonbot_pkg/config/racoonbot_controllers.yaml
-- Up-to-date symlink: /home/pawel/Workspaces/racoonbot/install/racoonbot_pkg/share/racoonbot_pkg/environment/library_path.sh
-- Up-to-date symlink: /home/pawel/Workspaces/racoonbot/install/racoonbot_pkg/share/racoonbot_pkg/environment/library_path.dsv
-- Up-to-date symlink: /home/pawel/Workspaces/racoonbot/install/racoonbot_pkg/share/ament_index/resource_index/package_run_dependencies/racoonbot_pkg
-- Up-to-date symlink: /home/pawel/Workspaces/racoonbot/install/racoonbot_pkg/share/ament_index/resource_index/parent_prefix_path/racoonbot_pkg
-- Up-to-date symlink: /home/pawel/Workspaces/racoonbot/install/racoonbot_pkg/share/racoonbot_pkg/environment/ament_prefix_path.sh
-- Up-to-date symlink: /home/pawel/Workspaces/racoonbot/install/racoonbot_pkg/share/racoonbot_pkg/environment/ament_prefix_path.dsv
-- Up-to-date symlink: /home/pawel/Workspaces/racoonbot/install/racoonbot_pkg/share/racoonbot_pkg/environment/path.sh
-- Up-to-date symlink: /home/pawel/Workspaces/racoonbot/install/racoonbot_pkg/share/racoonbot_pkg/environment/path.dsv
-- Up-to-date symlink: /home/pawel/Workspaces/racoonbot/install/racoonbot_pkg/share/racoonbot_pkg/local_setup.bash
-- Up-to-date symlink: /home/pawel/Workspaces/racoonbot/install/racoonbot_pkg/share/racoonbot_pkg/local_setup.sh
-- Up-to-date symlink: /home/pawel/Workspaces/racoonbot/install/racoonbot_pkg/share/racoonbot_pkg/local_setup.zsh
-- Up-to-date symlink: /home/pawel/Workspaces/racoonbot/install/racoonbot_pkg/share/racoonbot_pkg/local_setup.dsv
-- Symlinking: /home/pawel/Workspaces/racoonbot/install/racoonbot_pkg/share/racoonbot_pkg/package.dsv
-- Up-to-date symlink: /home/pawel/Workspaces/racoonbot/install/racoonbot_pkg/share/ament_index/resource_index/packages/racoonbot_pkg
-- Up-to-date symlink: /home/pawel/Workspaces/racoonbot/install/racoonbot_pkg/share/ament_index/resource_index/hardware_interface__pluginlib__plugin/racoonbot_pkg
-- Up-to-date symlink: /home/pawel/Workspaces/racoonbot/install/racoonbot_pkg/share/racoonbot_pkg/cmake/ament_cmake_export_targets-extras.cmake
-- Up-to-date symlink: /home/pawel/Workspaces/racoonbot/install/racoonbot_pkg/share/racoonbot_pkg/cmake/ament_cmake_export_dependencies-extras.cmake
-- Up-to-date symlink: /home/pawel/Workspaces/racoonbot/install/racoonbot_pkg/share/racoonbot_pkg/cmake/racoonbot_pkgConfig.cmake
-- Up-to-date symlink: /home/pawel/Workspaces/racoonbot/install/racoonbot_pkg/share/racoonbot_pkg/cmake/racoonbot_pkgConfig-version.cmake
-- Up-to-date symlink: /home/pawel/Workspaces/racoonbot/install/racoonbot_pkg/share/racoonbot_pkg/package.xml
-- Up-to-date: /home/pawel/Workspaces/racoonbot/install/racoonbot_pkg/lib/libracoonbot_pkg.so
-- Up-to-date: /home/pawel/Workspaces/racoonbot/install/racoonbot_pkg/share/racoonbot_pkg/cmake/export_racoonbot_pkgExport.cmake
-- Up-to-date: /home/pawel/Workspaces/racoonbot/install/racoonbot_pkg/share/racoonbot_pkg/cmake/export_racoonbot_pkgExport-noconfig.cmake
