[0.018s] Invoking command in '/home/lisior/Workspaces/racoonbot_ws/build/racoonbot_pkg': CMAKE_PREFIX_PATH=${CMAKE_PREFIX_PATH}:/opt/ros/humble /usr/bin/cmake /home/lisior/Workspaces/racoonbot_ws/src/racoonbot_pkg -DAMENT_CMAKE_SYMLINK_INSTALL=1 -DCMAKE_INSTALL_PREFIX=/home/lisior/Workspaces/racoonbot_ws/install/racoonbot_pkg
[0.114s] -- The CXX compiler identification is GNU 11.4.0
[0.129s] -- Detecting CXX compiler ABI info
[0.265s] -- Detecting CXX compiler ABI info - done
[0.273s] -- Check for working CXX compiler: /usr/bin/c++ - skipped
[0.273s] -- Detecting CXX compile features
[0.276s] -- Detecting CXX compile features - done
[0.277s] -- Found ament_cmake: 1.3.8 (/opt/ros/humble/share/ament_cmake/cmake)
[0.500s] -- Found Python3: /usr/bin/python3 (found version "3.10.12") found components: Interpreter 
[0.573s] -- Override CMake install command with custom implementation using symlinks instead of copying resources
[0.641s] -- Found hardware_interface: 2.40.0 (/opt/ros/humble/share/hardware_interface/cmake)
[0.698s] -- Found rosidl_generator_c: 3.1.5 (/opt/ros/humble/share/rosidl_generator_c/cmake)
[0.706s] -- Found rosidl_adapter: 3.1.5 (/opt/ros/humble/share/rosidl_adapter/cmake)
[0.719s] -- Found rosidl_generator_cpp: 3.1.5 (/opt/ros/humble/share/rosidl_generator_cpp/cmake)
[0.736s] -- Using all available rosidl_typesupport_c: rosidl_typesupport_fastrtps_c;rosidl_typesupport_introspection_c
[0.761s] -- Using all available rosidl_typesupport_cpp: rosidl_typesupport_fastrtps_cpp;rosidl_typesupport_introspection_cpp
[1.464s] -- Found rmw_implementation_cmake: 6.1.1 (/opt/ros/humble/share/rmw_implementation_cmake/cmake)
[1.469s] -- Found rmw_fastrtps_cpp: 6.2.6 (/opt/ros/humble/share/rmw_fastrtps_cpp/cmake)
[1.510s] -- Found TinyXML2 via Config file: TinyXML2_DIR-NOTFOUND
[1.591s] -- Found OpenSSL: /usr/lib/x86_64-linux-gnu/libcrypto.so (found version "3.0.2")  
[1.594s] -- Found TinyXML2 via Config file: TinyXML2_DIR-NOTFOUND
[1.612s] -- Found FastRTPS: /opt/ros/humble/include  
[1.623s] -- Found TinyXML2 via Config file: TinyXML2_DIR-NOTFOUND
[1.633s] -- Found TinyXML2 via Config file: TinyXML2_DIR-NOTFOUND
[1.646s] -- Using RMW implementation 'rmw_fastrtps_cpp' as default
[1.660s] -- Looking for C++ include pthread.h
[1.785s] -- Looking for C++ include pthread.h - found
[1.787s] -- Performing Test CMAKE_HAVE_LIBC_PTHREAD
[1.907s] -- Performing Test CMAKE_HAVE_LIBC_PTHREAD - Success
[1.907s] -- Found Threads: TRUE  
[2.207s] -- Configuring done
[2.249s] -- Generating done
[2.251s] -- Build files have been written to: /home/lisior/Workspaces/racoonbot_ws/build/racoonbot_pkg
[2.266s] Invoked command in '/home/lisior/Workspaces/racoonbot_ws/build/racoonbot_pkg' returned '0': CMAKE_PREFIX_PATH=${CMAKE_PREFIX_PATH}:/opt/ros/humble /usr/bin/cmake /home/lisior/Workspaces/racoonbot_ws/src/racoonbot_pkg -DAMENT_CMAKE_SYMLINK_INSTALL=1 -DCMAKE_INSTALL_PREFIX=/home/lisior/Workspaces/racoonbot_ws/install/racoonbot_pkg
[2.266s] Invoking command in '/home/lisior/Workspaces/racoonbot_ws/build/racoonbot_pkg': CMAKE_PREFIX_PATH=${CMAKE_PREFIX_PATH}:/opt/ros/humble /usr/bin/cmake --build /home/lisior/Workspaces/racoonbot_ws/build/racoonbot_pkg -- -j2 -l2
[2.342s] [ 50%] [32mBuilding CXX object CMakeFiles/racoonbot_pkg.dir/hardware/racoonbot_system.cpp.o[0m
[5.012s] In file included from [01m[K/home/lisior/Workspaces/racoonbot_ws/src/racoonbot_pkg/hardware/include/racoonbot_pkg/racoonbot_system.hpp:34[m[K,
[5.012s]                  from [01m[K/home/lisior/Workspaces/racoonbot_ws/src/racoonbot_pkg/hardware/racoonbot_system.cpp:15[m[K:
[5.012s] [01m[K/home/lisior/Workspaces/racoonbot_ws/src/racoonbot_pkg/hardware/include/racoonbot_pkg/racoonbot_control.hpp:[m[K In member function ‘[01m[Kvoid RacoonBotControl::motor_speed_callback(double, const string&)[m[K’:
[5.012s] [01m[K/home/lisior/Workspaces/racoonbot_ws/src/racoonbot_pkg/hardware/include/racoonbot_pkg/racoonbot_control.hpp:57:48:[m[K [01;35m[Kwarning: [m[Kunused parameter ‘[01m[Kduty_c[m[K’ [[01;35m[K]8;;https://gcc.gnu.org/onlinedocs/gcc/Warning-Options.html#index-Wunused-parameter-Wunused-parameter]8;;[m[K]
[5.012s]    57 |         void motor_speed_callback([01;35m[Kconst double duty_c[m[K, const std::string& source) {
[5.012s]       |                                   [01;35m[K~~~~~~~~~~~~~^~~~~~[m[K
[5.033s] [01m[K/home/lisior/Workspaces/racoonbot_ws/src/racoonbot_pkg/hardware/racoonbot_system.cpp:[m[K In member function ‘[01m[Kvirtual hardware_interface::return_type racoonbot_pkg::RacoonBotSystemHardware::read(const rclcpp::Time&, const rclcpp::Duration&)[m[K’:
[5.033s] [01m[K/home/lisior/Workspaces/racoonbot_ws/src/racoonbot_pkg/hardware/racoonbot_system.cpp:184:59:[m[K [01;35m[Kwarning: [m[Kunused parameter ‘[01m[Kperiod[m[K’ [[01;35m[K]8;;https://gcc.gnu.org/onlinedocs/gcc/Warning-Options.html#index-Wunused-parameter-Wunused-parameter]8;;[m[K]
[5.033s]   184 |   const rclcpp::Time & /*time*/, [01;35m[Kconst rclcpp::Duration & period[m[K)
[5.033s]       |                                  [01;35m[K~~~~~~~~~~~~~~~~~~~~~~~~~^~~~~~[m[K
[6.280s] [100%] [32m[1mLinking CXX shared library libracoonbot_pkg.so[0m
[6.454s] [100%] Built target racoonbot_pkg
[6.477s] Invoked command in '/home/lisior/Workspaces/racoonbot_ws/build/racoonbot_pkg' returned '0': CMAKE_PREFIX_PATH=${CMAKE_PREFIX_PATH}:/opt/ros/humble /usr/bin/cmake --build /home/lisior/Workspaces/racoonbot_ws/build/racoonbot_pkg -- -j2 -l2
[6.539s] Invoking command in '/home/lisior/Workspaces/racoonbot_ws/build/racoonbot_pkg': CMAKE_PREFIX_PATH=${CMAKE_PREFIX_PATH}:/opt/ros/humble /usr/bin/cmake --install /home/lisior/Workspaces/racoonbot_ws/build/racoonbot_pkg
[6.550s] -- Install configuration: ""
[6.551s] -- Execute custom install script
[6.552s] -- Symlinking: /home/lisior/Workspaces/racoonbot_ws/install/racoonbot_pkg/share/racoonbot_pkg//racoonbot_pkg.xml
[6.568s] -- Symlinking: /home/lisior/Workspaces/racoonbot_ws/install/racoonbot_pkg/include/racoonbot_pkg/WiringPi/.git/HEAD
[6.585s] -- Symlinking: /home/lisior/Workspaces/racoonbot_ws/install/racoonbot_pkg/include/racoonbot_pkg/WiringPi/.git/config
[6.600s] -- Symlinking: /home/lisior/Workspaces/racoonbot_ws/install/racoonbot_pkg/include/racoonbot_pkg/WiringPi/.git/description
[6.612s] -- Symlinking: /home/lisior/Workspaces/racoonbot_ws/install/racoonbot_pkg/include/racoonbot_pkg/WiringPi/.git/hooks/applypatch-msg.sample
[6.624s] -- Symlinking: /home/lisior/Workspaces/racoonbot_ws/install/racoonbot_pkg/include/racoonbot_pkg/WiringPi/.git/hooks/commit-msg.sample
[6.649s] -- Symlinking: /home/lisior/Workspaces/racoonbot_ws/install/racoonbot_pkg/include/racoonbot_pkg/WiringPi/.git/hooks/fsmonitor-watchman.sample
[6.662s] -- Symlinking: /home/lisior/Workspaces/racoonbot_ws/install/racoonbot_pkg/include/racoonbot_pkg/WiringPi/.git/hooks/post-update.sample
[6.679s] -- Symlinking: /home/lisior/Workspaces/racoonbot_ws/install/racoonbot_pkg/include/racoonbot_pkg/WiringPi/.git/hooks/pre-applypatch.sample
[6.692s] -- Symlinking: /home/lisior/Workspaces/racoonbot_ws/install/racoonbot_pkg/include/racoonbot_pkg/WiringPi/.git/hooks/pre-commit.sample
[6.707s] -- Symlinking: /home/lisior/Workspaces/racoonbot_ws/install/racoonbot_pkg/include/racoonbot_pkg/WiringPi/.git/hooks/pre-merge-commit.sample
[6.721s] -- Symlinking: /home/lisior/Workspaces/racoonbot_ws/install/racoonbot_pkg/include/racoonbot_pkg/WiringPi/.git/hooks/pre-push.sample
[6.735s] -- Symlinking: /home/lisior/Workspaces/racoonbot_ws/install/racoonbot_pkg/include/racoonbot_pkg/WiringPi/.git/hooks/pre-rebase.sample
[6.752s] -- Symlinking: /home/lisior/Workspaces/racoonbot_ws/install/racoonbot_pkg/include/racoonbot_pkg/WiringPi/.git/hooks/pre-receive.sample
[6.764s] -- Symlinking: /home/lisior/Workspaces/racoonbot_ws/install/racoonbot_pkg/include/racoonbot_pkg/WiringPi/.git/hooks/prepare-commit-msg.sample
[6.781s] -- Symlinking: /home/lisior/Workspaces/racoonbot_ws/install/racoonbot_pkg/include/racoonbot_pkg/WiringPi/.git/hooks/push-to-checkout.sample
[6.795s] -- Symlinking: /home/lisior/Workspaces/racoonbot_ws/install/racoonbot_pkg/include/racoonbot_pkg/WiringPi/.git/hooks/update.sample
[6.807s] -- Symlinking: /home/lisior/Workspaces/racoonbot_ws/install/racoonbot_pkg/include/racoonbot_pkg/WiringPi/.git/index
[6.819s] -- Symlinking: /home/lisior/Workspaces/racoonbot_ws/install/racoonbot_pkg/include/racoonbot_pkg/WiringPi/.git/info/exclude
[6.831s] -- Symlinking: /home/lisior/Workspaces/racoonbot_ws/install/racoonbot_pkg/include/racoonbot_pkg/WiringPi/.git/logs/HEAD
[6.845s] -- Symlinking: /home/lisior/Workspaces/racoonbot_ws/install/racoonbot_pkg/include/racoonbot_pkg/WiringPi/.git/logs/refs/heads/ubuntu
[6.857s] -- Symlinking: /home/lisior/Workspaces/racoonbot_ws/install/racoonbot_pkg/include/racoonbot_pkg/WiringPi/.git/logs/refs/remotes/origin/HEAD
[6.873s] -- Symlinking: /home/lisior/Workspaces/racoonbot_ws/install/racoonbot_pkg/include/racoonbot_pkg/WiringPi/.git/objects/pack/pack-9bc2a6d205bc49b80870ad41688d6f1822d04ed5.idx
[6.892s] -- Symlinking: /home/lisior/Workspaces/racoonbot_ws/install/racoonbot_pkg/include/racoonbot_pkg/WiringPi/.git/objects/pack/pack-9bc2a6d205bc49b80870ad41688d6f1822d04ed5.pack
[6.908s] -- Symlinking: /home/lisior/Workspaces/racoonbot_ws/install/racoonbot_pkg/include/racoonbot_pkg/WiringPi/.git/packed-refs
[6.923s] -- Symlinking: /home/lisior/Workspaces/racoonbot_ws/install/racoonbot_pkg/include/racoonbot_pkg/WiringPi/.git/refs/heads/ubuntu
[6.939s] -- Symlinking: /home/lisior/Workspaces/racoonbot_ws/install/racoonbot_pkg/include/racoonbot_pkg/WiringPi/.git/refs/remotes/origin/HEAD
[6.958s] -- Symlinking: /home/lisior/Workspaces/racoonbot_ws/install/racoonbot_pkg/include/racoonbot_pkg/WiringPi/.github/workflows/build.yml
[6.986s] -- Symlinking: /home/lisior/Workspaces/racoonbot_ws/install/racoonbot_pkg/include/racoonbot_pkg/WiringPi/.gitignore
[6.992s] -- Symlinking: /home/lisior/Workspaces/racoonbot_ws/install/racoonbot_pkg/include/racoonbot_pkg/WiringPi/COPYING.LESSER
[7.006s] -- Symlinking: /home/lisior/Workspaces/racoonbot_ws/install/racoonbot_pkg/include/racoonbot_pkg/WiringPi/INSTALL
[7.020s] -- Symlinking: /home/lisior/Workspaces/racoonbot_ws/install/racoonbot_pkg/include/racoonbot_pkg/WiringPi/People
[7.032s] -- Symlinking: /home/lisior/Workspaces/racoonbot_ws/install/racoonbot_pkg/include/racoonbot_pkg/WiringPi/README.md
[7.048s] -- Symlinking: /home/lisior/Workspaces/racoonbot_ws/install/racoonbot_pkg/include/racoonbot_pkg/WiringPi/VERSION
[7.062s] -- Symlinking: /home/lisior/Workspaces/racoonbot_ws/install/racoonbot_pkg/include/racoonbot_pkg/WiringPi/build
[7.084s] -- Symlinking: /home/lisior/Workspaces/racoonbot_ws/install/racoonbot_pkg/include/racoonbot_pkg/WiringPi/debian-template/wiringPi/DEBIAN/postinst
[7.101s] -- Symlinking: /home/lisior/Workspaces/racoonbot_ws/install/racoonbot_pkg/include/racoonbot_pkg/WiringPi/debian-template/wiringPi/DEBIAN/postrm
[7.118s] -- Symlinking: /home/lisior/Workspaces/racoonbot_ws/install/racoonbot_pkg/include/racoonbot_pkg/WiringPi/debian-template/wiringPi/control_template
[7.139s] -- Symlinking: /home/lisior/Workspaces/racoonbot_ws/install/racoonbot_pkg/include/racoonbot_pkg/WiringPi/debian/.gitignore
[7.157s] -- Symlinking: /home/lisior/Workspaces/racoonbot_ws/install/racoonbot_pkg/include/racoonbot_pkg/WiringPi/debian/changelog
[7.182s] -- Symlinking: /home/lisior/Workspaces/racoonbot_ws/install/racoonbot_pkg/include/racoonbot_pkg/WiringPi/debian/compat
[7.197s] -- Symlinking: /home/lisior/Workspaces/racoonbot_ws/install/racoonbot_pkg/include/racoonbot_pkg/WiringPi/debian/control
[7.214s] -- Symlinking: /home/lisior/Workspaces/racoonbot_ws/install/racoonbot_pkg/include/racoonbot_pkg/WiringPi/debian/copyright
[7.230s] -- Symlinking: /home/lisior/Workspaces/racoonbot_ws/install/racoonbot_pkg/include/racoonbot_pkg/WiringPi/debian/libwiringpi-dev.dirs
[7.248s] -- Symlinking: /home/lisior/Workspaces/racoonbot_ws/install/racoonbot_pkg/include/racoonbot_pkg/WiringPi/debian/libwiringpi-dev.install
[7.264s] -- Symlinking: /home/lisior/Workspaces/racoonbot_ws/install/racoonbot_pkg/include/racoonbot_pkg/WiringPi/debian/libwiringpi2.install
[7.280s] -- Symlinking: /home/lisior/Workspaces/racoonbot_ws/install/racoonbot_pkg/include/racoonbot_pkg/WiringPi/debian/libwiringpi2.shlibs
[7.299s] -- Symlinking: /home/lisior/Workspaces/racoonbot_ws/install/racoonbot_pkg/include/racoonbot_pkg/WiringPi/debian/rules
[7.318s] -- Symlinking: /home/lisior/Workspaces/racoonbot_ws/install/racoonbot_pkg/include/racoonbot_pkg/WiringPi/debian/wiringpi.dirs
[7.336s] -- Symlinking: /home/lisior/Workspaces/racoonbot_ws/install/racoonbot_pkg/include/racoonbot_pkg/WiringPi/debian/wiringpi.install
[7.351s] -- Symlinking: /home/lisior/Workspaces/racoonbot_ws/install/racoonbot_pkg/include/racoonbot_pkg/WiringPi/devLib/Makefile
[7.370s] -- Symlinking: /home/lisior/Workspaces/racoonbot_ws/install/racoonbot_pkg/include/racoonbot_pkg/WiringPi/devLib/ds1302.c
[7.395s] -- Symlinking: /home/lisior/Workspaces/racoonbot_ws/install/racoonbot_pkg/include/racoonbot_pkg/WiringPi/devLib/ds1302.h
[7.407s] -- Symlinking: /home/lisior/Workspaces/racoonbot_ws/install/racoonbot_pkg/include/racoonbot_pkg/WiringPi/devLib/font.h
[7.420s] -- Symlinking: /home/lisior/Workspaces/racoonbot_ws/install/racoonbot_pkg/include/racoonbot_pkg/WiringPi/devLib/gertboard.c
[7.437s] -- Symlinking: /home/lisior/Workspaces/racoonbot_ws/install/racoonbot_pkg/include/racoonbot_pkg/WiringPi/devLib/gertboard.h
[7.453s] -- Symlinking: /home/lisior/Workspaces/racoonbot_ws/install/racoonbot_pkg/include/racoonbot_pkg/WiringPi/devLib/lcd.c
[7.466s] -- Symlinking: /home/lisior/Workspaces/racoonbot_ws/install/racoonbot_pkg/include/racoonbot_pkg/WiringPi/devLib/lcd.h
[7.484s] -- Symlinking: /home/lisior/Workspaces/racoonbot_ws/install/racoonbot_pkg/include/racoonbot_pkg/WiringPi/devLib/lcd128x64.c
[7.498s] -- Symlinking: /home/lisior/Workspaces/racoonbot_ws/install/racoonbot_pkg/include/racoonbot_pkg/WiringPi/devLib/lcd128x64.h
[7.510s] -- Symlinking: /home/lisior/Workspaces/racoonbot_ws/install/racoonbot_pkg/include/racoonbot_pkg/WiringPi/devLib/maxdetect.c
[7.524s] -- Symlinking: /home/lisior/Workspaces/racoonbot_ws/install/racoonbot_pkg/include/racoonbot_pkg/WiringPi/devLib/maxdetect.h
[7.539s] -- Symlinking: /home/lisior/Workspaces/racoonbot_ws/install/racoonbot_pkg/include/racoonbot_pkg/WiringPi/devLib/piFace.c
[7.553s] -- Symlinking: /home/lisior/Workspaces/racoonbot_ws/install/racoonbot_pkg/include/racoonbot_pkg/WiringPi/devLib/piFace.h
[7.568s] -- Symlinking: /home/lisior/Workspaces/racoonbot_ws/install/racoonbot_pkg/include/racoonbot_pkg/WiringPi/devLib/piFaceOld.c
[7.586s] -- Symlinking: /home/lisior/Workspaces/racoonbot_ws/install/racoonbot_pkg/include/racoonbot_pkg/WiringPi/devLib/piGlow.c
[7.599s] -- Symlinking: /home/lisior/Workspaces/racoonbot_ws/install/racoonbot_pkg/include/racoonbot_pkg/WiringPi/devLib/piGlow.h
[7.614s] -- Symlinking: /home/lisior/Workspaces/racoonbot_ws/install/racoonbot_pkg/include/racoonbot_pkg/WiringPi/devLib/piNes.c
[7.636s] -- Symlinking: /home/lisior/Workspaces/racoonbot_ws/install/racoonbot_pkg/include/racoonbot_pkg/WiringPi/devLib/piNes.h
[7.652s] -- Symlinking: /home/lisior/Workspaces/racoonbot_ws/install/racoonbot_pkg/include/racoonbot_pkg/WiringPi/devLib/scrollPhat.c
[7.671s] -- Symlinking: /home/lisior/Workspaces/racoonbot_ws/install/racoonbot_pkg/include/racoonbot_pkg/WiringPi/devLib/scrollPhat.h
[7.693s] -- Symlinking: /home/lisior/Workspaces/racoonbot_ws/install/racoonbot_pkg/include/racoonbot_pkg/WiringPi/devLib/scrollPhatFont.h
[7.709s] -- Symlinking: /home/lisior/Workspaces/racoonbot_ws/install/racoonbot_pkg/include/racoonbot_pkg/WiringPi/examples/COPYING.LESSER
[7.723s] -- Symlinking: /home/lisior/Workspaces/racoonbot_ws/install/racoonbot_pkg/include/racoonbot_pkg/WiringPi/examples/Gertboard/7segments.c
[7.742s] -- Symlinking: /home/lisior/Workspaces/racoonbot_ws/install/racoonbot_pkg/include/racoonbot_pkg/WiringPi/examples/Gertboard/Makefile
[7.758s] -- Symlinking: /home/lisior/Workspaces/racoonbot_ws/install/racoonbot_pkg/include/racoonbot_pkg/WiringPi/examples/Gertboard/buttons.c
[7.781s] -- Symlinking: /home/lisior/Workspaces/racoonbot_ws/install/racoonbot_pkg/include/racoonbot_pkg/WiringPi/examples/Gertboard/gertboard.c
[7.800s] -- Symlinking: /home/lisior/Workspaces/racoonbot_ws/install/racoonbot_pkg/include/racoonbot_pkg/WiringPi/examples/Gertboard/record.c
[7.816s] -- Symlinking: /home/lisior/Workspaces/racoonbot_ws/install/racoonbot_pkg/include/racoonbot_pkg/WiringPi/examples/Gertboard/temperature.c
[7.831s] -- Symlinking: /home/lisior/Workspaces/racoonbot_ws/install/racoonbot_pkg/include/racoonbot_pkg/WiringPi/examples/Gertboard/voltmeter.c
[7.851s] -- Symlinking: /home/lisior/Workspaces/racoonbot_ws/install/racoonbot_pkg/include/racoonbot_pkg/WiringPi/examples/Gertboard/vumeter.c
[7.866s] -- Symlinking: /home/lisior/Workspaces/racoonbot_ws/install/racoonbot_pkg/include/racoonbot_pkg/WiringPi/examples/Makefile
[7.882s] -- Symlinking: /home/lisior/Workspaces/racoonbot_ws/install/racoonbot_pkg/include/racoonbot_pkg/WiringPi/examples/PiFace/Makefile
[7.898s] -- Symlinking: /home/lisior/Workspaces/racoonbot_ws/install/racoonbot_pkg/include/racoonbot_pkg/WiringPi/examples/PiFace/blink.c
[7.913s] -- Symlinking: /home/lisior/Workspaces/racoonbot_ws/install/racoonbot_pkg/include/racoonbot_pkg/WiringPi/examples/PiFace/buttons.c
[7.929s] -- Symlinking: /home/lisior/Workspaces/racoonbot_ws/install/racoonbot_pkg/include/racoonbot_pkg/WiringPi/examples/PiFace/ladder.c
[7.946s] -- Symlinking: /home/lisior/Workspaces/racoonbot_ws/install/racoonbot_pkg/include/racoonbot_pkg/WiringPi/examples/PiFace/metro.c
[7.960s] -- Symlinking: /home/lisior/Workspaces/racoonbot_ws/install/racoonbot_pkg/include/racoonbot_pkg/WiringPi/examples/PiFace/motor.c
[7.976s] -- Symlinking: /home/lisior/Workspaces/racoonbot_ws/install/racoonbot_pkg/include/racoonbot_pkg/WiringPi/examples/PiFace/reaction.c
[7.994s] -- Symlinking: /home/lisior/Workspaces/racoonbot_ws/install/racoonbot_pkg/include/racoonbot_pkg/WiringPi/examples/PiGlow/Makefile
[8.011s] -- Symlinking: /home/lisior/Workspaces/racoonbot_ws/install/racoonbot_pkg/include/racoonbot_pkg/WiringPi/examples/PiGlow/piGlow0.c
[8.026s] -- Symlinking: /home/lisior/Workspaces/racoonbot_ws/install/racoonbot_pkg/include/racoonbot_pkg/WiringPi/examples/PiGlow/piGlow1.c
[8.039s] -- Symlinking: /home/lisior/Workspaces/racoonbot_ws/install/racoonbot_pkg/include/racoonbot_pkg/WiringPi/examples/PiGlow/piglow.c
[8.056s] -- Symlinking: /home/lisior/Workspaces/racoonbot_ws/install/racoonbot_pkg/include/racoonbot_pkg/WiringPi/examples/README.TXT
[8.073s] -- Symlinking: /home/lisior/Workspaces/racoonbot_ws/install/racoonbot_pkg/include/racoonbot_pkg/WiringPi/examples/blink-thread.c
[8.091s] -- Symlinking: /home/lisior/Workspaces/racoonbot_ws/install/racoonbot_pkg/include/racoonbot_pkg/WiringPi/examples/blink.c
[8.108s] -- Symlinking: /home/lisior/Workspaces/racoonbot_ws/install/racoonbot_pkg/include/racoonbot_pkg/WiringPi/examples/blink.rtb
[8.124s] -- Symlinking: /home/lisior/Workspaces/racoonbot_ws/install/racoonbot_pkg/include/racoonbot_pkg/WiringPi/examples/blink.sh
[8.142s] -- Symlinking: /home/lisior/Workspaces/racoonbot_ws/install/racoonbot_pkg/include/racoonbot_pkg/WiringPi/examples/blink12.c
[8.159s] -- Symlinking: /home/lisior/Workspaces/racoonbot_ws/install/racoonbot_pkg/include/racoonbot_pkg/WiringPi/examples/blink12drcs.c
[8.176s] -- Symlinking: /home/lisior/Workspaces/racoonbot_ws/install/racoonbot_pkg/include/racoonbot_pkg/WiringPi/examples/blink6drcs.c
[8.197s] -- Symlinking: /home/lisior/Workspaces/racoonbot_ws/install/racoonbot_pkg/include/racoonbot_pkg/WiringPi/examples/blink8-drcn.c
[8.213s] -- Symlinking: /home/lisior/Workspaces/racoonbot_ws/install/racoonbot_pkg/include/racoonbot_pkg/WiringPi/examples/blink8.c
[8.225s] -- Symlinking: /home/lisior/Workspaces/racoonbot_ws/install/racoonbot_pkg/include/racoonbot_pkg/WiringPi/examples/clock.c
[8.242s] -- Symlinking: /home/lisior/Workspaces/racoonbot_ws/install/racoonbot_pkg/include/racoonbot_pkg/WiringPi/examples/delayTest.c
[8.258s] -- Symlinking: /home/lisior/Workspaces/racoonbot_ws/install/racoonbot_pkg/include/racoonbot_pkg/WiringPi/examples/ds1302.c
[8.273s] -- Symlinking: /home/lisior/Workspaces/racoonbot_ws/install/racoonbot_pkg/include/racoonbot_pkg/WiringPi/examples/header.h
[8.297s] -- Symlinking: /home/lisior/Workspaces/racoonbot_ws/install/racoonbot_pkg/include/racoonbot_pkg/WiringPi/examples/isr-osc.c
[8.314s] -- Symlinking: /home/lisior/Workspaces/racoonbot_ws/install/racoonbot_pkg/include/racoonbot_pkg/WiringPi/examples/isr.c
[8.326s] -- Symlinking: /home/lisior/Workspaces/racoonbot_ws/install/racoonbot_pkg/include/racoonbot_pkg/WiringPi/examples/lcd-adafruit.c
[8.339s] -- Symlinking: /home/lisior/Workspaces/racoonbot_ws/install/racoonbot_pkg/include/racoonbot_pkg/WiringPi/examples/lcd.c
[8.354s] -- Symlinking: /home/lisior/Workspaces/racoonbot_ws/install/racoonbot_pkg/include/racoonbot_pkg/WiringPi/examples/lowPower.c
[8.369s] -- Symlinking: /home/lisior/Workspaces/racoonbot_ws/install/racoonbot_pkg/include/racoonbot_pkg/WiringPi/examples/max31855.c
[8.388s] -- Symlinking: /home/lisior/Workspaces/racoonbot_ws/install/racoonbot_pkg/include/racoonbot_pkg/WiringPi/examples/nes.c
[8.400s] -- Symlinking: /home/lisior/Workspaces/racoonbot_ws/install/racoonbot_pkg/include/racoonbot_pkg/WiringPi/examples/okLed.c
[8.417s] -- Symlinking: /home/lisior/Workspaces/racoonbot_ws/install/racoonbot_pkg/include/racoonbot_pkg/WiringPi/examples/pwm.c
[8.426s] -- Symlinking: /home/lisior/Workspaces/racoonbot_ws/install/racoonbot_pkg/include/racoonbot_pkg/WiringPi/examples/q2w/Makefile
[8.444s] -- Symlinking: /home/lisior/Workspaces/racoonbot_ws/install/racoonbot_pkg/include/racoonbot_pkg/WiringPi/examples/q2w/binary.c
[8.463s] -- Symlinking: /home/lisior/Workspaces/racoonbot_ws/install/racoonbot_pkg/include/racoonbot_pkg/WiringPi/examples/q2w/blink-io.c
[8.480s] -- Symlinking: /home/lisior/Workspaces/racoonbot_ws/install/racoonbot_pkg/include/racoonbot_pkg/WiringPi/examples/q2w/blink.c
[8.496s] -- Symlinking: /home/lisior/Workspaces/racoonbot_ws/install/racoonbot_pkg/include/racoonbot_pkg/WiringPi/examples/q2w/blink.sh
[8.509s] -- Symlinking: /home/lisior/Workspaces/racoonbot_ws/install/racoonbot_pkg/include/racoonbot_pkg/WiringPi/examples/q2w/bright.c
[8.524s] -- Symlinking: /home/lisior/Workspaces/racoonbot_ws/install/racoonbot_pkg/include/racoonbot_pkg/WiringPi/examples/q2w/button.c
[8.540s] -- Symlinking: /home/lisior/Workspaces/racoonbot_ws/install/racoonbot_pkg/include/racoonbot_pkg/WiringPi/examples/q2w/volts.c
[8.552s] -- Symlinking: /home/lisior/Workspaces/racoonbot_ws/install/racoonbot_pkg/include/racoonbot_pkg/WiringPi/examples/rht03.c
[8.568s] -- Symlinking: /home/lisior/Workspaces/racoonbot_ws/install/racoonbot_pkg/include/racoonbot_pkg/WiringPi/examples/scrollPhat/Makefile
[8.584s] -- Symlinking: /home/lisior/Workspaces/racoonbot_ws/install/racoonbot_pkg/include/racoonbot_pkg/WiringPi/examples/scrollPhat/scphat.c
[8.600s] -- Symlinking: /home/lisior/Workspaces/racoonbot_ws/install/racoonbot_pkg/include/racoonbot_pkg/WiringPi/examples/scrollPhat/test.c
[8.616s] -- Symlinking: /home/lisior/Workspaces/racoonbot_ws/install/racoonbot_pkg/include/racoonbot_pkg/WiringPi/examples/serialRead.c
[8.633s] -- Symlinking: /home/lisior/Workspaces/racoonbot_ws/install/racoonbot_pkg/include/racoonbot_pkg/WiringPi/examples/serialTest.c
[8.649s] -- Symlinking: /home/lisior/Workspaces/racoonbot_ws/install/racoonbot_pkg/include/racoonbot_pkg/WiringPi/examples/servo.c
[8.663s] -- Symlinking: /home/lisior/Workspaces/racoonbot_ws/install/racoonbot_pkg/include/racoonbot_pkg/WiringPi/examples/softPwm.c
[8.677s] -- Symlinking: /home/lisior/Workspaces/racoonbot_ws/install/racoonbot_pkg/include/racoonbot_pkg/WiringPi/examples/softTone.c
[8.696s] -- Symlinking: /home/lisior/Workspaces/racoonbot_ws/install/racoonbot_pkg/include/racoonbot_pkg/WiringPi/examples/speed.c
[8.710s] -- Symlinking: /home/lisior/Workspaces/racoonbot_ws/install/racoonbot_pkg/include/racoonbot_pkg/WiringPi/examples/spiSpeed.c
[8.725s] -- Symlinking: /home/lisior/Workspaces/racoonbot_ws/install/racoonbot_pkg/include/racoonbot_pkg/WiringPi/examples/wfi.c
[8.739s] -- Symlinking: /home/lisior/Workspaces/racoonbot_ws/install/racoonbot_pkg/include/racoonbot_pkg/WiringPi/gpio/COPYING.LESSER
[8.752s] -- Symlinking: /home/lisior/Workspaces/racoonbot_ws/install/racoonbot_pkg/include/racoonbot_pkg/WiringPi/gpio/Makefile
[8.768s] -- Symlinking: /home/lisior/Workspaces/racoonbot_ws/install/racoonbot_pkg/include/racoonbot_pkg/WiringPi/gpio/gpio.1
[8.788s] -- Symlinking: /home/lisior/Workspaces/racoonbot_ws/install/racoonbot_pkg/include/racoonbot_pkg/WiringPi/gpio/gpio.c
[8.804s] -- Symlinking: /home/lisior/Workspaces/racoonbot_ws/install/racoonbot_pkg/include/racoonbot_pkg/WiringPi/gpio/pintest
[8.818s] -- Symlinking: /home/lisior/Workspaces/racoonbot_ws/install/racoonbot_pkg/include/racoonbot_pkg/WiringPi/gpio/readall.c
[8.834s] -- Symlinking: /home/lisior/Workspaces/racoonbot_ws/install/racoonbot_pkg/include/racoonbot_pkg/WiringPi/gpio/test.sh
[8.848s] -- Symlinking: /home/lisior/Workspaces/racoonbot_ws/install/racoonbot_pkg/include/racoonbot_pkg/WiringPi/newVersion
[8.867s] -- Symlinking: /home/lisior/Workspaces/racoonbot_ws/install/racoonbot_pkg/include/racoonbot_pkg/WiringPi/pins/Makefile
[8.885s] -- Symlinking: /home/lisior/Workspaces/racoonbot_ws/install/racoonbot_pkg/include/racoonbot_pkg/WiringPi/pins/pins.pdf
[8.902s] -- Symlinking: /home/lisior/Workspaces/racoonbot_ws/install/racoonbot_pkg/include/racoonbot_pkg/WiringPi/pins/pins.tex
[8.918s] -- Symlinking: /home/lisior/Workspaces/racoonbot_ws/install/racoonbot_pkg/include/racoonbot_pkg/WiringPi/reinstall
[8.934s] -- Symlinking: /home/lisior/Workspaces/racoonbot_ws/install/racoonbot_pkg/include/racoonbot_pkg/WiringPi/version.h
[8.949s] -- Symlinking: /home/lisior/Workspaces/racoonbot_ws/install/racoonbot_pkg/include/racoonbot_pkg/WiringPi/wiringPi/COPYING.LESSER
[8.963s] -- Symlinking: /home/lisior/Workspaces/racoonbot_ws/install/racoonbot_pkg/include/racoonbot_pkg/WiringPi/wiringPi/Makefile
[8.984s] -- Symlinking: /home/lisior/Workspaces/racoonbot_ws/install/racoonbot_pkg/include/racoonbot_pkg/WiringPi/wiringPi/ads1115.c
[9.000s] -- Symlinking: /home/lisior/Workspaces/racoonbot_ws/install/racoonbot_pkg/include/racoonbot_pkg/WiringPi/wiringPi/ads1115.h
[9.013s] -- Symlinking: /home/lisior/Workspaces/racoonbot_ws/install/racoonbot_pkg/include/racoonbot_pkg/WiringPi/wiringPi/bmp180.c
[9.025s] -- Symlinking: /home/lisior/Workspaces/racoonbot_ws/install/racoonbot_pkg/include/racoonbot_pkg/WiringPi/wiringPi/bmp180.h
[9.037s] -- Symlinking: /home/lisior/Workspaces/racoonbot_ws/install/racoonbot_pkg/include/racoonbot_pkg/WiringPi/wiringPi/drcNet.c
[9.050s] -- Symlinking: /home/lisior/Workspaces/racoonbot_ws/install/racoonbot_pkg/include/racoonbot_pkg/WiringPi/wiringPi/drcNet.h
[9.062s] -- Symlinking: /home/lisior/Workspaces/racoonbot_ws/install/racoonbot_pkg/include/racoonbot_pkg/WiringPi/wiringPi/drcSerial.c
[9.074s] -- Symlinking: /home/lisior/Workspaces/racoonbot_ws/install/racoonbot_pkg/include/racoonbot_pkg/WiringPi/wiringPi/drcSerial.h
[9.089s] -- Symlinking: /home/lisior/Workspaces/racoonbot_ws/install/racoonbot_pkg/include/racoonbot_pkg/WiringPi/wiringPi/ds18b20.c
[9.103s] -- Symlinking: /home/lisior/Workspaces/racoonbot_ws/install/racoonbot_pkg/include/racoonbot_pkg/WiringPi/wiringPi/ds18b20.h
[9.116s] -- Symlinking: /home/lisior/Workspaces/racoonbot_ws/install/racoonbot_pkg/include/racoonbot_pkg/WiringPi/wiringPi/htu21d.c
[9.131s] -- Symlinking: /home/lisior/Workspaces/racoonbot_ws/install/racoonbot_pkg/include/racoonbot_pkg/WiringPi/wiringPi/htu21d.h
[9.143s] -- Symlinking: /home/lisior/Workspaces/racoonbot_ws/install/racoonbot_pkg/include/racoonbot_pkg/WiringPi/wiringPi/max31855.c
[9.155s] -- Symlinking: /home/lisior/Workspaces/racoonbot_ws/install/racoonbot_pkg/include/racoonbot_pkg/WiringPi/wiringPi/max31855.h
[9.166s] -- Symlinking: /home/lisior/Workspaces/racoonbot_ws/install/racoonbot_pkg/include/racoonbot_pkg/WiringPi/wiringPi/max5322.c
[9.178s] -- Symlinking: /home/lisior/Workspaces/racoonbot_ws/install/racoonbot_pkg/include/racoonbot_pkg/WiringPi/wiringPi/max5322.h
[9.192s] -- Symlinking: /home/lisior/Workspaces/racoonbot_ws/install/racoonbot_pkg/include/racoonbot_pkg/WiringPi/wiringPi/mcp23008.c
[9.207s] -- Symlinking: /home/lisior/Workspaces/racoonbot_ws/install/racoonbot_pkg/include/racoonbot_pkg/WiringPi/wiringPi/mcp23008.h
[9.220s] -- Symlinking: /home/lisior/Workspaces/racoonbot_ws/install/racoonbot_pkg/include/racoonbot_pkg/WiringPi/wiringPi/mcp23016.c
[9.231s] -- Symlinking: /home/lisior/Workspaces/racoonbot_ws/install/racoonbot_pkg/include/racoonbot_pkg/WiringPi/wiringPi/mcp23016.h
[9.242s] -- Symlinking: /home/lisior/Workspaces/racoonbot_ws/install/racoonbot_pkg/include/racoonbot_pkg/WiringPi/wiringPi/mcp23016reg.h
[9.254s] -- Symlinking: /home/lisior/Workspaces/racoonbot_ws/install/racoonbot_pkg/include/racoonbot_pkg/WiringPi/wiringPi/mcp23017.c
[9.268s] -- Symlinking: /home/lisior/Workspaces/racoonbot_ws/install/racoonbot_pkg/include/racoonbot_pkg/WiringPi/wiringPi/mcp23017.h
[9.280s] -- Symlinking: /home/lisior/Workspaces/racoonbot_ws/install/racoonbot_pkg/include/racoonbot_pkg/WiringPi/wiringPi/mcp23s08.c
[9.294s] -- Symlinking: /home/lisior/Workspaces/racoonbot_ws/install/racoonbot_pkg/include/racoonbot_pkg/WiringPi/wiringPi/mcp23s08.h
[9.307s] -- Symlinking: /home/lisior/Workspaces/racoonbot_ws/install/racoonbot_pkg/include/racoonbot_pkg/WiringPi/wiringPi/mcp23s17.c
[9.319s] -- Symlinking: /home/lisior/Workspaces/racoonbot_ws/install/racoonbot_pkg/include/racoonbot_pkg/WiringPi/wiringPi/mcp23s17.h
[9.331s] -- Symlinking: /home/lisior/Workspaces/racoonbot_ws/install/racoonbot_pkg/include/racoonbot_pkg/WiringPi/wiringPi/mcp23x08.h
[9.343s] -- Symlinking: /home/lisior/Workspaces/racoonbot_ws/install/racoonbot_pkg/include/racoonbot_pkg/WiringPi/wiringPi/mcp23x0817.h
[9.357s] -- Symlinking: /home/lisior/Workspaces/racoonbot_ws/install/racoonbot_pkg/include/racoonbot_pkg/WiringPi/wiringPi/mcp3002.c
[9.369s] -- Symlinking: /home/lisior/Workspaces/racoonbot_ws/install/racoonbot_pkg/include/racoonbot_pkg/WiringPi/wiringPi/mcp3002.h
[9.380s] -- Symlinking: /home/lisior/Workspaces/racoonbot_ws/install/racoonbot_pkg/include/racoonbot_pkg/WiringPi/wiringPi/mcp3004.c
[9.395s] -- Symlinking: /home/lisior/Workspaces/racoonbot_ws/install/racoonbot_pkg/include/racoonbot_pkg/WiringPi/wiringPi/mcp3004.h
[9.407s] -- Symlinking: /home/lisior/Workspaces/racoonbot_ws/install/racoonbot_pkg/include/racoonbot_pkg/WiringPi/wiringPi/mcp3422.c
[9.418s] -- Symlinking: /home/lisior/Workspaces/racoonbot_ws/install/racoonbot_pkg/include/racoonbot_pkg/WiringPi/wiringPi/mcp3422.h
[9.429s] -- Symlinking: /home/lisior/Workspaces/racoonbot_ws/install/racoonbot_pkg/include/racoonbot_pkg/WiringPi/wiringPi/mcp4802.c
[9.440s] -- Symlinking: /home/lisior/Workspaces/racoonbot_ws/install/racoonbot_pkg/include/racoonbot_pkg/WiringPi/wiringPi/mcp4802.h
[9.452s] -- Symlinking: /home/lisior/Workspaces/racoonbot_ws/install/racoonbot_pkg/include/racoonbot_pkg/WiringPi/wiringPi/noMoreStatic
[9.463s] -- Symlinking: /home/lisior/Workspaces/racoonbot_ws/install/racoonbot_pkg/include/racoonbot_pkg/WiringPi/wiringPi/pcf8574.c
[9.474s] -- Symlinking: /home/lisior/Workspaces/racoonbot_ws/install/racoonbot_pkg/include/racoonbot_pkg/WiringPi/wiringPi/pcf8574.h
[9.487s] -- Symlinking: /home/lisior/Workspaces/racoonbot_ws/install/racoonbot_pkg/include/racoonbot_pkg/WiringPi/wiringPi/pcf8591.c
[9.501s] -- Symlinking: /home/lisior/Workspaces/racoonbot_ws/install/racoonbot_pkg/include/racoonbot_pkg/WiringPi/wiringPi/pcf8591.h
[9.514s] -- Symlinking: /home/lisior/Workspaces/racoonbot_ws/install/racoonbot_pkg/include/racoonbot_pkg/WiringPi/wiringPi/piHiPri.c
[9.526s] -- Symlinking: /home/lisior/Workspaces/racoonbot_ws/install/racoonbot_pkg/include/racoonbot_pkg/WiringPi/wiringPi/piThread.c
[9.537s] -- Symlinking: /home/lisior/Workspaces/racoonbot_ws/install/racoonbot_pkg/include/racoonbot_pkg/WiringPi/wiringPi/pseudoPins.c
[9.548s] -- Symlinking: /home/lisior/Workspaces/racoonbot_ws/install/racoonbot_pkg/include/racoonbot_pkg/WiringPi/wiringPi/pseudoPins.h
[9.559s] -- Symlinking: /home/lisior/Workspaces/racoonbot_ws/install/racoonbot_pkg/include/racoonbot_pkg/WiringPi/wiringPi/rht03.c
[9.570s] -- Symlinking: /home/lisior/Workspaces/racoonbot_ws/install/racoonbot_pkg/include/racoonbot_pkg/WiringPi/wiringPi/rht03.h
[9.584s] -- Symlinking: /home/lisior/Workspaces/racoonbot_ws/install/racoonbot_pkg/include/racoonbot_pkg/WiringPi/wiringPi/sn3218.c
[9.597s] -- Symlinking: /home/lisior/Workspaces/racoonbot_ws/install/racoonbot_pkg/include/racoonbot_pkg/WiringPi/wiringPi/sn3218.h
[9.609s] -- Symlinking: /home/lisior/Workspaces/racoonbot_ws/install/racoonbot_pkg/include/racoonbot_pkg/WiringPi/wiringPi/softPwm.c
[9.621s] -- Symlinking: /home/lisior/Workspaces/racoonbot_ws/install/racoonbot_pkg/include/racoonbot_pkg/WiringPi/wiringPi/softPwm.h
[9.632s] -- Symlinking: /home/lisior/Workspaces/racoonbot_ws/install/racoonbot_pkg/include/racoonbot_pkg/WiringPi/wiringPi/softServo.c
[9.643s] -- Symlinking: /home/lisior/Workspaces/racoonbot_ws/install/racoonbot_pkg/include/racoonbot_pkg/WiringPi/wiringPi/softServo.h
[9.654s] -- Symlinking: /home/lisior/Workspaces/racoonbot_ws/install/racoonbot_pkg/include/racoonbot_pkg/WiringPi/wiringPi/softTone.c
[9.665s] -- Symlinking: /home/lisior/Workspaces/racoonbot_ws/install/racoonbot_pkg/include/racoonbot_pkg/WiringPi/wiringPi/softTone.h
[9.676s] -- Symlinking: /home/lisior/Workspaces/racoonbot_ws/install/racoonbot_pkg/include/racoonbot_pkg/WiringPi/wiringPi/sr595.c
[9.689s] -- Symlinking: /home/lisior/Workspaces/racoonbot_ws/install/racoonbot_pkg/include/racoonbot_pkg/WiringPi/wiringPi/sr595.h
[9.700s] -- Symlinking: /home/lisior/Workspaces/racoonbot_ws/install/racoonbot_pkg/include/racoonbot_pkg/WiringPi/wiringPi/wiringPi.c
[9.713s] -- Symlinking: /home/lisior/Workspaces/racoonbot_ws/install/racoonbot_pkg/include/racoonbot_pkg/WiringPi/wiringPi/wiringPi.h
[9.725s] -- Symlinking: /home/lisior/Workspaces/racoonbot_ws/install/racoonbot_pkg/include/racoonbot_pkg/WiringPi/wiringPi/wiringPiI2C.c
[9.737s] -- Symlinking: /home/lisior/Workspaces/racoonbot_ws/install/racoonbot_pkg/include/racoonbot_pkg/WiringPi/wiringPi/wiringPiI2C.h
[9.748s] -- Symlinking: /home/lisior/Workspaces/racoonbot_ws/install/racoonbot_pkg/include/racoonbot_pkg/WiringPi/wiringPi/wiringPiLegacy.c
[9.760s] -- Symlinking: /home/lisior/Workspaces/racoonbot_ws/install/racoonbot_pkg/include/racoonbot_pkg/WiringPi/wiringPi/wiringPiLegacy.h
[9.772s] -- Symlinking: /home/lisior/Workspaces/racoonbot_ws/install/racoonbot_pkg/include/racoonbot_pkg/WiringPi/wiringPi/wiringPiSPI.c
[9.786s] -- Symlinking: /home/lisior/Workspaces/racoonbot_ws/install/racoonbot_pkg/include/racoonbot_pkg/WiringPi/wiringPi/wiringPiSPI.h
[9.797s] -- Symlinking: /home/lisior/Workspaces/racoonbot_ws/install/racoonbot_pkg/include/racoonbot_pkg/WiringPi/wiringPi/wiringSerial.c
[9.809s] -- Symlinking: /home/lisior/Workspaces/racoonbot_ws/install/racoonbot_pkg/include/racoonbot_pkg/WiringPi/wiringPi/wiringSerial.h
[9.820s] -- Symlinking: /home/lisior/Workspaces/racoonbot_ws/install/racoonbot_pkg/include/racoonbot_pkg/WiringPi/wiringPi/wiringShift.c
[9.832s] -- Symlinking: /home/lisior/Workspaces/racoonbot_ws/install/racoonbot_pkg/include/racoonbot_pkg/WiringPi/wiringPi/wiringShift.h
[9.844s] -- Symlinking: /home/lisior/Workspaces/racoonbot_ws/install/racoonbot_pkg/include/racoonbot_pkg/WiringPi/wiringPi/wpiExtensions.c
[9.856s] -- Symlinking: /home/lisior/Workspaces/racoonbot_ws/install/racoonbot_pkg/include/racoonbot_pkg/WiringPi/wiringPi/wpiExtensions.h
[9.868s] -- Symlinking: /home/lisior/Workspaces/racoonbot_ws/install/racoonbot_pkg/include/racoonbot_pkg/WiringPi/wiringPiD/Makefile
[9.878s] -- Symlinking: /home/lisior/Workspaces/racoonbot_ws/install/racoonbot_pkg/include/racoonbot_pkg/WiringPi/wiringPiD/daemonise.c
[9.891s] -- Symlinking: /home/lisior/Workspaces/racoonbot_ws/install/racoonbot_pkg/include/racoonbot_pkg/WiringPi/wiringPiD/daemonise.h
[9.905s] -- Symlinking: /home/lisior/Workspaces/racoonbot_ws/install/racoonbot_pkg/include/racoonbot_pkg/WiringPi/wiringPiD/drcNetCmd.h
[9.917s] -- Symlinking: /home/lisior/Workspaces/racoonbot_ws/install/racoonbot_pkg/include/racoonbot_pkg/WiringPi/wiringPiD/network.c
[9.929s] -- Symlinking: /home/lisior/Workspaces/racoonbot_ws/install/racoonbot_pkg/include/racoonbot_pkg/WiringPi/wiringPiD/network.h
[9.940s] -- Symlinking: /home/lisior/Workspaces/racoonbot_ws/install/racoonbot_pkg/include/racoonbot_pkg/WiringPi/wiringPiD/runRemote.c
[9.952s] -- Symlinking: /home/lisior/Workspaces/racoonbot_ws/install/racoonbot_pkg/include/racoonbot_pkg/WiringPi/wiringPiD/runRemote.h
[9.963s] -- Symlinking: /home/lisior/Workspaces/racoonbot_ws/install/racoonbot_pkg/include/racoonbot_pkg/WiringPi/wiringPiD/wiringpid.c
[9.976s] -- Symlinking: /home/lisior/Workspaces/racoonbot_ws/install/racoonbot_pkg/include/racoonbot_pkg/racoonbot_pkg/racoonbot_control.hpp
[9.991s] -- Symlinking: /home/lisior/Workspaces/racoonbot_ws/install/racoonbot_pkg/include/racoonbot_pkg/racoonbot_pkg/racoonbot_system.hpp
[10.005s] -- Symlinking: /home/lisior/Workspaces/racoonbot_ws/install/racoonbot_pkg/include/racoonbot_pkg/racoonbot_pkg/visibility_control.h
[10.018s] -- Symlinking: /home/lisior/Workspaces/racoonbot_ws/install/racoonbot_pkg/include/racoonbot_pkg/racoonbot_pkg/wheel.hpp
[10.030s] -- Symlinking: /home/lisior/Workspaces/racoonbot_ws/install/racoonbot_pkg/share/racoonbot_pkg/ros2_control/racoonbot.ros2_control.xacro
[10.041s] -- Symlinking: /home/lisior/Workspaces/racoonbot_ws/install/racoonbot_pkg/share/racoonbot_pkg/urdf/racoonbot.materials.xacro
[10.054s] -- Symlinking: /home/lisior/Workspaces/racoonbot_ws/install/racoonbot_pkg/share/racoonbot_pkg/urdf/racoonbot.urdf.xacro
[10.068s] -- Symlinking: /home/lisior/Workspaces/racoonbot_ws/install/racoonbot_pkg/share/racoonbot_pkg/urdf/racoonbot_description.urdf.xacro
[10.081s] -- Symlinking: /home/lisior/Workspaces/racoonbot_ws/install/racoonbot_pkg/share/racoonbot_pkg/urdf/racoonbot_description_3.urdf.xacro
[10.096s] -- Symlinking: /home/lisior/Workspaces/racoonbot_ws/install/racoonbot_pkg/share/racoonbot_pkg/rviz/racoonbot copy.rviz
[10.110s] -- Symlinking: /home/lisior/Workspaces/racoonbot_ws/install/racoonbot_pkg/share/racoonbot_pkg/rviz/racoonbot.rviz
[10.122s] -- Symlinking: /home/lisior/Workspaces/racoonbot_ws/install/racoonbot_pkg/share/racoonbot_pkg/rviz/racoonbot_view copy.rviz
[10.133s] -- Symlinking: /home/lisior/Workspaces/racoonbot_ws/install/racoonbot_pkg/share/racoonbot_pkg/rviz/racoonbot_view.rviz
[10.144s] -- Symlinking: /home/lisior/Workspaces/racoonbot_ws/install/racoonbot_pkg/share/racoonbot_pkg/meshes/base_link.dae
[10.156s] -- Symlinking: /home/lisior/Workspaces/racoonbot_ws/install/racoonbot_pkg/share/racoonbot_pkg/meshes/caster_link.dae
[10.167s] -- Symlinking: /home/lisior/Workspaces/racoonbot_ws/install/racoonbot_pkg/share/racoonbot_pkg/meshes/motor_link.dae
[10.180s] -- Symlinking: /home/lisior/Workspaces/racoonbot_ws/install/racoonbot_pkg/share/racoonbot_pkg/meshes/scan_link.dae
[10.195s] -- Symlinking: /home/lisior/Workspaces/racoonbot_ws/install/racoonbot_pkg/share/racoonbot_pkg/meshes/wheel_link.dae
[10.208s] -- Symlinking: /home/lisior/Workspaces/racoonbot_ws/install/racoonbot_pkg/share/racoonbot_pkg/launch/racoonbot.launch.py
[10.221s] -- Symlinking: /home/lisior/Workspaces/racoonbot_ws/install/racoonbot_pkg/share/racoonbot_pkg/config/racoonbot_controllers.yaml
[10.233s] -- Symlinking: /home/lisior/Workspaces/racoonbot_ws/install/racoonbot_pkg/share/racoonbot_pkg/environment/library_path.sh
[10.244s] -- Symlinking: /home/lisior/Workspaces/racoonbot_ws/install/racoonbot_pkg/share/racoonbot_pkg/environment/library_path.dsv
[10.256s] -- Symlinking: /home/lisior/Workspaces/racoonbot_ws/install/racoonbot_pkg/share/ament_index/resource_index/package_run_dependencies/racoonbot_pkg
[10.270s] -- Symlinking: /home/lisior/Workspaces/racoonbot_ws/install/racoonbot_pkg/share/ament_index/resource_index/parent_prefix_path/racoonbot_pkg
[10.282s] -- Symlinking: /home/lisior/Workspaces/racoonbot_ws/install/racoonbot_pkg/share/racoonbot_pkg/environment/ament_prefix_path.sh
[10.296s] -- Symlinking: /home/lisior/Workspaces/racoonbot_ws/install/racoonbot_pkg/share/racoonbot_pkg/environment/ament_prefix_path.dsv
[10.311s] -- Symlinking: /home/lisior/Workspaces/racoonbot_ws/install/racoonbot_pkg/share/racoonbot_pkg/environment/path.sh
[10.324s] -- Symlinking: /home/lisior/Workspaces/racoonbot_ws/install/racoonbot_pkg/share/racoonbot_pkg/environment/path.dsv
[10.337s] -- Symlinking: /home/lisior/Workspaces/racoonbot_ws/install/racoonbot_pkg/share/racoonbot_pkg/local_setup.bash
[10.350s] -- Symlinking: /home/lisior/Workspaces/racoonbot_ws/install/racoonbot_pkg/share/racoonbot_pkg/local_setup.sh
[10.363s] -- Symlinking: /home/lisior/Workspaces/racoonbot_ws/install/racoonbot_pkg/share/racoonbot_pkg/local_setup.zsh
[10.376s] -- Symlinking: /home/lisior/Workspaces/racoonbot_ws/install/racoonbot_pkg/share/racoonbot_pkg/local_setup.dsv
[10.389s] -- Symlinking: /home/lisior/Workspaces/racoonbot_ws/install/racoonbot_pkg/share/racoonbot_pkg/package.dsv
[10.402s] -- Symlinking: /home/lisior/Workspaces/racoonbot_ws/install/racoonbot_pkg/share/ament_index/resource_index/packages/racoonbot_pkg
[10.414s] -- Symlinking: /home/lisior/Workspaces/racoonbot_ws/install/racoonbot_pkg/share/ament_index/resource_index/hardware_interface__pluginlib__plugin/racoonbot_pkg
[10.426s] -- Symlinking: /home/lisior/Workspaces/racoonbot_ws/install/racoonbot_pkg/share/racoonbot_pkg/cmake/ament_cmake_export_targets-extras.cmake
[10.436s] -- Symlinking: /home/lisior/Workspaces/racoonbot_ws/install/racoonbot_pkg/share/racoonbot_pkg/cmake/ament_cmake_export_dependencies-extras.cmake
[10.447s] -- Symlinking: /home/lisior/Workspaces/racoonbot_ws/install/racoonbot_pkg/share/racoonbot_pkg/cmake/racoonbot_pkgConfig.cmake
[10.458s] -- Symlinking: /home/lisior/Workspaces/racoonbot_ws/install/racoonbot_pkg/share/racoonbot_pkg/cmake/racoonbot_pkgConfig-version.cmake
[10.471s] -- Symlinking: /home/lisior/Workspaces/racoonbot_ws/install/racoonbot_pkg/share/racoonbot_pkg/package.xml
[10.484s] -- Installing: /home/lisior/Workspaces/racoonbot_ws/install/racoonbot_pkg/lib/libracoonbot_pkg.so
[10.485s] -- Set runtime path of "/home/lisior/Workspaces/racoonbot_ws/install/racoonbot_pkg/lib/libracoonbot_pkg.so" to ""
[10.485s] -- Installing: /home/lisior/Workspaces/racoonbot_ws/install/racoonbot_pkg/share/racoonbot_pkg/cmake/export_racoonbot_pkgExport.cmake
[10.485s] -- Installing: /home/lisior/Workspaces/racoonbot_ws/install/racoonbot_pkg/share/racoonbot_pkg/cmake/export_racoonbot_pkgExport-noconfig.cmake
[10.493s] Invoked command in '/home/lisior/Workspaces/racoonbot_ws/build/racoonbot_pkg' returned '0': CMAKE_PREFIX_PATH=${CMAKE_PREFIX_PATH}:/opt/ros/humble /usr/bin/cmake --install /home/lisior/Workspaces/racoonbot_ws/build/racoonbot_pkg
