-- The CXX compiler identification is GNU 11.4.0
-- Detecting CXX compiler ABI info
-- Detecting CXX compiler ABI info - done
-- Check for working CXX compiler: /usr/bin/c++ - skipped
-- Detecting CXX compile features
-- Detecting CXX compile features - done
-- Found ament_cmake: 1.3.8 (/opt/ros/humble/share/ament_cmake/cmake)
-- Found Python3: /usr/bin/python3 (found version "3.10.12") found components: Interpreter 
-- Override CMake install command with custom implementation using symlinks instead of copying resources
-- Found hardware_interface: 2.40.0 (/opt/ros/humble/share/hardware_interface/cmake)
-- Found rosidl_generator_c: 3.1.5 (/opt/ros/humble/share/rosidl_generator_c/cmake)
-- Found rosidl_adapter: 3.1.5 (/opt/ros/humble/share/rosidl_adapter/cmake)
-- Found rosidl_generator_cpp: 3.1.5 (/opt/ros/humble/share/rosidl_generator_cpp/cmake)
-- Using all available rosidl_typesupport_c: rosidl_typesupport_fastrtps_c;rosidl_typesupport_introspection_c
-- Using all available rosidl_typesupport_cpp: rosidl_typesupport_fastrtps_cpp;rosidl_typesupport_introspection_cpp
-- Found rmw_implementation_cmake: 6.1.1 (/opt/ros/humble/share/rmw_implementation_cmake/cmake)
-- Found rmw_fastrtps_cpp: 6.2.6 (/opt/ros/humble/share/rmw_fastrtps_cpp/cmake)
-- Found TinyXML2 via Config file: TinyXML2_DIR-NOTFOUND
-- Found OpenSSL: /usr/lib/aarch64-linux-gnu/libcrypto.so (found version "3.0.2")  
-- Found TinyXML2 via Config file: TinyXML2_DIR-NOTFOUND
-- Found FastRTPS: /opt/ros/humble/include  
-- Found TinyXML2 via Config file: TinyXML2_DIR-NOTFOUND
-- Found TinyXML2 via Config file: TinyXML2_DIR-NOTFOUND
-- Using RMW implementation 'rmw_fastrtps_cpp' as default
-- Looking for C++ include pthread.h
-- Looking for C++ include pthread.h - found
-- Performing Test CMAKE_HAVE_LIBC_PTHREAD
-- Performing Test CMAKE_HAVE_LIBC_PTHREAD - Success
-- Found Threads: TRUE  
-- Configuring done
-- Generating done
-- Build files have been written to: /home/pawel/Workspaces/racoonbot/build/racoonbot_pkg
[ 50%] [32mBuilding CXX object CMakeFiles/racoonbot_pkg.dir/hardware/racoonbot_system.cpp.o[0m
[100%] [32m[1mLinking CXX shared library libracoonbot_pkg.so[0m
[100%] Built target racoonbot_pkg
-- Install configuration: ""
-- Execute custom install script
-- Symlinking: /home/pawel/Workspaces/racoonbot/install/racoonbot_pkg/share/racoonbot_pkg//racoonbot_pkg.xml
-- Symlinking: /home/pawel/Workspaces/racoonbot/install/racoonbot_pkg/include/racoonbot_pkg/racoonbot_pkg/racoonbot_control.hpp
-- Symlinking: /home/pawel/Workspaces/racoonbot/install/racoonbot_pkg/include/racoonbot_pkg/racoonbot_pkg/racoonbot_system.hpp
-- Symlinking: /home/pawel/Workspaces/racoonbot/install/racoonbot_pkg/include/racoonbot_pkg/racoonbot_pkg/visibility_control.h
-- Symlinking: /home/pawel/Workspaces/racoonbot/install/racoonbot_pkg/include/racoonbot_pkg/racoonbot_pkg/wheel.hpp
-- Symlinking: /home/pawel/Workspaces/racoonbot/install/racoonbot_pkg/share/racoonbot_pkg/ros2_control/racoonbot.ros2_control.xacro
-- Symlinking: /home/pawel/Workspaces/racoonbot/install/racoonbot_pkg/share/racoonbot_pkg/urdf/racoonbot.materials.xacro
-- Symlinking: /home/pawel/Workspaces/racoonbot/install/racoonbot_pkg/share/racoonbot_pkg/urdf/racoonbot.urdf.xacro
-- Symlinking: /home/pawel/Workspaces/racoonbot/install/racoonbot_pkg/share/racoonbot_pkg/urdf/racoonbot_description.urdf.xacro
-- Symlinking: /home/pawel/Workspaces/racoonbot/install/racoonbot_pkg/share/racoonbot_pkg/urdf/racoonbot_description_3.urdf.xacro
-- Symlinking: /home/pawel/Workspaces/racoonbot/install/racoonbot_pkg/share/racoonbot_pkg/rviz/racoonbot copy.rviz
-- Symlinking: /home/pawel/Workspaces/racoonbot/install/racoonbot_pkg/share/racoonbot_pkg/rviz/racoonbot.rviz
-- Symlinking: /home/pawel/Workspaces/racoonbot/install/racoonbot_pkg/share/racoonbot_pkg/rviz/racoonbot_view copy.rviz
-- Symlinking: /home/pawel/Workspaces/racoonbot/install/racoonbot_pkg/share/racoonbot_pkg/rviz/racoonbot_view.rviz
-- Symlinking: /home/pawel/Workspaces/racoonbot/install/racoonbot_pkg/share/racoonbot_pkg/meshes/base_link.dae
-- Symlinking: /home/pawel/Workspaces/racoonbot/install/racoonbot_pkg/share/racoonbot_pkg/meshes/caster_link.dae
-- Symlinking: /home/pawel/Workspaces/racoonbot/install/racoonbot_pkg/share/racoonbot_pkg/meshes/motor_link.dae
-- Symlinking: /home/pawel/Workspaces/racoonbot/install/racoonbot_pkg/share/racoonbot_pkg/meshes/scan_link.dae
-- Symlinking: /home/pawel/Workspaces/racoonbot/install/racoonbot_pkg/share/racoonbot_pkg/meshes/wheel_link.dae
-- Symlinking: /home/pawel/Workspaces/racoonbot/install/racoonbot_pkg/share/racoonbot_pkg/launch/racoonbot.launch.py
-- Symlinking: /home/pawel/Workspaces/racoonbot/install/racoonbot_pkg/share/racoonbot_pkg/config/racoonbot_controllers.yaml
-- Symlinking: /home/pawel/Workspaces/racoonbot/install/racoonbot_pkg/share/racoonbot_pkg/environment/library_path.sh
-- Symlinking: /home/pawel/Workspaces/racoonbot/install/racoonbot_pkg/share/racoonbot_pkg/environment/library_path.dsv
-- Symlinking: /home/pawel/Workspaces/racoonbot/install/racoonbot_pkg/share/ament_index/resource_index/package_run_dependencies/racoonbot_pkg
-- Symlinking: /home/pawel/Workspaces/racoonbot/install/racoonbot_pkg/share/ament_index/resource_index/parent_prefix_path/racoonbot_pkg
-- Symlinking: /home/pawel/Workspaces/racoonbot/install/racoonbot_pkg/share/racoonbot_pkg/environment/ament_prefix_path.sh
-- Symlinking: /home/pawel/Workspaces/racoonbot/install/racoonbot_pkg/share/racoonbot_pkg/environment/ament_prefix_path.dsv
-- Symlinking: /home/pawel/Workspaces/racoonbot/install/racoonbot_pkg/share/racoonbot_pkg/environment/path.sh
-- Symlinking: /home/pawel/Workspaces/racoonbot/install/racoonbot_pkg/share/racoonbot_pkg/environment/path.dsv
-- Symlinking: /home/pawel/Workspaces/racoonbot/install/racoonbot_pkg/share/racoonbot_pkg/local_setup.bash
-- Symlinking: /home/pawel/Workspaces/racoonbot/install/racoonbot_pkg/share/racoonbot_pkg/local_setup.sh
-- Symlinking: /home/pawel/Workspaces/racoonbot/install/racoonbot_pkg/share/racoonbot_pkg/local_setup.zsh
-- Symlinking: /home/pawel/Workspaces/racoonbot/install/racoonbot_pkg/share/racoonbot_pkg/local_setup.dsv
-- Symlinking: /home/pawel/Workspaces/racoonbot/install/racoonbot_pkg/share/racoonbot_pkg/package.dsv
-- Symlinking: /home/pawel/Workspaces/racoonbot/install/racoonbot_pkg/share/ament_index/resource_index/packages/racoonbot_pkg
-- Symlinking: /home/pawel/Workspaces/racoonbot/install/racoonbot_pkg/share/ament_index/resource_index/hardware_interface__pluginlib__plugin/racoonbot_pkg
-- Symlinking: /home/pawel/Workspaces/racoonbot/install/racoonbot_pkg/share/racoonbot_pkg/cmake/ament_cmake_export_targets-extras.cmake
-- Symlinking: /home/pawel/Workspaces/racoonbot/install/racoonbot_pkg/share/racoonbot_pkg/cmake/ament_cmake_export_dependencies-extras.cmake
-- Symlinking: /home/pawel/Workspaces/racoonbot/install/racoonbot_pkg/share/racoonbot_pkg/cmake/racoonbot_pkgConfig.cmake
-- Symlinking: /home/pawel/Workspaces/racoonbot/install/racoonbot_pkg/share/racoonbot_pkg/cmake/racoonbot_pkgConfig-version.cmake
-- Symlinking: /home/pawel/Workspaces/racoonbot/install/racoonbot_pkg/share/racoonbot_pkg/package.xml
-- Installing: /home/pawel/Workspaces/racoonbot/install/racoonbot_pkg/lib/libracoonbot_pkg.so
-- Set runtime path of "/home/pawel/Workspaces/racoonbot/install/racoonbot_pkg/lib/libracoonbot_pkg.so" to ""
-- Installing: /home/pawel/Workspaces/racoonbot/install/racoonbot_pkg/share/racoonbot_pkg/cmake/export_racoonbot_pkgExport.cmake
-- Installing: /home/pawel/Workspaces/racoonbot/install/racoonbot_pkg/share/racoonbot_pkg/cmake/export_racoonbot_pkgExport-noconfig.cmake
