[0.070s] Invoking command in '/home/pawel/Workspaces/racoonbot/build/racoonbot_pkg': CMAKE_PREFIX_PATH=${CMAKE_PREFIX_PATH}:/opt/ros/humble /usr/bin/cmake --build /home/pawel/Workspaces/racoonbot/build/racoonbot_pkg -- -j4 -l4
[0.429s] -- Found ament_cmake: 1.3.8 (/opt/ros/humble/share/ament_cmake/cmake)
[1.125s] -- Override CMake install command with custom implementation using symlinks instead of copying resources
[1.197s] -- Found hardware_interface: 2.40.0 (/opt/ros/humble/share/hardware_interface/cmake)
[1.422s] -- Found rosidl_generator_c: 3.1.5 (/opt/ros/humble/share/rosidl_generator_c/cmake)
[1.437s] -- Found rosidl_adapter: 3.1.5 (/opt/ros/humble/share/rosidl_adapter/cmake)
[1.475s] -- Found rosidl_generator_cpp: 3.1.5 (/opt/ros/humble/share/rosidl_generator_cpp/cmake)
[1.540s] -- Using all available rosidl_typesupport_c: rosidl_typesupport_fastrtps_c;rosidl_typesupport_introspection_c
[1.633s] -- Using all available rosidl_typesupport_cpp: rosidl_typesupport_fastrtps_cpp;rosidl_typesupport_introspection_cpp
[4.388s] -- Found rmw_implementation_cmake: 6.1.1 (/opt/ros/humble/share/rmw_implementation_cmake/cmake)
[4.399s] -- Found rmw_fastrtps_cpp: 6.2.6 (/opt/ros/humble/share/rmw_fastrtps_cpp/cmake)
[4.563s] -- Found TinyXML2 via Config file: TinyXML2_DIR-NOTFOUND
[4.700s] -- Found TinyXML2 via Config file: TinyXML2_DIR-NOTFOUND
[4.810s] -- Found TinyXML2 via Config file: TinyXML2_DIR-NOTFOUND
[4.845s] -- Found TinyXML2 via Config file: TinyXML2_DIR-NOTFOUND
[4.882s] -- Using RMW implementation 'rmw_fastrtps_cpp' as default
[6.089s] -- Configuring done
[6.471s] -- Generating done
[6.482s] -- Build files have been written to: /home/pawel/Workspaces/racoonbot/build/racoonbot_pkg
[6.602s] [35m[1mConsolidate compiler generated dependencies of target racoonbot_pkg[0m
[6.802s] [100%] Built target racoonbot_pkg
[6.844s] Invoked command in '/home/pawel/Workspaces/racoonbot/build/racoonbot_pkg' returned '0': CMAKE_PREFIX_PATH=${CMAKE_PREFIX_PATH}:/opt/ros/humble /usr/bin/cmake --build /home/pawel/Workspaces/racoonbot/build/racoonbot_pkg -- -j4 -l4
[7.036s] Invoking command in '/home/pawel/Workspaces/racoonbot/build/racoonbot_pkg': CMAKE_PREFIX_PATH=${CMAKE_PREFIX_PATH}:/opt/ros/humble /usr/bin/cmake --install /home/pawel/Workspaces/racoonbot/build/racoonbot_pkg
[7.067s] -- Install configuration: ""
[7.069s] -- Execute custom install script
[7.070s] -- Up-to-date symlink: /home/pawel/Workspaces/racoonbot/install/racoonbot_pkg/share/racoonbot_pkg//racoonbot_pkg.xml
[7.072s] -- Up-to-date symlink: /home/pawel/Workspaces/racoonbot/install/racoonbot_pkg/include/racoonbot_pkg/racoonbot_pkg/racoonbot_control.hpp
[7.073s] -- Up-to-date symlink: /home/pawel/Workspaces/racoonbot/install/racoonbot_pkg/include/racoonbot_pkg/racoonbot_pkg/racoonbot_system.hpp
[7.074s] -- Up-to-date symlink: /home/pawel/Workspaces/racoonbot/install/racoonbot_pkg/include/racoonbot_pkg/racoonbot_pkg/visibility_control.h
[7.075s] -- Up-to-date symlink: /home/pawel/Workspaces/racoonbot/install/racoonbot_pkg/include/racoonbot_pkg/racoonbot_pkg/wheel.hpp
[7.076s] -- Up-to-date symlink: /home/pawel/Workspaces/racoonbot/install/racoonbot_pkg/share/racoonbot_pkg/ros2_control/racoonbot.ros2_control.xacro
[7.078s] -- Up-to-date symlink: /home/pawel/Workspaces/racoonbot/install/racoonbot_pkg/share/racoonbot_pkg/urdf/racoonbot.materials.xacro
[7.079s] -- Up-to-date symlink: /home/pawel/Workspaces/racoonbot/install/racoonbot_pkg/share/racoonbot_pkg/urdf/racoonbot.urdf.xacro
[7.080s] -- Up-to-date symlink: /home/pawel/Workspaces/racoonbot/install/racoonbot_pkg/share/racoonbot_pkg/urdf/racoonbot_description.urdf.xacro
[7.081s] -- Up-to-date symlink: /home/pawel/Workspaces/racoonbot/install/racoonbot_pkg/share/racoonbot_pkg/urdf/racoonbot_description_3.urdf.xacro
[7.082s] -- Up-to-date symlink: /home/pawel/Workspaces/racoonbot/install/racoonbot_pkg/share/racoonbot_pkg/rviz/racoonbot copy.rviz
[7.083s] -- Up-to-date symlink: /home/pawel/Workspaces/racoonbot/install/racoonbot_pkg/share/racoonbot_pkg/rviz/racoonbot.rviz
[7.084s] -- Up-to-date symlink: /home/pawel/Workspaces/racoonbot/install/racoonbot_pkg/share/racoonbot_pkg/rviz/racoonbot_view copy.rviz
[7.085s] -- Up-to-date symlink: /home/pawel/Workspaces/racoonbot/install/racoonbot_pkg/share/racoonbot_pkg/rviz/racoonbot_view.rviz
[7.086s] -- Up-to-date symlink: /home/pawel/Workspaces/racoonbot/install/racoonbot_pkg/share/racoonbot_pkg/meshes/base_link.dae
[7.087s] -- Up-to-date symlink: /home/pawel/Workspaces/racoonbot/install/racoonbot_pkg/share/racoonbot_pkg/meshes/caster_link.dae
[7.088s] -- Up-to-date symlink: /home/pawel/Workspaces/racoonbot/install/racoonbot_pkg/share/racoonbot_pkg/meshes/motor_link.dae
[7.088s] -- Up-to-date symlink: /home/pawel/Workspaces/racoonbot/install/racoonbot_pkg/share/racoonbot_pkg/meshes/scan_link.dae
[7.089s] -- Up-to-date symlink: /home/pawel/Workspaces/racoonbot/install/racoonbot_pkg/share/racoonbot_pkg/meshes/wheel_link.dae
[7.091s] -- Up-to-date symlink: /home/pawel/Workspaces/racoonbot/install/racoonbot_pkg/share/racoonbot_pkg/launch/racoonbot.launch.py
[7.092s] -- Up-to-date symlink: /home/pawel/Workspaces/racoonbot/install/racoonbot_pkg/share/racoonbot_pkg/config/racoonbot_controllers.yaml
[7.094s] -- Up-to-date symlink: /home/pawel/Workspaces/racoonbot/install/racoonbot_pkg/share/racoonbot_pkg/environment/library_path.sh
[7.096s] -- Up-to-date symlink: /home/pawel/Workspaces/racoonbot/install/racoonbot_pkg/share/racoonbot_pkg/environment/library_path.dsv
[7.097s] -- Up-to-date symlink: /home/pawel/Workspaces/racoonbot/install/racoonbot_pkg/share/ament_index/resource_index/package_run_dependencies/racoonbot_pkg
[7.099s] -- Up-to-date symlink: /home/pawel/Workspaces/racoonbot/install/racoonbot_pkg/share/ament_index/resource_index/parent_prefix_path/racoonbot_pkg
[7.100s] -- Up-to-date symlink: /home/pawel/Workspaces/racoonbot/install/racoonbot_pkg/share/racoonbot_pkg/environment/ament_prefix_path.sh
[7.102s] -- Up-to-date symlink: /home/pawel/Workspaces/racoonbot/install/racoonbot_pkg/share/racoonbot_pkg/environment/ament_prefix_path.dsv
[7.103s] -- Up-to-date symlink: /home/pawel/Workspaces/racoonbot/install/racoonbot_pkg/share/racoonbot_pkg/environment/path.sh
[7.105s] -- Up-to-date symlink: /home/pawel/Workspaces/racoonbot/install/racoonbot_pkg/share/racoonbot_pkg/environment/path.dsv
[7.106s] -- Up-to-date symlink: /home/pawel/Workspaces/racoonbot/install/racoonbot_pkg/share/racoonbot_pkg/local_setup.bash
[7.107s] -- Up-to-date symlink: /home/pawel/Workspaces/racoonbot/install/racoonbot_pkg/share/racoonbot_pkg/local_setup.sh
[7.108s] -- Up-to-date symlink: /home/pawel/Workspaces/racoonbot/install/racoonbot_pkg/share/racoonbot_pkg/local_setup.zsh
[7.110s] -- Up-to-date symlink: /home/pawel/Workspaces/racoonbot/install/racoonbot_pkg/share/racoonbot_pkg/local_setup.dsv
[7.111s] -- Symlinking: /home/pawel/Workspaces/racoonbot/install/racoonbot_pkg/share/racoonbot_pkg/package.dsv
[7.148s] -- Up-to-date symlink: /home/pawel/Workspaces/racoonbot/install/racoonbot_pkg/share/ament_index/resource_index/packages/racoonbot_pkg
[7.149s] -- Up-to-date symlink: /home/pawel/Workspaces/racoonbot/install/racoonbot_pkg/share/ament_index/resource_index/hardware_interface__pluginlib__plugin/racoonbot_pkg
[7.150s] -- Up-to-date symlink: /home/pawel/Workspaces/racoonbot/install/racoonbot_pkg/share/racoonbot_pkg/cmake/ament_cmake_export_targets-extras.cmake
[7.151s] -- Up-to-date symlink: /home/pawel/Workspaces/racoonbot/install/racoonbot_pkg/share/racoonbot_pkg/cmake/ament_cmake_export_dependencies-extras.cmake
[7.152s] -- Up-to-date symlink: /home/pawel/Workspaces/racoonbot/install/racoonbot_pkg/share/racoonbot_pkg/cmake/racoonbot_pkgConfig.cmake
[7.154s] -- Up-to-date symlink: /home/pawel/Workspaces/racoonbot/install/racoonbot_pkg/share/racoonbot_pkg/cmake/racoonbot_pkgConfig-version.cmake
[7.154s] -- Up-to-date symlink: /home/pawel/Workspaces/racoonbot/install/racoonbot_pkg/share/racoonbot_pkg/package.xml
[7.159s] -- Up-to-date: /home/pawel/Workspaces/racoonbot/install/racoonbot_pkg/lib/libracoonbot_pkg.so
[7.162s] -- Up-to-date: /home/pawel/Workspaces/racoonbot/install/racoonbot_pkg/share/racoonbot_pkg/cmake/export_racoonbot_pkgExport.cmake
[7.163s] -- Up-to-date: /home/pawel/Workspaces/racoonbot/install/racoonbot_pkg/share/racoonbot_pkg/cmake/export_racoonbot_pkgExport-noconfig.cmake
[7.170s] Invoked command in '/home/pawel/Workspaces/racoonbot/build/racoonbot_pkg' returned '0': CMAKE_PREFIX_PATH=${CMAKE_PREFIX_PATH}:/opt/ros/humble /usr/bin/cmake --install /home/pawel/Workspaces/racoonbot/build/racoonbot_pkg
