[0.429s] DEBUG:colcon:Command line arguments: ['/usr/bin/colcon', 'build', '--symlink-install']
[0.429s] DEBUG:colcon:Parsed command line arguments: Namespace(log_base=None, log_level=None, verb_name='build', build_base='build', install_base='install', merge_install=False, symlink_install=True, test_result_base=None, continue_on_error=False, executor='parallel', parallel_workers=4, event_handlers=None, ignore_user_meta=False, metas=['./colcon.meta'], base_paths=['.'], packages_ignore=None, packages_ignore_regex=None, paths=None, packages_up_to=None, packages_up_to_regex=None, packages_above=None, packages_above_and_dependencies=None, packages_above_depth=None, packages_select_by_dep=None, packages_skip_by_dep=None, packages_skip_up_to=None, packages_select_build_failed=False, packages_skip_build_finished=False, packages_select_test_failures=False, packages_skip_test_passed=False, packages_select=None, packages_skip=None, packages_select_regex=None, packages_skip_regex=None, packages_start=None, packages_end=None, allow_overriding=[], cmake_args=None, cmake_target=None, cmake_target_skip_unavailable=False, cmake_clean_cache=False, cmake_clean_first=False, cmake_force_configure=False, ament_cmake_args=None, catkin_cmake_args=None, catkin_skip_building_tests=False, verb_parser=<colcon_defaults.argument_parser.defaults.DefaultArgumentsDecorator object at 0xffffa1d90700>, verb_extension=<colcon_core.verb.build.BuildVerb object at 0xffffa1d90220>, main=<bound method BuildVerb.main of <colcon_core.verb.build.BuildVerb object at 0xffffa1d90220>>)
[1.618s] Level 1:colcon.colcon_core.package_discovery:discover_packages(colcon_meta) check parameters
[1.619s] Level 1:colcon.colcon_core.package_discovery:discover_packages(recursive) check parameters
[1.619s] Level 1:colcon.colcon_core.package_discovery:discover_packages(ignore) check parameters
[1.619s] Level 1:colcon.colcon_core.package_discovery:discover_packages(path) check parameters
[1.619s] Level 1:colcon.colcon_core.package_discovery:discover_packages(colcon_meta) discover
[1.619s] Level 1:colcon.colcon_core.package_discovery:discover_packages(recursive) discover
[1.620s] INFO:colcon.colcon_core.package_discovery:Crawling recursively for packages in '/home/pawel/Workspaces/racoonbot'
[1.620s] Level 1:colcon.colcon_core.package_identification:_identify(.) by extensions ['ignore', 'ignore_ament_install']
[1.621s] Level 1:colcon.colcon_core.package_identification:_identify(.) by extension 'ignore'
[1.622s] Level 1:colcon.colcon_core.package_identification:_identify(.) by extension 'ignore_ament_install'
[1.622s] Level 1:colcon.colcon_core.package_identification:_identify(.) by extensions ['colcon_pkg']
[1.622s] Level 1:colcon.colcon_core.package_identification:_identify(.) by extension 'colcon_pkg'
[1.622s] Level 1:colcon.colcon_core.package_identification:_identify(.) by extensions ['colcon_meta']
[1.623s] Level 1:colcon.colcon_core.package_identification:_identify(.) by extension 'colcon_meta'
[1.623s] Level 1:colcon.colcon_core.package_identification:_identify(.) by extensions ['ros']
[1.623s] Level 1:colcon.colcon_core.package_identification:_identify(.) by extension 'ros'
[1.756s] Level 1:colcon.colcon_core.package_identification:_identify(.) by extensions ['cmake', 'python']
[1.756s] Level 1:colcon.colcon_core.package_identification:_identify(.) by extension 'cmake'
[1.756s] Level 1:colcon.colcon_core.package_identification:_identify(.) by extension 'python'
[1.757s] Level 1:colcon.colcon_core.package_identification:_identify(.) by extensions ['python_setup_py']
[1.757s] Level 1:colcon.colcon_core.package_identification:_identify(.) by extension 'python_setup_py'
[1.757s] Level 1:colcon.colcon_core.package_identification:_identify(build) by extensions ['ignore', 'ignore_ament_install']
[1.758s] Level 1:colcon.colcon_core.package_identification:_identify(build) by extension 'ignore'
[1.758s] Level 1:colcon.colcon_core.package_identification:_identify(build) ignored
[1.759s] Level 1:colcon.colcon_core.package_identification:_identify(install) by extensions ['ignore', 'ignore_ament_install']
[1.759s] Level 1:colcon.colcon_core.package_identification:_identify(install) by extension 'ignore'
[1.759s] Level 1:colcon.colcon_core.package_identification:_identify(install) ignored
[1.760s] Level 1:colcon.colcon_core.package_identification:_identify(log) by extensions ['ignore', 'ignore_ament_install']
[1.760s] Level 1:colcon.colcon_core.package_identification:_identify(log) by extension 'ignore'
[1.760s] Level 1:colcon.colcon_core.package_identification:_identify(log) ignored
[1.761s] Level 1:colcon.colcon_core.package_identification:_identify(src) by extensions ['ignore', 'ignore_ament_install']
[1.761s] Level 1:colcon.colcon_core.package_identification:_identify(src) by extension 'ignore'
[1.761s] Level 1:colcon.colcon_core.package_identification:_identify(src) by extension 'ignore_ament_install'
[1.762s] Level 1:colcon.colcon_core.package_identification:_identify(src) by extensions ['colcon_pkg']
[1.762s] Level 1:colcon.colcon_core.package_identification:_identify(src) by extension 'colcon_pkg'
[1.762s] Level 1:colcon.colcon_core.package_identification:_identify(src) by extensions ['colcon_meta']
[1.762s] Level 1:colcon.colcon_core.package_identification:_identify(src) by extension 'colcon_meta'
[1.762s] Level 1:colcon.colcon_core.package_identification:_identify(src) by extensions ['ros']
[1.762s] Level 1:colcon.colcon_core.package_identification:_identify(src) by extension 'ros'
[1.763s] Level 1:colcon.colcon_core.package_identification:_identify(src) by extensions ['cmake', 'python']
[1.763s] Level 1:colcon.colcon_core.package_identification:_identify(src) by extension 'cmake'
[1.763s] Level 1:colcon.colcon_core.package_identification:_identify(src) by extension 'python'
[1.764s] Level 1:colcon.colcon_core.package_identification:_identify(src) by extensions ['python_setup_py']
[1.764s] Level 1:colcon.colcon_core.package_identification:_identify(src) by extension 'python_setup_py'
[1.765s] Level 1:colcon.colcon_core.package_identification:_identify(src/ldrobot-lidar-ros2) by extensions ['ignore', 'ignore_ament_install']
[1.765s] Level 1:colcon.colcon_core.package_identification:_identify(src/ldrobot-lidar-ros2) by extension 'ignore'
[1.766s] Level 1:colcon.colcon_core.package_identification:_identify(src/ldrobot-lidar-ros2) by extension 'ignore_ament_install'
[1.766s] Level 1:colcon.colcon_core.package_identification:_identify(src/ldrobot-lidar-ros2) by extensions ['colcon_pkg']
[1.766s] Level 1:colcon.colcon_core.package_identification:_identify(src/ldrobot-lidar-ros2) by extension 'colcon_pkg'
[1.767s] Level 1:colcon.colcon_core.package_identification:_identify(src/ldrobot-lidar-ros2) by extensions ['colcon_meta']
[1.767s] Level 1:colcon.colcon_core.package_identification:_identify(src/ldrobot-lidar-ros2) by extension 'colcon_meta'
[1.767s] Level 1:colcon.colcon_core.package_identification:_identify(src/ldrobot-lidar-ros2) by extensions ['ros']
[1.767s] Level 1:colcon.colcon_core.package_identification:_identify(src/ldrobot-lidar-ros2) by extension 'ros'
[1.768s] Level 1:colcon.colcon_core.package_identification:_identify(src/ldrobot-lidar-ros2) by extensions ['cmake', 'python']
[1.768s] Level 1:colcon.colcon_core.package_identification:_identify(src/ldrobot-lidar-ros2) by extension 'cmake'
[1.769s] Level 1:colcon.colcon_core.package_identification:_identify(src/ldrobot-lidar-ros2) by extension 'python'
[1.769s] Level 1:colcon.colcon_core.package_identification:_identify(src/ldrobot-lidar-ros2) by extensions ['python_setup_py']
[1.769s] Level 1:colcon.colcon_core.package_identification:_identify(src/ldrobot-lidar-ros2) by extension 'python_setup_py'
[1.770s] Level 1:colcon.colcon_core.package_identification:_identify(src/ldrobot-lidar-ros2/3d_model) by extensions ['ignore', 'ignore_ament_install']
[1.770s] Level 1:colcon.colcon_core.package_identification:_identify(src/ldrobot-lidar-ros2/3d_model) by extension 'ignore'
[1.770s] Level 1:colcon.colcon_core.package_identification:_identify(src/ldrobot-lidar-ros2/3d_model) by extension 'ignore_ament_install'
[1.771s] Level 1:colcon.colcon_core.package_identification:_identify(src/ldrobot-lidar-ros2/3d_model) by extensions ['colcon_pkg']
[1.771s] Level 1:colcon.colcon_core.package_identification:_identify(src/ldrobot-lidar-ros2/3d_model) by extension 'colcon_pkg'
[1.771s] Level 1:colcon.colcon_core.package_identification:_identify(src/ldrobot-lidar-ros2/3d_model) by extensions ['colcon_meta']
[1.771s] Level 1:colcon.colcon_core.package_identification:_identify(src/ldrobot-lidar-ros2/3d_model) by extension 'colcon_meta'
[1.771s] Level 1:colcon.colcon_core.package_identification:_identify(src/ldrobot-lidar-ros2/3d_model) by extensions ['ros']
[1.772s] Level 1:colcon.colcon_core.package_identification:_identify(src/ldrobot-lidar-ros2/3d_model) by extension 'ros'
[1.772s] Level 1:colcon.colcon_core.package_identification:_identify(src/ldrobot-lidar-ros2/3d_model) by extensions ['cmake', 'python']
[1.772s] Level 1:colcon.colcon_core.package_identification:_identify(src/ldrobot-lidar-ros2/3d_model) by extension 'cmake'
[1.772s] Level 1:colcon.colcon_core.package_identification:_identify(src/ldrobot-lidar-ros2/3d_model) by extension 'python'
[1.773s] Level 1:colcon.colcon_core.package_identification:_identify(src/ldrobot-lidar-ros2/3d_model) by extensions ['python_setup_py']
[1.773s] Level 1:colcon.colcon_core.package_identification:_identify(src/ldrobot-lidar-ros2/3d_model) by extension 'python_setup_py'
[1.773s] Level 1:colcon.colcon_core.package_identification:_identify(src/ldrobot-lidar-ros2/docs) by extensions ['ignore', 'ignore_ament_install']
[1.774s] Level 1:colcon.colcon_core.package_identification:_identify(src/ldrobot-lidar-ros2/docs) by extension 'ignore'
[1.774s] Level 1:colcon.colcon_core.package_identification:_identify(src/ldrobot-lidar-ros2/docs) by extension 'ignore_ament_install'
[1.774s] Level 1:colcon.colcon_core.package_identification:_identify(src/ldrobot-lidar-ros2/docs) by extensions ['colcon_pkg']
[1.774s] Level 1:colcon.colcon_core.package_identification:_identify(src/ldrobot-lidar-ros2/docs) by extension 'colcon_pkg'
[1.774s] Level 1:colcon.colcon_core.package_identification:_identify(src/ldrobot-lidar-ros2/docs) by extensions ['colcon_meta']
[1.775s] Level 1:colcon.colcon_core.package_identification:_identify(src/ldrobot-lidar-ros2/docs) by extension 'colcon_meta'
[1.775s] Level 1:colcon.colcon_core.package_identification:_identify(src/ldrobot-lidar-ros2/docs) by extensions ['ros']
[1.775s] Level 1:colcon.colcon_core.package_identification:_identify(src/ldrobot-lidar-ros2/docs) by extension 'ros'
[1.775s] Level 1:colcon.colcon_core.package_identification:_identify(src/ldrobot-lidar-ros2/docs) by extensions ['cmake', 'python']
[1.775s] Level 1:colcon.colcon_core.package_identification:_identify(src/ldrobot-lidar-ros2/docs) by extension 'cmake'
[1.776s] Level 1:colcon.colcon_core.package_identification:_identify(src/ldrobot-lidar-ros2/docs) by extension 'python'
[1.776s] Level 1:colcon.colcon_core.package_identification:_identify(src/ldrobot-lidar-ros2/docs) by extensions ['python_setup_py']
[1.776s] Level 1:colcon.colcon_core.package_identification:_identify(src/ldrobot-lidar-ros2/docs) by extension 'python_setup_py'
[1.776s] Level 1:colcon.colcon_core.package_identification:_identify(src/ldrobot-lidar-ros2/images) by extensions ['ignore', 'ignore_ament_install']
[1.777s] Level 1:colcon.colcon_core.package_identification:_identify(src/ldrobot-lidar-ros2/images) by extension 'ignore'
[1.777s] Level 1:colcon.colcon_core.package_identification:_identify(src/ldrobot-lidar-ros2/images) by extension 'ignore_ament_install'
[1.777s] Level 1:colcon.colcon_core.package_identification:_identify(src/ldrobot-lidar-ros2/images) by extensions ['colcon_pkg']
[1.777s] Level 1:colcon.colcon_core.package_identification:_identify(src/ldrobot-lidar-ros2/images) by extension 'colcon_pkg'
[1.778s] Level 1:colcon.colcon_core.package_identification:_identify(src/ldrobot-lidar-ros2/images) by extensions ['colcon_meta']
[1.778s] Level 1:colcon.colcon_core.package_identification:_identify(src/ldrobot-lidar-ros2/images) by extension 'colcon_meta'
[1.778s] Level 1:colcon.colcon_core.package_identification:_identify(src/ldrobot-lidar-ros2/images) by extensions ['ros']
[1.778s] Level 1:colcon.colcon_core.package_identification:_identify(src/ldrobot-lidar-ros2/images) by extension 'ros'
[1.779s] Level 1:colcon.colcon_core.package_identification:_identify(src/ldrobot-lidar-ros2/images) by extensions ['cmake', 'python']
[1.779s] Level 1:colcon.colcon_core.package_identification:_identify(src/ldrobot-lidar-ros2/images) by extension 'cmake'
[1.779s] Level 1:colcon.colcon_core.package_identification:_identify(src/ldrobot-lidar-ros2/images) by extension 'python'
[1.779s] Level 1:colcon.colcon_core.package_identification:_identify(src/ldrobot-lidar-ros2/images) by extensions ['python_setup_py']
[1.779s] Level 1:colcon.colcon_core.package_identification:_identify(src/ldrobot-lidar-ros2/images) by extension 'python_setup_py'
[1.780s] Level 1:colcon.colcon_core.package_identification:_identify(src/ldrobot-lidar-ros2/ldlidar) by extensions ['ignore', 'ignore_ament_install']
[1.780s] Level 1:colcon.colcon_core.package_identification:_identify(src/ldrobot-lidar-ros2/ldlidar) by extension 'ignore'
[1.780s] Level 1:colcon.colcon_core.package_identification:_identify(src/ldrobot-lidar-ros2/ldlidar) by extension 'ignore_ament_install'
[1.781s] Level 1:colcon.colcon_core.package_identification:_identify(src/ldrobot-lidar-ros2/ldlidar) by extensions ['colcon_pkg']
[1.781s] Level 1:colcon.colcon_core.package_identification:_identify(src/ldrobot-lidar-ros2/ldlidar) by extension 'colcon_pkg'
[1.781s] Level 1:colcon.colcon_core.package_identification:_identify(src/ldrobot-lidar-ros2/ldlidar) by extensions ['colcon_meta']
[1.781s] Level 1:colcon.colcon_core.package_identification:_identify(src/ldrobot-lidar-ros2/ldlidar) by extension 'colcon_meta'
[1.781s] Level 1:colcon.colcon_core.package_identification:_identify(src/ldrobot-lidar-ros2/ldlidar) by extensions ['ros']
[1.781s] Level 1:colcon.colcon_core.package_identification:_identify(src/ldrobot-lidar-ros2/ldlidar) by extension 'ros'
[1.798s] DEBUG:colcon.colcon_core.package_identification:Package 'src/ldrobot-lidar-ros2/ldlidar' with type 'ros.ament_cmake' and name 'ldlidar'
[1.800s] Level 1:colcon.colcon_core.package_identification:_identify(src/ldrobot-lidar-ros2/ldlidar_component) by extensions ['ignore', 'ignore_ament_install']
[1.801s] Level 1:colcon.colcon_core.package_identification:_identify(src/ldrobot-lidar-ros2/ldlidar_component) by extension 'ignore'
[1.801s] Level 1:colcon.colcon_core.package_identification:_identify(src/ldrobot-lidar-ros2/ldlidar_component) by extension 'ignore_ament_install'
[1.802s] Level 1:colcon.colcon_core.package_identification:_identify(src/ldrobot-lidar-ros2/ldlidar_component) by extensions ['colcon_pkg']
[1.802s] Level 1:colcon.colcon_core.package_identification:_identify(src/ldrobot-lidar-ros2/ldlidar_component) by extension 'colcon_pkg'
[1.803s] Level 1:colcon.colcon_core.package_identification:_identify(src/ldrobot-lidar-ros2/ldlidar_component) by extensions ['colcon_meta']
[1.803s] Level 1:colcon.colcon_core.package_identification:_identify(src/ldrobot-lidar-ros2/ldlidar_component) by extension 'colcon_meta'
[1.804s] Level 1:colcon.colcon_core.package_identification:_identify(src/ldrobot-lidar-ros2/ldlidar_component) by extensions ['ros']
[1.804s] Level 1:colcon.colcon_core.package_identification:_identify(src/ldrobot-lidar-ros2/ldlidar_component) by extension 'ros'
[1.813s] DEBUG:colcon.colcon_core.package_identification:Package 'src/ldrobot-lidar-ros2/ldlidar_component' with type 'ros.ament_cmake' and name 'ldlidar_component'
[1.815s] Level 1:colcon.colcon_core.package_identification:_identify(src/ldrobot-lidar-ros2/ldlidar_node) by extensions ['ignore', 'ignore_ament_install']
[1.816s] Level 1:colcon.colcon_core.package_identification:_identify(src/ldrobot-lidar-ros2/ldlidar_node) by extension 'ignore'
[1.817s] Level 1:colcon.colcon_core.package_identification:_identify(src/ldrobot-lidar-ros2/ldlidar_node) by extension 'ignore_ament_install'
[1.818s] Level 1:colcon.colcon_core.package_identification:_identify(src/ldrobot-lidar-ros2/ldlidar_node) by extensions ['colcon_pkg']
[1.818s] Level 1:colcon.colcon_core.package_identification:_identify(src/ldrobot-lidar-ros2/ldlidar_node) by extension 'colcon_pkg'
[1.819s] Level 1:colcon.colcon_core.package_identification:_identify(src/ldrobot-lidar-ros2/ldlidar_node) by extensions ['colcon_meta']
[1.819s] Level 1:colcon.colcon_core.package_identification:_identify(src/ldrobot-lidar-ros2/ldlidar_node) by extension 'colcon_meta'
[1.819s] Level 1:colcon.colcon_core.package_identification:_identify(src/ldrobot-lidar-ros2/ldlidar_node) by extensions ['ros']
[1.820s] Level 1:colcon.colcon_core.package_identification:_identify(src/ldrobot-lidar-ros2/ldlidar_node) by extension 'ros'
[1.825s] DEBUG:colcon.colcon_core.package_identification:Package 'src/ldrobot-lidar-ros2/ldlidar_node' with type 'ros.ament_cmake' and name 'ldlidar_node'
[1.826s] Level 1:colcon.colcon_core.package_identification:_identify(src/ldrobot-lidar-ros2/rules) by extensions ['ignore', 'ignore_ament_install']
[1.827s] Level 1:colcon.colcon_core.package_identification:_identify(src/ldrobot-lidar-ros2/rules) by extension 'ignore'
[1.828s] Level 1:colcon.colcon_core.package_identification:_identify(src/ldrobot-lidar-ros2/rules) by extension 'ignore_ament_install'
[1.828s] Level 1:colcon.colcon_core.package_identification:_identify(src/ldrobot-lidar-ros2/rules) by extensions ['colcon_pkg']
[1.829s] Level 1:colcon.colcon_core.package_identification:_identify(src/ldrobot-lidar-ros2/rules) by extension 'colcon_pkg'
[1.829s] Level 1:colcon.colcon_core.package_identification:_identify(src/ldrobot-lidar-ros2/rules) by extensions ['colcon_meta']
[1.829s] Level 1:colcon.colcon_core.package_identification:_identify(src/ldrobot-lidar-ros2/rules) by extension 'colcon_meta'
[1.830s] Level 1:colcon.colcon_core.package_identification:_identify(src/ldrobot-lidar-ros2/rules) by extensions ['ros']
[1.830s] Level 1:colcon.colcon_core.package_identification:_identify(src/ldrobot-lidar-ros2/rules) by extension 'ros'
[1.831s] Level 1:colcon.colcon_core.package_identification:_identify(src/ldrobot-lidar-ros2/rules) by extensions ['cmake', 'python']
[1.831s] Level 1:colcon.colcon_core.package_identification:_identify(src/ldrobot-lidar-ros2/rules) by extension 'cmake'
[1.831s] Level 1:colcon.colcon_core.package_identification:_identify(src/ldrobot-lidar-ros2/rules) by extension 'python'
[1.832s] Level 1:colcon.colcon_core.package_identification:_identify(src/ldrobot-lidar-ros2/rules) by extensions ['python_setup_py']
[1.832s] Level 1:colcon.colcon_core.package_identification:_identify(src/ldrobot-lidar-ros2/rules) by extension 'python_setup_py'
[1.833s] Level 1:colcon.colcon_core.package_identification:_identify(src/ldrobot-lidar-ros2/scripts) by extensions ['ignore', 'ignore_ament_install']
[1.834s] Level 1:colcon.colcon_core.package_identification:_identify(src/ldrobot-lidar-ros2/scripts) by extension 'ignore'
[1.834s] Level 1:colcon.colcon_core.package_identification:_identify(src/ldrobot-lidar-ros2/scripts) by extension 'ignore_ament_install'
[1.835s] Level 1:colcon.colcon_core.package_identification:_identify(src/ldrobot-lidar-ros2/scripts) by extensions ['colcon_pkg']
[1.835s] Level 1:colcon.colcon_core.package_identification:_identify(src/ldrobot-lidar-ros2/scripts) by extension 'colcon_pkg'
[1.836s] Level 1:colcon.colcon_core.package_identification:_identify(src/ldrobot-lidar-ros2/scripts) by extensions ['colcon_meta']
[1.836s] Level 1:colcon.colcon_core.package_identification:_identify(src/ldrobot-lidar-ros2/scripts) by extension 'colcon_meta'
[1.837s] Level 1:colcon.colcon_core.package_identification:_identify(src/ldrobot-lidar-ros2/scripts) by extensions ['ros']
[1.837s] Level 1:colcon.colcon_core.package_identification:_identify(src/ldrobot-lidar-ros2/scripts) by extension 'ros'
[1.838s] Level 1:colcon.colcon_core.package_identification:_identify(src/ldrobot-lidar-ros2/scripts) by extensions ['cmake', 'python']
[1.838s] Level 1:colcon.colcon_core.package_identification:_identify(src/ldrobot-lidar-ros2/scripts) by extension 'cmake'
[1.839s] Level 1:colcon.colcon_core.package_identification:_identify(src/ldrobot-lidar-ros2/scripts) by extension 'python'
[1.839s] Level 1:colcon.colcon_core.package_identification:_identify(src/ldrobot-lidar-ros2/scripts) by extensions ['python_setup_py']
[1.840s] Level 1:colcon.colcon_core.package_identification:_identify(src/ldrobot-lidar-ros2/scripts) by extension 'python_setup_py'
[1.841s] Level 1:colcon.colcon_core.package_identification:_identify(src/racoonbot_pkg) by extensions ['ignore', 'ignore_ament_install']
[1.842s] Level 1:colcon.colcon_core.package_identification:_identify(src/racoonbot_pkg) by extension 'ignore'
[1.842s] Level 1:colcon.colcon_core.package_identification:_identify(src/racoonbot_pkg) by extension 'ignore_ament_install'
[1.843s] Level 1:colcon.colcon_core.package_identification:_identify(src/racoonbot_pkg) by extensions ['colcon_pkg']
[1.843s] Level 1:colcon.colcon_core.package_identification:_identify(src/racoonbot_pkg) by extension 'colcon_pkg'
[1.844s] Level 1:colcon.colcon_core.package_identification:_identify(src/racoonbot_pkg) by extensions ['colcon_meta']
[1.844s] Level 1:colcon.colcon_core.package_identification:_identify(src/racoonbot_pkg) by extension 'colcon_meta'
[1.845s] Level 1:colcon.colcon_core.package_identification:_identify(src/racoonbot_pkg) by extensions ['ros']
[1.845s] Level 1:colcon.colcon_core.package_identification:_identify(src/racoonbot_pkg) by extension 'ros'
[1.852s] DEBUG:colcon.colcon_core.package_identification:Package 'src/racoonbot_pkg' with type 'ros.ament_cmake' and name 'racoonbot_pkg'
[1.853s] Level 1:colcon.colcon_core.package_identification:_identify(test) by extensions ['ignore', 'ignore_ament_install']
[1.853s] Level 1:colcon.colcon_core.package_identification:_identify(test) by extension 'ignore'
[1.854s] Level 1:colcon.colcon_core.package_identification:_identify(test) by extension 'ignore_ament_install'
[1.854s] Level 1:colcon.colcon_core.package_identification:_identify(test) by extensions ['colcon_pkg']
[1.855s] Level 1:colcon.colcon_core.package_identification:_identify(test) by extension 'colcon_pkg'
[1.855s] Level 1:colcon.colcon_core.package_identification:_identify(test) by extensions ['colcon_meta']
[1.855s] Level 1:colcon.colcon_core.package_identification:_identify(test) by extension 'colcon_meta'
[1.856s] Level 1:colcon.colcon_core.package_identification:_identify(test) by extensions ['ros']
[1.856s] Level 1:colcon.colcon_core.package_identification:_identify(test) by extension 'ros'
[1.857s] Level 1:colcon.colcon_core.package_identification:_identify(test) by extensions ['cmake', 'python']
[1.857s] Level 1:colcon.colcon_core.package_identification:_identify(test) by extension 'cmake'
[1.858s] Level 1:colcon.colcon_core.package_identification:_identify(test) by extension 'python'
[1.858s] Level 1:colcon.colcon_core.package_identification:_identify(test) by extensions ['python_setup_py']
[1.859s] Level 1:colcon.colcon_core.package_identification:_identify(test) by extension 'python_setup_py'
[1.859s] Level 1:colcon.colcon_core.package_discovery:discover_packages(recursive) using defaults
[1.860s] Level 1:colcon.colcon_core.package_discovery:discover_packages(ignore) discover
[1.860s] Level 1:colcon.colcon_core.package_discovery:discover_packages(ignore) using defaults
[1.861s] Level 1:colcon.colcon_core.package_discovery:discover_packages(path) discover
[1.861s] Level 1:colcon.colcon_core.package_discovery:discover_packages(path) using defaults
[2.192s] Level 1:colcon.colcon_core.package_discovery:discover_packages(prefix_path) check parameters
[2.192s] Level 1:colcon.colcon_core.package_discovery:discover_packages(prefix_path) discover
[2.214s] DEBUG:colcon.colcon_installed_package_information.package_discovery:Found 2 installed packages in /home/pawel/Workspaces/racoonbot/install
[2.225s] DEBUG:colcon.colcon_installed_package_information.package_discovery:Found 4 installed packages in /home/pawel/Workspaces/ros2-racoon/install
[2.236s] DEBUG:colcon.colcon_installed_package_information.package_discovery:Found 303 installed packages in /opt/ros/humble
[2.244s] Level 1:colcon.colcon_core.package_discovery:discover_packages(prefix_path) using defaults
[2.486s] Level 5:colcon.colcon_core.verb:set package 'ldlidar_component' build argument 'cmake_args' from command line to 'None'
[2.486s] Level 5:colcon.colcon_core.verb:set package 'ldlidar_component' build argument 'cmake_target' from command line to 'None'
[2.486s] Level 5:colcon.colcon_core.verb:set package 'ldlidar_component' build argument 'cmake_target_skip_unavailable' from command line to 'False'
[2.486s] Level 5:colcon.colcon_core.verb:set package 'ldlidar_component' build argument 'cmake_clean_cache' from command line to 'False'
[2.486s] Level 5:colcon.colcon_core.verb:set package 'ldlidar_component' build argument 'cmake_clean_first' from command line to 'False'
[2.486s] Level 5:colcon.colcon_core.verb:set package 'ldlidar_component' build argument 'cmake_force_configure' from command line to 'False'
[2.486s] Level 5:colcon.colcon_core.verb:set package 'ldlidar_component' build argument 'ament_cmake_args' from command line to 'None'
[2.487s] Level 5:colcon.colcon_core.verb:set package 'ldlidar_component' build argument 'catkin_cmake_args' from command line to 'None'
[2.487s] Level 5:colcon.colcon_core.verb:set package 'ldlidar_component' build argument 'catkin_skip_building_tests' from command line to 'False'
[2.487s] DEBUG:colcon.colcon_core.verb:Building package 'ldlidar_component' with the following arguments: {'ament_cmake_args': None, 'build_base': '/home/pawel/Workspaces/racoonbot/build/ldlidar_component', 'catkin_cmake_args': None, 'catkin_skip_building_tests': False, 'cmake_args': None, 'cmake_clean_cache': False, 'cmake_clean_first': False, 'cmake_force_configure': False, 'cmake_target': None, 'cmake_target_skip_unavailable': False, 'install_base': '/home/pawel/Workspaces/racoonbot/install/ldlidar_component', 'merge_install': False, 'path': '/home/pawel/Workspaces/racoonbot/src/ldrobot-lidar-ros2/ldlidar_component', 'symlink_install': True, 'test_result_base': None}
[2.488s] Level 5:colcon.colcon_core.verb:set package 'racoonbot_pkg' build argument 'cmake_args' from command line to 'None'
[2.489s] Level 5:colcon.colcon_core.verb:set package 'racoonbot_pkg' build argument 'cmake_target' from command line to 'None'
[2.489s] Level 5:colcon.colcon_core.verb:set package 'racoonbot_pkg' build argument 'cmake_target_skip_unavailable' from command line to 'False'
[2.489s] Level 5:colcon.colcon_core.verb:set package 'racoonbot_pkg' build argument 'cmake_clean_cache' from command line to 'False'
[2.489s] Level 5:colcon.colcon_core.verb:set package 'racoonbot_pkg' build argument 'cmake_clean_first' from command line to 'False'
[2.489s] Level 5:colcon.colcon_core.verb:set package 'racoonbot_pkg' build argument 'cmake_force_configure' from command line to 'False'
[2.489s] Level 5:colcon.colcon_core.verb:set package 'racoonbot_pkg' build argument 'ament_cmake_args' from command line to 'None'
[2.489s] Level 5:colcon.colcon_core.verb:set package 'racoonbot_pkg' build argument 'catkin_cmake_args' from command line to 'None'
[2.489s] Level 5:colcon.colcon_core.verb:set package 'racoonbot_pkg' build argument 'catkin_skip_building_tests' from command line to 'False'
[2.489s] DEBUG:colcon.colcon_core.verb:Building package 'racoonbot_pkg' with the following arguments: {'ament_cmake_args': None, 'build_base': '/home/pawel/Workspaces/racoonbot/build/racoonbot_pkg', 'catkin_cmake_args': None, 'catkin_skip_building_tests': False, 'cmake_args': None, 'cmake_clean_cache': False, 'cmake_clean_first': False, 'cmake_force_configure': False, 'cmake_target': None, 'cmake_target_skip_unavailable': False, 'install_base': '/home/pawel/Workspaces/racoonbot/install/racoonbot_pkg', 'merge_install': False, 'path': '/home/pawel/Workspaces/racoonbot/src/racoonbot_pkg', 'symlink_install': True, 'test_result_base': None}
[2.491s] Level 5:colcon.colcon_core.verb:set package 'ldlidar_node' build argument 'cmake_args' from command line to 'None'
[2.491s] Level 5:colcon.colcon_core.verb:set package 'ldlidar_node' build argument 'cmake_target' from command line to 'None'
[2.491s] Level 5:colcon.colcon_core.verb:set package 'ldlidar_node' build argument 'cmake_target_skip_unavailable' from command line to 'False'
[2.491s] Level 5:colcon.colcon_core.verb:set package 'ldlidar_node' build argument 'cmake_clean_cache' from command line to 'False'
[2.491s] Level 5:colcon.colcon_core.verb:set package 'ldlidar_node' build argument 'cmake_clean_first' from command line to 'False'
[2.492s] Level 5:colcon.colcon_core.verb:set package 'ldlidar_node' build argument 'cmake_force_configure' from command line to 'False'
[2.492s] Level 5:colcon.colcon_core.verb:set package 'ldlidar_node' build argument 'ament_cmake_args' from command line to 'None'
[2.492s] Level 5:colcon.colcon_core.verb:set package 'ldlidar_node' build argument 'catkin_cmake_args' from command line to 'None'
[2.492s] Level 5:colcon.colcon_core.verb:set package 'ldlidar_node' build argument 'catkin_skip_building_tests' from command line to 'False'
[2.492s] DEBUG:colcon.colcon_core.verb:Building package 'ldlidar_node' with the following arguments: {'ament_cmake_args': None, 'build_base': '/home/pawel/Workspaces/racoonbot/build/ldlidar_node', 'catkin_cmake_args': None, 'catkin_skip_building_tests': False, 'cmake_args': None, 'cmake_clean_cache': False, 'cmake_clean_first': False, 'cmake_force_configure': False, 'cmake_target': None, 'cmake_target_skip_unavailable': False, 'install_base': '/home/pawel/Workspaces/racoonbot/install/ldlidar_node', 'merge_install': False, 'path': '/home/pawel/Workspaces/racoonbot/src/ldrobot-lidar-ros2/ldlidar_node', 'symlink_install': True, 'test_result_base': None}
[2.493s] Level 5:colcon.colcon_core.verb:set package 'ldlidar' build argument 'cmake_args' from command line to 'None'
[2.494s] Level 5:colcon.colcon_core.verb:set package 'ldlidar' build argument 'cmake_target' from command line to 'None'
[2.494s] Level 5:colcon.colcon_core.verb:set package 'ldlidar' build argument 'cmake_target_skip_unavailable' from command line to 'False'
[2.494s] Level 5:colcon.colcon_core.verb:set package 'ldlidar' build argument 'cmake_clean_cache' from command line to 'False'
[2.494s] Level 5:colcon.colcon_core.verb:set package 'ldlidar' build argument 'cmake_clean_first' from command line to 'False'
[2.494s] Level 5:colcon.colcon_core.verb:set package 'ldlidar' build argument 'cmake_force_configure' from command line to 'False'
[2.494s] Level 5:colcon.colcon_core.verb:set package 'ldlidar' build argument 'ament_cmake_args' from command line to 'None'
[2.494s] Level 5:colcon.colcon_core.verb:set package 'ldlidar' build argument 'catkin_cmake_args' from command line to 'None'
[2.494s] Level 5:colcon.colcon_core.verb:set package 'ldlidar' build argument 'catkin_skip_building_tests' from command line to 'False'
[2.494s] DEBUG:colcon.colcon_core.verb:Building package 'ldlidar' with the following arguments: {'ament_cmake_args': None, 'build_base': '/home/pawel/Workspaces/racoonbot/build/ldlidar', 'catkin_cmake_args': None, 'catkin_skip_building_tests': False, 'cmake_args': None, 'cmake_clean_cache': False, 'cmake_clean_first': False, 'cmake_force_configure': False, 'cmake_target': None, 'cmake_target_skip_unavailable': False, 'install_base': '/home/pawel/Workspaces/racoonbot/install/ldlidar', 'merge_install': False, 'path': '/home/pawel/Workspaces/racoonbot/src/ldrobot-lidar-ros2/ldlidar', 'symlink_install': True, 'test_result_base': None}
[2.495s] INFO:colcon.colcon_core.executor:Executing jobs using 'parallel' executor
[2.499s] DEBUG:colcon.colcon_parallel_executor.executor.parallel:run_until_complete
[2.500s] INFO:colcon.colcon_ros.task.ament_cmake.build:Building ROS package in '/home/pawel/Workspaces/racoonbot/src/ldrobot-lidar-ros2/ldlidar_component' with build type 'ament_cmake'
[2.500s] INFO:colcon.colcon_cmake.task.cmake.build:Building CMake package in '/home/pawel/Workspaces/racoonbot/src/ldrobot-lidar-ros2/ldlidar_component'
[2.520s] INFO:colcon.colcon_core.plugin_system:Skipping extension 'colcon_core.shell.bat': Not used on non-Windows systems
[2.521s] INFO:colcon.colcon_core.shell:Skip shell extension 'powershell' for command environment: Not usable outside of PowerShell
[2.522s] DEBUG:colcon.colcon_core.shell:Skip shell extension 'dsv' for command environment
[2.547s] INFO:colcon.colcon_ros.task.ament_cmake.build:Building ROS package in '/home/pawel/Workspaces/racoonbot/src/racoonbot_pkg' with build type 'ament_cmake'
[2.548s] INFO:colcon.colcon_cmake.task.cmake.build:Building CMake package in '/home/pawel/Workspaces/racoonbot/src/racoonbot_pkg'
[2.549s] INFO:colcon.colcon_core.shell:Skip shell extension 'powershell' for command environment: Not usable outside of PowerShell
[2.549s] DEBUG:colcon.colcon_core.shell:Skip shell extension 'dsv' for command environment
[2.587s] DEBUG:colcon.colcon_core.event_handler.log_command:Invoking command in '/home/pawel/Workspaces/racoonbot/build/ldlidar_component': CMAKE_PREFIX_PATH=${CMAKE_PREFIX_PATH}:/opt/ros/humble /usr/bin/cmake /home/pawel/Workspaces/racoonbot/src/ldrobot-lidar-ros2/ldlidar_component -DAMENT_CMAKE_SYMLINK_INSTALL=1 -DCMAKE_INSTALL_PREFIX=/home/pawel/Workspaces/racoonbot/install/ldlidar_component
[2.687s] DEBUG:colcon.colcon_core.event_handler.log_command:Invoking command in '/home/pawel/Workspaces/racoonbot/build/racoonbot_pkg': CMAKE_PREFIX_PATH=${CMAKE_PREFIX_PATH}:/opt/ros/humble /usr/bin/cmake --build /home/pawel/Workspaces/racoonbot/build/racoonbot_pkg -- -j4 -l4
[4.062s] DEBUG:colcon.colcon_core.event_handler.log_command:Invoked command in '/home/pawel/Workspaces/racoonbot/build/racoonbot_pkg' returned '0': CMAKE_PREFIX_PATH=${CMAKE_PREFIX_PATH}:/opt/ros/humble /usr/bin/cmake --build /home/pawel/Workspaces/racoonbot/build/racoonbot_pkg -- -j4 -l4
[4.265s] DEBUG:colcon.colcon_core.event_handler.log_command:Invoking command in '/home/pawel/Workspaces/racoonbot/build/racoonbot_pkg': CMAKE_PREFIX_PATH=${CMAKE_PREFIX_PATH}:/opt/ros/humble /usr/bin/cmake --install /home/pawel/Workspaces/racoonbot/build/racoonbot_pkg
[4.430s] Level 1:colcon.colcon_core.environment:create_environment_scripts_only(racoonbot_pkg)
[4.432s] DEBUG:colcon.colcon_core.event_handler.log_command:Invoked command in '/home/pawel/Workspaces/racoonbot/build/racoonbot_pkg' returned '0': CMAKE_PREFIX_PATH=${CMAKE_PREFIX_PATH}:/opt/ros/humble /usr/bin/cmake --install /home/pawel/Workspaces/racoonbot/build/racoonbot_pkg
[4.455s] Level 1:colcon.colcon_core.environment:checking '/home/pawel/Workspaces/racoonbot/install/racoonbot_pkg' for CMake module files
[4.459s] Level 1:colcon.colcon_core.environment:checking '/home/pawel/Workspaces/racoonbot/install/racoonbot_pkg' for CMake config files
[4.464s] Level 1:colcon.colcon_core.shell:create_environment_hook('racoonbot_pkg', 'cmake_prefix_path')
[4.465s] INFO:colcon.colcon_core.shell:Creating environment hook '/home/pawel/Workspaces/racoonbot/install/racoonbot_pkg/share/racoonbot_pkg/hook/cmake_prefix_path.ps1'
[4.472s] INFO:colcon.colcon_core.shell:Creating environment descriptor '/home/pawel/Workspaces/racoonbot/install/racoonbot_pkg/share/racoonbot_pkg/hook/cmake_prefix_path.dsv'
[4.475s] INFO:colcon.colcon_core.shell:Creating environment hook '/home/pawel/Workspaces/racoonbot/install/racoonbot_pkg/share/racoonbot_pkg/hook/cmake_prefix_path.sh'
[4.479s] Level 1:colcon.colcon_core.environment:checking '/home/pawel/Workspaces/racoonbot/install/racoonbot_pkg/lib'
[4.480s] Level 1:colcon.colcon_core.shell:create_environment_hook('racoonbot_pkg', 'ld_library_path_lib')
[4.481s] INFO:colcon.colcon_core.shell:Creating environment hook '/home/pawel/Workspaces/racoonbot/install/racoonbot_pkg/share/racoonbot_pkg/hook/ld_library_path_lib.ps1'
[4.483s] INFO:colcon.colcon_core.shell:Creating environment descriptor '/home/pawel/Workspaces/racoonbot/install/racoonbot_pkg/share/racoonbot_pkg/hook/ld_library_path_lib.dsv'
[4.485s] INFO:colcon.colcon_core.shell:Creating environment hook '/home/pawel/Workspaces/racoonbot/install/racoonbot_pkg/share/racoonbot_pkg/hook/ld_library_path_lib.sh'
[4.488s] Level 1:colcon.colcon_core.environment:checking '/home/pawel/Workspaces/racoonbot/install/racoonbot_pkg/bin'
[4.488s] Level 1:colcon.colcon_core.environment:checking '/home/pawel/Workspaces/racoonbot/install/racoonbot_pkg/lib/pkgconfig/racoonbot_pkg.pc'
[4.489s] Level 1:colcon.colcon_core.environment:checking '/home/pawel/Workspaces/racoonbot/install/racoonbot_pkg/lib/python3.10/site-packages'
[4.490s] Level 1:colcon.colcon_core.environment:checking '/home/pawel/Workspaces/racoonbot/install/racoonbot_pkg/bin'
[4.492s] INFO:colcon.colcon_core.shell:Creating package script '/home/pawel/Workspaces/racoonbot/install/racoonbot_pkg/share/racoonbot_pkg/package.ps1'
[4.499s] INFO:colcon.colcon_core.shell:Creating package descriptor '/home/pawel/Workspaces/racoonbot/install/racoonbot_pkg/share/racoonbot_pkg/package.dsv'
[4.502s] INFO:colcon.colcon_core.shell:Creating package script '/home/pawel/Workspaces/racoonbot/install/racoonbot_pkg/share/racoonbot_pkg/package.sh'
[4.506s] INFO:colcon.colcon_core.shell:Creating package script '/home/pawel/Workspaces/racoonbot/install/racoonbot_pkg/share/racoonbot_pkg/package.bash'
[4.510s] INFO:colcon.colcon_core.shell:Creating package script '/home/pawel/Workspaces/racoonbot/install/racoonbot_pkg/share/racoonbot_pkg/package.zsh'
[4.514s] Level 1:colcon.colcon_core.environment:create_file_with_runtime_dependencies(/home/pawel/Workspaces/racoonbot/install/racoonbot_pkg/share/colcon-core/packages/racoonbot_pkg)
[4.657s] Level 1:colcon.colcon_core.environment:create_environment_scripts_only(racoonbot_pkg)
[4.659s] Level 1:colcon.colcon_core.environment:checking '/home/pawel/Workspaces/racoonbot/install/racoonbot_pkg' for CMake module files
[4.662s] Level 1:colcon.colcon_core.environment:checking '/home/pawel/Workspaces/racoonbot/install/racoonbot_pkg' for CMake config files
[4.667s] Level 1:colcon.colcon_core.shell:create_environment_hook('racoonbot_pkg', 'cmake_prefix_path')
[4.669s] INFO:colcon.colcon_core.shell:Creating environment hook '/home/pawel/Workspaces/racoonbot/install/racoonbot_pkg/share/racoonbot_pkg/hook/cmake_prefix_path.ps1'
[4.674s] INFO:colcon.colcon_core.shell:Creating environment descriptor '/home/pawel/Workspaces/racoonbot/install/racoonbot_pkg/share/racoonbot_pkg/hook/cmake_prefix_path.dsv'
[4.678s] INFO:colcon.colcon_core.shell:Creating environment hook '/home/pawel/Workspaces/racoonbot/install/racoonbot_pkg/share/racoonbot_pkg/hook/cmake_prefix_path.sh'
[4.688s] Level 1:colcon.colcon_core.environment:checking '/home/pawel/Workspaces/racoonbot/install/racoonbot_pkg/lib'
[4.688s] Level 1:colcon.colcon_core.shell:create_environment_hook('racoonbot_pkg', 'ld_library_path_lib')
[4.690s] INFO:colcon.colcon_core.shell:Creating environment hook '/home/pawel/Workspaces/racoonbot/install/racoonbot_pkg/share/racoonbot_pkg/hook/ld_library_path_lib.ps1'
[4.692s] INFO:colcon.colcon_core.shell:Creating environment descriptor '/home/pawel/Workspaces/racoonbot/install/racoonbot_pkg/share/racoonbot_pkg/hook/ld_library_path_lib.dsv'
[4.694s] INFO:colcon.colcon_core.shell:Creating environment hook '/home/pawel/Workspaces/racoonbot/install/racoonbot_pkg/share/racoonbot_pkg/hook/ld_library_path_lib.sh'
[4.697s] Level 1:colcon.colcon_core.environment:checking '/home/pawel/Workspaces/racoonbot/install/racoonbot_pkg/bin'
[4.697s] Level 1:colcon.colcon_core.environment:checking '/home/pawel/Workspaces/racoonbot/install/racoonbot_pkg/lib/pkgconfig/racoonbot_pkg.pc'
[4.698s] Level 1:colcon.colcon_core.environment:checking '/home/pawel/Workspaces/racoonbot/install/racoonbot_pkg/lib/python3.10/site-packages'
[4.699s] Level 1:colcon.colcon_core.environment:checking '/home/pawel/Workspaces/racoonbot/install/racoonbot_pkg/bin'
[4.700s] INFO:colcon.colcon_core.shell:Creating package script '/home/pawel/Workspaces/racoonbot/install/racoonbot_pkg/share/racoonbot_pkg/package.ps1'
[4.703s] INFO:colcon.colcon_core.shell:Creating package descriptor '/home/pawel/Workspaces/racoonbot/install/racoonbot_pkg/share/racoonbot_pkg/package.dsv'
[4.706s] INFO:colcon.colcon_core.shell:Creating package script '/home/pawel/Workspaces/racoonbot/install/racoonbot_pkg/share/racoonbot_pkg/package.sh'
[4.708s] INFO:colcon.colcon_core.shell:Creating package script '/home/pawel/Workspaces/racoonbot/install/racoonbot_pkg/share/racoonbot_pkg/package.bash'
[4.710s] INFO:colcon.colcon_core.shell:Creating package script '/home/pawel/Workspaces/racoonbot/install/racoonbot_pkg/share/racoonbot_pkg/package.zsh'
[4.712s] Level 1:colcon.colcon_core.environment:create_file_with_runtime_dependencies(/home/pawel/Workspaces/racoonbot/install/racoonbot_pkg/share/colcon-core/packages/racoonbot_pkg)
[14.788s] DEBUG:colcon.colcon_core.event_handler.log_command:Invoked command in '/home/pawel/Workspaces/racoonbot/build/ldlidar_component' returned '0': CMAKE_PREFIX_PATH=${CMAKE_PREFIX_PATH}:/opt/ros/humble /usr/bin/cmake /home/pawel/Workspaces/racoonbot/src/ldrobot-lidar-ros2/ldlidar_component -DAMENT_CMAKE_SYMLINK_INSTALL=1 -DCMAKE_INSTALL_PREFIX=/home/pawel/Workspaces/racoonbot/install/ldlidar_component
[14.797s] DEBUG:colcon.colcon_core.event_handler.log_command:Invoking command in '/home/pawel/Workspaces/racoonbot/build/ldlidar_component': CMAKE_PREFIX_PATH=${CMAKE_PREFIX_PATH}:/opt/ros/humble /usr/bin/cmake --build /home/pawel/Workspaces/racoonbot/build/ldlidar_component -- -j4 -l4
[73.214s] DEBUG:colcon.colcon_core.event_handler.log_command:Invoked command in '/home/pawel/Workspaces/racoonbot/build/ldlidar_component' returned '0': CMAKE_PREFIX_PATH=${CMAKE_PREFIX_PATH}:/opt/ros/humble /usr/bin/cmake --build /home/pawel/Workspaces/racoonbot/build/ldlidar_component -- -j4 -l4
[73.425s] DEBUG:colcon.colcon_core.event_handler.log_command:Invoking command in '/home/pawel/Workspaces/racoonbot/build/ldlidar_component': CMAKE_PREFIX_PATH=${CMAKE_PREFIX_PATH}:/opt/ros/humble /usr/bin/cmake --install /home/pawel/Workspaces/racoonbot/build/ldlidar_component
[75.126s] Level 1:colcon.colcon_core.environment:create_environment_scripts_only(ldlidar_component)
[75.129s] Level 1:colcon.colcon_core.environment:checking '/home/pawel/Workspaces/racoonbot/install/ldlidar_component' for CMake module files
[75.132s] DEBUG:colcon.colcon_core.event_handler.log_command:Invoked command in '/home/pawel/Workspaces/racoonbot/build/ldlidar_component' returned '0': CMAKE_PREFIX_PATH=${CMAKE_PREFIX_PATH}:/opt/ros/humble /usr/bin/cmake --install /home/pawel/Workspaces/racoonbot/build/ldlidar_component
[75.135s] Level 1:colcon.colcon_core.environment:checking '/home/pawel/Workspaces/racoonbot/install/ldlidar_component' for CMake config files
[75.137s] Level 1:colcon.colcon_core.shell:create_environment_hook('ldlidar_component', 'cmake_prefix_path')
[75.138s] INFO:colcon.colcon_core.shell:Creating environment hook '/home/pawel/Workspaces/racoonbot/install/ldlidar_component/share/ldlidar_component/hook/cmake_prefix_path.ps1'
[75.265s] INFO:colcon.colcon_core.shell:Creating environment descriptor '/home/pawel/Workspaces/racoonbot/install/ldlidar_component/share/ldlidar_component/hook/cmake_prefix_path.dsv'
[75.406s] INFO:colcon.colcon_core.shell:Creating environment hook '/home/pawel/Workspaces/racoonbot/install/ldlidar_component/share/ldlidar_component/hook/cmake_prefix_path.sh'
[75.463s] Level 1:colcon.colcon_core.environment:checking '/home/pawel/Workspaces/racoonbot/install/ldlidar_component/lib'
[75.464s] Level 1:colcon.colcon_core.shell:create_environment_hook('ldlidar_component', 'ld_library_path_lib')
[75.467s] INFO:colcon.colcon_core.shell:Creating environment hook '/home/pawel/Workspaces/racoonbot/install/ldlidar_component/share/ldlidar_component/hook/ld_library_path_lib.ps1'
[75.471s] INFO:colcon.colcon_core.shell:Creating environment descriptor '/home/pawel/Workspaces/racoonbot/install/ldlidar_component/share/ldlidar_component/hook/ld_library_path_lib.dsv'
[75.473s] INFO:colcon.colcon_core.shell:Creating environment hook '/home/pawel/Workspaces/racoonbot/install/ldlidar_component/share/ldlidar_component/hook/ld_library_path_lib.sh'
[75.475s] Level 1:colcon.colcon_core.environment:checking '/home/pawel/Workspaces/racoonbot/install/ldlidar_component/bin'
[75.475s] Level 1:colcon.colcon_core.environment:checking '/home/pawel/Workspaces/racoonbot/install/ldlidar_component/lib/pkgconfig/ldlidar_component.pc'
[75.476s] Level 1:colcon.colcon_core.environment:checking '/home/pawel/Workspaces/racoonbot/install/ldlidar_component/lib/python3.10/site-packages'
[75.478s] Level 1:colcon.colcon_core.environment:checking '/home/pawel/Workspaces/racoonbot/install/ldlidar_component/bin'
[75.480s] INFO:colcon.colcon_core.shell:Creating package script '/home/pawel/Workspaces/racoonbot/install/ldlidar_component/share/ldlidar_component/package.ps1'
[75.539s] INFO:colcon.colcon_core.shell:Creating package descriptor '/home/pawel/Workspaces/racoonbot/install/ldlidar_component/share/ldlidar_component/package.dsv'
[75.545s] INFO:colcon.colcon_core.shell:Creating package script '/home/pawel/Workspaces/racoonbot/install/ldlidar_component/share/ldlidar_component/package.sh'
[75.551s] INFO:colcon.colcon_core.shell:Creating package script '/home/pawel/Workspaces/racoonbot/install/ldlidar_component/share/ldlidar_component/package.bash'
[75.591s] INFO:colcon.colcon_core.shell:Creating package script '/home/pawel/Workspaces/racoonbot/install/ldlidar_component/share/ldlidar_component/package.zsh'
[75.622s] Level 1:colcon.colcon_core.environment:create_file_with_runtime_dependencies(/home/pawel/Workspaces/racoonbot/install/ldlidar_component/share/colcon-core/packages/ldlidar_component)
[75.804s] Level 1:colcon.colcon_core.environment:create_environment_scripts_only(ldlidar_component)
[75.805s] Level 1:colcon.colcon_core.environment:checking '/home/pawel/Workspaces/racoonbot/install/ldlidar_component' for CMake module files
[75.808s] Level 1:colcon.colcon_core.environment:checking '/home/pawel/Workspaces/racoonbot/install/ldlidar_component' for CMake config files
[75.810s] Level 1:colcon.colcon_core.shell:create_environment_hook('ldlidar_component', 'cmake_prefix_path')
[75.811s] INFO:colcon.colcon_core.shell:Creating environment hook '/home/pawel/Workspaces/racoonbot/install/ldlidar_component/share/ldlidar_component/hook/cmake_prefix_path.ps1'
[75.814s] INFO:colcon.colcon_core.shell:Creating environment descriptor '/home/pawel/Workspaces/racoonbot/install/ldlidar_component/share/ldlidar_component/hook/cmake_prefix_path.dsv'
[75.818s] INFO:colcon.colcon_core.shell:Creating environment hook '/home/pawel/Workspaces/racoonbot/install/ldlidar_component/share/ldlidar_component/hook/cmake_prefix_path.sh'
[75.822s] Level 1:colcon.colcon_core.environment:checking '/home/pawel/Workspaces/racoonbot/install/ldlidar_component/lib'
[75.822s] Level 1:colcon.colcon_core.shell:create_environment_hook('ldlidar_component', 'ld_library_path_lib')
[75.823s] INFO:colcon.colcon_core.shell:Creating environment hook '/home/pawel/Workspaces/racoonbot/install/ldlidar_component/share/ldlidar_component/hook/ld_library_path_lib.ps1'
[75.826s] INFO:colcon.colcon_core.shell:Creating environment descriptor '/home/pawel/Workspaces/racoonbot/install/ldlidar_component/share/ldlidar_component/hook/ld_library_path_lib.dsv'
[75.827s] INFO:colcon.colcon_core.shell:Creating environment hook '/home/pawel/Workspaces/racoonbot/install/ldlidar_component/share/ldlidar_component/hook/ld_library_path_lib.sh'
[75.829s] Level 1:colcon.colcon_core.environment:checking '/home/pawel/Workspaces/racoonbot/install/ldlidar_component/bin'
[75.830s] Level 1:colcon.colcon_core.environment:checking '/home/pawel/Workspaces/racoonbot/install/ldlidar_component/lib/pkgconfig/ldlidar_component.pc'
[75.831s] Level 1:colcon.colcon_core.environment:checking '/home/pawel/Workspaces/racoonbot/install/ldlidar_component/lib/python3.10/site-packages'
[75.832s] Level 1:colcon.colcon_core.environment:checking '/home/pawel/Workspaces/racoonbot/install/ldlidar_component/bin'
[75.833s] INFO:colcon.colcon_core.shell:Creating package script '/home/pawel/Workspaces/racoonbot/install/ldlidar_component/share/ldlidar_component/package.ps1'
[75.836s] INFO:colcon.colcon_core.shell:Creating package descriptor '/home/pawel/Workspaces/racoonbot/install/ldlidar_component/share/ldlidar_component/package.dsv'
[75.840s] INFO:colcon.colcon_core.shell:Creating package script '/home/pawel/Workspaces/racoonbot/install/ldlidar_component/share/ldlidar_component/package.sh'
[75.843s] INFO:colcon.colcon_core.shell:Creating package script '/home/pawel/Workspaces/racoonbot/install/ldlidar_component/share/ldlidar_component/package.bash'
[75.845s] INFO:colcon.colcon_core.shell:Creating package script '/home/pawel/Workspaces/racoonbot/install/ldlidar_component/share/ldlidar_component/package.zsh'
[75.847s] Level 1:colcon.colcon_core.environment:create_file_with_runtime_dependencies(/home/pawel/Workspaces/racoonbot/install/ldlidar_component/share/colcon-core/packages/ldlidar_component)
[75.849s] INFO:colcon.colcon_ros.task.ament_cmake.build:Building ROS package in '/home/pawel/Workspaces/racoonbot/src/ldrobot-lidar-ros2/ldlidar_node' with build type 'ament_cmake'
[75.850s] INFO:colcon.colcon_cmake.task.cmake.build:Building CMake package in '/home/pawel/Workspaces/racoonbot/src/ldrobot-lidar-ros2/ldlidar_node'
[75.851s] INFO:colcon.colcon_core.shell:Skip shell extension 'powershell' for command environment: Not usable outside of PowerShell
[75.851s] DEBUG:colcon.colcon_core.shell:Skip shell extension 'dsv' for command environment
[75.952s] DEBUG:colcon.colcon_core.event_handler.log_command:Invoking command in '/home/pawel/Workspaces/racoonbot/build/ldlidar_node': AMENT_PREFIX_PATH=/home/pawel/Workspaces/racoonbot/install/ldlidar_component:${AMENT_PREFIX_PATH} CMAKE_PREFIX_PATH=/home/pawel/Workspaces/racoonbot/install/ldlidar_component:/home/pawel/Workspaces/racoonbot/install/racoonbot_pkg:/home/pawel/Workspaces/ros2-racoon/install/racoon_ros2_pkg:/home/pawel/Workspaces/ros2-racoon/install/ldlidar:/home/pawel/Workspaces/ros2-racoon/install/ldlidar_node:/home/pawel/Workspaces/ros2-racoon/install/ldlidar_component:/opt/ros/humble LD_LIBRARY_PATH=/home/pawel/Workspaces/racoonbot/install/ldlidar_component/lib:${LD_LIBRARY_PATH} /usr/bin/cmake /home/pawel/Workspaces/racoonbot/src/ldrobot-lidar-ros2/ldlidar_node -DAMENT_CMAKE_SYMLINK_INSTALL=1 -DCMAKE_INSTALL_PREFIX=/home/pawel/Workspaces/racoonbot/install/ldlidar_node
[96.134s] DEBUG:colcon.colcon_core.event_handler.log_command:Invoked command in '/home/pawel/Workspaces/racoonbot/build/ldlidar_node' returned '0': AMENT_PREFIX_PATH=/home/pawel/Workspaces/racoonbot/install/ldlidar_component:${AMENT_PREFIX_PATH} CMAKE_PREFIX_PATH=/home/pawel/Workspaces/racoonbot/install/ldlidar_component:/home/pawel/Workspaces/racoonbot/install/racoonbot_pkg:/home/pawel/Workspaces/ros2-racoon/install/racoon_ros2_pkg:/home/pawel/Workspaces/ros2-racoon/install/ldlidar:/home/pawel/Workspaces/ros2-racoon/install/ldlidar_node:/home/pawel/Workspaces/ros2-racoon/install/ldlidar_component:/opt/ros/humble LD_LIBRARY_PATH=/home/pawel/Workspaces/racoonbot/install/ldlidar_component/lib:${LD_LIBRARY_PATH} /usr/bin/cmake /home/pawel/Workspaces/racoonbot/src/ldrobot-lidar-ros2/ldlidar_node -DAMENT_CMAKE_SYMLINK_INSTALL=1 -DCMAKE_INSTALL_PREFIX=/home/pawel/Workspaces/racoonbot/install/ldlidar_node
[96.144s] DEBUG:colcon.colcon_core.event_handler.log_command:Invoking command in '/home/pawel/Workspaces/racoonbot/build/ldlidar_node': AMENT_PREFIX_PATH=/home/pawel/Workspaces/racoonbot/install/ldlidar_component:${AMENT_PREFIX_PATH} CMAKE_PREFIX_PATH=/home/pawel/Workspaces/racoonbot/install/ldlidar_component:/home/pawel/Workspaces/racoonbot/install/racoonbot_pkg:/home/pawel/Workspaces/ros2-racoon/install/racoon_ros2_pkg:/home/pawel/Workspaces/ros2-racoon/install/ldlidar:/home/pawel/Workspaces/ros2-racoon/install/ldlidar_node:/home/pawel/Workspaces/ros2-racoon/install/ldlidar_component:/opt/ros/humble LD_LIBRARY_PATH=/home/pawel/Workspaces/racoonbot/install/ldlidar_component/lib:${LD_LIBRARY_PATH} /usr/bin/cmake --build /home/pawel/Workspaces/racoonbot/build/ldlidar_node -- -j4 -l4
[114.342s] DEBUG:colcon.colcon_core.event_handler.log_command:Invoked command in '/home/pawel/Workspaces/racoonbot/build/ldlidar_node' returned '0': AMENT_PREFIX_PATH=/home/pawel/Workspaces/racoonbot/install/ldlidar_component:${AMENT_PREFIX_PATH} CMAKE_PREFIX_PATH=/home/pawel/Workspaces/racoonbot/install/ldlidar_component:/home/pawel/Workspaces/racoonbot/install/racoonbot_pkg:/home/pawel/Workspaces/ros2-racoon/install/racoon_ros2_pkg:/home/pawel/Workspaces/ros2-racoon/install/ldlidar:/home/pawel/Workspaces/ros2-racoon/install/ldlidar_node:/home/pawel/Workspaces/ros2-racoon/install/ldlidar_component:/opt/ros/humble LD_LIBRARY_PATH=/home/pawel/Workspaces/racoonbot/install/ldlidar_component/lib:${LD_LIBRARY_PATH} /usr/bin/cmake --build /home/pawel/Workspaces/racoonbot/build/ldlidar_node -- -j4 -l4
[114.496s] DEBUG:colcon.colcon_core.event_handler.log_command:Invoking command in '/home/pawel/Workspaces/racoonbot/build/ldlidar_node': AMENT_PREFIX_PATH=/home/pawel/Workspaces/racoonbot/install/ldlidar_component:${AMENT_PREFIX_PATH} CMAKE_PREFIX_PATH=/home/pawel/Workspaces/racoonbot/install/ldlidar_component:/home/pawel/Workspaces/racoonbot/install/racoonbot_pkg:/home/pawel/Workspaces/ros2-racoon/install/racoon_ros2_pkg:/home/pawel/Workspaces/ros2-racoon/install/ldlidar:/home/pawel/Workspaces/ros2-racoon/install/ldlidar_node:/home/pawel/Workspaces/ros2-racoon/install/ldlidar_component:/opt/ros/humble LD_LIBRARY_PATH=/home/pawel/Workspaces/racoonbot/install/ldlidar_component/lib:${LD_LIBRARY_PATH} /usr/bin/cmake --install /home/pawel/Workspaces/racoonbot/build/ldlidar_node
[115.569s] Level 1:colcon.colcon_core.environment:create_environment_scripts_only(ldlidar_node)
[115.571s] Level 1:colcon.colcon_core.environment:checking '/home/pawel/Workspaces/racoonbot/install/ldlidar_node' for CMake module files
[115.573s] DEBUG:colcon.colcon_core.event_handler.log_command:Invoked command in '/home/pawel/Workspaces/racoonbot/build/ldlidar_node' returned '0': AMENT_PREFIX_PATH=/home/pawel/Workspaces/racoonbot/install/ldlidar_component:${AMENT_PREFIX_PATH} CMAKE_PREFIX_PATH=/home/pawel/Workspaces/racoonbot/install/ldlidar_component:/home/pawel/Workspaces/racoonbot/install/racoonbot_pkg:/home/pawel/Workspaces/ros2-racoon/install/racoon_ros2_pkg:/home/pawel/Workspaces/ros2-racoon/install/ldlidar:/home/pawel/Workspaces/ros2-racoon/install/ldlidar_node:/home/pawel/Workspaces/ros2-racoon/install/ldlidar_component:/opt/ros/humble LD_LIBRARY_PATH=/home/pawel/Workspaces/racoonbot/install/ldlidar_component/lib:${LD_LIBRARY_PATH} /usr/bin/cmake --install /home/pawel/Workspaces/racoonbot/build/ldlidar_node
[115.577s] Level 1:colcon.colcon_core.environment:checking '/home/pawel/Workspaces/racoonbot/install/ldlidar_node' for CMake config files
[115.582s] Level 1:colcon.colcon_core.shell:create_environment_hook('ldlidar_node', 'cmake_prefix_path')
[115.583s] INFO:colcon.colcon_core.shell:Creating environment hook '/home/pawel/Workspaces/racoonbot/install/ldlidar_node/share/ldlidar_node/hook/cmake_prefix_path.ps1'
[115.586s] INFO:colcon.colcon_core.shell:Creating environment descriptor '/home/pawel/Workspaces/racoonbot/install/ldlidar_node/share/ldlidar_node/hook/cmake_prefix_path.dsv'
[115.587s] INFO:colcon.colcon_core.shell:Creating environment hook '/home/pawel/Workspaces/racoonbot/install/ldlidar_node/share/ldlidar_node/hook/cmake_prefix_path.sh'
[115.591s] Level 1:colcon.colcon_core.environment:checking '/home/pawel/Workspaces/racoonbot/install/ldlidar_node/lib'
[115.591s] Level 1:colcon.colcon_core.environment:checking '/home/pawel/Workspaces/racoonbot/install/ldlidar_node/bin'
[115.592s] Level 1:colcon.colcon_core.environment:checking '/home/pawel/Workspaces/racoonbot/install/ldlidar_node/lib/pkgconfig/ldlidar_node.pc'
[115.593s] Level 1:colcon.colcon_core.environment:checking '/home/pawel/Workspaces/racoonbot/install/ldlidar_node/lib/python3.10/site-packages'
[115.594s] Level 1:colcon.colcon_core.environment:checking '/home/pawel/Workspaces/racoonbot/install/ldlidar_node/bin'
[115.595s] INFO:colcon.colcon_core.shell:Creating package script '/home/pawel/Workspaces/racoonbot/install/ldlidar_node/share/ldlidar_node/package.ps1'
[115.597s] INFO:colcon.colcon_core.shell:Creating package descriptor '/home/pawel/Workspaces/racoonbot/install/ldlidar_node/share/ldlidar_node/package.dsv'
[115.598s] INFO:colcon.colcon_core.shell:Creating package script '/home/pawel/Workspaces/racoonbot/install/ldlidar_node/share/ldlidar_node/package.sh'
[115.600s] INFO:colcon.colcon_core.shell:Creating package script '/home/pawel/Workspaces/racoonbot/install/ldlidar_node/share/ldlidar_node/package.bash'
[115.602s] INFO:colcon.colcon_core.shell:Creating package script '/home/pawel/Workspaces/racoonbot/install/ldlidar_node/share/ldlidar_node/package.zsh'
[115.603s] Level 1:colcon.colcon_core.environment:create_file_with_runtime_dependencies(/home/pawel/Workspaces/racoonbot/install/ldlidar_node/share/colcon-core/packages/ldlidar_node)
[115.749s] Level 1:colcon.colcon_core.environment:create_environment_scripts_only(ldlidar_node)
[115.750s] Level 1:colcon.colcon_core.environment:checking '/home/pawel/Workspaces/racoonbot/install/ldlidar_node' for CMake module files
[115.753s] Level 1:colcon.colcon_core.environment:checking '/home/pawel/Workspaces/racoonbot/install/ldlidar_node' for CMake config files
[115.757s] Level 1:colcon.colcon_core.shell:create_environment_hook('ldlidar_node', 'cmake_prefix_path')
[115.758s] INFO:colcon.colcon_core.shell:Creating environment hook '/home/pawel/Workspaces/racoonbot/install/ldlidar_node/share/ldlidar_node/hook/cmake_prefix_path.ps1'
[115.760s] INFO:colcon.colcon_core.shell:Creating environment descriptor '/home/pawel/Workspaces/racoonbot/install/ldlidar_node/share/ldlidar_node/hook/cmake_prefix_path.dsv'
[115.762s] INFO:colcon.colcon_core.shell:Creating environment hook '/home/pawel/Workspaces/racoonbot/install/ldlidar_node/share/ldlidar_node/hook/cmake_prefix_path.sh'
[115.765s] Level 1:colcon.colcon_core.environment:checking '/home/pawel/Workspaces/racoonbot/install/ldlidar_node/lib'
[115.765s] Level 1:colcon.colcon_core.environment:checking '/home/pawel/Workspaces/racoonbot/install/ldlidar_node/bin'
[115.766s] Level 1:colcon.colcon_core.environment:checking '/home/pawel/Workspaces/racoonbot/install/ldlidar_node/lib/pkgconfig/ldlidar_node.pc'
[115.767s] Level 1:colcon.colcon_core.environment:checking '/home/pawel/Workspaces/racoonbot/install/ldlidar_node/lib/python3.10/site-packages'
[115.767s] Level 1:colcon.colcon_core.environment:checking '/home/pawel/Workspaces/racoonbot/install/ldlidar_node/bin'
[115.769s] INFO:colcon.colcon_core.shell:Creating package script '/home/pawel/Workspaces/racoonbot/install/ldlidar_node/share/ldlidar_node/package.ps1'
[115.771s] INFO:colcon.colcon_core.shell:Creating package descriptor '/home/pawel/Workspaces/racoonbot/install/ldlidar_node/share/ldlidar_node/package.dsv'
[115.773s] INFO:colcon.colcon_core.shell:Creating package script '/home/pawel/Workspaces/racoonbot/install/ldlidar_node/share/ldlidar_node/package.sh'
[115.775s] INFO:colcon.colcon_core.shell:Creating package script '/home/pawel/Workspaces/racoonbot/install/ldlidar_node/share/ldlidar_node/package.bash'
[115.777s] INFO:colcon.colcon_core.shell:Creating package script '/home/pawel/Workspaces/racoonbot/install/ldlidar_node/share/ldlidar_node/package.zsh'
[115.779s] Level 1:colcon.colcon_core.environment:create_file_with_runtime_dependencies(/home/pawel/Workspaces/racoonbot/install/ldlidar_node/share/colcon-core/packages/ldlidar_node)
[115.780s] INFO:colcon.colcon_ros.task.ament_cmake.build:Building ROS package in '/home/pawel/Workspaces/racoonbot/src/ldrobot-lidar-ros2/ldlidar' with build type 'ament_cmake'
[115.781s] INFO:colcon.colcon_cmake.task.cmake.build:Building CMake package in '/home/pawel/Workspaces/racoonbot/src/ldrobot-lidar-ros2/ldlidar'
[115.782s] INFO:colcon.colcon_core.shell:Skip shell extension 'powershell' for command environment: Not usable outside of PowerShell
[115.782s] DEBUG:colcon.colcon_core.shell:Skip shell extension 'dsv' for command environment
[115.846s] DEBUG:colcon.colcon_core.event_handler.log_command:Invoking command in '/home/pawel/Workspaces/racoonbot/build/ldlidar': AMENT_PREFIX_PATH=/home/pawel/Workspaces/racoonbot/install/ldlidar_node:/home/pawel/Workspaces/racoonbot/install/ldlidar_component:${AMENT_PREFIX_PATH} CMAKE_PREFIX_PATH=/home/pawel/Workspaces/racoonbot/install/ldlidar_node:/home/pawel/Workspaces/racoonbot/install/ldlidar_component:/home/pawel/Workspaces/racoonbot/install/racoonbot_pkg:/home/pawel/Workspaces/ros2-racoon/install/racoon_ros2_pkg:/home/pawel/Workspaces/ros2-racoon/install/ldlidar:/home/pawel/Workspaces/ros2-racoon/install/ldlidar_node:/home/pawel/Workspaces/ros2-racoon/install/ldlidar_component:/opt/ros/humble LD_LIBRARY_PATH=/home/pawel/Workspaces/racoonbot/install/ldlidar_component/lib:${LD_LIBRARY_PATH} /usr/bin/cmake /home/pawel/Workspaces/racoonbot/src/ldrobot-lidar-ros2/ldlidar -DAMENT_CMAKE_SYMLINK_INSTALL=1 -DCMAKE_INSTALL_PREFIX=/home/pawel/Workspaces/racoonbot/install/ldlidar
[117.767s] DEBUG:colcon.colcon_core.event_handler.log_command:Invoked command in '/home/pawel/Workspaces/racoonbot/build/ldlidar' returned '0': AMENT_PREFIX_PATH=/home/pawel/Workspaces/racoonbot/install/ldlidar_node:/home/pawel/Workspaces/racoonbot/install/ldlidar_component:${AMENT_PREFIX_PATH} CMAKE_PREFIX_PATH=/home/pawel/Workspaces/racoonbot/install/ldlidar_node:/home/pawel/Workspaces/racoonbot/install/ldlidar_component:/home/pawel/Workspaces/racoonbot/install/racoonbot_pkg:/home/pawel/Workspaces/ros2-racoon/install/racoon_ros2_pkg:/home/pawel/Workspaces/ros2-racoon/install/ldlidar:/home/pawel/Workspaces/ros2-racoon/install/ldlidar_node:/home/pawel/Workspaces/ros2-racoon/install/ldlidar_component:/opt/ros/humble LD_LIBRARY_PATH=/home/pawel/Workspaces/racoonbot/install/ldlidar_component/lib:${LD_LIBRARY_PATH} /usr/bin/cmake /home/pawel/Workspaces/racoonbot/src/ldrobot-lidar-ros2/ldlidar -DAMENT_CMAKE_SYMLINK_INSTALL=1 -DCMAKE_INSTALL_PREFIX=/home/pawel/Workspaces/racoonbot/install/ldlidar
[117.774s] DEBUG:colcon.colcon_core.event_handler.log_command:Invoking command in '/home/pawel/Workspaces/racoonbot/build/ldlidar': AMENT_PREFIX_PATH=/home/pawel/Workspaces/racoonbot/install/ldlidar_node:/home/pawel/Workspaces/racoonbot/install/ldlidar_component:${AMENT_PREFIX_PATH} CMAKE_PREFIX_PATH=/home/pawel/Workspaces/racoonbot/install/ldlidar_node:/home/pawel/Workspaces/racoonbot/install/ldlidar_component:/home/pawel/Workspaces/racoonbot/install/racoonbot_pkg:/home/pawel/Workspaces/ros2-racoon/install/racoon_ros2_pkg:/home/pawel/Workspaces/ros2-racoon/install/ldlidar:/home/pawel/Workspaces/ros2-racoon/install/ldlidar_node:/home/pawel/Workspaces/ros2-racoon/install/ldlidar_component:/opt/ros/humble LD_LIBRARY_PATH=/home/pawel/Workspaces/racoonbot/install/ldlidar_component/lib:${LD_LIBRARY_PATH} /usr/bin/cmake --build /home/pawel/Workspaces/racoonbot/build/ldlidar -- -j4 -l4
[117.937s] DEBUG:colcon.colcon_core.event_handler.log_command:Invoked command in '/home/pawel/Workspaces/racoonbot/build/ldlidar' returned '0': AMENT_PREFIX_PATH=/home/pawel/Workspaces/racoonbot/install/ldlidar_node:/home/pawel/Workspaces/racoonbot/install/ldlidar_component:${AMENT_PREFIX_PATH} CMAKE_PREFIX_PATH=/home/pawel/Workspaces/racoonbot/install/ldlidar_node:/home/pawel/Workspaces/racoonbot/install/ldlidar_component:/home/pawel/Workspaces/racoonbot/install/racoonbot_pkg:/home/pawel/Workspaces/ros2-racoon/install/racoon_ros2_pkg:/home/pawel/Workspaces/ros2-racoon/install/ldlidar:/home/pawel/Workspaces/ros2-racoon/install/ldlidar_node:/home/pawel/Workspaces/ros2-racoon/install/ldlidar_component:/opt/ros/humble LD_LIBRARY_PATH=/home/pawel/Workspaces/racoonbot/install/ldlidar_component/lib:${LD_LIBRARY_PATH} /usr/bin/cmake --build /home/pawel/Workspaces/racoonbot/build/ldlidar -- -j4 -l4
[118.070s] DEBUG:colcon.colcon_core.event_handler.log_command:Invoking command in '/home/pawel/Workspaces/racoonbot/build/ldlidar': AMENT_PREFIX_PATH=/home/pawel/Workspaces/racoonbot/install/ldlidar_node:/home/pawel/Workspaces/racoonbot/install/ldlidar_component:${AMENT_PREFIX_PATH} CMAKE_PREFIX_PATH=/home/pawel/Workspaces/racoonbot/install/ldlidar_node:/home/pawel/Workspaces/racoonbot/install/ldlidar_component:/home/pawel/Workspaces/racoonbot/install/racoonbot_pkg:/home/pawel/Workspaces/ros2-racoon/install/racoon_ros2_pkg:/home/pawel/Workspaces/ros2-racoon/install/ldlidar:/home/pawel/Workspaces/ros2-racoon/install/ldlidar_node:/home/pawel/Workspaces/ros2-racoon/install/ldlidar_component:/opt/ros/humble LD_LIBRARY_PATH=/home/pawel/Workspaces/racoonbot/install/ldlidar_component/lib:${LD_LIBRARY_PATH} /usr/bin/cmake --install /home/pawel/Workspaces/racoonbot/build/ldlidar
[118.665s] Level 1:colcon.colcon_core.environment:create_environment_scripts_only(ldlidar)
[118.666s] Level 1:colcon.colcon_core.environment:checking '/home/pawel/Workspaces/racoonbot/install/ldlidar' for CMake module files
[118.667s] DEBUG:colcon.colcon_core.event_handler.log_command:Invoked command in '/home/pawel/Workspaces/racoonbot/build/ldlidar' returned '0': AMENT_PREFIX_PATH=/home/pawel/Workspaces/racoonbot/install/ldlidar_node:/home/pawel/Workspaces/racoonbot/install/ldlidar_component:${AMENT_PREFIX_PATH} CMAKE_PREFIX_PATH=/home/pawel/Workspaces/racoonbot/install/ldlidar_node:/home/pawel/Workspaces/racoonbot/install/ldlidar_component:/home/pawel/Workspaces/racoonbot/install/racoonbot_pkg:/home/pawel/Workspaces/ros2-racoon/install/racoon_ros2_pkg:/home/pawel/Workspaces/ros2-racoon/install/ldlidar:/home/pawel/Workspaces/ros2-racoon/install/ldlidar_node:/home/pawel/Workspaces/ros2-racoon/install/ldlidar_component:/opt/ros/humble LD_LIBRARY_PATH=/home/pawel/Workspaces/racoonbot/install/ldlidar_component/lib:${LD_LIBRARY_PATH} /usr/bin/cmake --install /home/pawel/Workspaces/racoonbot/build/ldlidar
[118.670s] Level 1:colcon.colcon_core.environment:checking '/home/pawel/Workspaces/racoonbot/install/ldlidar' for CMake config files
[118.673s] Level 1:colcon.colcon_core.shell:create_environment_hook('ldlidar', 'cmake_prefix_path')
[118.675s] INFO:colcon.colcon_core.shell:Creating environment hook '/home/pawel/Workspaces/racoonbot/install/ldlidar/share/ldlidar/hook/cmake_prefix_path.ps1'
[118.677s] INFO:colcon.colcon_core.shell:Creating environment descriptor '/home/pawel/Workspaces/racoonbot/install/ldlidar/share/ldlidar/hook/cmake_prefix_path.dsv'
[118.679s] INFO:colcon.colcon_core.shell:Creating environment hook '/home/pawel/Workspaces/racoonbot/install/ldlidar/share/ldlidar/hook/cmake_prefix_path.sh'
[118.681s] Level 1:colcon.colcon_core.environment:checking '/home/pawel/Workspaces/racoonbot/install/ldlidar/bin'
[118.682s] Level 1:colcon.colcon_core.environment:checking '/home/pawel/Workspaces/racoonbot/install/ldlidar/lib/pkgconfig/ldlidar.pc'
[118.683s] Level 1:colcon.colcon_core.environment:checking '/home/pawel/Workspaces/racoonbot/install/ldlidar/lib/python3.10/site-packages'
[118.684s] Level 1:colcon.colcon_core.environment:checking '/home/pawel/Workspaces/racoonbot/install/ldlidar/bin'
[118.685s] INFO:colcon.colcon_core.shell:Creating package script '/home/pawel/Workspaces/racoonbot/install/ldlidar/share/ldlidar/package.ps1'
[118.687s] INFO:colcon.colcon_core.shell:Creating package descriptor '/home/pawel/Workspaces/racoonbot/install/ldlidar/share/ldlidar/package.dsv'
[118.689s] INFO:colcon.colcon_core.shell:Creating package script '/home/pawel/Workspaces/racoonbot/install/ldlidar/share/ldlidar/package.sh'
[118.690s] INFO:colcon.colcon_core.shell:Creating package script '/home/pawel/Workspaces/racoonbot/install/ldlidar/share/ldlidar/package.bash'
[118.692s] INFO:colcon.colcon_core.shell:Creating package script '/home/pawel/Workspaces/racoonbot/install/ldlidar/share/ldlidar/package.zsh'
[118.693s] Level 1:colcon.colcon_core.environment:create_file_with_runtime_dependencies(/home/pawel/Workspaces/racoonbot/install/ldlidar/share/colcon-core/packages/ldlidar)
[118.813s] Level 1:colcon.colcon_core.environment:create_environment_scripts_only(ldlidar)
[118.815s] Level 1:colcon.colcon_core.environment:checking '/home/pawel/Workspaces/racoonbot/install/ldlidar' for CMake module files
[118.818s] Level 1:colcon.colcon_core.environment:checking '/home/pawel/Workspaces/racoonbot/install/ldlidar' for CMake config files
[118.820s] Level 1:colcon.colcon_core.shell:create_environment_hook('ldlidar', 'cmake_prefix_path')
[118.821s] INFO:colcon.colcon_core.shell:Creating environment hook '/home/pawel/Workspaces/racoonbot/install/ldlidar/share/ldlidar/hook/cmake_prefix_path.ps1'
[118.823s] INFO:colcon.colcon_core.shell:Creating environment descriptor '/home/pawel/Workspaces/racoonbot/install/ldlidar/share/ldlidar/hook/cmake_prefix_path.dsv'
[118.825s] INFO:colcon.colcon_core.shell:Creating environment hook '/home/pawel/Workspaces/racoonbot/install/ldlidar/share/ldlidar/hook/cmake_prefix_path.sh'
[118.828s] Level 1:colcon.colcon_core.environment:checking '/home/pawel/Workspaces/racoonbot/install/ldlidar/bin'
[118.829s] Level 1:colcon.colcon_core.environment:checking '/home/pawel/Workspaces/racoonbot/install/ldlidar/lib/pkgconfig/ldlidar.pc'
[118.830s] Level 1:colcon.colcon_core.environment:checking '/home/pawel/Workspaces/racoonbot/install/ldlidar/lib/python3.10/site-packages'
[118.831s] Level 1:colcon.colcon_core.environment:checking '/home/pawel/Workspaces/racoonbot/install/ldlidar/bin'
[118.832s] INFO:colcon.colcon_core.shell:Creating package script '/home/pawel/Workspaces/racoonbot/install/ldlidar/share/ldlidar/package.ps1'
[118.834s] INFO:colcon.colcon_core.shell:Creating package descriptor '/home/pawel/Workspaces/racoonbot/install/ldlidar/share/ldlidar/package.dsv'
[118.837s] INFO:colcon.colcon_core.shell:Creating package script '/home/pawel/Workspaces/racoonbot/install/ldlidar/share/ldlidar/package.sh'
[118.839s] INFO:colcon.colcon_core.shell:Creating package script '/home/pawel/Workspaces/racoonbot/install/ldlidar/share/ldlidar/package.bash'
[118.841s] INFO:colcon.colcon_core.shell:Creating package script '/home/pawel/Workspaces/racoonbot/install/ldlidar/share/ldlidar/package.zsh'
[118.844s] Level 1:colcon.colcon_core.environment:create_file_with_runtime_dependencies(/home/pawel/Workspaces/racoonbot/install/ldlidar/share/colcon-core/packages/ldlidar)
[118.846s] DEBUG:colcon.colcon_parallel_executor.executor.parallel:closing loop
[118.848s] DEBUG:colcon.colcon_parallel_executor.executor.parallel:loop closed
[118.848s] DEBUG:colcon.colcon_parallel_executor.executor.parallel:run_until_complete finished with '0'
[118.849s] DEBUG:colcon.colcon_core.event_reactor:joining thread
[118.907s] INFO:colcon.colcon_core.plugin_system:Skipping extension 'colcon_notification.desktop_notification.terminal_notifier': Not used on non-Darwin systems
[118.907s] INFO:colcon.colcon_core.plugin_system:Skipping extension 'colcon_notification.desktop_notification.win32': Not used on non-Windows systems
[118.908s] INFO:colcon.colcon_notification.desktop_notification:Sending desktop notification using 'notify2'
[118.913s] DEBUG:colcon.colcon_notification.desktop_notification.notify2:Failed to initialize notify2: org.freedesktop.DBus.Error.ServiceUnknown: The name org.freedesktop.Notifications was not provided by any .service files
[118.914s] DEBUG:colcon.colcon_core.event_reactor:joined thread
[118.915s] INFO:colcon.colcon_core.shell:Creating prefix script '/home/pawel/Workspaces/racoonbot/install/local_setup.ps1'
[118.936s] INFO:colcon.colcon_core.shell:Creating prefix util module '/home/pawel/Workspaces/racoonbot/install/_local_setup_util_ps1.py'
[118.947s] INFO:colcon.colcon_core.shell:Creating prefix chain script '/home/pawel/Workspaces/racoonbot/install/setup.ps1'
[118.957s] INFO:colcon.colcon_core.shell:Creating prefix script '/home/pawel/Workspaces/racoonbot/install/local_setup.sh'
[118.961s] INFO:colcon.colcon_core.shell:Creating prefix util module '/home/pawel/Workspaces/racoonbot/install/_local_setup_util_sh.py'
[118.964s] INFO:colcon.colcon_core.shell:Creating prefix chain script '/home/pawel/Workspaces/racoonbot/install/setup.sh'
[118.972s] INFO:colcon.colcon_core.shell:Creating prefix script '/home/pawel/Workspaces/racoonbot/install/local_setup.bash'
[118.978s] INFO:colcon.colcon_core.shell:Creating prefix chain script '/home/pawel/Workspaces/racoonbot/install/setup.bash'
[118.987s] INFO:colcon.colcon_core.shell:Creating prefix script '/home/pawel/Workspaces/racoonbot/install/local_setup.zsh'
[118.990s] INFO:colcon.colcon_core.shell:Creating prefix chain script '/home/pawel/Workspaces/racoonbot/install/setup.zsh'
