[0.030s] Invoking command in '/home/lisior/Workspaces/racoonbot_ws/build/racoonbot_pkg': /usr/bin/cmake --build /home/lisior/Workspaces/racoonbot_ws/build/racoonbot_pkg -- -j2 -l2
[0.212s] [100%] Built target racoonbot_pkg
[0.240s] Invoked command in '/home/lisior/Workspaces/racoonbot_ws/build/racoonbot_pkg' returned '0': /usr/bin/cmake --build /home/lisior/Workspaces/racoonbot_ws/build/racoonbot_pkg -- -j2 -l2
[0.342s] Invoking command in '/home/lisior/Workspaces/racoonbot_ws/build/racoonbot_pkg': /usr/bin/cmake --install /home/lisior/Workspaces/racoonbot_ws/build/racoonbot_pkg
[0.393s] -- Install configuration: ""
[0.401s] -- Execute custom install script
[0.402s] -- Up-to-date symlink: /home/lisior/Workspaces/racoonbot_ws/install/racoonbot_pkg/share/racoonbot_pkg//racoonbot_pkg.xml
[0.410s] -- Up-to-date symlink: /home/lisior/Workspaces/racoonbot_ws/install/racoonbot_pkg/include/racoonbot_pkg/racoonbot_pkg/racoonbot_system.hpp
[0.411s] -- Up-to-date symlink: /home/lisior/Workspaces/racoonbot_ws/install/racoonbot_pkg/include/racoonbot_pkg/racoonbot_pkg/visibility_control.h
[0.411s] -- Up-to-date symlink: /home/lisior/Workspaces/racoonbot_ws/install/racoonbot_pkg/share/racoonbot_pkg/ros2_control/racoonbot.ros2_control.xacro
[0.412s] -- Up-to-date symlink: /home/lisior/Workspaces/racoonbot_ws/install/racoonbot_pkg/share/racoonbot_pkg/urdf/racoonbot.materials.xacro
[0.413s] -- Up-to-date symlink: /home/lisior/Workspaces/racoonbot_ws/install/racoonbot_pkg/share/racoonbot_pkg/urdf/racoonbot.urdf.xacro
[0.414s] -- Up-to-date symlink: /home/lisior/Workspaces/racoonbot_ws/install/racoonbot_pkg/share/racoonbot_pkg/urdf/racoonbot_description.urdf.xacro
[0.414s] -- Up-to-date symlink: /home/lisior/Workspaces/racoonbot_ws/install/racoonbot_pkg/share/racoonbot_pkg/urdf/racoonbot_description_3.urdf.xacro
[0.415s] -- Symlinking: /home/lisior/Workspaces/racoonbot_ws/install/racoonbot_pkg/share/racoonbot_pkg/rviz/racoonbot copy.rviz
[0.457s] -- Up-to-date symlink: /home/lisior/Workspaces/racoonbot_ws/install/racoonbot_pkg/share/racoonbot_pkg/rviz/racoonbot.rviz
[0.457s] -- Symlinking: /home/lisior/Workspaces/racoonbot_ws/install/racoonbot_pkg/share/racoonbot_pkg/rviz/racoonbot_view copy.rviz
[0.485s] -- Up-to-date symlink: /home/lisior/Workspaces/racoonbot_ws/install/racoonbot_pkg/share/racoonbot_pkg/rviz/racoonbot_view.rviz
[0.485s] -- Up-to-date symlink: /home/lisior/Workspaces/racoonbot_ws/install/racoonbot_pkg/share/racoonbot_pkg/meshes/base_link.dae
[0.486s] -- Up-to-date symlink: /home/lisior/Workspaces/racoonbot_ws/install/racoonbot_pkg/share/racoonbot_pkg/meshes/caster_link.dae
[0.486s] -- Up-to-date symlink: /home/lisior/Workspaces/racoonbot_ws/install/racoonbot_pkg/share/racoonbot_pkg/meshes/motor_link.dae
[0.487s] -- Up-to-date symlink: /home/lisior/Workspaces/racoonbot_ws/install/racoonbot_pkg/share/racoonbot_pkg/meshes/scan_link.dae
[0.487s] -- Up-to-date symlink: /home/lisior/Workspaces/racoonbot_ws/install/racoonbot_pkg/share/racoonbot_pkg/meshes/wheel_link.dae
[0.488s] -- Up-to-date symlink: /home/lisior/Workspaces/racoonbot_ws/install/racoonbot_pkg/share/racoonbot_pkg/launch/racoonbot.launch.py
[0.492s] -- Up-to-date symlink: /home/lisior/Workspaces/racoonbot_ws/install/racoonbot_pkg/share/racoonbot_pkg/config/racoonbot_controllers.yaml
[0.498s] -- Up-to-date symlink: /home/lisior/Workspaces/racoonbot_ws/install/racoonbot_pkg/share/racoonbot_pkg/environment/library_path.sh
[0.499s] -- Up-to-date symlink: /home/lisior/Workspaces/racoonbot_ws/install/racoonbot_pkg/share/racoonbot_pkg/environment/library_path.dsv
[0.500s] -- Up-to-date symlink: /home/lisior/Workspaces/racoonbot_ws/install/racoonbot_pkg/share/ament_index/resource_index/package_run_dependencies/racoonbot_pkg
[0.501s] -- Up-to-date symlink: /home/lisior/Workspaces/racoonbot_ws/install/racoonbot_pkg/share/ament_index/resource_index/parent_prefix_path/racoonbot_pkg
[0.501s] -- Up-to-date symlink: /home/lisior/Workspaces/racoonbot_ws/install/racoonbot_pkg/share/racoonbot_pkg/environment/ament_prefix_path.sh
[0.502s] -- Up-to-date symlink: /home/lisior/Workspaces/racoonbot_ws/install/racoonbot_pkg/share/racoonbot_pkg/environment/ament_prefix_path.dsv
[0.503s] -- Up-to-date symlink: /home/lisior/Workspaces/racoonbot_ws/install/racoonbot_pkg/share/racoonbot_pkg/environment/path.sh
[0.504s] -- Up-to-date symlink: /home/lisior/Workspaces/racoonbot_ws/install/racoonbot_pkg/share/racoonbot_pkg/environment/path.dsv
[0.504s] -- Up-to-date symlink: /home/lisior/Workspaces/racoonbot_ws/install/racoonbot_pkg/share/racoonbot_pkg/local_setup.bash
[0.505s] -- Up-to-date symlink: /home/lisior/Workspaces/racoonbot_ws/install/racoonbot_pkg/share/racoonbot_pkg/local_setup.sh
[0.506s] -- Up-to-date symlink: /home/lisior/Workspaces/racoonbot_ws/install/racoonbot_pkg/share/racoonbot_pkg/local_setup.zsh
[0.507s] -- Up-to-date symlink: /home/lisior/Workspaces/racoonbot_ws/install/racoonbot_pkg/share/racoonbot_pkg/local_setup.dsv
[0.507s] -- Symlinking: /home/lisior/Workspaces/racoonbot_ws/install/racoonbot_pkg/share/racoonbot_pkg/package.dsv
[0.550s] -- Up-to-date symlink: /home/lisior/Workspaces/racoonbot_ws/install/racoonbot_pkg/share/ament_index/resource_index/packages/racoonbot_pkg
[0.550s] -- Up-to-date symlink: /home/lisior/Workspaces/racoonbot_ws/install/racoonbot_pkg/share/ament_index/resource_index/hardware_interface__pluginlib__plugin/racoonbot_pkg
[0.551s] -- Up-to-date symlink: /home/lisior/Workspaces/racoonbot_ws/install/racoonbot_pkg/share/racoonbot_pkg/cmake/ament_cmake_export_targets-extras.cmake
[0.551s] -- Up-to-date symlink: /home/lisior/Workspaces/racoonbot_ws/install/racoonbot_pkg/share/racoonbot_pkg/cmake/ament_cmake_export_dependencies-extras.cmake
[0.551s] -- Up-to-date symlink: /home/lisior/Workspaces/racoonbot_ws/install/racoonbot_pkg/share/racoonbot_pkg/cmake/racoonbot_pkgConfig.cmake
[0.551s] -- Up-to-date symlink: /home/lisior/Workspaces/racoonbot_ws/install/racoonbot_pkg/share/racoonbot_pkg/cmake/racoonbot_pkgConfig-version.cmake
[0.551s] -- Up-to-date symlink: /home/lisior/Workspaces/racoonbot_ws/install/racoonbot_pkg/share/racoonbot_pkg/package.xml
[0.552s] -- Up-to-date: /home/lisior/Workspaces/racoonbot_ws/install/racoonbot_pkg/lib/libracoonbot_pkg.so
[0.553s] -- Up-to-date: /home/lisior/Workspaces/racoonbot_ws/install/racoonbot_pkg/share/racoonbot_pkg/cmake/export_racoonbot_pkgExport.cmake
[0.554s] -- Up-to-date: /home/lisior/Workspaces/racoonbot_ws/install/racoonbot_pkg/share/racoonbot_pkg/cmake/export_racoonbot_pkgExport-noconfig.cmake
[0.561s] Invoked command in '/home/lisior/Workspaces/racoonbot_ws/build/racoonbot_pkg' returned '0': /usr/bin/cmake --install /home/lisior/Workspaces/racoonbot_ws/build/racoonbot_pkg
