[0.082s] Invoking command in '/home/pawel/Workspaces/racoonbot/build/ldlidar_component': CMAKE_PREFIX_PATH=${CMAKE_PREFIX_PATH}:/opt/ros/humble /usr/bin/cmake /home/pawel/Workspaces/racoonbot/src/ldrobot-lidar-ros2/ldlidar_component -DAMENT_CMAKE_SYMLINK_INSTALL=1 -DCMAKE_INSTALL_PREFIX=/home/pawel/Workspaces/racoonbot/install/ldlidar_component
[2.256s] -- The C compiler identification is GNU 11.4.0
[3.153s] -- The CXX compiler identification is GNU 11.4.0
[3.212s] -- Detecting C compiler ABI info
[3.633s] -- Detecting C compiler ABI info - done
[3.660s] -- Check for working C compiler: /usr/bin/cc - skipped
[3.663s] -- Detecting C compile features
[3.665s] -- Detecting C compile features - done
[3.683s] -- Detecting CXX compiler ABI info
[4.086s] -- Detecting CXX compiler ABI info - done
[4.115s] -- Check for working CXX compiler: /usr/bin/c++ - skipped
[4.115s] -- Detecting CXX compile features
[4.117s] -- Detecting CXX compile features - done
[4.120s] --  * Release Mode
[4.120s] -- * Found ROS2 humble
[4.121s] -- * ROS2 humble is officially supported by this package.
[4.240s] -- Found ament_cmake: 1.3.8 (/opt/ros/humble/share/ament_cmake/cmake)
[5.118s] -- Found Python3: /usr/bin/python3 (found version "3.10.12") found components: Interpreter 
[5.458s] -- Override CMake install command with custom implementation using symlinks instead of copying resources
[5.900s] -- Found rclcpp_lifecycle: 16.0.8 (/opt/ros/humble/share/rclcpp_lifecycle/cmake)
[6.432s] -- Found rosidl_generator_c: 3.1.5 (/opt/ros/humble/share/rosidl_generator_c/cmake)
[6.498s] -- Found rosidl_adapter: 3.1.5 (/opt/ros/humble/share/rosidl_adapter/cmake)
[6.586s] -- Found rosidl_generator_cpp: 3.1.5 (/opt/ros/humble/share/rosidl_generator_cpp/cmake)
[6.704s] -- Using all available rosidl_typesupport_c: rosidl_typesupport_fastrtps_c;rosidl_typesupport_introspection_c
[6.875s] -- Using all available rosidl_typesupport_cpp: rosidl_typesupport_fastrtps_cpp;rosidl_typesupport_introspection_cpp
[7.408s] -- Found rmw_implementation_cmake: 6.1.1 (/opt/ros/humble/share/rmw_implementation_cmake/cmake)
[7.443s] -- Found rmw_fastrtps_cpp: 6.2.6 (/opt/ros/humble/share/rmw_fastrtps_cpp/cmake)
[8.252s] -- Found OpenSSL: /usr/lib/aarch64-linux-gnu/libcrypto.so (found version "3.0.2")  
[8.518s] -- Found FastRTPS: /opt/ros/humble/include  
[8.965s] -- Using RMW implementation 'rmw_fastrtps_cpp' as default
[9.217s] -- Looking for pthread.h
[9.599s] -- Looking for pthread.h - found
[9.602s] -- Performing Test CMAKE_HAVE_LIBC_PTHREAD
[9.980s] -- Performing Test CMAKE_HAVE_LIBC_PTHREAD - Success
[9.986s] -- Found Threads: TRUE  
[10.997s] -- Found rclcpp_components: 16.0.8 (/opt/ros/humble/share/rclcpp_components/cmake)
[11.580s] [31mCMake Error at CMakeLists.txt:99 (find_package):
[11.581s]   By not providing "Findnav2_util.cmake" in CMAKE_MODULE_PATH this project
[11.582s]   has asked CMake to find a package configuration file provided by
[11.582s]   "nav2_util", but CMake did not find one.
[11.583s] 
[11.583s]   Could not find a package configuration file provided by "nav2_util" with
[11.584s]   any of the following names:
[11.584s] 
[11.585s]     nav2_utilConfig.cmake
[11.586s]     nav2_util-config.cmake
[11.587s] 
[11.587s]   Add the installation prefix of "nav2_util" to CMAKE_PREFIX_PATH or set
[11.589s]   "nav2_util_DIR" to a directory containing one of the above files.  If
[11.590s]   "nav2_util" provides a separate development package or SDK, be sure it has
[11.591s]   been installed.
[11.593s] 
[11.593s] [0m
[11.594s] -- Configuring incomplete, errors occurred!
[11.595s] See also "/home/pawel/Workspaces/racoonbot/build/ldlidar_component/CMakeFiles/CMakeOutput.log".
[11.615s] Invoked command in '/home/pawel/Workspaces/racoonbot/build/ldlidar_component' returned '1': CMAKE_PREFIX_PATH=${CMAKE_PREFIX_PATH}:/opt/ros/humble /usr/bin/cmake /home/pawel/Workspaces/racoonbot/src/ldrobot-lidar-ros2/ldlidar_component -DAMENT_CMAKE_SYMLINK_INSTALL=1 -DCMAKE_INSTALL_PREFIX=/home/pawel/Workspaces/racoonbot/install/ldlidar_component
