[0.085s] Invoking command in '/home/pawel/Workspaces/racoonbot/build/ldlidar_component': CMAKE_PREFIX_PATH=${CMAKE_PREFIX_PATH}:/opt/ros/humble /usr/bin/cmake /home/pawel/Workspaces/racoonbot/src/ldrobot-lidar-ros2/ldlidar_component -DAMENT_CMAKE_SYMLINK_INSTALL=1 -DCMAKE_INSTALL_PREFIX=/home/pawel/Workspaces/racoonbot/install/ldlidar_component
[0.985s] --  * Release Mode
[0.986s] -- * Found ROS2 humble
[0.986s] -- * ROS2 humble is officially supported by this package.
[1.029s] -- Found ament_cmake: 1.3.8 (/opt/ros/humble/share/ament_cmake/cmake)
[1.770s] -- Override CMake install command with custom implementation using symlinks instead of copying resources
[1.847s] -- Found rclcpp_lifecycle: 16.0.8 (/opt/ros/humble/share/rclcpp_lifecycle/cmake)
[2.117s] -- Found rosidl_generator_c: 3.1.5 (/opt/ros/humble/share/rosidl_generator_c/cmake)
[2.134s] -- Found rosidl_adapter: 3.1.5 (/opt/ros/humble/share/rosidl_adapter/cmake)
[2.184s] -- Found rosidl_generator_cpp: 3.1.5 (/opt/ros/humble/share/rosidl_generator_cpp/cmake)
[2.252s] -- Using all available rosidl_typesupport_c: rosidl_typesupport_fastrtps_c;rosidl_typesupport_introspection_c
[2.338s] -- Using all available rosidl_typesupport_cpp: rosidl_typesupport_fastrtps_cpp;rosidl_typesupport_introspection_cpp
[2.641s] -- Found rmw_implementation_cmake: 6.1.1 (/opt/ros/humble/share/rmw_implementation_cmake/cmake)
[2.654s] -- Found rmw_fastrtps_cpp: 6.2.6 (/opt/ros/humble/share/rmw_fastrtps_cpp/cmake)
[3.760s] -- Using RMW implementation 'rmw_fastrtps_cpp' as default
[4.622s] -- Found rclcpp_components: 16.0.8 (/opt/ros/humble/share/rclcpp_components/cmake)
[4.888s] -- Found nav2_util: 1.1.14 (/opt/ros/humble/share/nav2_util/cmake)
[7.772s] -- Found eigen3_cmake_module: 0.1.1 (/opt/ros/humble/share/eigen3_cmake_module/cmake)
[7.778s] -- Found Eigen3: TRUE (found version "3.4.0") 
[7.779s] -- Ensuring Eigen3 include directory is part of orocos-kdl CMake target
[8.547s] -- Found sensor_msgs: 4.2.3 (/opt/ros/humble/share/sensor_msgs/cmake)
[8.898s] -- Found diagnostic_msgs: 4.2.3 (/opt/ros/humble/share/diagnostic_msgs/cmake)
[9.104s] -- Found diagnostic_updater: 3.1.2 (/opt/ros/humble/share/diagnostic_updater/cmake)
[10.972s] -- Found ament_lint_auto: 0.12.10 (/opt/ros/humble/share/ament_lint_auto/cmake)
[11.598s] -- Added test 'copyright' to check source files copyright and LICENSE
[11.639s] -- Added test 'cppcheck' to perform static code analysis on C / C++ code
[11.643s] -- Configured cppcheck include dirs: /home/pawel/Workspaces/racoonbot/src/ldrobot-lidar-ros2/ldlidar_component/include;/home/pawel/Workspaces/racoonbot/src/ldrobot-lidar-ros2/ldlidar_component/tools/include;/home/pawel/Workspaces/racoonbot/src/ldrobot-lidar-ros2/ldlidar_component/component/include;/home/pawel/Workspaces/racoonbot/src/ldrobot-lidar-ros2/ldlidar_component/ldlidar_driver/include/core;/home/pawel/Workspaces/racoonbot/src/ldrobot-lidar-ros2/ldlidar_component/ldlidar_driver/include/dataprocess;/home/pawel/Workspaces/racoonbot/src/ldrobot-lidar-ros2/ldlidar_component/ldlidar_driver/include/filter;/home/pawel/Workspaces/racoonbot/src/ldrobot-lidar-ros2/ldlidar_component/ldlidar_driver/include/logger;/home/pawel/Workspaces/racoonbot/src/ldrobot-lidar-ros2/ldlidar_component/ldlidar_driver/include/networkcom;/home/pawel/Workspaces/racoonbot/src/ldrobot-lidar-ros2/ldlidar_component/ldlidar_driver/include/serialcom
[11.643s] -- Configured cppcheck exclude dirs and/or files: 
[11.683s] -- Added test 'cpplint' to check C / C++ code against the Google style
[11.683s] -- Configured cpplint exclude dirs and/or files: 
[11.703s] -- Added test 'lint_cmake' to check CMake code style
[11.749s] -- Added test 'uncrustify' to check C / C++ code style
[11.750s] -- Configured uncrustify additional arguments: 
[11.758s] -- Added test 'xmllint' to check XML markup files
[11.798s] -- Added test 'clang_format' to check C / C++ code style
[11.825s] -- Configuring done
[12.234s] -- Generating done
[12.244s] -- Build files have been written to: /home/pawel/Workspaces/racoonbot/build/ldlidar_component
[12.286s] Invoked command in '/home/pawel/Workspaces/racoonbot/build/ldlidar_component' returned '0': CMAKE_PREFIX_PATH=${CMAKE_PREFIX_PATH}:/opt/ros/humble /usr/bin/cmake /home/pawel/Workspaces/racoonbot/src/ldrobot-lidar-ros2/ldlidar_component -DAMENT_CMAKE_SYMLINK_INSTALL=1 -DCMAKE_INSTALL_PREFIX=/home/pawel/Workspaces/racoonbot/install/ldlidar_component
[12.294s] Invoking command in '/home/pawel/Workspaces/racoonbot/build/ldlidar_component': CMAKE_PREFIX_PATH=${CMAKE_PREFIX_PATH}:/opt/ros/humble /usr/bin/cmake --build /home/pawel/Workspaces/racoonbot/build/ldlidar_component -- -j4 -l4
[12.542s] [ 10%] [32mBuilding CXX object ldlidar_driver/CMakeFiles/ldlidar.dir/src/core/ldlidar_driver.cpp.o[0m
[12.543s] [ 20%] [32mBuilding CXX object ldlidar_driver/CMakeFiles/ldlidar.dir/src/dataprocess/lipkg.cpp.o[0m
[12.553s] [ 30%] [32mBuilding CXX object ldlidar_driver/CMakeFiles/ldlidar.dir/src/logger/log_module.cpp.o[0m
[12.563s] [ 40%] [32mBuilding CXX object ldlidar_driver/CMakeFiles/ldlidar.dir/src/filter/tofbf.cpp.o[0m
[17.614s] [ 50%] [32mBuilding CXX object ldlidar_driver/CMakeFiles/ldlidar.dir/src/networkcom/network_socket_interface_linux.cpp.o[0m
[18.223s] [ 60%] [32mBuilding CXX object ldlidar_driver/CMakeFiles/ldlidar.dir/src/serialcom/serial_interface_linux.cpp.o[0m
[20.875s] [ 70%] [32m[1mLinking CXX static library libldlidar.a[0m
[21.136s] [ 70%] Built target ldlidar
[21.234s] [ 80%] [32mBuilding CXX object CMakeFiles/ldlidar_component.dir/tools/src/ldlidar_tools.cpp.o[0m
[21.237s] [ 90%] [32mBuilding CXX object CMakeFiles/ldlidar_component.dir/component/src/ldlidar_component.cpp.o[0m
[67.869s] [100%] [32m[1mLinking CXX shared library libldlidar_component.so[0m
[70.643s] [100%] Built target ldlidar_component
[70.711s] Invoked command in '/home/pawel/Workspaces/racoonbot/build/ldlidar_component' returned '0': CMAKE_PREFIX_PATH=${CMAKE_PREFIX_PATH}:/opt/ros/humble /usr/bin/cmake --build /home/pawel/Workspaces/racoonbot/build/ldlidar_component -- -j4 -l4
[70.923s] Invoking command in '/home/pawel/Workspaces/racoonbot/build/ldlidar_component': CMAKE_PREFIX_PATH=${CMAKE_PREFIX_PATH}:/opt/ros/humble /usr/bin/cmake --install /home/pawel/Workspaces/racoonbot/build/ldlidar_component
[70.991s] -- Install configuration: "Release"
[71.005s] -- Execute custom install script
[71.009s] -- Symlinking: /home/pawel/Workspaces/racoonbot/install/ldlidar_component/lib/libldlidar_component.so
[71.072s] -- Symlinking: /home/pawel/Workspaces/racoonbot/install/ldlidar_component/include/ldlidar_component//defines.hpp
[71.109s] -- Symlinking: /home/pawel/Workspaces/racoonbot/install/ldlidar_component/include/ldlidar_component//ldlidar_component.hpp
[71.147s] -- Symlinking: /home/pawel/Workspaces/racoonbot/install/ldlidar_component/include/ldlidar_component//ldlidar_tools.hpp
[71.186s] -- Symlinking: /home/pawel/Workspaces/racoonbot/install/ldlidar_component/include/ldlidar_component//visibility_control.hpp
[71.230s] -- Symlinking: /home/pawel/Workspaces/racoonbot/install/ldlidar_component/include/ldlidar_component//ldlidar_datatype.h
[71.274s] -- Symlinking: /home/pawel/Workspaces/racoonbot/install/ldlidar_component/include/ldlidar_component//ldlidar_driver.h
[71.330s] -- Symlinking: /home/pawel/Workspaces/racoonbot/install/ldlidar_component/include/ldlidar_component//lipkg.h
[71.376s] -- Symlinking: /home/pawel/Workspaces/racoonbot/install/ldlidar_component/include/ldlidar_component//tofbf.h
[71.412s] -- Symlinking: /home/pawel/Workspaces/racoonbot/install/ldlidar_component/include/ldlidar_component//log_module.h
[71.459s] -- Symlinking: /home/pawel/Workspaces/racoonbot/install/ldlidar_component/include/ldlidar_component//network_socket_interface_linux.h
[71.509s] -- Symlinking: /home/pawel/Workspaces/racoonbot/install/ldlidar_component/include/ldlidar_component//serial_interface_linux.h
[71.591s] -- Symlinking: /home/pawel/Workspaces/racoonbot/install/ldlidar_component/share/ldlidar_component/environment/library_path.sh
[71.716s] -- Symlinking: /home/pawel/Workspaces/racoonbot/install/ldlidar_component/share/ldlidar_component/environment/library_path.dsv
[71.764s] -- Symlinking: /home/pawel/Workspaces/racoonbot/install/ldlidar_component/share/ament_index/resource_index/package_run_dependencies/ldlidar_component
[71.809s] -- Symlinking: /home/pawel/Workspaces/racoonbot/install/ldlidar_component/share/ament_index/resource_index/parent_prefix_path/ldlidar_component
[71.850s] -- Symlinking: /home/pawel/Workspaces/racoonbot/install/ldlidar_component/share/ldlidar_component/environment/ament_prefix_path.sh
[71.887s] -- Symlinking: /home/pawel/Workspaces/racoonbot/install/ldlidar_component/share/ldlidar_component/environment/ament_prefix_path.dsv
[71.924s] -- Symlinking: /home/pawel/Workspaces/racoonbot/install/ldlidar_component/share/ldlidar_component/environment/path.sh
[71.959s] -- Symlinking: /home/pawel/Workspaces/racoonbot/install/ldlidar_component/share/ldlidar_component/environment/path.dsv
[71.997s] -- Symlinking: /home/pawel/Workspaces/racoonbot/install/ldlidar_component/share/ldlidar_component/local_setup.bash
[72.035s] -- Symlinking: /home/pawel/Workspaces/racoonbot/install/ldlidar_component/share/ldlidar_component/local_setup.sh
[72.072s] -- Symlinking: /home/pawel/Workspaces/racoonbot/install/ldlidar_component/share/ldlidar_component/local_setup.zsh
[72.105s] -- Symlinking: /home/pawel/Workspaces/racoonbot/install/ldlidar_component/share/ldlidar_component/local_setup.dsv
[72.144s] -- Symlinking: /home/pawel/Workspaces/racoonbot/install/ldlidar_component/share/ldlidar_component/package.dsv
[72.185s] -- Symlinking: /home/pawel/Workspaces/racoonbot/install/ldlidar_component/share/ament_index/resource_index/packages/ldlidar_component
[72.255s] -- Symlinking: /home/pawel/Workspaces/racoonbot/install/ldlidar_component/share/ament_index/resource_index/rclcpp_components/ldlidar_component
[72.318s] -- Symlinking: /home/pawel/Workspaces/racoonbot/install/ldlidar_component/share/ldlidar_component/cmake/ament_cmake_export_include_directories-extras.cmake
[72.384s] -- Symlinking: /home/pawel/Workspaces/racoonbot/install/ldlidar_component/share/ldlidar_component/cmake/ament_cmake_export_libraries-extras.cmake
[72.437s] -- Symlinking: /home/pawel/Workspaces/racoonbot/install/ldlidar_component/share/ldlidar_component/cmake/ament_cmake_export_dependencies-extras.cmake
[72.487s] -- Symlinking: /home/pawel/Workspaces/racoonbot/install/ldlidar_component/share/ldlidar_component/cmake/ldlidar_componentConfig.cmake
[72.526s] -- Symlinking: /home/pawel/Workspaces/racoonbot/install/ldlidar_component/share/ldlidar_component/cmake/ldlidar_componentConfig-version.cmake
[72.559s] -- Symlinking: /home/pawel/Workspaces/racoonbot/install/ldlidar_component/share/ldlidar_component/package.xml
[72.629s] Invoked command in '/home/pawel/Workspaces/racoonbot/build/ldlidar_component' returned '0': CMAKE_PREFIX_PATH=${CMAKE_PREFIX_PATH}:/opt/ros/humble /usr/bin/cmake --install /home/pawel/Workspaces/racoonbot/build/ldlidar_component
