[0.022s] Invoking command in '/home/lisior/Workspaces/racoonbot_ws/build/racoonbot_pkg': /usr/bin/cmake --build /home/lisior/Workspaces/racoonbot_ws/build/racoonbot_pkg -- -j2 -l2
[0.075s] [35m[1mConsolidate compiler generated dependencies of target racoonbot_pkg[0m
[0.103s] [ 50%] [32mBuilding CXX object CMakeFiles/racoonbot_pkg.dir/hardware/racoonbot_system.cpp.o[0m
[2.834s] In file included from [01m[K/home/lisior/Workspaces/racoonbot_ws/src/racoonbot_pkg/hardware/include/racoonbot_pkg/racoonbot_system.hpp:34[m[K,
[2.835s]                  from [01m[K/home/lisior/Workspaces/racoonbot_ws/src/racoonbot_pkg/hardware/racoonbot_system.cpp:15[m[K:
[2.835s] [01m[K/home/lisior/Workspaces/racoonbot_ws/src/racoonbot_pkg/hardware/include/racoonbot_pkg/racoonbot_control.hpp:[m[K In member function ‘[01m[Kvoid RacoonBotControl::motor_speed_callback(double, const string&)[m[K’:
[2.835s] [01m[K/home/lisior/Workspaces/racoonbot_ws/src/racoonbot_pkg/hardware/include/racoonbot_pkg/racoonbot_control.hpp:57:48:[m[K [01;35m[Kwarning: [m[Kunused parameter ‘[01m[Kduty_c[m[K’ [[01;35m[K]8;;https://gcc.gnu.org/onlinedocs/gcc/Warning-Options.html#index-Wunused-parameter-Wunused-parameter]8;;[m[K]
[2.835s]    57 |         void motor_speed_callback([01;35m[Kconst double duty_c[m[K, const std::string& source) {
[2.835s]       |                                   [01;35m[K~~~~~~~~~~~~~^~~~~~[m[K
[2.854s] [01m[K/home/lisior/Workspaces/racoonbot_ws/src/racoonbot_pkg/hardware/racoonbot_system.cpp:[m[K In member function ‘[01m[Kvirtual hardware_interface::return_type racoonbot_pkg::RacoonBotSystemHardware::read(const rclcpp::Time&, const rclcpp::Duration&)[m[K’:
[2.854s] [01m[K/home/lisior/Workspaces/racoonbot_ws/src/racoonbot_pkg/hardware/racoonbot_system.cpp:184:59:[m[K [01;35m[Kwarning: [m[Kunused parameter ‘[01m[Kperiod[m[K’ [[01;35m[K]8;;https://gcc.gnu.org/onlinedocs/gcc/Warning-Options.html#index-Wunused-parameter-Wunused-parameter]8;;[m[K]
[2.854s]   184 |   const rclcpp::Time & /*time*/, [01;35m[Kconst rclcpp::Duration & period[m[K)
[2.855s]       |                                  [01;35m[K~~~~~~~~~~~~~~~~~~~~~~~~~^~~~~~[m[K
[4.026s] [100%] [32m[1mLinking CXX shared library libracoonbot_pkg.so[0m
[4.204s] [100%] Built target racoonbot_pkg
[4.220s] Invoked command in '/home/lisior/Workspaces/racoonbot_ws/build/racoonbot_pkg' returned '0': /usr/bin/cmake --build /home/lisior/Workspaces/racoonbot_ws/build/racoonbot_pkg -- -j2 -l2
[4.271s] Invoking command in '/home/lisior/Workspaces/racoonbot_ws/build/racoonbot_pkg': /usr/bin/cmake --install /home/lisior/Workspaces/racoonbot_ws/build/racoonbot_pkg
[4.282s] -- Install configuration: ""
[4.282s] -- Execute custom install script
[4.283s] -- Up-to-date symlink: /home/lisior/Workspaces/racoonbot_ws/install/racoonbot_pkg/share/racoonbot_pkg//racoonbot_pkg.xml
[4.286s] -- Up-to-date symlink: /home/lisior/Workspaces/racoonbot_ws/install/racoonbot_pkg/include/racoonbot_pkg/WiringPi/.git/HEAD
[4.287s] -- Up-to-date symlink: /home/lisior/Workspaces/racoonbot_ws/install/racoonbot_pkg/include/racoonbot_pkg/WiringPi/.git/config
[4.288s] -- Up-to-date symlink: /home/lisior/Workspaces/racoonbot_ws/install/racoonbot_pkg/include/racoonbot_pkg/WiringPi/.git/description
[4.289s] -- Up-to-date symlink: /home/lisior/Workspaces/racoonbot_ws/install/racoonbot_pkg/include/racoonbot_pkg/WiringPi/.git/hooks/applypatch-msg.sample
[4.289s] -- Up-to-date symlink: /home/lisior/Workspaces/racoonbot_ws/install/racoonbot_pkg/include/racoonbot_pkg/WiringPi/.git/hooks/commit-msg.sample
[4.290s] -- Up-to-date symlink: /home/lisior/Workspaces/racoonbot_ws/install/racoonbot_pkg/include/racoonbot_pkg/WiringPi/.git/hooks/fsmonitor-watchman.sample
[4.291s] -- Up-to-date symlink: /home/lisior/Workspaces/racoonbot_ws/install/racoonbot_pkg/include/racoonbot_pkg/WiringPi/.git/hooks/post-update.sample
[4.292s] -- Up-to-date symlink: /home/lisior/Workspaces/racoonbot_ws/install/racoonbot_pkg/include/racoonbot_pkg/WiringPi/.git/hooks/pre-applypatch.sample
[4.292s] -- Up-to-date symlink: /home/lisior/Workspaces/racoonbot_ws/install/racoonbot_pkg/include/racoonbot_pkg/WiringPi/.git/hooks/pre-commit.sample
[4.293s] -- Up-to-date symlink: /home/lisior/Workspaces/racoonbot_ws/install/racoonbot_pkg/include/racoonbot_pkg/WiringPi/.git/hooks/pre-merge-commit.sample
[4.294s] -- Up-to-date symlink: /home/lisior/Workspaces/racoonbot_ws/install/racoonbot_pkg/include/racoonbot_pkg/WiringPi/.git/hooks/pre-push.sample
[4.295s] -- Up-to-date symlink: /home/lisior/Workspaces/racoonbot_ws/install/racoonbot_pkg/include/racoonbot_pkg/WiringPi/.git/hooks/pre-rebase.sample
[4.296s] -- Up-to-date symlink: /home/lisior/Workspaces/racoonbot_ws/install/racoonbot_pkg/include/racoonbot_pkg/WiringPi/.git/hooks/pre-receive.sample
[4.297s] -- Up-to-date symlink: /home/lisior/Workspaces/racoonbot_ws/install/racoonbot_pkg/include/racoonbot_pkg/WiringPi/.git/hooks/prepare-commit-msg.sample
[4.297s] -- Up-to-date symlink: /home/lisior/Workspaces/racoonbot_ws/install/racoonbot_pkg/include/racoonbot_pkg/WiringPi/.git/hooks/push-to-checkout.sample
[4.298s] -- Up-to-date symlink: /home/lisior/Workspaces/racoonbot_ws/install/racoonbot_pkg/include/racoonbot_pkg/WiringPi/.git/hooks/update.sample
[4.299s] -- Up-to-date symlink: /home/lisior/Workspaces/racoonbot_ws/install/racoonbot_pkg/include/racoonbot_pkg/WiringPi/.git/index
[4.301s] -- Up-to-date symlink: /home/lisior/Workspaces/racoonbot_ws/install/racoonbot_pkg/include/racoonbot_pkg/WiringPi/.git/info/exclude
[4.303s] -- Up-to-date symlink: /home/lisior/Workspaces/racoonbot_ws/install/racoonbot_pkg/include/racoonbot_pkg/WiringPi/.git/logs/HEAD
[4.305s] -- Up-to-date symlink: /home/lisior/Workspaces/racoonbot_ws/install/racoonbot_pkg/include/racoonbot_pkg/WiringPi/.git/logs/refs/heads/ubuntu
[4.308s] -- Up-to-date symlink: /home/lisior/Workspaces/racoonbot_ws/install/racoonbot_pkg/include/racoonbot_pkg/WiringPi/.git/logs/refs/remotes/origin/HEAD
[4.310s] -- Up-to-date symlink: /home/lisior/Workspaces/racoonbot_ws/install/racoonbot_pkg/include/racoonbot_pkg/WiringPi/.git/objects/pack/pack-9bc2a6d205bc49b80870ad41688d6f1822d04ed5.idx
[4.311s] -- Up-to-date symlink: /home/lisior/Workspaces/racoonbot_ws/install/racoonbot_pkg/include/racoonbot_pkg/WiringPi/.git/objects/pack/pack-9bc2a6d205bc49b80870ad41688d6f1822d04ed5.pack
[4.313s] -- Up-to-date symlink: /home/lisior/Workspaces/racoonbot_ws/install/racoonbot_pkg/include/racoonbot_pkg/WiringPi/.git/packed-refs
[4.314s] -- Up-to-date symlink: /home/lisior/Workspaces/racoonbot_ws/install/racoonbot_pkg/include/racoonbot_pkg/WiringPi/.git/refs/heads/ubuntu
[4.316s] -- Up-to-date symlink: /home/lisior/Workspaces/racoonbot_ws/install/racoonbot_pkg/include/racoonbot_pkg/WiringPi/.git/refs/remotes/origin/HEAD
[4.317s] -- Up-to-date symlink: /home/lisior/Workspaces/racoonbot_ws/install/racoonbot_pkg/include/racoonbot_pkg/WiringPi/.github/workflows/build.yml
[4.319s] -- Up-to-date symlink: /home/lisior/Workspaces/racoonbot_ws/install/racoonbot_pkg/include/racoonbot_pkg/WiringPi/.gitignore
[4.320s] -- Up-to-date symlink: /home/lisior/Workspaces/racoonbot_ws/install/racoonbot_pkg/include/racoonbot_pkg/WiringPi/COPYING.LESSER
[4.322s] -- Up-to-date symlink: /home/lisior/Workspaces/racoonbot_ws/install/racoonbot_pkg/include/racoonbot_pkg/WiringPi/INSTALL
[4.323s] -- Up-to-date symlink: /home/lisior/Workspaces/racoonbot_ws/install/racoonbot_pkg/include/racoonbot_pkg/WiringPi/People
[4.325s] -- Up-to-date symlink: /home/lisior/Workspaces/racoonbot_ws/install/racoonbot_pkg/include/racoonbot_pkg/WiringPi/README.md
[4.326s] -- Up-to-date symlink: /home/lisior/Workspaces/racoonbot_ws/install/racoonbot_pkg/include/racoonbot_pkg/WiringPi/VERSION
[4.328s] -- Up-to-date symlink: /home/lisior/Workspaces/racoonbot_ws/install/racoonbot_pkg/include/racoonbot_pkg/WiringPi/build
[4.330s] -- Up-to-date symlink: /home/lisior/Workspaces/racoonbot_ws/install/racoonbot_pkg/include/racoonbot_pkg/WiringPi/debian-template/wiringPi/DEBIAN/postinst
[4.332s] -- Up-to-date symlink: /home/lisior/Workspaces/racoonbot_ws/install/racoonbot_pkg/include/racoonbot_pkg/WiringPi/debian-template/wiringPi/DEBIAN/postrm
[4.333s] -- Up-to-date symlink: /home/lisior/Workspaces/racoonbot_ws/install/racoonbot_pkg/include/racoonbot_pkg/WiringPi/debian-template/wiringPi/control_template
[4.335s] -- Up-to-date symlink: /home/lisior/Workspaces/racoonbot_ws/install/racoonbot_pkg/include/racoonbot_pkg/WiringPi/debian/.gitignore
[4.338s] -- Up-to-date symlink: /home/lisior/Workspaces/racoonbot_ws/install/racoonbot_pkg/include/racoonbot_pkg/WiringPi/debian/changelog
[4.340s] -- Up-to-date symlink: /home/lisior/Workspaces/racoonbot_ws/install/racoonbot_pkg/include/racoonbot_pkg/WiringPi/debian/compat
[4.342s] -- Up-to-date symlink: /home/lisior/Workspaces/racoonbot_ws/install/racoonbot_pkg/include/racoonbot_pkg/WiringPi/debian/control
[4.343s] -- Up-to-date symlink: /home/lisior/Workspaces/racoonbot_ws/install/racoonbot_pkg/include/racoonbot_pkg/WiringPi/debian/copyright
[4.345s] -- Up-to-date symlink: /home/lisior/Workspaces/racoonbot_ws/install/racoonbot_pkg/include/racoonbot_pkg/WiringPi/debian/libwiringpi-dev.dirs
[4.346s] -- Up-to-date symlink: /home/lisior/Workspaces/racoonbot_ws/install/racoonbot_pkg/include/racoonbot_pkg/WiringPi/debian/libwiringpi-dev.install
[4.351s] -- Up-to-date symlink: /home/lisior/Workspaces/racoonbot_ws/install/racoonbot_pkg/include/racoonbot_pkg/WiringPi/debian/libwiringpi2.install
[4.353s] -- Up-to-date symlink: /home/lisior/Workspaces/racoonbot_ws/install/racoonbot_pkg/include/racoonbot_pkg/WiringPi/debian/libwiringpi2.shlibs
[4.354s] -- Up-to-date symlink: /home/lisior/Workspaces/racoonbot_ws/install/racoonbot_pkg/include/racoonbot_pkg/WiringPi/debian/rules
[4.356s] -- Up-to-date symlink: /home/lisior/Workspaces/racoonbot_ws/install/racoonbot_pkg/include/racoonbot_pkg/WiringPi/debian/wiringpi.dirs
[4.357s] -- Up-to-date symlink: /home/lisior/Workspaces/racoonbot_ws/install/racoonbot_pkg/include/racoonbot_pkg/WiringPi/debian/wiringpi.install
[4.359s] -- Up-to-date symlink: /home/lisior/Workspaces/racoonbot_ws/install/racoonbot_pkg/include/racoonbot_pkg/WiringPi/devLib/Makefile
[4.360s] -- Up-to-date symlink: /home/lisior/Workspaces/racoonbot_ws/install/racoonbot_pkg/include/racoonbot_pkg/WiringPi/devLib/ds1302.c
[4.361s] -- Up-to-date symlink: /home/lisior/Workspaces/racoonbot_ws/install/racoonbot_pkg/include/racoonbot_pkg/WiringPi/devLib/ds1302.h
[4.362s] -- Up-to-date symlink: /home/lisior/Workspaces/racoonbot_ws/install/racoonbot_pkg/include/racoonbot_pkg/WiringPi/devLib/font.h
[4.362s] -- Up-to-date symlink: /home/lisior/Workspaces/racoonbot_ws/install/racoonbot_pkg/include/racoonbot_pkg/WiringPi/devLib/gertboard.c
[4.363s] -- Up-to-date symlink: /home/lisior/Workspaces/racoonbot_ws/install/racoonbot_pkg/include/racoonbot_pkg/WiringPi/devLib/gertboard.h
[4.363s] -- Up-to-date symlink: /home/lisior/Workspaces/racoonbot_ws/install/racoonbot_pkg/include/racoonbot_pkg/WiringPi/devLib/lcd.c
[4.364s] -- Up-to-date symlink: /home/lisior/Workspaces/racoonbot_ws/install/racoonbot_pkg/include/racoonbot_pkg/WiringPi/devLib/lcd.h
[4.364s] -- Up-to-date symlink: /home/lisior/Workspaces/racoonbot_ws/install/racoonbot_pkg/include/racoonbot_pkg/WiringPi/devLib/lcd128x64.c
[4.364s] -- Up-to-date symlink: /home/lisior/Workspaces/racoonbot_ws/install/racoonbot_pkg/include/racoonbot_pkg/WiringPi/devLib/lcd128x64.h
[4.365s] -- Up-to-date symlink: /home/lisior/Workspaces/racoonbot_ws/install/racoonbot_pkg/include/racoonbot_pkg/WiringPi/devLib/maxdetect.c
[4.365s] -- Up-to-date symlink: /home/lisior/Workspaces/racoonbot_ws/install/racoonbot_pkg/include/racoonbot_pkg/WiringPi/devLib/maxdetect.h
[4.366s] -- Up-to-date symlink: /home/lisior/Workspaces/racoonbot_ws/install/racoonbot_pkg/include/racoonbot_pkg/WiringPi/devLib/piFace.c
[4.366s] -- Up-to-date symlink: /home/lisior/Workspaces/racoonbot_ws/install/racoonbot_pkg/include/racoonbot_pkg/WiringPi/devLib/piFace.h
[4.366s] -- Up-to-date symlink: /home/lisior/Workspaces/racoonbot_ws/install/racoonbot_pkg/include/racoonbot_pkg/WiringPi/devLib/piFaceOld.c
[4.367s] -- Up-to-date symlink: /home/lisior/Workspaces/racoonbot_ws/install/racoonbot_pkg/include/racoonbot_pkg/WiringPi/devLib/piGlow.c
[4.367s] -- Up-to-date symlink: /home/lisior/Workspaces/racoonbot_ws/install/racoonbot_pkg/include/racoonbot_pkg/WiringPi/devLib/piGlow.h
[4.368s] -- Up-to-date symlink: /home/lisior/Workspaces/racoonbot_ws/install/racoonbot_pkg/include/racoonbot_pkg/WiringPi/devLib/piNes.c
[4.368s] -- Up-to-date symlink: /home/lisior/Workspaces/racoonbot_ws/install/racoonbot_pkg/include/racoonbot_pkg/WiringPi/devLib/piNes.h
[4.368s] -- Up-to-date symlink: /home/lisior/Workspaces/racoonbot_ws/install/racoonbot_pkg/include/racoonbot_pkg/WiringPi/devLib/scrollPhat.c
[4.369s] -- Up-to-date symlink: /home/lisior/Workspaces/racoonbot_ws/install/racoonbot_pkg/include/racoonbot_pkg/WiringPi/devLib/scrollPhat.h
[4.369s] -- Up-to-date symlink: /home/lisior/Workspaces/racoonbot_ws/install/racoonbot_pkg/include/racoonbot_pkg/WiringPi/devLib/scrollPhatFont.h
[4.370s] -- Up-to-date symlink: /home/lisior/Workspaces/racoonbot_ws/install/racoonbot_pkg/include/racoonbot_pkg/WiringPi/examples/COPYING.LESSER
[4.370s] -- Up-to-date symlink: /home/lisior/Workspaces/racoonbot_ws/install/racoonbot_pkg/include/racoonbot_pkg/WiringPi/examples/Gertboard/7segments.c
[4.371s] -- Up-to-date symlink: /home/lisior/Workspaces/racoonbot_ws/install/racoonbot_pkg/include/racoonbot_pkg/WiringPi/examples/Gertboard/Makefile
[4.371s] -- Up-to-date symlink: /home/lisior/Workspaces/racoonbot_ws/install/racoonbot_pkg/include/racoonbot_pkg/WiringPi/examples/Gertboard/buttons.c
[4.372s] -- Up-to-date symlink: /home/lisior/Workspaces/racoonbot_ws/install/racoonbot_pkg/include/racoonbot_pkg/WiringPi/examples/Gertboard/gertboard.c
[4.373s] -- Up-to-date symlink: /home/lisior/Workspaces/racoonbot_ws/install/racoonbot_pkg/include/racoonbot_pkg/WiringPi/examples/Gertboard/record.c
[4.373s] -- Up-to-date symlink: /home/lisior/Workspaces/racoonbot_ws/install/racoonbot_pkg/include/racoonbot_pkg/WiringPi/examples/Gertboard/temperature.c
[4.374s] -- Up-to-date symlink: /home/lisior/Workspaces/racoonbot_ws/install/racoonbot_pkg/include/racoonbot_pkg/WiringPi/examples/Gertboard/voltmeter.c
[4.375s] -- Up-to-date symlink: /home/lisior/Workspaces/racoonbot_ws/install/racoonbot_pkg/include/racoonbot_pkg/WiringPi/examples/Gertboard/vumeter.c
[4.376s] -- Up-to-date symlink: /home/lisior/Workspaces/racoonbot_ws/install/racoonbot_pkg/include/racoonbot_pkg/WiringPi/examples/Makefile
[4.380s] -- Up-to-date symlink: /home/lisior/Workspaces/racoonbot_ws/install/racoonbot_pkg/include/racoonbot_pkg/WiringPi/examples/PiFace/Makefile
[4.380s] -- Up-to-date symlink: /home/lisior/Workspaces/racoonbot_ws/install/racoonbot_pkg/include/racoonbot_pkg/WiringPi/examples/PiFace/blink.c
[4.381s] -- Up-to-date symlink: /home/lisior/Workspaces/racoonbot_ws/install/racoonbot_pkg/include/racoonbot_pkg/WiringPi/examples/PiFace/buttons.c
[4.382s] -- Up-to-date symlink: /home/lisior/Workspaces/racoonbot_ws/install/racoonbot_pkg/include/racoonbot_pkg/WiringPi/examples/PiFace/ladder.c
[4.383s] -- Up-to-date symlink: /home/lisior/Workspaces/racoonbot_ws/install/racoonbot_pkg/include/racoonbot_pkg/WiringPi/examples/PiFace/metro.c
[4.384s] -- Up-to-date symlink: /home/lisior/Workspaces/racoonbot_ws/install/racoonbot_pkg/include/racoonbot_pkg/WiringPi/examples/PiFace/motor.c
[4.387s] -- Up-to-date symlink: /home/lisior/Workspaces/racoonbot_ws/install/racoonbot_pkg/include/racoonbot_pkg/WiringPi/examples/PiFace/reaction.c
[4.388s] -- Up-to-date symlink: /home/lisior/Workspaces/racoonbot_ws/install/racoonbot_pkg/include/racoonbot_pkg/WiringPi/examples/PiGlow/Makefile
[4.390s] -- Up-to-date symlink: /home/lisior/Workspaces/racoonbot_ws/install/racoonbot_pkg/include/racoonbot_pkg/WiringPi/examples/PiGlow/piGlow0.c
[4.391s] -- Up-to-date symlink: /home/lisior/Workspaces/racoonbot_ws/install/racoonbot_pkg/include/racoonbot_pkg/WiringPi/examples/PiGlow/piGlow1.c
[4.393s] -- Up-to-date symlink: /home/lisior/Workspaces/racoonbot_ws/install/racoonbot_pkg/include/racoonbot_pkg/WiringPi/examples/PiGlow/piglow.c
[4.393s] -- Up-to-date symlink: /home/lisior/Workspaces/racoonbot_ws/install/racoonbot_pkg/include/racoonbot_pkg/WiringPi/examples/README.TXT
[4.393s] -- Up-to-date symlink: /home/lisior/Workspaces/racoonbot_ws/install/racoonbot_pkg/include/racoonbot_pkg/WiringPi/examples/blink-thread.c
[4.393s] -- Up-to-date symlink: /home/lisior/Workspaces/racoonbot_ws/install/racoonbot_pkg/include/racoonbot_pkg/WiringPi/examples/blink.c
[4.393s] -- Up-to-date symlink: /home/lisior/Workspaces/racoonbot_ws/install/racoonbot_pkg/include/racoonbot_pkg/WiringPi/examples/blink.rtb
[4.393s] -- Up-to-date symlink: /home/lisior/Workspaces/racoonbot_ws/install/racoonbot_pkg/include/racoonbot_pkg/WiringPi/examples/blink.sh
[4.394s] -- Up-to-date symlink: /home/lisior/Workspaces/racoonbot_ws/install/racoonbot_pkg/include/racoonbot_pkg/WiringPi/examples/blink12.c
[4.394s] -- Up-to-date symlink: /home/lisior/Workspaces/racoonbot_ws/install/racoonbot_pkg/include/racoonbot_pkg/WiringPi/examples/blink12drcs.c
[4.394s] -- Up-to-date symlink: /home/lisior/Workspaces/racoonbot_ws/install/racoonbot_pkg/include/racoonbot_pkg/WiringPi/examples/blink6drcs.c
[4.394s] -- Up-to-date symlink: /home/lisior/Workspaces/racoonbot_ws/install/racoonbot_pkg/include/racoonbot_pkg/WiringPi/examples/blink8-drcn.c
[4.394s] -- Up-to-date symlink: /home/lisior/Workspaces/racoonbot_ws/install/racoonbot_pkg/include/racoonbot_pkg/WiringPi/examples/blink8.c
[4.394s] -- Up-to-date symlink: /home/lisior/Workspaces/racoonbot_ws/install/racoonbot_pkg/include/racoonbot_pkg/WiringPi/examples/clock.c
[4.394s] -- Up-to-date symlink: /home/lisior/Workspaces/racoonbot_ws/install/racoonbot_pkg/include/racoonbot_pkg/WiringPi/examples/delayTest.c
[4.394s] -- Up-to-date symlink: /home/lisior/Workspaces/racoonbot_ws/install/racoonbot_pkg/include/racoonbot_pkg/WiringPi/examples/ds1302.c
[4.394s] -- Up-to-date symlink: /home/lisior/Workspaces/racoonbot_ws/install/racoonbot_pkg/include/racoonbot_pkg/WiringPi/examples/header.h
[4.394s] -- Up-to-date symlink: /home/lisior/Workspaces/racoonbot_ws/install/racoonbot_pkg/include/racoonbot_pkg/WiringPi/examples/isr-osc.c
[4.394s] -- Up-to-date symlink: /home/lisior/Workspaces/racoonbot_ws/install/racoonbot_pkg/include/racoonbot_pkg/WiringPi/examples/isr.c
[4.394s] -- Up-to-date symlink: /home/lisior/Workspaces/racoonbot_ws/install/racoonbot_pkg/include/racoonbot_pkg/WiringPi/examples/lcd-adafruit.c
[4.395s] -- Up-to-date symlink: /home/lisior/Workspaces/racoonbot_ws/install/racoonbot_pkg/include/racoonbot_pkg/WiringPi/examples/lcd.c
[4.395s] -- Up-to-date symlink: /home/lisior/Workspaces/racoonbot_ws/install/racoonbot_pkg/include/racoonbot_pkg/WiringPi/examples/lowPower.c
[4.395s] -- Up-to-date symlink: /home/lisior/Workspaces/racoonbot_ws/install/racoonbot_pkg/include/racoonbot_pkg/WiringPi/examples/max31855.c
[4.395s] -- Up-to-date symlink: /home/lisior/Workspaces/racoonbot_ws/install/racoonbot_pkg/include/racoonbot_pkg/WiringPi/examples/nes.c
[4.395s] -- Up-to-date symlink: /home/lisior/Workspaces/racoonbot_ws/install/racoonbot_pkg/include/racoonbot_pkg/WiringPi/examples/okLed.c
[4.395s] -- Up-to-date symlink: /home/lisior/Workspaces/racoonbot_ws/install/racoonbot_pkg/include/racoonbot_pkg/WiringPi/examples/pwm.c
[4.395s] -- Up-to-date symlink: /home/lisior/Workspaces/racoonbot_ws/install/racoonbot_pkg/include/racoonbot_pkg/WiringPi/examples/q2w/Makefile
[4.395s] -- Up-to-date symlink: /home/lisior/Workspaces/racoonbot_ws/install/racoonbot_pkg/include/racoonbot_pkg/WiringPi/examples/q2w/binary.c
[4.395s] -- Up-to-date symlink: /home/lisior/Workspaces/racoonbot_ws/install/racoonbot_pkg/include/racoonbot_pkg/WiringPi/examples/q2w/blink-io.c
[4.395s] -- Up-to-date symlink: /home/lisior/Workspaces/racoonbot_ws/install/racoonbot_pkg/include/racoonbot_pkg/WiringPi/examples/q2w/blink.c
[4.395s] -- Up-to-date symlink: /home/lisior/Workspaces/racoonbot_ws/install/racoonbot_pkg/include/racoonbot_pkg/WiringPi/examples/q2w/blink.sh
[4.396s] -- Up-to-date symlink: /home/lisior/Workspaces/racoonbot_ws/install/racoonbot_pkg/include/racoonbot_pkg/WiringPi/examples/q2w/bright.c
[4.396s] -- Up-to-date symlink: /home/lisior/Workspaces/racoonbot_ws/install/racoonbot_pkg/include/racoonbot_pkg/WiringPi/examples/q2w/button.c
[4.396s] -- Up-to-date symlink: /home/lisior/Workspaces/racoonbot_ws/install/racoonbot_pkg/include/racoonbot_pkg/WiringPi/examples/q2w/volts.c
[4.396s] -- Up-to-date symlink: /home/lisior/Workspaces/racoonbot_ws/install/racoonbot_pkg/include/racoonbot_pkg/WiringPi/examples/rht03.c
[4.396s] -- Up-to-date symlink: /home/lisior/Workspaces/racoonbot_ws/install/racoonbot_pkg/include/racoonbot_pkg/WiringPi/examples/scrollPhat/Makefile
[4.396s] -- Up-to-date symlink: /home/lisior/Workspaces/racoonbot_ws/install/racoonbot_pkg/include/racoonbot_pkg/WiringPi/examples/scrollPhat/scphat.c
[4.396s] -- Up-to-date symlink: /home/lisior/Workspaces/racoonbot_ws/install/racoonbot_pkg/include/racoonbot_pkg/WiringPi/examples/scrollPhat/test.c
[4.396s] -- Up-to-date symlink: /home/lisior/Workspaces/racoonbot_ws/install/racoonbot_pkg/include/racoonbot_pkg/WiringPi/examples/serialRead.c
[4.396s] -- Up-to-date symlink: /home/lisior/Workspaces/racoonbot_ws/install/racoonbot_pkg/include/racoonbot_pkg/WiringPi/examples/serialTest.c
[4.396s] -- Up-to-date symlink: /home/lisior/Workspaces/racoonbot_ws/install/racoonbot_pkg/include/racoonbot_pkg/WiringPi/examples/servo.c
[4.396s] -- Up-to-date symlink: /home/lisior/Workspaces/racoonbot_ws/install/racoonbot_pkg/include/racoonbot_pkg/WiringPi/examples/softPwm.c
[4.396s] -- Up-to-date symlink: /home/lisior/Workspaces/racoonbot_ws/install/racoonbot_pkg/include/racoonbot_pkg/WiringPi/examples/softTone.c
[4.396s] -- Up-to-date symlink: /home/lisior/Workspaces/racoonbot_ws/install/racoonbot_pkg/include/racoonbot_pkg/WiringPi/examples/speed.c
[4.397s] -- Up-to-date symlink: /home/lisior/Workspaces/racoonbot_ws/install/racoonbot_pkg/include/racoonbot_pkg/WiringPi/examples/spiSpeed.c
[4.397s] -- Up-to-date symlink: /home/lisior/Workspaces/racoonbot_ws/install/racoonbot_pkg/include/racoonbot_pkg/WiringPi/examples/wfi.c
[4.397s] -- Up-to-date symlink: /home/lisior/Workspaces/racoonbot_ws/install/racoonbot_pkg/include/racoonbot_pkg/WiringPi/gpio/COPYING.LESSER
[4.397s] -- Up-to-date symlink: /home/lisior/Workspaces/racoonbot_ws/install/racoonbot_pkg/include/racoonbot_pkg/WiringPi/gpio/Makefile
[4.397s] -- Up-to-date symlink: /home/lisior/Workspaces/racoonbot_ws/install/racoonbot_pkg/include/racoonbot_pkg/WiringPi/gpio/gpio.1
[4.397s] -- Up-to-date symlink: /home/lisior/Workspaces/racoonbot_ws/install/racoonbot_pkg/include/racoonbot_pkg/WiringPi/gpio/gpio.c
[4.397s] -- Up-to-date symlink: /home/lisior/Workspaces/racoonbot_ws/install/racoonbot_pkg/include/racoonbot_pkg/WiringPi/gpio/pintest
[4.397s] -- Up-to-date symlink: /home/lisior/Workspaces/racoonbot_ws/install/racoonbot_pkg/include/racoonbot_pkg/WiringPi/gpio/readall.c
[4.397s] -- Up-to-date symlink: /home/lisior/Workspaces/racoonbot_ws/install/racoonbot_pkg/include/racoonbot_pkg/WiringPi/gpio/test.sh
[4.397s] -- Up-to-date symlink: /home/lisior/Workspaces/racoonbot_ws/install/racoonbot_pkg/include/racoonbot_pkg/WiringPi/newVersion
[4.397s] -- Up-to-date symlink: /home/lisior/Workspaces/racoonbot_ws/install/racoonbot_pkg/include/racoonbot_pkg/WiringPi/pins/Makefile
[4.397s] -- Up-to-date symlink: /home/lisior/Workspaces/racoonbot_ws/install/racoonbot_pkg/include/racoonbot_pkg/WiringPi/pins/pins.pdf
[4.397s] -- Up-to-date symlink: /home/lisior/Workspaces/racoonbot_ws/install/racoonbot_pkg/include/racoonbot_pkg/WiringPi/pins/pins.tex
[4.397s] -- Up-to-date symlink: /home/lisior/Workspaces/racoonbot_ws/install/racoonbot_pkg/include/racoonbot_pkg/WiringPi/reinstall
[4.398s] -- Up-to-date symlink: /home/lisior/Workspaces/racoonbot_ws/install/racoonbot_pkg/include/racoonbot_pkg/WiringPi/version.h
[4.398s] -- Up-to-date symlink: /home/lisior/Workspaces/racoonbot_ws/install/racoonbot_pkg/include/racoonbot_pkg/WiringPi/wiringPi/COPYING.LESSER
[4.398s] -- Up-to-date symlink: /home/lisior/Workspaces/racoonbot_ws/install/racoonbot_pkg/include/racoonbot_pkg/WiringPi/wiringPi/Makefile
[4.398s] -- Up-to-date symlink: /home/lisior/Workspaces/racoonbot_ws/install/racoonbot_pkg/include/racoonbot_pkg/WiringPi/wiringPi/ads1115.c
[4.398s] -- Up-to-date symlink: /home/lisior/Workspaces/racoonbot_ws/install/racoonbot_pkg/include/racoonbot_pkg/WiringPi/wiringPi/ads1115.h
[4.398s] -- Up-to-date symlink: /home/lisior/Workspaces/racoonbot_ws/install/racoonbot_pkg/include/racoonbot_pkg/WiringPi/wiringPi/bmp180.c
[4.398s] -- Up-to-date symlink: /home/lisior/Workspaces/racoonbot_ws/install/racoonbot_pkg/include/racoonbot_pkg/WiringPi/wiringPi/bmp180.h
[4.398s] -- Up-to-date symlink: /home/lisior/Workspaces/racoonbot_ws/install/racoonbot_pkg/include/racoonbot_pkg/WiringPi/wiringPi/drcNet.c
[4.398s] -- Up-to-date symlink: /home/lisior/Workspaces/racoonbot_ws/install/racoonbot_pkg/include/racoonbot_pkg/WiringPi/wiringPi/drcNet.h
[4.398s] -- Up-to-date symlink: /home/lisior/Workspaces/racoonbot_ws/install/racoonbot_pkg/include/racoonbot_pkg/WiringPi/wiringPi/drcSerial.c
[4.398s] -- Up-to-date symlink: /home/lisior/Workspaces/racoonbot_ws/install/racoonbot_pkg/include/racoonbot_pkg/WiringPi/wiringPi/drcSerial.h
[4.398s] -- Up-to-date symlink: /home/lisior/Workspaces/racoonbot_ws/install/racoonbot_pkg/include/racoonbot_pkg/WiringPi/wiringPi/ds18b20.c
[4.399s] -- Up-to-date symlink: /home/lisior/Workspaces/racoonbot_ws/install/racoonbot_pkg/include/racoonbot_pkg/WiringPi/wiringPi/ds18b20.h
[4.399s] -- Up-to-date symlink: /home/lisior/Workspaces/racoonbot_ws/install/racoonbot_pkg/include/racoonbot_pkg/WiringPi/wiringPi/htu21d.c
[4.399s] -- Up-to-date symlink: /home/lisior/Workspaces/racoonbot_ws/install/racoonbot_pkg/include/racoonbot_pkg/WiringPi/wiringPi/htu21d.h
[4.399s] -- Up-to-date symlink: /home/lisior/Workspaces/racoonbot_ws/install/racoonbot_pkg/include/racoonbot_pkg/WiringPi/wiringPi/max31855.c
[4.399s] -- Up-to-date symlink: /home/lisior/Workspaces/racoonbot_ws/install/racoonbot_pkg/include/racoonbot_pkg/WiringPi/wiringPi/max31855.h
[4.399s] -- Up-to-date symlink: /home/lisior/Workspaces/racoonbot_ws/install/racoonbot_pkg/include/racoonbot_pkg/WiringPi/wiringPi/max5322.c
[4.399s] -- Up-to-date symlink: /home/lisior/Workspaces/racoonbot_ws/install/racoonbot_pkg/include/racoonbot_pkg/WiringPi/wiringPi/max5322.h
[4.399s] -- Up-to-date symlink: /home/lisior/Workspaces/racoonbot_ws/install/racoonbot_pkg/include/racoonbot_pkg/WiringPi/wiringPi/mcp23008.c
[4.399s] -- Up-to-date symlink: /home/lisior/Workspaces/racoonbot_ws/install/racoonbot_pkg/include/racoonbot_pkg/WiringPi/wiringPi/mcp23008.h
[4.400s] -- Up-to-date symlink: /home/lisior/Workspaces/racoonbot_ws/install/racoonbot_pkg/include/racoonbot_pkg/WiringPi/wiringPi/mcp23016.c
[4.400s] -- Up-to-date symlink: /home/lisior/Workspaces/racoonbot_ws/install/racoonbot_pkg/include/racoonbot_pkg/WiringPi/wiringPi/mcp23016.h
[4.400s] -- Up-to-date symlink: /home/lisior/Workspaces/racoonbot_ws/install/racoonbot_pkg/include/racoonbot_pkg/WiringPi/wiringPi/mcp23016reg.h
[4.400s] -- Up-to-date symlink: /home/lisior/Workspaces/racoonbot_ws/install/racoonbot_pkg/include/racoonbot_pkg/WiringPi/wiringPi/mcp23017.c
[4.400s] -- Up-to-date symlink: /home/lisior/Workspaces/racoonbot_ws/install/racoonbot_pkg/include/racoonbot_pkg/WiringPi/wiringPi/mcp23017.h
[4.400s] -- Up-to-date symlink: /home/lisior/Workspaces/racoonbot_ws/install/racoonbot_pkg/include/racoonbot_pkg/WiringPi/wiringPi/mcp23s08.c
[4.400s] -- Up-to-date symlink: /home/lisior/Workspaces/racoonbot_ws/install/racoonbot_pkg/include/racoonbot_pkg/WiringPi/wiringPi/mcp23s08.h
[4.400s] -- Up-to-date symlink: /home/lisior/Workspaces/racoonbot_ws/install/racoonbot_pkg/include/racoonbot_pkg/WiringPi/wiringPi/mcp23s17.c
[4.400s] -- Up-to-date symlink: /home/lisior/Workspaces/racoonbot_ws/install/racoonbot_pkg/include/racoonbot_pkg/WiringPi/wiringPi/mcp23s17.h
[4.400s] -- Up-to-date symlink: /home/lisior/Workspaces/racoonbot_ws/install/racoonbot_pkg/include/racoonbot_pkg/WiringPi/wiringPi/mcp23x08.h
[4.401s] -- Up-to-date symlink: /home/lisior/Workspaces/racoonbot_ws/install/racoonbot_pkg/include/racoonbot_pkg/WiringPi/wiringPi/mcp23x0817.h
[4.401s] -- Up-to-date symlink: /home/lisior/Workspaces/racoonbot_ws/install/racoonbot_pkg/include/racoonbot_pkg/WiringPi/wiringPi/mcp3002.c
[4.401s] -- Up-to-date symlink: /home/lisior/Workspaces/racoonbot_ws/install/racoonbot_pkg/include/racoonbot_pkg/WiringPi/wiringPi/mcp3002.h
[4.401s] -- Up-to-date symlink: /home/lisior/Workspaces/racoonbot_ws/install/racoonbot_pkg/include/racoonbot_pkg/WiringPi/wiringPi/mcp3004.c
[4.401s] -- Up-to-date symlink: /home/lisior/Workspaces/racoonbot_ws/install/racoonbot_pkg/include/racoonbot_pkg/WiringPi/wiringPi/mcp3004.h
[4.401s] -- Up-to-date symlink: /home/lisior/Workspaces/racoonbot_ws/install/racoonbot_pkg/include/racoonbot_pkg/WiringPi/wiringPi/mcp3422.c
[4.401s] -- Up-to-date symlink: /home/lisior/Workspaces/racoonbot_ws/install/racoonbot_pkg/include/racoonbot_pkg/WiringPi/wiringPi/mcp3422.h
[4.401s] -- Up-to-date symlink: /home/lisior/Workspaces/racoonbot_ws/install/racoonbot_pkg/include/racoonbot_pkg/WiringPi/wiringPi/mcp4802.c
[4.402s] -- Up-to-date symlink: /home/lisior/Workspaces/racoonbot_ws/install/racoonbot_pkg/include/racoonbot_pkg/WiringPi/wiringPi/mcp4802.h
[4.402s] -- Up-to-date symlink: /home/lisior/Workspaces/racoonbot_ws/install/racoonbot_pkg/include/racoonbot_pkg/WiringPi/wiringPi/noMoreStatic
[4.402s] -- Up-to-date symlink: /home/lisior/Workspaces/racoonbot_ws/install/racoonbot_pkg/include/racoonbot_pkg/WiringPi/wiringPi/pcf8574.c
[4.402s] -- Up-to-date symlink: /home/lisior/Workspaces/racoonbot_ws/install/racoonbot_pkg/include/racoonbot_pkg/WiringPi/wiringPi/pcf8574.h
[4.402s] -- Up-to-date symlink: /home/lisior/Workspaces/racoonbot_ws/install/racoonbot_pkg/include/racoonbot_pkg/WiringPi/wiringPi/pcf8591.c
[4.402s] -- Up-to-date symlink: /home/lisior/Workspaces/racoonbot_ws/install/racoonbot_pkg/include/racoonbot_pkg/WiringPi/wiringPi/pcf8591.h
[4.402s] -- Up-to-date symlink: /home/lisior/Workspaces/racoonbot_ws/install/racoonbot_pkg/include/racoonbot_pkg/WiringPi/wiringPi/piHiPri.c
[4.402s] -- Up-to-date symlink: /home/lisior/Workspaces/racoonbot_ws/install/racoonbot_pkg/include/racoonbot_pkg/WiringPi/wiringPi/piThread.c
[4.402s] -- Up-to-date symlink: /home/lisior/Workspaces/racoonbot_ws/install/racoonbot_pkg/include/racoonbot_pkg/WiringPi/wiringPi/pseudoPins.c
[4.402s] -- Up-to-date symlink: /home/lisior/Workspaces/racoonbot_ws/install/racoonbot_pkg/include/racoonbot_pkg/WiringPi/wiringPi/pseudoPins.h
[4.402s] -- Up-to-date symlink: /home/lisior/Workspaces/racoonbot_ws/install/racoonbot_pkg/include/racoonbot_pkg/WiringPi/wiringPi/rht03.c
[4.402s] -- Up-to-date symlink: /home/lisior/Workspaces/racoonbot_ws/install/racoonbot_pkg/include/racoonbot_pkg/WiringPi/wiringPi/rht03.h
[4.402s] -- Up-to-date symlink: /home/lisior/Workspaces/racoonbot_ws/install/racoonbot_pkg/include/racoonbot_pkg/WiringPi/wiringPi/sn3218.c
[4.402s] -- Up-to-date symlink: /home/lisior/Workspaces/racoonbot_ws/install/racoonbot_pkg/include/racoonbot_pkg/WiringPi/wiringPi/sn3218.h
[4.402s] -- Up-to-date symlink: /home/lisior/Workspaces/racoonbot_ws/install/racoonbot_pkg/include/racoonbot_pkg/WiringPi/wiringPi/softPwm.c
[4.403s] -- Up-to-date symlink: /home/lisior/Workspaces/racoonbot_ws/install/racoonbot_pkg/include/racoonbot_pkg/WiringPi/wiringPi/softPwm.h
[4.403s] -- Up-to-date symlink: /home/lisior/Workspaces/racoonbot_ws/install/racoonbot_pkg/include/racoonbot_pkg/WiringPi/wiringPi/softServo.c
[4.403s] -- Up-to-date symlink: /home/lisior/Workspaces/racoonbot_ws/install/racoonbot_pkg/include/racoonbot_pkg/WiringPi/wiringPi/softServo.h
[4.403s] -- Up-to-date symlink: /home/lisior/Workspaces/racoonbot_ws/install/racoonbot_pkg/include/racoonbot_pkg/WiringPi/wiringPi/softTone.c
[4.403s] -- Up-to-date symlink: /home/lisior/Workspaces/racoonbot_ws/install/racoonbot_pkg/include/racoonbot_pkg/WiringPi/wiringPi/softTone.h
[4.403s] -- Up-to-date symlink: /home/lisior/Workspaces/racoonbot_ws/install/racoonbot_pkg/include/racoonbot_pkg/WiringPi/wiringPi/sr595.c
[4.403s] -- Up-to-date symlink: /home/lisior/Workspaces/racoonbot_ws/install/racoonbot_pkg/include/racoonbot_pkg/WiringPi/wiringPi/sr595.h
[4.403s] -- Up-to-date symlink: /home/lisior/Workspaces/racoonbot_ws/install/racoonbot_pkg/include/racoonbot_pkg/WiringPi/wiringPi/wiringPi.c
[4.403s] -- Up-to-date symlink: /home/lisior/Workspaces/racoonbot_ws/install/racoonbot_pkg/include/racoonbot_pkg/WiringPi/wiringPi/wiringPi.h
[4.403s] -- Up-to-date symlink: /home/lisior/Workspaces/racoonbot_ws/install/racoonbot_pkg/include/racoonbot_pkg/WiringPi/wiringPi/wiringPiI2C.c
[4.403s] -- Up-to-date symlink: /home/lisior/Workspaces/racoonbot_ws/install/racoonbot_pkg/include/racoonbot_pkg/WiringPi/wiringPi/wiringPiI2C.h
[4.404s] -- Up-to-date symlink: /home/lisior/Workspaces/racoonbot_ws/install/racoonbot_pkg/include/racoonbot_pkg/WiringPi/wiringPi/wiringPiLegacy.c
[4.404s] -- Up-to-date symlink: /home/lisior/Workspaces/racoonbot_ws/install/racoonbot_pkg/include/racoonbot_pkg/WiringPi/wiringPi/wiringPiLegacy.h
[4.404s] -- Up-to-date symlink: /home/lisior/Workspaces/racoonbot_ws/install/racoonbot_pkg/include/racoonbot_pkg/WiringPi/wiringPi/wiringPiSPI.c
[4.404s] -- Up-to-date symlink: /home/lisior/Workspaces/racoonbot_ws/install/racoonbot_pkg/include/racoonbot_pkg/WiringPi/wiringPi/wiringPiSPI.h
[4.404s] -- Up-to-date symlink: /home/lisior/Workspaces/racoonbot_ws/install/racoonbot_pkg/include/racoonbot_pkg/WiringPi/wiringPi/wiringSerial.c
[4.405s] -- Up-to-date symlink: /home/lisior/Workspaces/racoonbot_ws/install/racoonbot_pkg/include/racoonbot_pkg/WiringPi/wiringPi/wiringSerial.h
[4.405s] -- Up-to-date symlink: /home/lisior/Workspaces/racoonbot_ws/install/racoonbot_pkg/include/racoonbot_pkg/WiringPi/wiringPi/wiringShift.c
[4.405s] -- Up-to-date symlink: /home/lisior/Workspaces/racoonbot_ws/install/racoonbot_pkg/include/racoonbot_pkg/WiringPi/wiringPi/wiringShift.h
[4.405s] -- Up-to-date symlink: /home/lisior/Workspaces/racoonbot_ws/install/racoonbot_pkg/include/racoonbot_pkg/WiringPi/wiringPi/wpiExtensions.c
[4.405s] -- Up-to-date symlink: /home/lisior/Workspaces/racoonbot_ws/install/racoonbot_pkg/include/racoonbot_pkg/WiringPi/wiringPi/wpiExtensions.h
[4.405s] -- Up-to-date symlink: /home/lisior/Workspaces/racoonbot_ws/install/racoonbot_pkg/include/racoonbot_pkg/WiringPi/wiringPiD/Makefile
[4.405s] -- Up-to-date symlink: /home/lisior/Workspaces/racoonbot_ws/install/racoonbot_pkg/include/racoonbot_pkg/WiringPi/wiringPiD/daemonise.c
[4.405s] -- Up-to-date symlink: /home/lisior/Workspaces/racoonbot_ws/install/racoonbot_pkg/include/racoonbot_pkg/WiringPi/wiringPiD/daemonise.h
[4.405s] -- Up-to-date symlink: /home/lisior/Workspaces/racoonbot_ws/install/racoonbot_pkg/include/racoonbot_pkg/WiringPi/wiringPiD/drcNetCmd.h
[4.405s] -- Up-to-date symlink: /home/lisior/Workspaces/racoonbot_ws/install/racoonbot_pkg/include/racoonbot_pkg/WiringPi/wiringPiD/network.c
[4.405s] -- Up-to-date symlink: /home/lisior/Workspaces/racoonbot_ws/install/racoonbot_pkg/include/racoonbot_pkg/WiringPi/wiringPiD/network.h
[4.406s] -- Up-to-date symlink: /home/lisior/Workspaces/racoonbot_ws/install/racoonbot_pkg/include/racoonbot_pkg/WiringPi/wiringPiD/runRemote.c
[4.406s] -- Up-to-date symlink: /home/lisior/Workspaces/racoonbot_ws/install/racoonbot_pkg/include/racoonbot_pkg/WiringPi/wiringPiD/runRemote.h
[4.406s] -- Up-to-date symlink: /home/lisior/Workspaces/racoonbot_ws/install/racoonbot_pkg/include/racoonbot_pkg/WiringPi/wiringPiD/wiringpid.c
[4.406s] -- Up-to-date symlink: /home/lisior/Workspaces/racoonbot_ws/install/racoonbot_pkg/include/racoonbot_pkg/racoonbot_pkg/racoonbot_control.hpp
[4.406s] -- Up-to-date symlink: /home/lisior/Workspaces/racoonbot_ws/install/racoonbot_pkg/include/racoonbot_pkg/racoonbot_pkg/racoonbot_system.hpp
[4.406s] -- Up-to-date symlink: /home/lisior/Workspaces/racoonbot_ws/install/racoonbot_pkg/include/racoonbot_pkg/racoonbot_pkg/visibility_control.h
[4.406s] -- Up-to-date symlink: /home/lisior/Workspaces/racoonbot_ws/install/racoonbot_pkg/include/racoonbot_pkg/racoonbot_pkg/wheel.hpp
[4.406s] -- Up-to-date symlink: /home/lisior/Workspaces/racoonbot_ws/install/racoonbot_pkg/share/racoonbot_pkg/ros2_control/racoonbot.ros2_control.xacro
[4.406s] -- Up-to-date symlink: /home/lisior/Workspaces/racoonbot_ws/install/racoonbot_pkg/share/racoonbot_pkg/urdf/racoonbot.materials.xacro
[4.406s] -- Up-to-date symlink: /home/lisior/Workspaces/racoonbot_ws/install/racoonbot_pkg/share/racoonbot_pkg/urdf/racoonbot.urdf.xacro
[4.406s] -- Up-to-date symlink: /home/lisior/Workspaces/racoonbot_ws/install/racoonbot_pkg/share/racoonbot_pkg/urdf/racoonbot_description.urdf.xacro
[4.406s] -- Up-to-date symlink: /home/lisior/Workspaces/racoonbot_ws/install/racoonbot_pkg/share/racoonbot_pkg/urdf/racoonbot_description_3.urdf.xacro
[4.407s] -- Up-to-date symlink: /home/lisior/Workspaces/racoonbot_ws/install/racoonbot_pkg/share/racoonbot_pkg/rviz/racoonbot copy.rviz
[4.407s] -- Up-to-date symlink: /home/lisior/Workspaces/racoonbot_ws/install/racoonbot_pkg/share/racoonbot_pkg/rviz/racoonbot.rviz
[4.407s] -- Up-to-date symlink: /home/lisior/Workspaces/racoonbot_ws/install/racoonbot_pkg/share/racoonbot_pkg/rviz/racoonbot_view copy.rviz
[4.407s] -- Up-to-date symlink: /home/lisior/Workspaces/racoonbot_ws/install/racoonbot_pkg/share/racoonbot_pkg/rviz/racoonbot_view.rviz
[4.407s] -- Up-to-date symlink: /home/lisior/Workspaces/racoonbot_ws/install/racoonbot_pkg/share/racoonbot_pkg/meshes/base_link.dae
[4.408s] -- Up-to-date symlink: /home/lisior/Workspaces/racoonbot_ws/install/racoonbot_pkg/share/racoonbot_pkg/meshes/caster_link.dae
[4.408s] -- Up-to-date symlink: /home/lisior/Workspaces/racoonbot_ws/install/racoonbot_pkg/share/racoonbot_pkg/meshes/motor_link.dae
[4.408s] -- Up-to-date symlink: /home/lisior/Workspaces/racoonbot_ws/install/racoonbot_pkg/share/racoonbot_pkg/meshes/scan_link.dae
[4.408s] -- Up-to-date symlink: /home/lisior/Workspaces/racoonbot_ws/install/racoonbot_pkg/share/racoonbot_pkg/meshes/wheel_link.dae
[4.408s] -- Up-to-date symlink: /home/lisior/Workspaces/racoonbot_ws/install/racoonbot_pkg/share/racoonbot_pkg/launch/racoonbot.launch.py
[4.409s] -- Up-to-date symlink: /home/lisior/Workspaces/racoonbot_ws/install/racoonbot_pkg/share/racoonbot_pkg/config/racoonbot_controllers.yaml
[4.409s] -- Up-to-date symlink: /home/lisior/Workspaces/racoonbot_ws/install/racoonbot_pkg/share/racoonbot_pkg/environment/library_path.sh
[4.410s] -- Up-to-date symlink: /home/lisior/Workspaces/racoonbot_ws/install/racoonbot_pkg/share/racoonbot_pkg/environment/library_path.dsv
[4.410s] -- Up-to-date symlink: /home/lisior/Workspaces/racoonbot_ws/install/racoonbot_pkg/share/ament_index/resource_index/package_run_dependencies/racoonbot_pkg
[4.410s] -- Up-to-date symlink: /home/lisior/Workspaces/racoonbot_ws/install/racoonbot_pkg/share/ament_index/resource_index/parent_prefix_path/racoonbot_pkg
[4.411s] -- Up-to-date symlink: /home/lisior/Workspaces/racoonbot_ws/install/racoonbot_pkg/share/racoonbot_pkg/environment/ament_prefix_path.sh
[4.411s] -- Up-to-date symlink: /home/lisior/Workspaces/racoonbot_ws/install/racoonbot_pkg/share/racoonbot_pkg/environment/ament_prefix_path.dsv
[4.411s] -- Up-to-date symlink: /home/lisior/Workspaces/racoonbot_ws/install/racoonbot_pkg/share/racoonbot_pkg/environment/path.sh
[4.412s] -- Up-to-date symlink: /home/lisior/Workspaces/racoonbot_ws/install/racoonbot_pkg/share/racoonbot_pkg/environment/path.dsv
[4.412s] -- Up-to-date symlink: /home/lisior/Workspaces/racoonbot_ws/install/racoonbot_pkg/share/racoonbot_pkg/local_setup.bash
[4.413s] -- Up-to-date symlink: /home/lisior/Workspaces/racoonbot_ws/install/racoonbot_pkg/share/racoonbot_pkg/local_setup.sh
[4.413s] -- Up-to-date symlink: /home/lisior/Workspaces/racoonbot_ws/install/racoonbot_pkg/share/racoonbot_pkg/local_setup.zsh
[4.413s] -- Up-to-date symlink: /home/lisior/Workspaces/racoonbot_ws/install/racoonbot_pkg/share/racoonbot_pkg/local_setup.dsv
[4.413s] -- Symlinking: /home/lisior/Workspaces/racoonbot_ws/install/racoonbot_pkg/share/racoonbot_pkg/package.dsv
[4.413s] -- Up-to-date symlink: /home/lisior/Workspaces/racoonbot_ws/install/racoonbot_pkg/share/ament_index/resource_index/packages/racoonbot_pkg
[4.414s] -- Up-to-date symlink: /home/lisior/Workspaces/racoonbot_ws/install/racoonbot_pkg/share/ament_index/resource_index/hardware_interface__pluginlib__plugin/racoonbot_pkg
[4.414s] -- Up-to-date symlink: /home/lisior/Workspaces/racoonbot_ws/install/racoonbot_pkg/share/racoonbot_pkg/cmake/ament_cmake_export_targets-extras.cmake
[4.414s] -- Up-to-date symlink: /home/lisior/Workspaces/racoonbot_ws/install/racoonbot_pkg/share/racoonbot_pkg/cmake/ament_cmake_export_dependencies-extras.cmake
[4.414s] -- Up-to-date symlink: /home/lisior/Workspaces/racoonbot_ws/install/racoonbot_pkg/share/racoonbot_pkg/cmake/racoonbot_pkgConfig.cmake
[4.414s] -- Up-to-date symlink: /home/lisior/Workspaces/racoonbot_ws/install/racoonbot_pkg/share/racoonbot_pkg/cmake/racoonbot_pkgConfig-version.cmake
[4.415s] -- Up-to-date symlink: /home/lisior/Workspaces/racoonbot_ws/install/racoonbot_pkg/share/racoonbot_pkg/package.xml
[4.415s] -- Installing: /home/lisior/Workspaces/racoonbot_ws/install/racoonbot_pkg/lib/libracoonbot_pkg.so
[4.415s] -- Set runtime path of "/home/lisior/Workspaces/racoonbot_ws/install/racoonbot_pkg/lib/libracoonbot_pkg.so" to ""
[4.416s] -- Up-to-date: /home/lisior/Workspaces/racoonbot_ws/install/racoonbot_pkg/share/racoonbot_pkg/cmake/export_racoonbot_pkgExport.cmake
[4.416s] -- Up-to-date: /home/lisior/Workspaces/racoonbot_ws/install/racoonbot_pkg/share/racoonbot_pkg/cmake/export_racoonbot_pkgExport-noconfig.cmake
[4.416s] Invoked command in '/home/lisior/Workspaces/racoonbot_ws/build/racoonbot_pkg' returned '0': /usr/bin/cmake --install /home/lisior/Workspaces/racoonbot_ws/build/racoonbot_pkg
