[0.097s] Invoking command in '/home/pawel/Workspaces/racoonbot/build/ldlidar_node': AMENT_PREFIX_PATH=/home/pawel/Workspaces/racoonbot/install/ldlidar_component:${AMENT_PREFIX_PATH} CMAKE_PREFIX_PATH=/home/pawel/Workspaces/racoonbot/install/ldlidar_component:/home/pawel/Workspaces/racoonbot/install/racoonbot_pkg:/home/pawel/Workspaces/ros2-racoon/install/racoon_ros2_pkg:/home/pawel/Workspaces/ros2-racoon/install/ldlidar:/home/pawel/Workspaces/ros2-racoon/install/ldlidar_node:/home/pawel/Workspaces/ros2-racoon/install/ldlidar_component:/opt/ros/humble LD_LIBRARY_PATH=/home/pawel/Workspaces/racoonbot/install/ldlidar_component/lib:${LD_LIBRARY_PATH} /usr/bin/cmake /home/pawel/Workspaces/racoonbot/src/ldrobot-lidar-ros2/ldlidar_node -DAMENT_CMAKE_SYMLINK_INSTALL=1 -DCMAKE_INSTALL_PREFIX=/home/pawel/Workspaces/racoonbot/install/ldlidar_node
[1.522s] -- The C compiler identification is GNU 11.4.0
[1.877s] -- The CXX compiler identification is GNU 11.4.0
[1.933s] -- Detecting C compiler ABI info
[2.419s] -- Detecting C compiler ABI info - done
[2.444s] -- Check for working C compiler: /usr/bin/cc - skipped
[2.448s] -- Detecting C compile features
[2.457s] -- Detecting C compile features - done
[2.478s] -- Detecting CXX compiler ABI info
[2.865s] -- Detecting CXX compiler ABI info - done
[2.892s] -- Check for working CXX compiler: /usr/bin/c++ - skipped
[2.893s] -- Detecting CXX compile features
[2.895s] -- Detecting CXX compile features - done
[2.898s] --  * Release Mode
[2.899s] -- * Found ROS2 humble
[2.899s] -- * ROS2 humble is officially supported by this package.
[2.963s] -- Found ament_cmake: 1.3.8 (/opt/ros/humble/share/ament_cmake/cmake)
[3.955s] -- Found Python3: /usr/bin/python3 (found version "3.10.12") found components: Interpreter 
[4.305s] -- Override CMake install command with custom implementation using symlinks instead of copying resources
[4.754s] -- Found rclcpp: 16.0.8 (/opt/ros/humble/share/rclcpp/cmake)
[5.271s] -- Found rosidl_generator_c: 3.1.5 (/opt/ros/humble/share/rosidl_generator_c/cmake)
[5.340s] -- Found rosidl_adapter: 3.1.5 (/opt/ros/humble/share/rosidl_adapter/cmake)
[5.429s] -- Found rosidl_generator_cpp: 3.1.5 (/opt/ros/humble/share/rosidl_generator_cpp/cmake)
[5.558s] -- Using all available rosidl_typesupport_c: rosidl_typesupport_fastrtps_c;rosidl_typesupport_introspection_c
[5.743s] -- Using all available rosidl_typesupport_cpp: rosidl_typesupport_fastrtps_cpp;rosidl_typesupport_introspection_cpp
[6.332s] -- Found rmw_implementation_cmake: 6.1.1 (/opt/ros/humble/share/rmw_implementation_cmake/cmake)
[6.371s] -- Found rmw_fastrtps_cpp: 6.2.6 (/opt/ros/humble/share/rmw_fastrtps_cpp/cmake)
[7.331s] -- Found OpenSSL: /usr/lib/aarch64-linux-gnu/libcrypto.so (found version "3.0.2")  
[7.624s] -- Found FastRTPS: /opt/ros/humble/include  
[8.087s] -- Using RMW implementation 'rmw_fastrtps_cpp' as default
[8.227s] -- Looking for pthread.h
[8.735s] -- Looking for pthread.h - found
[8.739s] -- Performing Test CMAKE_HAVE_LIBC_PTHREAD
[9.199s] -- Performing Test CMAKE_HAVE_LIBC_PTHREAD - Success
[9.204s] -- Found Threads: TRUE  
[10.016s] -- Found rclcpp_components: 16.0.8 (/opt/ros/humble/share/rclcpp_components/cmake)
[10.497s] -- Found rclcpp_lifecycle: 16.0.8 (/opt/ros/humble/share/rclcpp_lifecycle/cmake)
[10.734s] -- Found ldlidar_component: 0.2.0 (/home/pawel/Workspaces/racoonbot/install/ldlidar_component/share/ldlidar_component/cmake)
[14.506s] -- Found eigen3_cmake_module: 0.1.1 (/opt/ros/humble/share/eigen3_cmake_module/cmake)
[14.513s] -- Found Eigen3: TRUE (found version "3.4.0") 
[14.513s] -- Ensuring Eigen3 include directory is part of orocos-kdl CMake target
[18.298s] -- Found ament_lint_auto: 0.12.10 (/opt/ros/humble/share/ament_lint_auto/cmake)
[19.546s] -- Found python_cmake_module: 0.10.0 (/opt/ros/humble/share/python_cmake_module/cmake)
[19.664s] -- Found PythonInterp: /usr/bin/python3 (found suitable version "3.10.12", minimum required is "3.6") 
[19.732s] -- Found PythonLibs: /usr/lib/aarch64-linux-gnu/libpython3.10.so (found suitable version "3.10.12", minimum required is "3.5") 
[19.733s] -- Using PYTHON_EXECUTABLE: /usr/bin/python3
[19.734s] -- Using PYTHON_INCLUDE_DIRS: /usr/include/python3.10
[19.734s] -- Using PYTHON_LIBRARIES: /usr/lib/aarch64-linux-gnu/libpython3.10.so
[19.839s] -- Found PythonExtra: .so  
[19.871s] -- Added test 'copyright' to check source files copyright and LICENSE
[19.893s] -- Added test 'cppcheck' to perform static code analysis on C / C++ code
[19.894s] -- Configured cppcheck include dirs: 
[19.895s] -- Configured cppcheck exclude dirs and/or files: 
[19.912s] -- Added test 'cpplint' to check C / C++ code against the Google style
[19.912s] -- Configured cpplint exclude dirs and/or files: 
[19.918s] -- Added test 'flake8' to check Python code syntax and style conventions
[19.925s] -- Added test 'lint_cmake' to check CMake code style
[19.931s] -- Added test 'pep257' to check Python code against some of the docstring style conventions in PEP 257
[19.949s] -- Added test 'uncrustify' to check C / C++ code style
[19.949s] -- Configured uncrustify additional arguments: 
[19.955s] -- Added test 'xmllint' to check XML markup files
[19.970s] -- Configuring done
[20.219s] -- Generating done
[20.229s] -- Build files have been written to: /home/pawel/Workspaces/racoonbot/build/ldlidar_node
[20.279s] Invoked command in '/home/pawel/Workspaces/racoonbot/build/ldlidar_node' returned '0': AMENT_PREFIX_PATH=/home/pawel/Workspaces/racoonbot/install/ldlidar_component:${AMENT_PREFIX_PATH} CMAKE_PREFIX_PATH=/home/pawel/Workspaces/racoonbot/install/ldlidar_component:/home/pawel/Workspaces/racoonbot/install/racoonbot_pkg:/home/pawel/Workspaces/ros2-racoon/install/racoon_ros2_pkg:/home/pawel/Workspaces/ros2-racoon/install/ldlidar:/home/pawel/Workspaces/ros2-racoon/install/ldlidar_node:/home/pawel/Workspaces/ros2-racoon/install/ldlidar_component:/opt/ros/humble LD_LIBRARY_PATH=/home/pawel/Workspaces/racoonbot/install/ldlidar_component/lib:${LD_LIBRARY_PATH} /usr/bin/cmake /home/pawel/Workspaces/racoonbot/src/ldrobot-lidar-ros2/ldlidar_node -DAMENT_CMAKE_SYMLINK_INSTALL=1 -DCMAKE_INSTALL_PREFIX=/home/pawel/Workspaces/racoonbot/install/ldlidar_node
[20.289s] Invoking command in '/home/pawel/Workspaces/racoonbot/build/ldlidar_node': AMENT_PREFIX_PATH=/home/pawel/Workspaces/racoonbot/install/ldlidar_component:${AMENT_PREFIX_PATH} CMAKE_PREFIX_PATH=/home/pawel/Workspaces/racoonbot/install/ldlidar_component:/home/pawel/Workspaces/racoonbot/install/racoonbot_pkg:/home/pawel/Workspaces/ros2-racoon/install/racoon_ros2_pkg:/home/pawel/Workspaces/ros2-racoon/install/ldlidar:/home/pawel/Workspaces/ros2-racoon/install/ldlidar_node:/home/pawel/Workspaces/ros2-racoon/install/ldlidar_component:/opt/ros/humble LD_LIBRARY_PATH=/home/pawel/Workspaces/racoonbot/install/ldlidar_component/lib:${LD_LIBRARY_PATH} /usr/bin/cmake --build /home/pawel/Workspaces/racoonbot/build/ldlidar_node -- -j4 -l4
[20.538s] [ 50%] [32mBuilding CXX object CMakeFiles/ldlidar_node.dir/src/ldlidar_container_node.cpp.o[0m
[37.349s] [100%] [32m[1mLinking CXX executable ldlidar_node[0m
[38.445s] [100%] Built target ldlidar_node
[38.488s] Invoked command in '/home/pawel/Workspaces/racoonbot/build/ldlidar_node' returned '0': AMENT_PREFIX_PATH=/home/pawel/Workspaces/racoonbot/install/ldlidar_component:${AMENT_PREFIX_PATH} CMAKE_PREFIX_PATH=/home/pawel/Workspaces/racoonbot/install/ldlidar_component:/home/pawel/Workspaces/racoonbot/install/racoonbot_pkg:/home/pawel/Workspaces/ros2-racoon/install/racoon_ros2_pkg:/home/pawel/Workspaces/ros2-racoon/install/ldlidar:/home/pawel/Workspaces/ros2-racoon/install/ldlidar_node:/home/pawel/Workspaces/ros2-racoon/install/ldlidar_component:/opt/ros/humble LD_LIBRARY_PATH=/home/pawel/Workspaces/racoonbot/install/ldlidar_component/lib:${LD_LIBRARY_PATH} /usr/bin/cmake --build /home/pawel/Workspaces/racoonbot/build/ldlidar_node -- -j4 -l4
[38.641s] Invoking command in '/home/pawel/Workspaces/racoonbot/build/ldlidar_node': AMENT_PREFIX_PATH=/home/pawel/Workspaces/racoonbot/install/ldlidar_component:${AMENT_PREFIX_PATH} CMAKE_PREFIX_PATH=/home/pawel/Workspaces/racoonbot/install/ldlidar_component:/home/pawel/Workspaces/racoonbot/install/racoonbot_pkg:/home/pawel/Workspaces/ros2-racoon/install/racoon_ros2_pkg:/home/pawel/Workspaces/ros2-racoon/install/ldlidar:/home/pawel/Workspaces/ros2-racoon/install/ldlidar_node:/home/pawel/Workspaces/ros2-racoon/install/ldlidar_component:/opt/ros/humble LD_LIBRARY_PATH=/home/pawel/Workspaces/racoonbot/install/ldlidar_component/lib:${LD_LIBRARY_PATH} /usr/bin/cmake --install /home/pawel/Workspaces/racoonbot/build/ldlidar_node
[38.674s] -- Install configuration: "Release"
[38.675s] -- Execute custom install script
[38.677s] -- Symlinking: /home/pawel/Workspaces/racoonbot/install/ldlidar_node/lib/ldlidar_node/ldlidar_node
[38.716s] -- Symlinking: /home/pawel/Workspaces/racoonbot/install/ldlidar_node/share/ldlidar_node/params/ldlidar.yaml
[38.753s] -- Symlinking: /home/pawel/Workspaces/racoonbot/install/ldlidar_node/share/ldlidar_node/params/lifecycle_mgr.yaml
[38.789s] -- Symlinking: /home/pawel/Workspaces/racoonbot/install/ldlidar_node/share/ldlidar_node/params/lifecycle_mgr_slam.yaml
[38.825s] -- Symlinking: /home/pawel/Workspaces/racoonbot/install/ldlidar_node/share/ldlidar_node/params/slam_toolbox.yaml
[38.863s] -- Symlinking: /home/pawel/Workspaces/racoonbot/install/ldlidar_node/share/ldlidar_node/config/ldlidar.rviz
[38.900s] -- Symlinking: /home/pawel/Workspaces/racoonbot/install/ldlidar_node/share/ldlidar_node/config/ldlidar_slam.rviz
[38.936s] -- Symlinking: /home/pawel/Workspaces/racoonbot/install/ldlidar_node/share/ldlidar_node/urdf/ldlidar_descr.urdf.xml
[38.974s] -- Symlinking: /home/pawel/Workspaces/racoonbot/install/ldlidar_node/share/ldlidar_node/urdf/model/LD19.stl
[39.012s] -- Symlinking: /home/pawel/Workspaces/racoonbot/install/ldlidar_node/share/ldlidar_node/launch/ldlidar.launch.py
[39.049s] -- Symlinking: /home/pawel/Workspaces/racoonbot/install/ldlidar_node/share/ldlidar_node/launch/ldlidar_rviz2.launch.py
[39.085s] -- Symlinking: /home/pawel/Workspaces/racoonbot/install/ldlidar_node/share/ldlidar_node/launch/ldlidar_slam.launch.py
[39.119s] -- Symlinking: /home/pawel/Workspaces/racoonbot/install/ldlidar_node/share/ldlidar_node/launch/ldlidar_with_mgr.launch.py
[39.156s] -- Symlinking: /home/pawel/Workspaces/racoonbot/install/ldlidar_node/share/ament_index/resource_index/package_run_dependencies/ldlidar_node
[39.194s] -- Symlinking: /home/pawel/Workspaces/racoonbot/install/ldlidar_node/share/ament_index/resource_index/parent_prefix_path/ldlidar_node
[39.229s] -- Symlinking: /home/pawel/Workspaces/racoonbot/install/ldlidar_node/share/ldlidar_node/environment/ament_prefix_path.sh
[39.266s] -- Symlinking: /home/pawel/Workspaces/racoonbot/install/ldlidar_node/share/ldlidar_node/environment/ament_prefix_path.dsv
[39.304s] -- Symlinking: /home/pawel/Workspaces/racoonbot/install/ldlidar_node/share/ldlidar_node/environment/path.sh
[39.343s] -- Symlinking: /home/pawel/Workspaces/racoonbot/install/ldlidar_node/share/ldlidar_node/environment/path.dsv
[39.379s] -- Symlinking: /home/pawel/Workspaces/racoonbot/install/ldlidar_node/share/ldlidar_node/local_setup.bash
[39.417s] -- Symlinking: /home/pawel/Workspaces/racoonbot/install/ldlidar_node/share/ldlidar_node/local_setup.sh
[39.454s] -- Symlinking: /home/pawel/Workspaces/racoonbot/install/ldlidar_node/share/ldlidar_node/local_setup.zsh
[39.489s] -- Symlinking: /home/pawel/Workspaces/racoonbot/install/ldlidar_node/share/ldlidar_node/local_setup.dsv
[39.525s] -- Symlinking: /home/pawel/Workspaces/racoonbot/install/ldlidar_node/share/ldlidar_node/package.dsv
[39.563s] -- Symlinking: /home/pawel/Workspaces/racoonbot/install/ldlidar_node/share/ament_index/resource_index/packages/ldlidar_node
[39.600s] -- Symlinking: /home/pawel/Workspaces/racoonbot/install/ldlidar_node/share/ldlidar_node/cmake/ldlidar_nodeConfig.cmake
[39.636s] -- Symlinking: /home/pawel/Workspaces/racoonbot/install/ldlidar_node/share/ldlidar_node/cmake/ldlidar_nodeConfig-version.cmake
[39.672s] -- Symlinking: /home/pawel/Workspaces/racoonbot/install/ldlidar_node/share/ldlidar_node/package.xml
[39.718s] Invoked command in '/home/pawel/Workspaces/racoonbot/build/ldlidar_node' returned '0': AMENT_PREFIX_PATH=/home/pawel/Workspaces/racoonbot/install/ldlidar_component:${AMENT_PREFIX_PATH} CMAKE_PREFIX_PATH=/home/pawel/Workspaces/racoonbot/install/ldlidar_component:/home/pawel/Workspaces/racoonbot/install/racoonbot_pkg:/home/pawel/Workspaces/ros2-racoon/install/racoon_ros2_pkg:/home/pawel/Workspaces/ros2-racoon/install/ldlidar:/home/pawel/Workspaces/ros2-racoon/install/ldlidar_node:/home/pawel/Workspaces/ros2-racoon/install/ldlidar_component:/opt/ros/humble LD_LIBRARY_PATH=/home/pawel/Workspaces/racoonbot/install/ldlidar_component/lib:${LD_LIBRARY_PATH} /usr/bin/cmake --install /home/pawel/Workspaces/racoonbot/build/ldlidar_node
