[0.221s] DEBUG:colcon:Command line arguments: ['/usr/bin/colcon', 'build', '--symlink-install']
[0.221s] DEBUG:colcon:Parsed command line arguments: Namespace(log_base=None, log_level=None, verb_name='build', build_base='build', install_base='install', merge_install=False, symlink_install=True, test_result_base=None, continue_on_error=False, executor='parallel', parallel_workers=2, event_handlers=None, ignore_user_meta=False, metas=['./colcon.meta'], base_paths=['.'], packages_ignore=None, packages_ignore_regex=None, paths=None, packages_up_to=None, packages_up_to_regex=None, packages_above=None, packages_above_and_dependencies=None, packages_above_depth=None, packages_select_by_dep=None, packages_skip_by_dep=None, packages_skip_up_to=None, packages_select_build_failed=False, packages_skip_build_finished=False, packages_select_test_failures=False, packages_skip_test_passed=False, packages_select=None, packages_skip=None, packages_select_regex=None, packages_skip_regex=None, packages_start=None, packages_end=None, allow_overriding=[], cmake_args=None, cmake_target=None, cmake_target_skip_unavailable=False, cmake_clean_cache=False, cmake_clean_first=False, cmake_force_configure=False, ament_cmake_args=None, catkin_cmake_args=None, catkin_skip_building_tests=False, verb_parser=<colcon_defaults.argument_parser.defaults.DefaultArgumentsDecorator object at 0x700c6b1d2ef0>, verb_extension=<colcon_core.verb.build.BuildVerb object at 0x700c6b1d2a70>, main=<bound method BuildVerb.main of <colcon_core.verb.build.BuildVerb object at 0x700c6b1d2a70>>)
[0.573s] Level 1:colcon.colcon_core.package_discovery:discover_packages(colcon_meta) check parameters
[0.573s] Level 1:colcon.colcon_core.package_discovery:discover_packages(recursive) check parameters
[0.573s] Level 1:colcon.colcon_core.package_discovery:discover_packages(ignore) check parameters
[0.574s] Level 1:colcon.colcon_core.package_discovery:discover_packages(path) check parameters
[0.574s] Level 1:colcon.colcon_core.package_discovery:discover_packages(colcon_meta) discover
[0.574s] Level 1:colcon.colcon_core.package_discovery:discover_packages(recursive) discover
[0.574s] INFO:colcon.colcon_core.package_discovery:Crawling recursively for packages in '/home/lisior/Workspaces/racoonbot_ws'
[0.574s] Level 1:colcon.colcon_core.package_identification:_identify(.) by extensions ['ignore', 'ignore_ament_install']
[0.575s] Level 1:colcon.colcon_core.package_identification:_identify(.) by extension 'ignore'
[0.575s] Level 1:colcon.colcon_core.package_identification:_identify(.) by extension 'ignore_ament_install'
[0.575s] Level 1:colcon.colcon_core.package_identification:_identify(.) by extensions ['colcon_pkg']
[0.575s] Level 1:colcon.colcon_core.package_identification:_identify(.) by extension 'colcon_pkg'
[0.575s] Level 1:colcon.colcon_core.package_identification:_identify(.) by extensions ['colcon_meta']
[0.576s] Level 1:colcon.colcon_core.package_identification:_identify(.) by extension 'colcon_meta'
[0.576s] Level 1:colcon.colcon_core.package_identification:_identify(.) by extensions ['ros']
[0.576s] Level 1:colcon.colcon_core.package_identification:_identify(.) by extension 'ros'
[0.603s] Level 1:colcon.colcon_core.package_identification:_identify(.) by extensions ['cmake', 'python']
[0.603s] Level 1:colcon.colcon_core.package_identification:_identify(.) by extension 'cmake'
[0.603s] Level 1:colcon.colcon_core.package_identification:_identify(.) by extension 'python'
[0.604s] Level 1:colcon.colcon_core.package_identification:_identify(.) by extensions ['python_setup_py']
[0.604s] Level 1:colcon.colcon_core.package_identification:_identify(.) by extension 'python_setup_py'
[0.604s] Level 1:colcon.colcon_core.package_identification:_identify(build) by extensions ['ignore', 'ignore_ament_install']
[0.604s] Level 1:colcon.colcon_core.package_identification:_identify(build) by extension 'ignore'
[0.604s] Level 1:colcon.colcon_core.package_identification:_identify(build) ignored
[0.605s] Level 1:colcon.colcon_core.package_identification:_identify(install) by extensions ['ignore', 'ignore_ament_install']
[0.605s] Level 1:colcon.colcon_core.package_identification:_identify(install) by extension 'ignore'
[0.605s] Level 1:colcon.colcon_core.package_identification:_identify(install) ignored
[0.606s] Level 1:colcon.colcon_core.package_identification:_identify(log) by extensions ['ignore', 'ignore_ament_install']
[0.606s] Level 1:colcon.colcon_core.package_identification:_identify(log) by extension 'ignore'
[0.606s] Level 1:colcon.colcon_core.package_identification:_identify(log) ignored
[0.606s] Level 1:colcon.colcon_core.package_identification:_identify(src) by extensions ['ignore', 'ignore_ament_install']
[0.607s] Level 1:colcon.colcon_core.package_identification:_identify(src) by extension 'ignore'
[0.607s] Level 1:colcon.colcon_core.package_identification:_identify(src) by extension 'ignore_ament_install'
[0.607s] Level 1:colcon.colcon_core.package_identification:_identify(src) by extensions ['colcon_pkg']
[0.607s] Level 1:colcon.colcon_core.package_identification:_identify(src) by extension 'colcon_pkg'
[0.607s] Level 1:colcon.colcon_core.package_identification:_identify(src) by extensions ['colcon_meta']
[0.607s] Level 1:colcon.colcon_core.package_identification:_identify(src) by extension 'colcon_meta'
[0.607s] Level 1:colcon.colcon_core.package_identification:_identify(src) by extensions ['ros']
[0.607s] Level 1:colcon.colcon_core.package_identification:_identify(src) by extension 'ros'
[0.608s] Level 1:colcon.colcon_core.package_identification:_identify(src) by extensions ['cmake', 'python']
[0.608s] Level 1:colcon.colcon_core.package_identification:_identify(src) by extension 'cmake'
[0.608s] Level 1:colcon.colcon_core.package_identification:_identify(src) by extension 'python'
[0.608s] Level 1:colcon.colcon_core.package_identification:_identify(src) by extensions ['python_setup_py']
[0.608s] Level 1:colcon.colcon_core.package_identification:_identify(src) by extension 'python_setup_py'
[0.608s] Level 1:colcon.colcon_core.package_identification:_identify(src/racoonbot_pkg) by extensions ['ignore', 'ignore_ament_install']
[0.609s] Level 1:colcon.colcon_core.package_identification:_identify(src/racoonbot_pkg) by extension 'ignore'
[0.609s] Level 1:colcon.colcon_core.package_identification:_identify(src/racoonbot_pkg) by extension 'ignore_ament_install'
[0.609s] Level 1:colcon.colcon_core.package_identification:_identify(src/racoonbot_pkg) by extensions ['colcon_pkg']
[0.609s] Level 1:colcon.colcon_core.package_identification:_identify(src/racoonbot_pkg) by extension 'colcon_pkg'
[0.609s] Level 1:colcon.colcon_core.package_identification:_identify(src/racoonbot_pkg) by extensions ['colcon_meta']
[0.609s] Level 1:colcon.colcon_core.package_identification:_identify(src/racoonbot_pkg) by extension 'colcon_meta'
[0.609s] Level 1:colcon.colcon_core.package_identification:_identify(src/racoonbot_pkg) by extensions ['ros']
[0.610s] Level 1:colcon.colcon_core.package_identification:_identify(src/racoonbot_pkg) by extension 'ros'
[0.616s] DEBUG:colcon.colcon_core.package_identification:Package 'src/racoonbot_pkg' with type 'ros.ament_cmake' and name 'racoonbot_pkg'
[0.616s] Level 1:colcon.colcon_core.package_discovery:discover_packages(recursive) using defaults
[0.616s] Level 1:colcon.colcon_core.package_discovery:discover_packages(ignore) discover
[0.616s] Level 1:colcon.colcon_core.package_discovery:discover_packages(ignore) using defaults
[0.617s] Level 1:colcon.colcon_core.package_discovery:discover_packages(path) discover
[0.617s] Level 1:colcon.colcon_core.package_discovery:discover_packages(path) using defaults
[0.663s] Level 1:colcon.colcon_core.package_discovery:discover_packages(prefix_path) check parameters
[0.663s] Level 1:colcon.colcon_core.package_discovery:discover_packages(prefix_path) discover
[0.665s] Level 1:colcon.colcon_core.package_discovery:discover_packages(prefix_path) using defaults
[0.667s] Level 5:colcon.colcon_core.verb:set package 'racoonbot_pkg' build argument 'cmake_args' from command line to 'None'
[0.668s] Level 5:colcon.colcon_core.verb:set package 'racoonbot_pkg' build argument 'cmake_target' from command line to 'None'
[0.668s] Level 5:colcon.colcon_core.verb:set package 'racoonbot_pkg' build argument 'cmake_target_skip_unavailable' from command line to 'False'
[0.668s] Level 5:colcon.colcon_core.verb:set package 'racoonbot_pkg' build argument 'cmake_clean_cache' from command line to 'False'
[0.668s] Level 5:colcon.colcon_core.verb:set package 'racoonbot_pkg' build argument 'cmake_clean_first' from command line to 'False'
[0.668s] Level 5:colcon.colcon_core.verb:set package 'racoonbot_pkg' build argument 'cmake_force_configure' from command line to 'False'
[0.668s] Level 5:colcon.colcon_core.verb:set package 'racoonbot_pkg' build argument 'ament_cmake_args' from command line to 'None'
[0.668s] Level 5:colcon.colcon_core.verb:set package 'racoonbot_pkg' build argument 'catkin_cmake_args' from command line to 'None'
[0.668s] Level 5:colcon.colcon_core.verb:set package 'racoonbot_pkg' build argument 'catkin_skip_building_tests' from command line to 'False'
[0.668s] DEBUG:colcon.colcon_core.verb:Building package 'racoonbot_pkg' with the following arguments: {'ament_cmake_args': None, 'build_base': '/home/lisior/Workspaces/racoonbot_ws/build/racoonbot_pkg', 'catkin_cmake_args': None, 'catkin_skip_building_tests': False, 'cmake_args': None, 'cmake_clean_cache': False, 'cmake_clean_first': False, 'cmake_force_configure': False, 'cmake_target': None, 'cmake_target_skip_unavailable': False, 'install_base': '/home/lisior/Workspaces/racoonbot_ws/install/racoonbot_pkg', 'merge_install': False, 'path': '/home/lisior/Workspaces/racoonbot_ws/src/racoonbot_pkg', 'symlink_install': True, 'test_result_base': None}
[0.669s] INFO:colcon.colcon_core.executor:Executing jobs using 'parallel' executor
[0.671s] DEBUG:colcon.colcon_parallel_executor.executor.parallel:run_until_complete
[0.672s] INFO:colcon.colcon_ros.task.ament_cmake.build:Building ROS package in '/home/lisior/Workspaces/racoonbot_ws/src/racoonbot_pkg' with build type 'ament_cmake'
[0.672s] INFO:colcon.colcon_cmake.task.cmake.build:Building CMake package in '/home/lisior/Workspaces/racoonbot_ws/src/racoonbot_pkg'
[0.680s] INFO:colcon.colcon_core.plugin_system:Skipping extension 'colcon_core.shell.bat': Not used on non-Windows systems
[0.680s] INFO:colcon.colcon_core.shell:Skip shell extension 'powershell' for command environment: Not usable outside of PowerShell
[0.680s] DEBUG:colcon.colcon_core.shell:Skip shell extension 'dsv' for command environment
[0.711s] DEBUG:colcon.colcon_core.event_handler.log_command:Invoking command in '/home/lisior/Workspaces/racoonbot_ws/build/racoonbot_pkg': /usr/bin/cmake --build /home/lisior/Workspaces/racoonbot_ws/build/racoonbot_pkg -- -j2 -l2
[10.501s] DEBUG:colcon.colcon_core.event_handler.log_command:Invoked command in '/home/lisior/Workspaces/racoonbot_ws/build/racoonbot_pkg' returned '0': /usr/bin/cmake --build /home/lisior/Workspaces/racoonbot_ws/build/racoonbot_pkg -- -j2 -l2
[10.700s] DEBUG:colcon.colcon_core.event_handler.log_command:Invoking command in '/home/lisior/Workspaces/racoonbot_ws/build/racoonbot_pkg': /usr/bin/cmake --install /home/lisior/Workspaces/racoonbot_ws/build/racoonbot_pkg
[11.056s] Level 1:colcon.colcon_core.environment:create_environment_scripts_only(racoonbot_pkg)
[11.064s] DEBUG:colcon.colcon_core.event_handler.log_command:Invoked command in '/home/lisior/Workspaces/racoonbot_ws/build/racoonbot_pkg' returned '0': /usr/bin/cmake --install /home/lisior/Workspaces/racoonbot_ws/build/racoonbot_pkg
[11.067s] Level 1:colcon.colcon_core.environment:checking '/home/lisior/Workspaces/racoonbot_ws/install/racoonbot_pkg' for CMake module files
[11.068s] Level 1:colcon.colcon_core.environment:checking '/home/lisior/Workspaces/racoonbot_ws/install/racoonbot_pkg' for CMake config files
[11.069s] Level 1:colcon.colcon_core.shell:create_environment_hook('racoonbot_pkg', 'cmake_prefix_path')
[11.073s] INFO:colcon.colcon_core.shell:Creating environment hook '/home/lisior/Workspaces/racoonbot_ws/install/racoonbot_pkg/share/racoonbot_pkg/hook/cmake_prefix_path.ps1'
[11.075s] INFO:colcon.colcon_core.shell:Creating environment descriptor '/home/lisior/Workspaces/racoonbot_ws/install/racoonbot_pkg/share/racoonbot_pkg/hook/cmake_prefix_path.dsv'
[11.077s] INFO:colcon.colcon_core.shell:Creating environment hook '/home/lisior/Workspaces/racoonbot_ws/install/racoonbot_pkg/share/racoonbot_pkg/hook/cmake_prefix_path.sh'
[11.083s] Level 1:colcon.colcon_core.environment:checking '/home/lisior/Workspaces/racoonbot_ws/install/racoonbot_pkg/lib'
[11.084s] Level 1:colcon.colcon_core.shell:create_environment_hook('racoonbot_pkg', 'ld_library_path_lib')
[11.084s] INFO:colcon.colcon_core.shell:Creating environment hook '/home/lisior/Workspaces/racoonbot_ws/install/racoonbot_pkg/share/racoonbot_pkg/hook/ld_library_path_lib.ps1'
[11.085s] INFO:colcon.colcon_core.shell:Creating environment descriptor '/home/lisior/Workspaces/racoonbot_ws/install/racoonbot_pkg/share/racoonbot_pkg/hook/ld_library_path_lib.dsv'
[11.087s] INFO:colcon.colcon_core.shell:Creating environment hook '/home/lisior/Workspaces/racoonbot_ws/install/racoonbot_pkg/share/racoonbot_pkg/hook/ld_library_path_lib.sh'
[11.088s] Level 1:colcon.colcon_core.environment:checking '/home/lisior/Workspaces/racoonbot_ws/install/racoonbot_pkg/bin'
[11.088s] Level 1:colcon.colcon_core.environment:checking '/home/lisior/Workspaces/racoonbot_ws/install/racoonbot_pkg/lib/pkgconfig/racoonbot_pkg.pc'
[11.091s] Level 1:colcon.colcon_core.environment:checking '/home/lisior/Workspaces/racoonbot_ws/install/racoonbot_pkg/lib/python3.10/site-packages'
[11.091s] Level 1:colcon.colcon_core.environment:checking '/home/lisior/Workspaces/racoonbot_ws/install/racoonbot_pkg/bin'
[11.092s] INFO:colcon.colcon_core.shell:Creating package script '/home/lisior/Workspaces/racoonbot_ws/install/racoonbot_pkg/share/racoonbot_pkg/package.ps1'
[11.097s] INFO:colcon.colcon_core.shell:Creating package descriptor '/home/lisior/Workspaces/racoonbot_ws/install/racoonbot_pkg/share/racoonbot_pkg/package.dsv'
[11.098s] INFO:colcon.colcon_core.shell:Creating package script '/home/lisior/Workspaces/racoonbot_ws/install/racoonbot_pkg/share/racoonbot_pkg/package.sh'
[11.100s] INFO:colcon.colcon_core.shell:Creating package script '/home/lisior/Workspaces/racoonbot_ws/install/racoonbot_pkg/share/racoonbot_pkg/package.bash'
[11.109s] INFO:colcon.colcon_core.shell:Creating package script '/home/lisior/Workspaces/racoonbot_ws/install/racoonbot_pkg/share/racoonbot_pkg/package.zsh'
[11.111s] Level 1:colcon.colcon_core.environment:create_file_with_runtime_dependencies(/home/lisior/Workspaces/racoonbot_ws/install/racoonbot_pkg/share/colcon-core/packages/racoonbot_pkg)
[11.249s] Level 1:colcon.colcon_core.environment:create_environment_scripts_only(racoonbot_pkg)
[11.250s] Level 1:colcon.colcon_core.environment:checking '/home/lisior/Workspaces/racoonbot_ws/install/racoonbot_pkg' for CMake module files
[11.256s] Level 1:colcon.colcon_core.environment:checking '/home/lisior/Workspaces/racoonbot_ws/install/racoonbot_pkg' for CMake config files
[11.257s] Level 1:colcon.colcon_core.shell:create_environment_hook('racoonbot_pkg', 'cmake_prefix_path')
[11.258s] INFO:colcon.colcon_core.shell:Creating environment hook '/home/lisior/Workspaces/racoonbot_ws/install/racoonbot_pkg/share/racoonbot_pkg/hook/cmake_prefix_path.ps1'
[11.260s] INFO:colcon.colcon_core.shell:Creating environment descriptor '/home/lisior/Workspaces/racoonbot_ws/install/racoonbot_pkg/share/racoonbot_pkg/hook/cmake_prefix_path.dsv'
[11.261s] INFO:colcon.colcon_core.shell:Creating environment hook '/home/lisior/Workspaces/racoonbot_ws/install/racoonbot_pkg/share/racoonbot_pkg/hook/cmake_prefix_path.sh'
[11.268s] Level 1:colcon.colcon_core.environment:checking '/home/lisior/Workspaces/racoonbot_ws/install/racoonbot_pkg/lib'
[11.268s] Level 1:colcon.colcon_core.shell:create_environment_hook('racoonbot_pkg', 'ld_library_path_lib')
[11.269s] INFO:colcon.colcon_core.shell:Creating environment hook '/home/lisior/Workspaces/racoonbot_ws/install/racoonbot_pkg/share/racoonbot_pkg/hook/ld_library_path_lib.ps1'
[11.270s] INFO:colcon.colcon_core.shell:Creating environment descriptor '/home/lisior/Workspaces/racoonbot_ws/install/racoonbot_pkg/share/racoonbot_pkg/hook/ld_library_path_lib.dsv'
[11.271s] INFO:colcon.colcon_core.shell:Creating environment hook '/home/lisior/Workspaces/racoonbot_ws/install/racoonbot_pkg/share/racoonbot_pkg/hook/ld_library_path_lib.sh'
[11.272s] Level 1:colcon.colcon_core.environment:checking '/home/lisior/Workspaces/racoonbot_ws/install/racoonbot_pkg/bin'
[11.273s] Level 1:colcon.colcon_core.environment:checking '/home/lisior/Workspaces/racoonbot_ws/install/racoonbot_pkg/lib/pkgconfig/racoonbot_pkg.pc'
[11.273s] Level 1:colcon.colcon_core.environment:checking '/home/lisior/Workspaces/racoonbot_ws/install/racoonbot_pkg/lib/python3.10/site-packages'
[11.278s] Level 1:colcon.colcon_core.environment:checking '/home/lisior/Workspaces/racoonbot_ws/install/racoonbot_pkg/bin'
[11.279s] INFO:colcon.colcon_core.shell:Creating package script '/home/lisior/Workspaces/racoonbot_ws/install/racoonbot_pkg/share/racoonbot_pkg/package.ps1'
[11.281s] INFO:colcon.colcon_core.shell:Creating package descriptor '/home/lisior/Workspaces/racoonbot_ws/install/racoonbot_pkg/share/racoonbot_pkg/package.dsv'
[11.285s] INFO:colcon.colcon_core.shell:Creating package script '/home/lisior/Workspaces/racoonbot_ws/install/racoonbot_pkg/share/racoonbot_pkg/package.sh'
[11.286s] INFO:colcon.colcon_core.shell:Creating package script '/home/lisior/Workspaces/racoonbot_ws/install/racoonbot_pkg/share/racoonbot_pkg/package.bash'
[11.287s] INFO:colcon.colcon_core.shell:Creating package script '/home/lisior/Workspaces/racoonbot_ws/install/racoonbot_pkg/share/racoonbot_pkg/package.zsh'
[11.288s] Level 1:colcon.colcon_core.environment:create_file_with_runtime_dependencies(/home/lisior/Workspaces/racoonbot_ws/install/racoonbot_pkg/share/colcon-core/packages/racoonbot_pkg)
[11.295s] DEBUG:colcon.colcon_parallel_executor.executor.parallel:closing loop
[11.295s] DEBUG:colcon.colcon_parallel_executor.executor.parallel:loop closed
[11.296s] DEBUG:colcon.colcon_parallel_executor.executor.parallel:run_until_complete finished with '0'
[11.296s] DEBUG:colcon.colcon_core.event_reactor:joining thread
[11.359s] INFO:colcon.colcon_core.plugin_system:Skipping extension 'colcon_notification.desktop_notification.terminal_notifier': Not used on non-Darwin systems
[11.359s] INFO:colcon.colcon_core.plugin_system:Skipping extension 'colcon_notification.desktop_notification.win32': Not used on non-Windows systems
[11.359s] INFO:colcon.colcon_notification.desktop_notification:Sending desktop notification using 'notify2'
[11.378s] DEBUG:colcon.colcon_notification.desktop_notification.notify2:Failed to initialize notify2: org.freedesktop.DBus.Error.Spawn.ExecFailed: /usr/bin/dbus-launch terminated abnormally without any error message
[11.379s] DEBUG:colcon.colcon_core.event_reactor:joined thread
[11.380s] INFO:colcon.colcon_core.shell:Creating prefix script '/home/lisior/Workspaces/racoonbot_ws/install/local_setup.ps1'
[11.384s] INFO:colcon.colcon_core.shell:Creating prefix util module '/home/lisior/Workspaces/racoonbot_ws/install/_local_setup_util_ps1.py'
[11.391s] INFO:colcon.colcon_core.shell:Creating prefix chain script '/home/lisior/Workspaces/racoonbot_ws/install/setup.ps1'
[11.393s] INFO:colcon.colcon_core.shell:Creating prefix script '/home/lisior/Workspaces/racoonbot_ws/install/local_setup.sh'
[11.395s] INFO:colcon.colcon_core.shell:Creating prefix util module '/home/lisior/Workspaces/racoonbot_ws/install/_local_setup_util_sh.py'
[11.397s] INFO:colcon.colcon_core.shell:Creating prefix chain script '/home/lisior/Workspaces/racoonbot_ws/install/setup.sh'
[11.400s] INFO:colcon.colcon_core.shell:Creating prefix script '/home/lisior/Workspaces/racoonbot_ws/install/local_setup.bash'
[11.401s] INFO:colcon.colcon_core.shell:Creating prefix chain script '/home/lisior/Workspaces/racoonbot_ws/install/setup.bash'
[11.406s] INFO:colcon.colcon_core.shell:Creating prefix script '/home/lisior/Workspaces/racoonbot_ws/install/local_setup.zsh'
[11.407s] INFO:colcon.colcon_core.shell:Creating prefix chain script '/home/lisior/Workspaces/racoonbot_ws/install/setup.zsh'
