[35m[1mConsolidate compiler generated dependencies of target racoonbot_pkg[0m
[ 50%] [32mBuilding CXX object CMakeFiles/racoonbot_pkg.dir/hardware/racoonbot_system.cpp.o[0m
In file included from [01m[K/home/lisior/Workspaces/racoonbot_ws/src/racoonbot_pkg/hardware/include/racoonbot_pkg/racoonbot_system.hpp:34[m[K,
                 from [01m[K/home/lisior/Workspaces/racoonbot_ws/src/racoonbot_pkg/hardware/racoonbot_system.cpp:15[m[K:
[01m[K/home/lisior/Workspaces/racoonbot_ws/src/racoonbot_pkg/hardware/include/racoonbot_pkg/racoonbot_control.hpp:[m[K In member function ‘[01m[Kvoid RacoonBotControl::motor_speed_callback(double, const string&)[m[K’:
[01m[K/home/lisior/Workspaces/racoonbot_ws/src/racoonbot_pkg/hardware/include/racoonbot_pkg/racoonbot_control.hpp:57:48:[m[K [01;35m[Kwarning: [m[Kunused parameter ‘[01m[Kduty_c[m[K’ [[01;35m[K]8;;https://gcc.gnu.org/onlinedocs/gcc/Warning-Options.html#index-Wunused-parameter-Wunused-parameter]8;;[m[K]
   57 |         void motor_speed_callback([01;35m[Kconst double duty_c[m[K, const std::string& source) {
      |                                   [01;35m[K~~~~~~~~~~~~~^~~~~~[m[K
[01m[K/home/lisior/Workspaces/racoonbot_ws/src/racoonbot_pkg/hardware/racoonbot_system.cpp:[m[K In member function ‘[01m[Kvirtual hardware_interface::return_type racoonbot_pkg::RacoonBotSystemHardware::read(const rclcpp::Time&, const rclcpp::Duration&)[m[K’:
[01m[K/home/lisior/Workspaces/racoonbot_ws/src/racoonbot_pkg/hardware/racoonbot_system.cpp:171:59:[m[K [01;35m[Kwarning: [m[Kunused parameter ‘[01m[Kperiod[m[K’ [[01;35m[K]8;;https://gcc.gnu.org/onlinedocs/gcc/Warning-Options.html#index-Wunused-parameter-Wunused-parameter]8;;[m[K]
  171 |   const rclcpp::Time & /*time*/, [01;35m[Kconst rclcpp::Duration & period[m[K)
      |                                  [01;35m[K~~~~~~~~~~~~~~~~~~~~~~~~~^~~~~~[m[K
[100%] [32m[1mLinking CXX shared library libracoonbot_pkg.so[0m
[100%] Built target racoonbot_pkg
-- Install configuration: ""
-- Execute custom install script
-- Up-to-date symlink: /home/lisior/Workspaces/racoonbot_ws/install/racoonbot_pkg/share/racoonbot_pkg//racoonbot_pkg.xml
-- Symlinking: /home/lisior/Workspaces/racoonbot_ws/install/racoonbot_pkg/include/racoonbot_pkg/WiringPi/.git/HEAD
-- Symlinking: /home/lisior/Workspaces/racoonbot_ws/install/racoonbot_pkg/include/racoonbot_pkg/WiringPi/.git/config
-- Symlinking: /home/lisior/Workspaces/racoonbot_ws/install/racoonbot_pkg/include/racoonbot_pkg/WiringPi/.git/description
-- Symlinking: /home/lisior/Workspaces/racoonbot_ws/install/racoonbot_pkg/include/racoonbot_pkg/WiringPi/.git/hooks/applypatch-msg.sample
-- Symlinking: /home/lisior/Workspaces/racoonbot_ws/install/racoonbot_pkg/include/racoonbot_pkg/WiringPi/.git/hooks/commit-msg.sample
-- Symlinking: /home/lisior/Workspaces/racoonbot_ws/install/racoonbot_pkg/include/racoonbot_pkg/WiringPi/.git/hooks/fsmonitor-watchman.sample
-- Symlinking: /home/lisior/Workspaces/racoonbot_ws/install/racoonbot_pkg/include/racoonbot_pkg/WiringPi/.git/hooks/post-update.sample
-- Symlinking: /home/lisior/Workspaces/racoonbot_ws/install/racoonbot_pkg/include/racoonbot_pkg/WiringPi/.git/hooks/pre-applypatch.sample
-- Symlinking: /home/lisior/Workspaces/racoonbot_ws/install/racoonbot_pkg/include/racoonbot_pkg/WiringPi/.git/hooks/pre-commit.sample
-- Symlinking: /home/lisior/Workspaces/racoonbot_ws/install/racoonbot_pkg/include/racoonbot_pkg/WiringPi/.git/hooks/pre-merge-commit.sample
-- Symlinking: /home/lisior/Workspaces/racoonbot_ws/install/racoonbot_pkg/include/racoonbot_pkg/WiringPi/.git/hooks/pre-push.sample
-- Symlinking: /home/lisior/Workspaces/racoonbot_ws/install/racoonbot_pkg/include/racoonbot_pkg/WiringPi/.git/hooks/pre-rebase.sample
-- Symlinking: /home/lisior/Workspaces/racoonbot_ws/install/racoonbot_pkg/include/racoonbot_pkg/WiringPi/.git/hooks/pre-receive.sample
-- Symlinking: /home/lisior/Workspaces/racoonbot_ws/install/racoonbot_pkg/include/racoonbot_pkg/WiringPi/.git/hooks/prepare-commit-msg.sample
-- Symlinking: /home/lisior/Workspaces/racoonbot_ws/install/racoonbot_pkg/include/racoonbot_pkg/WiringPi/.git/hooks/push-to-checkout.sample
-- Symlinking: /home/lisior/Workspaces/racoonbot_ws/install/racoonbot_pkg/include/racoonbot_pkg/WiringPi/.git/hooks/update.sample
-- Symlinking: /home/lisior/Workspaces/racoonbot_ws/install/racoonbot_pkg/include/racoonbot_pkg/WiringPi/.git/index
-- Symlinking: /home/lisior/Workspaces/racoonbot_ws/install/racoonbot_pkg/include/racoonbot_pkg/WiringPi/.git/info/exclude
-- Symlinking: /home/lisior/Workspaces/racoonbot_ws/install/racoonbot_pkg/include/racoonbot_pkg/WiringPi/.git/logs/HEAD
-- Symlinking: /home/lisior/Workspaces/racoonbot_ws/install/racoonbot_pkg/include/racoonbot_pkg/WiringPi/.git/logs/refs/heads/ubuntu
-- Symlinking: /home/lisior/Workspaces/racoonbot_ws/install/racoonbot_pkg/include/racoonbot_pkg/WiringPi/.git/logs/refs/remotes/origin/HEAD
-- Symlinking: /home/lisior/Workspaces/racoonbot_ws/install/racoonbot_pkg/include/racoonbot_pkg/WiringPi/.git/objects/pack/pack-9bc2a6d205bc49b80870ad41688d6f1822d04ed5.idx
-- Symlinking: /home/lisior/Workspaces/racoonbot_ws/install/racoonbot_pkg/include/racoonbot_pkg/WiringPi/.git/objects/pack/pack-9bc2a6d205bc49b80870ad41688d6f1822d04ed5.pack
-- Symlinking: /home/lisior/Workspaces/racoonbot_ws/install/racoonbot_pkg/include/racoonbot_pkg/WiringPi/.git/packed-refs
-- Symlinking: /home/lisior/Workspaces/racoonbot_ws/install/racoonbot_pkg/include/racoonbot_pkg/WiringPi/.git/refs/heads/ubuntu
-- Symlinking: /home/lisior/Workspaces/racoonbot_ws/install/racoonbot_pkg/include/racoonbot_pkg/WiringPi/.git/refs/remotes/origin/HEAD
-- Symlinking: /home/lisior/Workspaces/racoonbot_ws/install/racoonbot_pkg/include/racoonbot_pkg/WiringPi/.github/workflows/build.yml
-- Symlinking: /home/lisior/Workspaces/racoonbot_ws/install/racoonbot_pkg/include/racoonbot_pkg/WiringPi/.gitignore
-- Symlinking: /home/lisior/Workspaces/racoonbot_ws/install/racoonbot_pkg/include/racoonbot_pkg/WiringPi/COPYING.LESSER
-- Symlinking: /home/lisior/Workspaces/racoonbot_ws/install/racoonbot_pkg/include/racoonbot_pkg/WiringPi/INSTALL
-- Symlinking: /home/lisior/Workspaces/racoonbot_ws/install/racoonbot_pkg/include/racoonbot_pkg/WiringPi/People
-- Symlinking: /home/lisior/Workspaces/racoonbot_ws/install/racoonbot_pkg/include/racoonbot_pkg/WiringPi/README.md
-- Symlinking: /home/lisior/Workspaces/racoonbot_ws/install/racoonbot_pkg/include/racoonbot_pkg/WiringPi/VERSION
-- Symlinking: /home/lisior/Workspaces/racoonbot_ws/install/racoonbot_pkg/include/racoonbot_pkg/WiringPi/build
-- Symlinking: /home/lisior/Workspaces/racoonbot_ws/install/racoonbot_pkg/include/racoonbot_pkg/WiringPi/debian-template/wiringPi/DEBIAN/postinst
-- Symlinking: /home/lisior/Workspaces/racoonbot_ws/install/racoonbot_pkg/include/racoonbot_pkg/WiringPi/debian-template/wiringPi/DEBIAN/postrm
-- Symlinking: /home/lisior/Workspaces/racoonbot_ws/install/racoonbot_pkg/include/racoonbot_pkg/WiringPi/debian-template/wiringPi/control_template
-- Symlinking: /home/lisior/Workspaces/racoonbot_ws/install/racoonbot_pkg/include/racoonbot_pkg/WiringPi/debian/.gitignore
-- Symlinking: /home/lisior/Workspaces/racoonbot_ws/install/racoonbot_pkg/include/racoonbot_pkg/WiringPi/debian/changelog
-- Symlinking: /home/lisior/Workspaces/racoonbot_ws/install/racoonbot_pkg/include/racoonbot_pkg/WiringPi/debian/compat
-- Symlinking: /home/lisior/Workspaces/racoonbot_ws/install/racoonbot_pkg/include/racoonbot_pkg/WiringPi/debian/control
-- Symlinking: /home/lisior/Workspaces/racoonbot_ws/install/racoonbot_pkg/include/racoonbot_pkg/WiringPi/debian/copyright
-- Symlinking: /home/lisior/Workspaces/racoonbot_ws/install/racoonbot_pkg/include/racoonbot_pkg/WiringPi/debian/libwiringpi-dev.dirs
-- Symlinking: /home/lisior/Workspaces/racoonbot_ws/install/racoonbot_pkg/include/racoonbot_pkg/WiringPi/debian/libwiringpi-dev.install
-- Symlinking: /home/lisior/Workspaces/racoonbot_ws/install/racoonbot_pkg/include/racoonbot_pkg/WiringPi/debian/libwiringpi2.install
-- Symlinking: /home/lisior/Workspaces/racoonbot_ws/install/racoonbot_pkg/include/racoonbot_pkg/WiringPi/debian/libwiringpi2.shlibs
-- Symlinking: /home/lisior/Workspaces/racoonbot_ws/install/racoonbot_pkg/include/racoonbot_pkg/WiringPi/debian/rules
-- Symlinking: /home/lisior/Workspaces/racoonbot_ws/install/racoonbot_pkg/include/racoonbot_pkg/WiringPi/debian/wiringpi.dirs
-- Symlinking: /home/lisior/Workspaces/racoonbot_ws/install/racoonbot_pkg/include/racoonbot_pkg/WiringPi/debian/wiringpi.install
-- Symlinking: /home/lisior/Workspaces/racoonbot_ws/install/racoonbot_pkg/include/racoonbot_pkg/WiringPi/devLib/Makefile
-- Symlinking: /home/lisior/Workspaces/racoonbot_ws/install/racoonbot_pkg/include/racoonbot_pkg/WiringPi/devLib/ds1302.c
-- Symlinking: /home/lisior/Workspaces/racoonbot_ws/install/racoonbot_pkg/include/racoonbot_pkg/WiringPi/devLib/ds1302.h
-- Symlinking: /home/lisior/Workspaces/racoonbot_ws/install/racoonbot_pkg/include/racoonbot_pkg/WiringPi/devLib/font.h
-- Symlinking: /home/lisior/Workspaces/racoonbot_ws/install/racoonbot_pkg/include/racoonbot_pkg/WiringPi/devLib/gertboard.c
-- Symlinking: /home/lisior/Workspaces/racoonbot_ws/install/racoonbot_pkg/include/racoonbot_pkg/WiringPi/devLib/gertboard.h
-- Symlinking: /home/lisior/Workspaces/racoonbot_ws/install/racoonbot_pkg/include/racoonbot_pkg/WiringPi/devLib/lcd.c
-- Symlinking: /home/lisior/Workspaces/racoonbot_ws/install/racoonbot_pkg/include/racoonbot_pkg/WiringPi/devLib/lcd.h
-- Symlinking: /home/lisior/Workspaces/racoonbot_ws/install/racoonbot_pkg/include/racoonbot_pkg/WiringPi/devLib/lcd128x64.c
-- Symlinking: /home/lisior/Workspaces/racoonbot_ws/install/racoonbot_pkg/include/racoonbot_pkg/WiringPi/devLib/lcd128x64.h
-- Symlinking: /home/lisior/Workspaces/racoonbot_ws/install/racoonbot_pkg/include/racoonbot_pkg/WiringPi/devLib/maxdetect.c
-- Symlinking: /home/lisior/Workspaces/racoonbot_ws/install/racoonbot_pkg/include/racoonbot_pkg/WiringPi/devLib/maxdetect.h
-- Symlinking: /home/lisior/Workspaces/racoonbot_ws/install/racoonbot_pkg/include/racoonbot_pkg/WiringPi/devLib/piFace.c
-- Symlinking: /home/lisior/Workspaces/racoonbot_ws/install/racoonbot_pkg/include/racoonbot_pkg/WiringPi/devLib/piFace.h
-- Symlinking: /home/lisior/Workspaces/racoonbot_ws/install/racoonbot_pkg/include/racoonbot_pkg/WiringPi/devLib/piFaceOld.c
-- Symlinking: /home/lisior/Workspaces/racoonbot_ws/install/racoonbot_pkg/include/racoonbot_pkg/WiringPi/devLib/piGlow.c
-- Symlinking: /home/lisior/Workspaces/racoonbot_ws/install/racoonbot_pkg/include/racoonbot_pkg/WiringPi/devLib/piGlow.h
-- Symlinking: /home/lisior/Workspaces/racoonbot_ws/install/racoonbot_pkg/include/racoonbot_pkg/WiringPi/devLib/piNes.c
-- Symlinking: /home/lisior/Workspaces/racoonbot_ws/install/racoonbot_pkg/include/racoonbot_pkg/WiringPi/devLib/piNes.h
-- Symlinking: /home/lisior/Workspaces/racoonbot_ws/install/racoonbot_pkg/include/racoonbot_pkg/WiringPi/devLib/scrollPhat.c
-- Symlinking: /home/lisior/Workspaces/racoonbot_ws/install/racoonbot_pkg/include/racoonbot_pkg/WiringPi/devLib/scrollPhat.h
-- Symlinking: /home/lisior/Workspaces/racoonbot_ws/install/racoonbot_pkg/include/racoonbot_pkg/WiringPi/devLib/scrollPhatFont.h
-- Symlinking: /home/lisior/Workspaces/racoonbot_ws/install/racoonbot_pkg/include/racoonbot_pkg/WiringPi/examples/COPYING.LESSER
-- Symlinking: /home/lisior/Workspaces/racoonbot_ws/install/racoonbot_pkg/include/racoonbot_pkg/WiringPi/examples/Gertboard/7segments.c
-- Symlinking: /home/lisior/Workspaces/racoonbot_ws/install/racoonbot_pkg/include/racoonbot_pkg/WiringPi/examples/Gertboard/Makefile
-- Symlinking: /home/lisior/Workspaces/racoonbot_ws/install/racoonbot_pkg/include/racoonbot_pkg/WiringPi/examples/Gertboard/buttons.c
-- Symlinking: /home/lisior/Workspaces/racoonbot_ws/install/racoonbot_pkg/include/racoonbot_pkg/WiringPi/examples/Gertboard/gertboard.c
-- Symlinking: /home/lisior/Workspaces/racoonbot_ws/install/racoonbot_pkg/include/racoonbot_pkg/WiringPi/examples/Gertboard/record.c
-- Symlinking: /home/lisior/Workspaces/racoonbot_ws/install/racoonbot_pkg/include/racoonbot_pkg/WiringPi/examples/Gertboard/temperature.c
-- Symlinking: /home/lisior/Workspaces/racoonbot_ws/install/racoonbot_pkg/include/racoonbot_pkg/WiringPi/examples/Gertboard/voltmeter.c
-- Symlinking: /home/lisior/Workspaces/racoonbot_ws/install/racoonbot_pkg/include/racoonbot_pkg/WiringPi/examples/Gertboard/vumeter.c
-- Symlinking: /home/lisior/Workspaces/racoonbot_ws/install/racoonbot_pkg/include/racoonbot_pkg/WiringPi/examples/Makefile
-- Symlinking: /home/lisior/Workspaces/racoonbot_ws/install/racoonbot_pkg/include/racoonbot_pkg/WiringPi/examples/PiFace/Makefile
-- Symlinking: /home/lisior/Workspaces/racoonbot_ws/install/racoonbot_pkg/include/racoonbot_pkg/WiringPi/examples/PiFace/blink.c
-- Symlinking: /home/lisior/Workspaces/racoonbot_ws/install/racoonbot_pkg/include/racoonbot_pkg/WiringPi/examples/PiFace/buttons.c
-- Symlinking: /home/lisior/Workspaces/racoonbot_ws/install/racoonbot_pkg/include/racoonbot_pkg/WiringPi/examples/PiFace/ladder.c
-- Symlinking: /home/lisior/Workspaces/racoonbot_ws/install/racoonbot_pkg/include/racoonbot_pkg/WiringPi/examples/PiFace/metro.c
-- Symlinking: /home/lisior/Workspaces/racoonbot_ws/install/racoonbot_pkg/include/racoonbot_pkg/WiringPi/examples/PiFace/motor.c
-- Symlinking: /home/lisior/Workspaces/racoonbot_ws/install/racoonbot_pkg/include/racoonbot_pkg/WiringPi/examples/PiFace/reaction.c
-- Symlinking: /home/lisior/Workspaces/racoonbot_ws/install/racoonbot_pkg/include/racoonbot_pkg/WiringPi/examples/PiGlow/Makefile
-- Symlinking: /home/lisior/Workspaces/racoonbot_ws/install/racoonbot_pkg/include/racoonbot_pkg/WiringPi/examples/PiGlow/piGlow0.c
-- Symlinking: /home/lisior/Workspaces/racoonbot_ws/install/racoonbot_pkg/include/racoonbot_pkg/WiringPi/examples/PiGlow/piGlow1.c
-- Symlinking: /home/lisior/Workspaces/racoonbot_ws/install/racoonbot_pkg/include/racoonbot_pkg/WiringPi/examples/PiGlow/piglow.c
-- Symlinking: /home/lisior/Workspaces/racoonbot_ws/install/racoonbot_pkg/include/racoonbot_pkg/WiringPi/examples/README.TXT
-- Symlinking: /home/lisior/Workspaces/racoonbot_ws/install/racoonbot_pkg/include/racoonbot_pkg/WiringPi/examples/blink-thread.c
-- Symlinking: /home/lisior/Workspaces/racoonbot_ws/install/racoonbot_pkg/include/racoonbot_pkg/WiringPi/examples/blink.c
-- Symlinking: /home/lisior/Workspaces/racoonbot_ws/install/racoonbot_pkg/include/racoonbot_pkg/WiringPi/examples/blink.rtb
-- Symlinking: /home/lisior/Workspaces/racoonbot_ws/install/racoonbot_pkg/include/racoonbot_pkg/WiringPi/examples/blink.sh
-- Symlinking: /home/lisior/Workspaces/racoonbot_ws/install/racoonbot_pkg/include/racoonbot_pkg/WiringPi/examples/blink12.c
-- Symlinking: /home/lisior/Workspaces/racoonbot_ws/install/racoonbot_pkg/include/racoonbot_pkg/WiringPi/examples/blink12drcs.c
-- Symlinking: /home/lisior/Workspaces/racoonbot_ws/install/racoonbot_pkg/include/racoonbot_pkg/WiringPi/examples/blink6drcs.c
-- Symlinking: /home/lisior/Workspaces/racoonbot_ws/install/racoonbot_pkg/include/racoonbot_pkg/WiringPi/examples/blink8-drcn.c
-- Symlinking: /home/lisior/Workspaces/racoonbot_ws/install/racoonbot_pkg/include/racoonbot_pkg/WiringPi/examples/blink8.c
-- Symlinking: /home/lisior/Workspaces/racoonbot_ws/install/racoonbot_pkg/include/racoonbot_pkg/WiringPi/examples/clock.c
-- Symlinking: /home/lisior/Workspaces/racoonbot_ws/install/racoonbot_pkg/include/racoonbot_pkg/WiringPi/examples/delayTest.c
-- Symlinking: /home/lisior/Workspaces/racoonbot_ws/install/racoonbot_pkg/include/racoonbot_pkg/WiringPi/examples/ds1302.c
-- Symlinking: /home/lisior/Workspaces/racoonbot_ws/install/racoonbot_pkg/include/racoonbot_pkg/WiringPi/examples/header.h
-- Symlinking: /home/lisior/Workspaces/racoonbot_ws/install/racoonbot_pkg/include/racoonbot_pkg/WiringPi/examples/isr-osc.c
-- Symlinking: /home/lisior/Workspaces/racoonbot_ws/install/racoonbot_pkg/include/racoonbot_pkg/WiringPi/examples/isr.c
-- Symlinking: /home/lisior/Workspaces/racoonbot_ws/install/racoonbot_pkg/include/racoonbot_pkg/WiringPi/examples/lcd-adafruit.c
-- Symlinking: /home/lisior/Workspaces/racoonbot_ws/install/racoonbot_pkg/include/racoonbot_pkg/WiringPi/examples/lcd.c
-- Symlinking: /home/lisior/Workspaces/racoonbot_ws/install/racoonbot_pkg/include/racoonbot_pkg/WiringPi/examples/lowPower.c
-- Symlinking: /home/lisior/Workspaces/racoonbot_ws/install/racoonbot_pkg/include/racoonbot_pkg/WiringPi/examples/max31855.c
-- Symlinking: /home/lisior/Workspaces/racoonbot_ws/install/racoonbot_pkg/include/racoonbot_pkg/WiringPi/examples/nes.c
-- Symlinking: /home/lisior/Workspaces/racoonbot_ws/install/racoonbot_pkg/include/racoonbot_pkg/WiringPi/examples/okLed.c
-- Symlinking: /home/lisior/Workspaces/racoonbot_ws/install/racoonbot_pkg/include/racoonbot_pkg/WiringPi/examples/pwm.c
-- Symlinking: /home/lisior/Workspaces/racoonbot_ws/install/racoonbot_pkg/include/racoonbot_pkg/WiringPi/examples/q2w/Makefile
-- Symlinking: /home/lisior/Workspaces/racoonbot_ws/install/racoonbot_pkg/include/racoonbot_pkg/WiringPi/examples/q2w/binary.c
-- Symlinking: /home/lisior/Workspaces/racoonbot_ws/install/racoonbot_pkg/include/racoonbot_pkg/WiringPi/examples/q2w/blink-io.c
-- Symlinking: /home/lisior/Workspaces/racoonbot_ws/install/racoonbot_pkg/include/racoonbot_pkg/WiringPi/examples/q2w/blink.c
-- Symlinking: /home/lisior/Workspaces/racoonbot_ws/install/racoonbot_pkg/include/racoonbot_pkg/WiringPi/examples/q2w/blink.sh
-- Symlinking: /home/lisior/Workspaces/racoonbot_ws/install/racoonbot_pkg/include/racoonbot_pkg/WiringPi/examples/q2w/bright.c
-- Symlinking: /home/lisior/Workspaces/racoonbot_ws/install/racoonbot_pkg/include/racoonbot_pkg/WiringPi/examples/q2w/button.c
-- Symlinking: /home/lisior/Workspaces/racoonbot_ws/install/racoonbot_pkg/include/racoonbot_pkg/WiringPi/examples/q2w/volts.c
-- Symlinking: /home/lisior/Workspaces/racoonbot_ws/install/racoonbot_pkg/include/racoonbot_pkg/WiringPi/examples/rht03.c
-- Symlinking: /home/lisior/Workspaces/racoonbot_ws/install/racoonbot_pkg/include/racoonbot_pkg/WiringPi/examples/scrollPhat/Makefile
-- Symlinking: /home/lisior/Workspaces/racoonbot_ws/install/racoonbot_pkg/include/racoonbot_pkg/WiringPi/examples/scrollPhat/scphat.c
-- Symlinking: /home/lisior/Workspaces/racoonbot_ws/install/racoonbot_pkg/include/racoonbot_pkg/WiringPi/examples/scrollPhat/test.c
-- Symlinking: /home/lisior/Workspaces/racoonbot_ws/install/racoonbot_pkg/include/racoonbot_pkg/WiringPi/examples/serialRead.c
-- Symlinking: /home/lisior/Workspaces/racoonbot_ws/install/racoonbot_pkg/include/racoonbot_pkg/WiringPi/examples/serialTest.c
-- Symlinking: /home/lisior/Workspaces/racoonbot_ws/install/racoonbot_pkg/include/racoonbot_pkg/WiringPi/examples/servo.c
-- Symlinking: /home/lisior/Workspaces/racoonbot_ws/install/racoonbot_pkg/include/racoonbot_pkg/WiringPi/examples/softPwm.c
-- Symlinking: /home/lisior/Workspaces/racoonbot_ws/install/racoonbot_pkg/include/racoonbot_pkg/WiringPi/examples/softTone.c
-- Symlinking: /home/lisior/Workspaces/racoonbot_ws/install/racoonbot_pkg/include/racoonbot_pkg/WiringPi/examples/speed.c
-- Symlinking: /home/lisior/Workspaces/racoonbot_ws/install/racoonbot_pkg/include/racoonbot_pkg/WiringPi/examples/spiSpeed.c
-- Symlinking: /home/lisior/Workspaces/racoonbot_ws/install/racoonbot_pkg/include/racoonbot_pkg/WiringPi/examples/wfi.c
-- Symlinking: /home/lisior/Workspaces/racoonbot_ws/install/racoonbot_pkg/include/racoonbot_pkg/WiringPi/gpio/COPYING.LESSER
-- Symlinking: /home/lisior/Workspaces/racoonbot_ws/install/racoonbot_pkg/include/racoonbot_pkg/WiringPi/gpio/Makefile
-- Symlinking: /home/lisior/Workspaces/racoonbot_ws/install/racoonbot_pkg/include/racoonbot_pkg/WiringPi/gpio/gpio.1
-- Symlinking: /home/lisior/Workspaces/racoonbot_ws/install/racoonbot_pkg/include/racoonbot_pkg/WiringPi/gpio/gpio.c
-- Symlinking: /home/lisior/Workspaces/racoonbot_ws/install/racoonbot_pkg/include/racoonbot_pkg/WiringPi/gpio/pintest
-- Symlinking: /home/lisior/Workspaces/racoonbot_ws/install/racoonbot_pkg/include/racoonbot_pkg/WiringPi/gpio/readall.c
-- Symlinking: /home/lisior/Workspaces/racoonbot_ws/install/racoonbot_pkg/include/racoonbot_pkg/WiringPi/gpio/test.sh
-- Symlinking: /home/lisior/Workspaces/racoonbot_ws/install/racoonbot_pkg/include/racoonbot_pkg/WiringPi/newVersion
-- Symlinking: /home/lisior/Workspaces/racoonbot_ws/install/racoonbot_pkg/include/racoonbot_pkg/WiringPi/pins/Makefile
-- Symlinking: /home/lisior/Workspaces/racoonbot_ws/install/racoonbot_pkg/include/racoonbot_pkg/WiringPi/pins/pins.pdf
-- Symlinking: /home/lisior/Workspaces/racoonbot_ws/install/racoonbot_pkg/include/racoonbot_pkg/WiringPi/pins/pins.tex
-- Symlinking: /home/lisior/Workspaces/racoonbot_ws/install/racoonbot_pkg/include/racoonbot_pkg/WiringPi/reinstall
-- Symlinking: /home/lisior/Workspaces/racoonbot_ws/install/racoonbot_pkg/include/racoonbot_pkg/WiringPi/version.h
-- Symlinking: /home/lisior/Workspaces/racoonbot_ws/install/racoonbot_pkg/include/racoonbot_pkg/WiringPi/wiringPi/COPYING.LESSER
-- Symlinking: /home/lisior/Workspaces/racoonbot_ws/install/racoonbot_pkg/include/racoonbot_pkg/WiringPi/wiringPi/Makefile
-- Symlinking: /home/lisior/Workspaces/racoonbot_ws/install/racoonbot_pkg/include/racoonbot_pkg/WiringPi/wiringPi/ads1115.c
-- Symlinking: /home/lisior/Workspaces/racoonbot_ws/install/racoonbot_pkg/include/racoonbot_pkg/WiringPi/wiringPi/ads1115.h
-- Symlinking: /home/lisior/Workspaces/racoonbot_ws/install/racoonbot_pkg/include/racoonbot_pkg/WiringPi/wiringPi/bmp180.c
-- Symlinking: /home/lisior/Workspaces/racoonbot_ws/install/racoonbot_pkg/include/racoonbot_pkg/WiringPi/wiringPi/bmp180.h
-- Symlinking: /home/lisior/Workspaces/racoonbot_ws/install/racoonbot_pkg/include/racoonbot_pkg/WiringPi/wiringPi/drcNet.c
-- Symlinking: /home/lisior/Workspaces/racoonbot_ws/install/racoonbot_pkg/include/racoonbot_pkg/WiringPi/wiringPi/drcNet.h
-- Symlinking: /home/lisior/Workspaces/racoonbot_ws/install/racoonbot_pkg/include/racoonbot_pkg/WiringPi/wiringPi/drcSerial.c
-- Symlinking: /home/lisior/Workspaces/racoonbot_ws/install/racoonbot_pkg/include/racoonbot_pkg/WiringPi/wiringPi/drcSerial.h
-- Symlinking: /home/lisior/Workspaces/racoonbot_ws/install/racoonbot_pkg/include/racoonbot_pkg/WiringPi/wiringPi/ds18b20.c
-- Symlinking: /home/lisior/Workspaces/racoonbot_ws/install/racoonbot_pkg/include/racoonbot_pkg/WiringPi/wiringPi/ds18b20.h
-- Symlinking: /home/lisior/Workspaces/racoonbot_ws/install/racoonbot_pkg/include/racoonbot_pkg/WiringPi/wiringPi/htu21d.c
-- Symlinking: /home/lisior/Workspaces/racoonbot_ws/install/racoonbot_pkg/include/racoonbot_pkg/WiringPi/wiringPi/htu21d.h
-- Symlinking: /home/lisior/Workspaces/racoonbot_ws/install/racoonbot_pkg/include/racoonbot_pkg/WiringPi/wiringPi/max31855.c
-- Symlinking: /home/lisior/Workspaces/racoonbot_ws/install/racoonbot_pkg/include/racoonbot_pkg/WiringPi/wiringPi/max31855.h
-- Symlinking: /home/lisior/Workspaces/racoonbot_ws/install/racoonbot_pkg/include/racoonbot_pkg/WiringPi/wiringPi/max5322.c
-- Symlinking: /home/lisior/Workspaces/racoonbot_ws/install/racoonbot_pkg/include/racoonbot_pkg/WiringPi/wiringPi/max5322.h
-- Symlinking: /home/lisior/Workspaces/racoonbot_ws/install/racoonbot_pkg/include/racoonbot_pkg/WiringPi/wiringPi/mcp23008.c
-- Symlinking: /home/lisior/Workspaces/racoonbot_ws/install/racoonbot_pkg/include/racoonbot_pkg/WiringPi/wiringPi/mcp23008.h
-- Symlinking: /home/lisior/Workspaces/racoonbot_ws/install/racoonbot_pkg/include/racoonbot_pkg/WiringPi/wiringPi/mcp23016.c
-- Symlinking: /home/lisior/Workspaces/racoonbot_ws/install/racoonbot_pkg/include/racoonbot_pkg/WiringPi/wiringPi/mcp23016.h
-- Symlinking: /home/lisior/Workspaces/racoonbot_ws/install/racoonbot_pkg/include/racoonbot_pkg/WiringPi/wiringPi/mcp23016reg.h
-- Symlinking: /home/lisior/Workspaces/racoonbot_ws/install/racoonbot_pkg/include/racoonbot_pkg/WiringPi/wiringPi/mcp23017.c
-- Symlinking: /home/lisior/Workspaces/racoonbot_ws/install/racoonbot_pkg/include/racoonbot_pkg/WiringPi/wiringPi/mcp23017.h
-- Symlinking: /home/lisior/Workspaces/racoonbot_ws/install/racoonbot_pkg/include/racoonbot_pkg/WiringPi/wiringPi/mcp23s08.c
-- Symlinking: /home/lisior/Workspaces/racoonbot_ws/install/racoonbot_pkg/include/racoonbot_pkg/WiringPi/wiringPi/mcp23s08.h
-- Symlinking: /home/lisior/Workspaces/racoonbot_ws/install/racoonbot_pkg/include/racoonbot_pkg/WiringPi/wiringPi/mcp23s17.c
-- Symlinking: /home/lisior/Workspaces/racoonbot_ws/install/racoonbot_pkg/include/racoonbot_pkg/WiringPi/wiringPi/mcp23s17.h
-- Symlinking: /home/lisior/Workspaces/racoonbot_ws/install/racoonbot_pkg/include/racoonbot_pkg/WiringPi/wiringPi/mcp23x08.h
-- Symlinking: /home/lisior/Workspaces/racoonbot_ws/install/racoonbot_pkg/include/racoonbot_pkg/WiringPi/wiringPi/mcp23x0817.h
-- Symlinking: /home/lisior/Workspaces/racoonbot_ws/install/racoonbot_pkg/include/racoonbot_pkg/WiringPi/wiringPi/mcp3002.c
-- Symlinking: /home/lisior/Workspaces/racoonbot_ws/install/racoonbot_pkg/include/racoonbot_pkg/WiringPi/wiringPi/mcp3002.h
-- Symlinking: /home/lisior/Workspaces/racoonbot_ws/install/racoonbot_pkg/include/racoonbot_pkg/WiringPi/wiringPi/mcp3004.c
-- Symlinking: /home/lisior/Workspaces/racoonbot_ws/install/racoonbot_pkg/include/racoonbot_pkg/WiringPi/wiringPi/mcp3004.h
-- Symlinking: /home/lisior/Workspaces/racoonbot_ws/install/racoonbot_pkg/include/racoonbot_pkg/WiringPi/wiringPi/mcp3422.c
-- Symlinking: /home/lisior/Workspaces/racoonbot_ws/install/racoonbot_pkg/include/racoonbot_pkg/WiringPi/wiringPi/mcp3422.h
-- Symlinking: /home/lisior/Workspaces/racoonbot_ws/install/racoonbot_pkg/include/racoonbot_pkg/WiringPi/wiringPi/mcp4802.c
-- Symlinking: /home/lisior/Workspaces/racoonbot_ws/install/racoonbot_pkg/include/racoonbot_pkg/WiringPi/wiringPi/mcp4802.h
-- Symlinking: /home/lisior/Workspaces/racoonbot_ws/install/racoonbot_pkg/include/racoonbot_pkg/WiringPi/wiringPi/noMoreStatic
-- Symlinking: /home/lisior/Workspaces/racoonbot_ws/install/racoonbot_pkg/include/racoonbot_pkg/WiringPi/wiringPi/pcf8574.c
-- Symlinking: /home/lisior/Workspaces/racoonbot_ws/install/racoonbot_pkg/include/racoonbot_pkg/WiringPi/wiringPi/pcf8574.h
-- Symlinking: /home/lisior/Workspaces/racoonbot_ws/install/racoonbot_pkg/include/racoonbot_pkg/WiringPi/wiringPi/pcf8591.c
-- Symlinking: /home/lisior/Workspaces/racoonbot_ws/install/racoonbot_pkg/include/racoonbot_pkg/WiringPi/wiringPi/pcf8591.h
-- Symlinking: /home/lisior/Workspaces/racoonbot_ws/install/racoonbot_pkg/include/racoonbot_pkg/WiringPi/wiringPi/piHiPri.c
-- Symlinking: /home/lisior/Workspaces/racoonbot_ws/install/racoonbot_pkg/include/racoonbot_pkg/WiringPi/wiringPi/piThread.c
-- Symlinking: /home/lisior/Workspaces/racoonbot_ws/install/racoonbot_pkg/include/racoonbot_pkg/WiringPi/wiringPi/pseudoPins.c
-- Symlinking: /home/lisior/Workspaces/racoonbot_ws/install/racoonbot_pkg/include/racoonbot_pkg/WiringPi/wiringPi/pseudoPins.h
-- Symlinking: /home/lisior/Workspaces/racoonbot_ws/install/racoonbot_pkg/include/racoonbot_pkg/WiringPi/wiringPi/rht03.c
-- Symlinking: /home/lisior/Workspaces/racoonbot_ws/install/racoonbot_pkg/include/racoonbot_pkg/WiringPi/wiringPi/rht03.h
-- Symlinking: /home/lisior/Workspaces/racoonbot_ws/install/racoonbot_pkg/include/racoonbot_pkg/WiringPi/wiringPi/sn3218.c
-- Symlinking: /home/lisior/Workspaces/racoonbot_ws/install/racoonbot_pkg/include/racoonbot_pkg/WiringPi/wiringPi/sn3218.h
-- Symlinking: /home/lisior/Workspaces/racoonbot_ws/install/racoonbot_pkg/include/racoonbot_pkg/WiringPi/wiringPi/softPwm.c
-- Symlinking: /home/lisior/Workspaces/racoonbot_ws/install/racoonbot_pkg/include/racoonbot_pkg/WiringPi/wiringPi/softPwm.h
-- Symlinking: /home/lisior/Workspaces/racoonbot_ws/install/racoonbot_pkg/include/racoonbot_pkg/WiringPi/wiringPi/softServo.c
-- Symlinking: /home/lisior/Workspaces/racoonbot_ws/install/racoonbot_pkg/include/racoonbot_pkg/WiringPi/wiringPi/softServo.h
-- Symlinking: /home/lisior/Workspaces/racoonbot_ws/install/racoonbot_pkg/include/racoonbot_pkg/WiringPi/wiringPi/softTone.c
-- Symlinking: /home/lisior/Workspaces/racoonbot_ws/install/racoonbot_pkg/include/racoonbot_pkg/WiringPi/wiringPi/softTone.h
-- Symlinking: /home/lisior/Workspaces/racoonbot_ws/install/racoonbot_pkg/include/racoonbot_pkg/WiringPi/wiringPi/sr595.c
-- Symlinking: /home/lisior/Workspaces/racoonbot_ws/install/racoonbot_pkg/include/racoonbot_pkg/WiringPi/wiringPi/sr595.h
-- Symlinking: /home/lisior/Workspaces/racoonbot_ws/install/racoonbot_pkg/include/racoonbot_pkg/WiringPi/wiringPi/wiringPi.c
-- Symlinking: /home/lisior/Workspaces/racoonbot_ws/install/racoonbot_pkg/include/racoonbot_pkg/WiringPi/wiringPi/wiringPi.h
-- Symlinking: /home/lisior/Workspaces/racoonbot_ws/install/racoonbot_pkg/include/racoonbot_pkg/WiringPi/wiringPi/wiringPiI2C.c
-- Symlinking: /home/lisior/Workspaces/racoonbot_ws/install/racoonbot_pkg/include/racoonbot_pkg/WiringPi/wiringPi/wiringPiI2C.h
-- Symlinking: /home/lisior/Workspaces/racoonbot_ws/install/racoonbot_pkg/include/racoonbot_pkg/WiringPi/wiringPi/wiringPiLegacy.c
-- Symlinking: /home/lisior/Workspaces/racoonbot_ws/install/racoonbot_pkg/include/racoonbot_pkg/WiringPi/wiringPi/wiringPiLegacy.h
-- Symlinking: /home/lisior/Workspaces/racoonbot_ws/install/racoonbot_pkg/include/racoonbot_pkg/WiringPi/wiringPi/wiringPiSPI.c
-- Symlinking: /home/lisior/Workspaces/racoonbot_ws/install/racoonbot_pkg/include/racoonbot_pkg/WiringPi/wiringPi/wiringPiSPI.h
-- Symlinking: /home/lisior/Workspaces/racoonbot_ws/install/racoonbot_pkg/include/racoonbot_pkg/WiringPi/wiringPi/wiringSerial.c
-- Symlinking: /home/lisior/Workspaces/racoonbot_ws/install/racoonbot_pkg/include/racoonbot_pkg/WiringPi/wiringPi/wiringSerial.h
-- Symlinking: /home/lisior/Workspaces/racoonbot_ws/install/racoonbot_pkg/include/racoonbot_pkg/WiringPi/wiringPi/wiringShift.c
-- Symlinking: /home/lisior/Workspaces/racoonbot_ws/install/racoonbot_pkg/include/racoonbot_pkg/WiringPi/wiringPi/wiringShift.h
-- Symlinking: /home/lisior/Workspaces/racoonbot_ws/install/racoonbot_pkg/include/racoonbot_pkg/WiringPi/wiringPi/wpiExtensions.c
-- Symlinking: /home/lisior/Workspaces/racoonbot_ws/install/racoonbot_pkg/include/racoonbot_pkg/WiringPi/wiringPi/wpiExtensions.h
-- Symlinking: /home/lisior/Workspaces/racoonbot_ws/install/racoonbot_pkg/include/racoonbot_pkg/WiringPi/wiringPiD/Makefile
-- Symlinking: /home/lisior/Workspaces/racoonbot_ws/install/racoonbot_pkg/include/racoonbot_pkg/WiringPi/wiringPiD/daemonise.c
-- Symlinking: /home/lisior/Workspaces/racoonbot_ws/install/racoonbot_pkg/include/racoonbot_pkg/WiringPi/wiringPiD/daemonise.h
-- Symlinking: /home/lisior/Workspaces/racoonbot_ws/install/racoonbot_pkg/include/racoonbot_pkg/WiringPi/wiringPiD/drcNetCmd.h
-- Symlinking: /home/lisior/Workspaces/racoonbot_ws/install/racoonbot_pkg/include/racoonbot_pkg/WiringPi/wiringPiD/network.c
-- Symlinking: /home/lisior/Workspaces/racoonbot_ws/install/racoonbot_pkg/include/racoonbot_pkg/WiringPi/wiringPiD/network.h
-- Symlinking: /home/lisior/Workspaces/racoonbot_ws/install/racoonbot_pkg/include/racoonbot_pkg/WiringPi/wiringPiD/runRemote.c
-- Symlinking: /home/lisior/Workspaces/racoonbot_ws/install/racoonbot_pkg/include/racoonbot_pkg/WiringPi/wiringPiD/runRemote.h
-- Symlinking: /home/lisior/Workspaces/racoonbot_ws/install/racoonbot_pkg/include/racoonbot_pkg/WiringPi/wiringPiD/wiringpid.c
-- Symlinking: /home/lisior/Workspaces/racoonbot_ws/install/racoonbot_pkg/include/racoonbot_pkg/racoonbot_pkg/racoonbot_control.hpp
-- Up-to-date symlink: /home/lisior/Workspaces/racoonbot_ws/install/racoonbot_pkg/include/racoonbot_pkg/racoonbot_pkg/racoonbot_system.hpp
-- Up-to-date symlink: /home/lisior/Workspaces/racoonbot_ws/install/racoonbot_pkg/include/racoonbot_pkg/racoonbot_pkg/visibility_control.h
-- Symlinking: /home/lisior/Workspaces/racoonbot_ws/install/racoonbot_pkg/include/racoonbot_pkg/racoonbot_pkg/wheel.hpp
-- Up-to-date symlink: /home/lisior/Workspaces/racoonbot_ws/install/racoonbot_pkg/share/racoonbot_pkg/ros2_control/racoonbot.ros2_control.xacro
-- Up-to-date symlink: /home/lisior/Workspaces/racoonbot_ws/install/racoonbot_pkg/share/racoonbot_pkg/urdf/racoonbot.materials.xacro
-- Up-to-date symlink: /home/lisior/Workspaces/racoonbot_ws/install/racoonbot_pkg/share/racoonbot_pkg/urdf/racoonbot.urdf.xacro
-- Up-to-date symlink: /home/lisior/Workspaces/racoonbot_ws/install/racoonbot_pkg/share/racoonbot_pkg/urdf/racoonbot_description.urdf.xacro
-- Up-to-date symlink: /home/lisior/Workspaces/racoonbot_ws/install/racoonbot_pkg/share/racoonbot_pkg/urdf/racoonbot_description_3.urdf.xacro
-- Up-to-date symlink: /home/lisior/Workspaces/racoonbot_ws/install/racoonbot_pkg/share/racoonbot_pkg/rviz/racoonbot copy.rviz
-- Up-to-date symlink: /home/lisior/Workspaces/racoonbot_ws/install/racoonbot_pkg/share/racoonbot_pkg/rviz/racoonbot.rviz
-- Up-to-date symlink: /home/lisior/Workspaces/racoonbot_ws/install/racoonbot_pkg/share/racoonbot_pkg/rviz/racoonbot_view copy.rviz
-- Up-to-date symlink: /home/lisior/Workspaces/racoonbot_ws/install/racoonbot_pkg/share/racoonbot_pkg/rviz/racoonbot_view.rviz
-- Up-to-date symlink: /home/lisior/Workspaces/racoonbot_ws/install/racoonbot_pkg/share/racoonbot_pkg/meshes/base_link.dae
-- Up-to-date symlink: /home/lisior/Workspaces/racoonbot_ws/install/racoonbot_pkg/share/racoonbot_pkg/meshes/caster_link.dae
-- Up-to-date symlink: /home/lisior/Workspaces/racoonbot_ws/install/racoonbot_pkg/share/racoonbot_pkg/meshes/motor_link.dae
-- Up-to-date symlink: /home/lisior/Workspaces/racoonbot_ws/install/racoonbot_pkg/share/racoonbot_pkg/meshes/scan_link.dae
-- Up-to-date symlink: /home/lisior/Workspaces/racoonbot_ws/install/racoonbot_pkg/share/racoonbot_pkg/meshes/wheel_link.dae
-- Up-to-date symlink: /home/lisior/Workspaces/racoonbot_ws/install/racoonbot_pkg/share/racoonbot_pkg/launch/racoonbot.launch.py
-- Up-to-date symlink: /home/lisior/Workspaces/racoonbot_ws/install/racoonbot_pkg/share/racoonbot_pkg/config/racoonbot_controllers.yaml
-- Up-to-date symlink: /home/lisior/Workspaces/racoonbot_ws/install/racoonbot_pkg/share/racoonbot_pkg/environment/library_path.sh
-- Up-to-date symlink: /home/lisior/Workspaces/racoonbot_ws/install/racoonbot_pkg/share/racoonbot_pkg/environment/library_path.dsv
-- Up-to-date symlink: /home/lisior/Workspaces/racoonbot_ws/install/racoonbot_pkg/share/ament_index/resource_index/package_run_dependencies/racoonbot_pkg
-- Up-to-date symlink: /home/lisior/Workspaces/racoonbot_ws/install/racoonbot_pkg/share/ament_index/resource_index/parent_prefix_path/racoonbot_pkg
-- Up-to-date symlink: /home/lisior/Workspaces/racoonbot_ws/install/racoonbot_pkg/share/racoonbot_pkg/environment/ament_prefix_path.sh
-- Up-to-date symlink: /home/lisior/Workspaces/racoonbot_ws/install/racoonbot_pkg/share/racoonbot_pkg/environment/ament_prefix_path.dsv
-- Up-to-date symlink: /home/lisior/Workspaces/racoonbot_ws/install/racoonbot_pkg/share/racoonbot_pkg/environment/path.sh
-- Up-to-date symlink: /home/lisior/Workspaces/racoonbot_ws/install/racoonbot_pkg/share/racoonbot_pkg/environment/path.dsv
-- Up-to-date symlink: /home/lisior/Workspaces/racoonbot_ws/install/racoonbot_pkg/share/racoonbot_pkg/local_setup.bash
-- Up-to-date symlink: /home/lisior/Workspaces/racoonbot_ws/install/racoonbot_pkg/share/racoonbot_pkg/local_setup.sh
-- Up-to-date symlink: /home/lisior/Workspaces/racoonbot_ws/install/racoonbot_pkg/share/racoonbot_pkg/local_setup.zsh
-- Up-to-date symlink: /home/lisior/Workspaces/racoonbot_ws/install/racoonbot_pkg/share/racoonbot_pkg/local_setup.dsv
-- Symlinking: /home/lisior/Workspaces/racoonbot_ws/install/racoonbot_pkg/share/racoonbot_pkg/package.dsv
-- Up-to-date symlink: /home/lisior/Workspaces/racoonbot_ws/install/racoonbot_pkg/share/ament_index/resource_index/packages/racoonbot_pkg
-- Up-to-date symlink: /home/lisior/Workspaces/racoonbot_ws/install/racoonbot_pkg/share/ament_index/resource_index/hardware_interface__pluginlib__plugin/racoonbot_pkg
-- Up-to-date symlink: /home/lisior/Workspaces/racoonbot_ws/install/racoonbot_pkg/share/racoonbot_pkg/cmake/ament_cmake_export_targets-extras.cmake
-- Up-to-date symlink: /home/lisior/Workspaces/racoonbot_ws/install/racoonbot_pkg/share/racoonbot_pkg/cmake/ament_cmake_export_dependencies-extras.cmake
-- Up-to-date symlink: /home/lisior/Workspaces/racoonbot_ws/install/racoonbot_pkg/share/racoonbot_pkg/cmake/racoonbot_pkgConfig.cmake
-- Up-to-date symlink: /home/lisior/Workspaces/racoonbot_ws/install/racoonbot_pkg/share/racoonbot_pkg/cmake/racoonbot_pkgConfig-version.cmake
-- Up-to-date symlink: /home/lisior/Workspaces/racoonbot_ws/install/racoonbot_pkg/share/racoonbot_pkg/package.xml
-- Installing: /home/lisior/Workspaces/racoonbot_ws/install/racoonbot_pkg/lib/libracoonbot_pkg.so
-- Set runtime path of "/home/lisior/Workspaces/racoonbot_ws/install/racoonbot_pkg/lib/libracoonbot_pkg.so" to ""
-- Up-to-date: /home/lisior/Workspaces/racoonbot_ws/install/racoonbot_pkg/share/racoonbot_pkg/cmake/export_racoonbot_pkgExport.cmake
-- Up-to-date: /home/lisior/Workspaces/racoonbot_ws/install/racoonbot_pkg/share/racoonbot_pkg/cmake/export_racoonbot_pkgExport-noconfig.cmake
