[0.033s] Invoking command in '/home/lisior/Workspaces/racoonbot_ws/build/racoonbot_pkg': /usr/bin/cmake --build /home/lisior/Workspaces/racoonbot_ws/build/racoonbot_pkg -- -j2 -l2
[0.107s] [35m[1mConsolidate compiler generated dependencies of target racoonbot_pkg[0m
[0.160s] [ 50%] [32mBuilding CXX object CMakeFiles/racoonbot_pkg.dir/hardware/racoonbot_system.cpp.o[0m
[3.094s] In file included from [01m[K/home/lisior/Workspaces/racoonbot_ws/src/racoonbot_pkg/hardware/include/racoonbot_pkg/racoonbot_system.hpp:34[m[K,
[3.094s]                  from [01m[K/home/lisior/Workspaces/racoonbot_ws/src/racoonbot_pkg/hardware/racoonbot_system.cpp:15[m[K:
[3.094s] [01m[K/home/lisior/Workspaces/racoonbot_ws/src/racoonbot_pkg/hardware/include/racoonbot_pkg/racoonbot_control.hpp:[m[K In member function ‘[01m[Kvoid RacoonBotControl::motor_speed_callback(double, const string&)[m[K’:
[3.094s] [01m[K/home/lisior/Workspaces/racoonbot_ws/src/racoonbot_pkg/hardware/include/racoonbot_pkg/racoonbot_control.hpp:57:48:[m[K [01;35m[Kwarning: [m[Kunused parameter ‘[01m[Kduty_c[m[K’ [[01;35m[K]8;;https://gcc.gnu.org/onlinedocs/gcc/Warning-Options.html#index-Wunused-parameter-Wunused-parameter]8;;[m[K]
[3.094s]    57 |         void motor_speed_callback([01;35m[Kconst double duty_c[m[K, const std::string& source) {
[3.094s]       |                                   [01;35m[K~~~~~~~~~~~~~^~~~~~[m[K
[3.113s] [01m[K/home/lisior/Workspaces/racoonbot_ws/src/racoonbot_pkg/hardware/racoonbot_system.cpp:[m[K In member function ‘[01m[Kvirtual hardware_interface::return_type racoonbot_pkg::RacoonBotSystemHardware::read(const rclcpp::Time&, const rclcpp::Duration&)[m[K’:
[3.114s] [01m[K/home/lisior/Workspaces/racoonbot_ws/src/racoonbot_pkg/hardware/racoonbot_system.cpp:171:59:[m[K [01;35m[Kwarning: [m[Kunused parameter ‘[01m[Kperiod[m[K’ [[01;35m[K]8;;https://gcc.gnu.org/onlinedocs/gcc/Warning-Options.html#index-Wunused-parameter-Wunused-parameter]8;;[m[K]
[3.114s]   171 |   const rclcpp::Time & /*time*/, [01;35m[Kconst rclcpp::Duration & period[m[K)
[3.114s]       |                                  [01;35m[K~~~~~~~~~~~~~~~~~~~~~~~~~^~~~~~[m[K
[4.444s] [100%] [32m[1mLinking CXX shared library libracoonbot_pkg.so[0m
[4.969s] [100%] Built target racoonbot_pkg
[5.000s] Invoked command in '/home/lisior/Workspaces/racoonbot_ws/build/racoonbot_pkg' returned '0': /usr/bin/cmake --build /home/lisior/Workspaces/racoonbot_ws/build/racoonbot_pkg -- -j2 -l2
[5.077s] Invoking command in '/home/lisior/Workspaces/racoonbot_ws/build/racoonbot_pkg': /usr/bin/cmake --install /home/lisior/Workspaces/racoonbot_ws/build/racoonbot_pkg
[5.095s] -- Install configuration: ""
[5.099s] -- Execute custom install script
[5.101s] -- Up-to-date symlink: /home/lisior/Workspaces/racoonbot_ws/install/racoonbot_pkg/share/racoonbot_pkg//racoonbot_pkg.xml
[5.107s] -- Symlinking: /home/lisior/Workspaces/racoonbot_ws/install/racoonbot_pkg/include/racoonbot_pkg/WiringPi/.git/HEAD
[5.122s] -- Symlinking: /home/lisior/Workspaces/racoonbot_ws/install/racoonbot_pkg/include/racoonbot_pkg/WiringPi/.git/config
[5.138s] -- Symlinking: /home/lisior/Workspaces/racoonbot_ws/install/racoonbot_pkg/include/racoonbot_pkg/WiringPi/.git/description
[5.148s] -- Symlinking: /home/lisior/Workspaces/racoonbot_ws/install/racoonbot_pkg/include/racoonbot_pkg/WiringPi/.git/hooks/applypatch-msg.sample
[5.166s] -- Symlinking: /home/lisior/Workspaces/racoonbot_ws/install/racoonbot_pkg/include/racoonbot_pkg/WiringPi/.git/hooks/commit-msg.sample
[5.185s] -- Symlinking: /home/lisior/Workspaces/racoonbot_ws/install/racoonbot_pkg/include/racoonbot_pkg/WiringPi/.git/hooks/fsmonitor-watchman.sample
[5.197s] -- Symlinking: /home/lisior/Workspaces/racoonbot_ws/install/racoonbot_pkg/include/racoonbot_pkg/WiringPi/.git/hooks/post-update.sample
[5.210s] -- Symlinking: /home/lisior/Workspaces/racoonbot_ws/install/racoonbot_pkg/include/racoonbot_pkg/WiringPi/.git/hooks/pre-applypatch.sample
[5.224s] -- Symlinking: /home/lisior/Workspaces/racoonbot_ws/install/racoonbot_pkg/include/racoonbot_pkg/WiringPi/.git/hooks/pre-commit.sample
[5.237s] -- Symlinking: /home/lisior/Workspaces/racoonbot_ws/install/racoonbot_pkg/include/racoonbot_pkg/WiringPi/.git/hooks/pre-merge-commit.sample
[5.248s] -- Symlinking: /home/lisior/Workspaces/racoonbot_ws/install/racoonbot_pkg/include/racoonbot_pkg/WiringPi/.git/hooks/pre-push.sample
[5.257s] -- Symlinking: /home/lisior/Workspaces/racoonbot_ws/install/racoonbot_pkg/include/racoonbot_pkg/WiringPi/.git/hooks/pre-rebase.sample
[5.270s] -- Symlinking: /home/lisior/Workspaces/racoonbot_ws/install/racoonbot_pkg/include/racoonbot_pkg/WiringPi/.git/hooks/pre-receive.sample
[5.288s] -- Symlinking: /home/lisior/Workspaces/racoonbot_ws/install/racoonbot_pkg/include/racoonbot_pkg/WiringPi/.git/hooks/prepare-commit-msg.sample
[5.301s] -- Symlinking: /home/lisior/Workspaces/racoonbot_ws/install/racoonbot_pkg/include/racoonbot_pkg/WiringPi/.git/hooks/push-to-checkout.sample
[5.316s] -- Symlinking: /home/lisior/Workspaces/racoonbot_ws/install/racoonbot_pkg/include/racoonbot_pkg/WiringPi/.git/hooks/update.sample
[5.332s] -- Symlinking: /home/lisior/Workspaces/racoonbot_ws/install/racoonbot_pkg/include/racoonbot_pkg/WiringPi/.git/index
[5.345s] -- Symlinking: /home/lisior/Workspaces/racoonbot_ws/install/racoonbot_pkg/include/racoonbot_pkg/WiringPi/.git/info/exclude
[5.358s] -- Symlinking: /home/lisior/Workspaces/racoonbot_ws/install/racoonbot_pkg/include/racoonbot_pkg/WiringPi/.git/logs/HEAD
[5.371s] -- Symlinking: /home/lisior/Workspaces/racoonbot_ws/install/racoonbot_pkg/include/racoonbot_pkg/WiringPi/.git/logs/refs/heads/ubuntu
[5.386s] -- Symlinking: /home/lisior/Workspaces/racoonbot_ws/install/racoonbot_pkg/include/racoonbot_pkg/WiringPi/.git/logs/refs/remotes/origin/HEAD
[5.397s] -- Symlinking: /home/lisior/Workspaces/racoonbot_ws/install/racoonbot_pkg/include/racoonbot_pkg/WiringPi/.git/objects/pack/pack-9bc2a6d205bc49b80870ad41688d6f1822d04ed5.idx
[5.414s] -- Symlinking: /home/lisior/Workspaces/racoonbot_ws/install/racoonbot_pkg/include/racoonbot_pkg/WiringPi/.git/objects/pack/pack-9bc2a6d205bc49b80870ad41688d6f1822d04ed5.pack
[5.431s] -- Symlinking: /home/lisior/Workspaces/racoonbot_ws/install/racoonbot_pkg/include/racoonbot_pkg/WiringPi/.git/packed-refs
[5.449s] -- Symlinking: /home/lisior/Workspaces/racoonbot_ws/install/racoonbot_pkg/include/racoonbot_pkg/WiringPi/.git/refs/heads/ubuntu
[5.469s] -- Symlinking: /home/lisior/Workspaces/racoonbot_ws/install/racoonbot_pkg/include/racoonbot_pkg/WiringPi/.git/refs/remotes/origin/HEAD
[5.488s] -- Symlinking: /home/lisior/Workspaces/racoonbot_ws/install/racoonbot_pkg/include/racoonbot_pkg/WiringPi/.github/workflows/build.yml
[5.509s] -- Symlinking: /home/lisior/Workspaces/racoonbot_ws/install/racoonbot_pkg/include/racoonbot_pkg/WiringPi/.gitignore
[5.525s] -- Symlinking: /home/lisior/Workspaces/racoonbot_ws/install/racoonbot_pkg/include/racoonbot_pkg/WiringPi/COPYING.LESSER
[5.538s] -- Symlinking: /home/lisior/Workspaces/racoonbot_ws/install/racoonbot_pkg/include/racoonbot_pkg/WiringPi/INSTALL
[5.554s] -- Symlinking: /home/lisior/Workspaces/racoonbot_ws/install/racoonbot_pkg/include/racoonbot_pkg/WiringPi/People
[5.573s] -- Symlinking: /home/lisior/Workspaces/racoonbot_ws/install/racoonbot_pkg/include/racoonbot_pkg/WiringPi/README.md
[5.591s] -- Symlinking: /home/lisior/Workspaces/racoonbot_ws/install/racoonbot_pkg/include/racoonbot_pkg/WiringPi/VERSION
[5.605s] -- Symlinking: /home/lisior/Workspaces/racoonbot_ws/install/racoonbot_pkg/include/racoonbot_pkg/WiringPi/build
[5.622s] -- Symlinking: /home/lisior/Workspaces/racoonbot_ws/install/racoonbot_pkg/include/racoonbot_pkg/WiringPi/debian-template/wiringPi/DEBIAN/postinst
[5.636s] -- Symlinking: /home/lisior/Workspaces/racoonbot_ws/install/racoonbot_pkg/include/racoonbot_pkg/WiringPi/debian-template/wiringPi/DEBIAN/postrm
[5.657s] -- Symlinking: /home/lisior/Workspaces/racoonbot_ws/install/racoonbot_pkg/include/racoonbot_pkg/WiringPi/debian-template/wiringPi/control_template
[5.684s] -- Symlinking: /home/lisior/Workspaces/racoonbot_ws/install/racoonbot_pkg/include/racoonbot_pkg/WiringPi/debian/.gitignore
[5.700s] -- Symlinking: /home/lisior/Workspaces/racoonbot_ws/install/racoonbot_pkg/include/racoonbot_pkg/WiringPi/debian/changelog
[5.716s] -- Symlinking: /home/lisior/Workspaces/racoonbot_ws/install/racoonbot_pkg/include/racoonbot_pkg/WiringPi/debian/compat
[5.735s] -- Symlinking: /home/lisior/Workspaces/racoonbot_ws/install/racoonbot_pkg/include/racoonbot_pkg/WiringPi/debian/control
[5.749s] -- Symlinking: /home/lisior/Workspaces/racoonbot_ws/install/racoonbot_pkg/include/racoonbot_pkg/WiringPi/debian/copyright
[5.763s] -- Symlinking: /home/lisior/Workspaces/racoonbot_ws/install/racoonbot_pkg/include/racoonbot_pkg/WiringPi/debian/libwiringpi-dev.dirs
[5.782s] -- Symlinking: /home/lisior/Workspaces/racoonbot_ws/install/racoonbot_pkg/include/racoonbot_pkg/WiringPi/debian/libwiringpi-dev.install
[5.800s] -- Symlinking: /home/lisior/Workspaces/racoonbot_ws/install/racoonbot_pkg/include/racoonbot_pkg/WiringPi/debian/libwiringpi2.install
[5.813s] -- Symlinking: /home/lisior/Workspaces/racoonbot_ws/install/racoonbot_pkg/include/racoonbot_pkg/WiringPi/debian/libwiringpi2.shlibs
[5.827s] -- Symlinking: /home/lisior/Workspaces/racoonbot_ws/install/racoonbot_pkg/include/racoonbot_pkg/WiringPi/debian/rules
[5.839s] -- Symlinking: /home/lisior/Workspaces/racoonbot_ws/install/racoonbot_pkg/include/racoonbot_pkg/WiringPi/debian/wiringpi.dirs
[5.849s] -- Symlinking: /home/lisior/Workspaces/racoonbot_ws/install/racoonbot_pkg/include/racoonbot_pkg/WiringPi/debian/wiringpi.install
[5.860s] -- Symlinking: /home/lisior/Workspaces/racoonbot_ws/install/racoonbot_pkg/include/racoonbot_pkg/WiringPi/devLib/Makefile
[5.873s] -- Symlinking: /home/lisior/Workspaces/racoonbot_ws/install/racoonbot_pkg/include/racoonbot_pkg/WiringPi/devLib/ds1302.c
[5.887s] -- Symlinking: /home/lisior/Workspaces/racoonbot_ws/install/racoonbot_pkg/include/racoonbot_pkg/WiringPi/devLib/ds1302.h
[5.900s] -- Symlinking: /home/lisior/Workspaces/racoonbot_ws/install/racoonbot_pkg/include/racoonbot_pkg/WiringPi/devLib/font.h
[5.911s] -- Symlinking: /home/lisior/Workspaces/racoonbot_ws/install/racoonbot_pkg/include/racoonbot_pkg/WiringPi/devLib/gertboard.c
[5.927s] -- Symlinking: /home/lisior/Workspaces/racoonbot_ws/install/racoonbot_pkg/include/racoonbot_pkg/WiringPi/devLib/gertboard.h
[5.939s] -- Symlinking: /home/lisior/Workspaces/racoonbot_ws/install/racoonbot_pkg/include/racoonbot_pkg/WiringPi/devLib/lcd.c
[5.953s] -- Symlinking: /home/lisior/Workspaces/racoonbot_ws/install/racoonbot_pkg/include/racoonbot_pkg/WiringPi/devLib/lcd.h
[5.967s] -- Symlinking: /home/lisior/Workspaces/racoonbot_ws/install/racoonbot_pkg/include/racoonbot_pkg/WiringPi/devLib/lcd128x64.c
[5.993s] -- Symlinking: /home/lisior/Workspaces/racoonbot_ws/install/racoonbot_pkg/include/racoonbot_pkg/WiringPi/devLib/lcd128x64.h
[6.009s] -- Symlinking: /home/lisior/Workspaces/racoonbot_ws/install/racoonbot_pkg/include/racoonbot_pkg/WiringPi/devLib/maxdetect.c
[6.024s] -- Symlinking: /home/lisior/Workspaces/racoonbot_ws/install/racoonbot_pkg/include/racoonbot_pkg/WiringPi/devLib/maxdetect.h
[6.044s] -- Symlinking: /home/lisior/Workspaces/racoonbot_ws/install/racoonbot_pkg/include/racoonbot_pkg/WiringPi/devLib/piFace.c
[6.058s] -- Symlinking: /home/lisior/Workspaces/racoonbot_ws/install/racoonbot_pkg/include/racoonbot_pkg/WiringPi/devLib/piFace.h
[6.082s] -- Symlinking: /home/lisior/Workspaces/racoonbot_ws/install/racoonbot_pkg/include/racoonbot_pkg/WiringPi/devLib/piFaceOld.c
[6.097s] -- Symlinking: /home/lisior/Workspaces/racoonbot_ws/install/racoonbot_pkg/include/racoonbot_pkg/WiringPi/devLib/piGlow.c
[6.110s] -- Symlinking: /home/lisior/Workspaces/racoonbot_ws/install/racoonbot_pkg/include/racoonbot_pkg/WiringPi/devLib/piGlow.h
[6.129s] -- Symlinking: /home/lisior/Workspaces/racoonbot_ws/install/racoonbot_pkg/include/racoonbot_pkg/WiringPi/devLib/piNes.c
[6.147s] -- Symlinking: /home/lisior/Workspaces/racoonbot_ws/install/racoonbot_pkg/include/racoonbot_pkg/WiringPi/devLib/piNes.h
[6.174s] -- Symlinking: /home/lisior/Workspaces/racoonbot_ws/install/racoonbot_pkg/include/racoonbot_pkg/WiringPi/devLib/scrollPhat.c
[6.192s] -- Symlinking: /home/lisior/Workspaces/racoonbot_ws/install/racoonbot_pkg/include/racoonbot_pkg/WiringPi/devLib/scrollPhat.h
[6.212s] -- Symlinking: /home/lisior/Workspaces/racoonbot_ws/install/racoonbot_pkg/include/racoonbot_pkg/WiringPi/devLib/scrollPhatFont.h
[6.227s] -- Symlinking: /home/lisior/Workspaces/racoonbot_ws/install/racoonbot_pkg/include/racoonbot_pkg/WiringPi/examples/COPYING.LESSER
[6.240s] -- Symlinking: /home/lisior/Workspaces/racoonbot_ws/install/racoonbot_pkg/include/racoonbot_pkg/WiringPi/examples/Gertboard/7segments.c
[6.252s] -- Symlinking: /home/lisior/Workspaces/racoonbot_ws/install/racoonbot_pkg/include/racoonbot_pkg/WiringPi/examples/Gertboard/Makefile
[6.272s] -- Symlinking: /home/lisior/Workspaces/racoonbot_ws/install/racoonbot_pkg/include/racoonbot_pkg/WiringPi/examples/Gertboard/buttons.c
[6.290s] -- Symlinking: /home/lisior/Workspaces/racoonbot_ws/install/racoonbot_pkg/include/racoonbot_pkg/WiringPi/examples/Gertboard/gertboard.c
[6.303s] -- Symlinking: /home/lisior/Workspaces/racoonbot_ws/install/racoonbot_pkg/include/racoonbot_pkg/WiringPi/examples/Gertboard/record.c
[6.315s] -- Symlinking: /home/lisior/Workspaces/racoonbot_ws/install/racoonbot_pkg/include/racoonbot_pkg/WiringPi/examples/Gertboard/temperature.c
[6.331s] -- Symlinking: /home/lisior/Workspaces/racoonbot_ws/install/racoonbot_pkg/include/racoonbot_pkg/WiringPi/examples/Gertboard/voltmeter.c
[6.346s] -- Symlinking: /home/lisior/Workspaces/racoonbot_ws/install/racoonbot_pkg/include/racoonbot_pkg/WiringPi/examples/Gertboard/vumeter.c
[6.358s] -- Symlinking: /home/lisior/Workspaces/racoonbot_ws/install/racoonbot_pkg/include/racoonbot_pkg/WiringPi/examples/Makefile
[6.375s] -- Symlinking: /home/lisior/Workspaces/racoonbot_ws/install/racoonbot_pkg/include/racoonbot_pkg/WiringPi/examples/PiFace/Makefile
[6.388s] -- Symlinking: /home/lisior/Workspaces/racoonbot_ws/install/racoonbot_pkg/include/racoonbot_pkg/WiringPi/examples/PiFace/blink.c
[6.400s] -- Symlinking: /home/lisior/Workspaces/racoonbot_ws/install/racoonbot_pkg/include/racoonbot_pkg/WiringPi/examples/PiFace/buttons.c
[6.412s] -- Symlinking: /home/lisior/Workspaces/racoonbot_ws/install/racoonbot_pkg/include/racoonbot_pkg/WiringPi/examples/PiFace/ladder.c
[6.436s] -- Symlinking: /home/lisior/Workspaces/racoonbot_ws/install/racoonbot_pkg/include/racoonbot_pkg/WiringPi/examples/PiFace/metro.c
[6.451s] -- Symlinking: /home/lisior/Workspaces/racoonbot_ws/install/racoonbot_pkg/include/racoonbot_pkg/WiringPi/examples/PiFace/motor.c
[6.469s] -- Symlinking: /home/lisior/Workspaces/racoonbot_ws/install/racoonbot_pkg/include/racoonbot_pkg/WiringPi/examples/PiFace/reaction.c
[6.493s] -- Symlinking: /home/lisior/Workspaces/racoonbot_ws/install/racoonbot_pkg/include/racoonbot_pkg/WiringPi/examples/PiGlow/Makefile
[6.508s] -- Symlinking: /home/lisior/Workspaces/racoonbot_ws/install/racoonbot_pkg/include/racoonbot_pkg/WiringPi/examples/PiGlow/piGlow0.c
[6.520s] -- Symlinking: /home/lisior/Workspaces/racoonbot_ws/install/racoonbot_pkg/include/racoonbot_pkg/WiringPi/examples/PiGlow/piGlow1.c
[6.536s] -- Symlinking: /home/lisior/Workspaces/racoonbot_ws/install/racoonbot_pkg/include/racoonbot_pkg/WiringPi/examples/PiGlow/piglow.c
[6.553s] -- Symlinking: /home/lisior/Workspaces/racoonbot_ws/install/racoonbot_pkg/include/racoonbot_pkg/WiringPi/examples/README.TXT
[6.571s] -- Symlinking: /home/lisior/Workspaces/racoonbot_ws/install/racoonbot_pkg/include/racoonbot_pkg/WiringPi/examples/blink-thread.c
[6.585s] -- Symlinking: /home/lisior/Workspaces/racoonbot_ws/install/racoonbot_pkg/include/racoonbot_pkg/WiringPi/examples/blink.c
[6.610s] -- Symlinking: /home/lisior/Workspaces/racoonbot_ws/install/racoonbot_pkg/include/racoonbot_pkg/WiringPi/examples/blink.rtb
[6.628s] -- Symlinking: /home/lisior/Workspaces/racoonbot_ws/install/racoonbot_pkg/include/racoonbot_pkg/WiringPi/examples/blink.sh
[6.648s] -- Symlinking: /home/lisior/Workspaces/racoonbot_ws/install/racoonbot_pkg/include/racoonbot_pkg/WiringPi/examples/blink12.c
[6.680s] -- Symlinking: /home/lisior/Workspaces/racoonbot_ws/install/racoonbot_pkg/include/racoonbot_pkg/WiringPi/examples/blink12drcs.c
[6.707s] -- Symlinking: /home/lisior/Workspaces/racoonbot_ws/install/racoonbot_pkg/include/racoonbot_pkg/WiringPi/examples/blink6drcs.c
[6.734s] -- Symlinking: /home/lisior/Workspaces/racoonbot_ws/install/racoonbot_pkg/include/racoonbot_pkg/WiringPi/examples/blink8-drcn.c
[6.758s] -- Symlinking: /home/lisior/Workspaces/racoonbot_ws/install/racoonbot_pkg/include/racoonbot_pkg/WiringPi/examples/blink8.c
[6.771s] -- Symlinking: /home/lisior/Workspaces/racoonbot_ws/install/racoonbot_pkg/include/racoonbot_pkg/WiringPi/examples/clock.c
[6.791s] -- Symlinking: /home/lisior/Workspaces/racoonbot_ws/install/racoonbot_pkg/include/racoonbot_pkg/WiringPi/examples/delayTest.c
[6.810s] -- Symlinking: /home/lisior/Workspaces/racoonbot_ws/install/racoonbot_pkg/include/racoonbot_pkg/WiringPi/examples/ds1302.c
[6.827s] -- Symlinking: /home/lisior/Workspaces/racoonbot_ws/install/racoonbot_pkg/include/racoonbot_pkg/WiringPi/examples/header.h
[6.846s] -- Symlinking: /home/lisior/Workspaces/racoonbot_ws/install/racoonbot_pkg/include/racoonbot_pkg/WiringPi/examples/isr-osc.c
[6.863s] -- Symlinking: /home/lisior/Workspaces/racoonbot_ws/install/racoonbot_pkg/include/racoonbot_pkg/WiringPi/examples/isr.c
[6.884s] -- Symlinking: /home/lisior/Workspaces/racoonbot_ws/install/racoonbot_pkg/include/racoonbot_pkg/WiringPi/examples/lcd-adafruit.c
[6.902s] -- Symlinking: /home/lisior/Workspaces/racoonbot_ws/install/racoonbot_pkg/include/racoonbot_pkg/WiringPi/examples/lcd.c
[6.919s] -- Symlinking: /home/lisior/Workspaces/racoonbot_ws/install/racoonbot_pkg/include/racoonbot_pkg/WiringPi/examples/lowPower.c
[6.940s] -- Symlinking: /home/lisior/Workspaces/racoonbot_ws/install/racoonbot_pkg/include/racoonbot_pkg/WiringPi/examples/max31855.c
[6.955s] -- Symlinking: /home/lisior/Workspaces/racoonbot_ws/install/racoonbot_pkg/include/racoonbot_pkg/WiringPi/examples/nes.c
[6.967s] -- Symlinking: /home/lisior/Workspaces/racoonbot_ws/install/racoonbot_pkg/include/racoonbot_pkg/WiringPi/examples/okLed.c
[6.998s] -- Symlinking: /home/lisior/Workspaces/racoonbot_ws/install/racoonbot_pkg/include/racoonbot_pkg/WiringPi/examples/pwm.c
[7.016s] -- Symlinking: /home/lisior/Workspaces/racoonbot_ws/install/racoonbot_pkg/include/racoonbot_pkg/WiringPi/examples/q2w/Makefile
[7.040s] -- Symlinking: /home/lisior/Workspaces/racoonbot_ws/install/racoonbot_pkg/include/racoonbot_pkg/WiringPi/examples/q2w/binary.c
[7.068s] -- Symlinking: /home/lisior/Workspaces/racoonbot_ws/install/racoonbot_pkg/include/racoonbot_pkg/WiringPi/examples/q2w/blink-io.c
[7.101s] -- Symlinking: /home/lisior/Workspaces/racoonbot_ws/install/racoonbot_pkg/include/racoonbot_pkg/WiringPi/examples/q2w/blink.c
[7.116s] -- Symlinking: /home/lisior/Workspaces/racoonbot_ws/install/racoonbot_pkg/include/racoonbot_pkg/WiringPi/examples/q2w/blink.sh
[7.134s] -- Symlinking: /home/lisior/Workspaces/racoonbot_ws/install/racoonbot_pkg/include/racoonbot_pkg/WiringPi/examples/q2w/bright.c
[7.149s] -- Symlinking: /home/lisior/Workspaces/racoonbot_ws/install/racoonbot_pkg/include/racoonbot_pkg/WiringPi/examples/q2w/button.c
[7.169s] -- Symlinking: /home/lisior/Workspaces/racoonbot_ws/install/racoonbot_pkg/include/racoonbot_pkg/WiringPi/examples/q2w/volts.c
[7.209s] -- Symlinking: /home/lisior/Workspaces/racoonbot_ws/install/racoonbot_pkg/include/racoonbot_pkg/WiringPi/examples/rht03.c
[7.224s] -- Symlinking: /home/lisior/Workspaces/racoonbot_ws/install/racoonbot_pkg/include/racoonbot_pkg/WiringPi/examples/scrollPhat/Makefile
[7.241s] -- Symlinking: /home/lisior/Workspaces/racoonbot_ws/install/racoonbot_pkg/include/racoonbot_pkg/WiringPi/examples/scrollPhat/scphat.c
[7.253s] -- Symlinking: /home/lisior/Workspaces/racoonbot_ws/install/racoonbot_pkg/include/racoonbot_pkg/WiringPi/examples/scrollPhat/test.c
[7.272s] -- Symlinking: /home/lisior/Workspaces/racoonbot_ws/install/racoonbot_pkg/include/racoonbot_pkg/WiringPi/examples/serialRead.c
[7.290s] -- Symlinking: /home/lisior/Workspaces/racoonbot_ws/install/racoonbot_pkg/include/racoonbot_pkg/WiringPi/examples/serialTest.c
[7.302s] -- Symlinking: /home/lisior/Workspaces/racoonbot_ws/install/racoonbot_pkg/include/racoonbot_pkg/WiringPi/examples/servo.c
[7.313s] -- Symlinking: /home/lisior/Workspaces/racoonbot_ws/install/racoonbot_pkg/include/racoonbot_pkg/WiringPi/examples/softPwm.c
[7.324s] -- Symlinking: /home/lisior/Workspaces/racoonbot_ws/install/racoonbot_pkg/include/racoonbot_pkg/WiringPi/examples/softTone.c
[7.337s] -- Symlinking: /home/lisior/Workspaces/racoonbot_ws/install/racoonbot_pkg/include/racoonbot_pkg/WiringPi/examples/speed.c
[7.349s] -- Symlinking: /home/lisior/Workspaces/racoonbot_ws/install/racoonbot_pkg/include/racoonbot_pkg/WiringPi/examples/spiSpeed.c
[7.364s] -- Symlinking: /home/lisior/Workspaces/racoonbot_ws/install/racoonbot_pkg/include/racoonbot_pkg/WiringPi/examples/wfi.c
[7.378s] -- Symlinking: /home/lisior/Workspaces/racoonbot_ws/install/racoonbot_pkg/include/racoonbot_pkg/WiringPi/gpio/COPYING.LESSER
[7.392s] -- Symlinking: /home/lisior/Workspaces/racoonbot_ws/install/racoonbot_pkg/include/racoonbot_pkg/WiringPi/gpio/Makefile
[7.402s] -- Symlinking: /home/lisior/Workspaces/racoonbot_ws/install/racoonbot_pkg/include/racoonbot_pkg/WiringPi/gpio/gpio.1
[7.412s] -- Symlinking: /home/lisior/Workspaces/racoonbot_ws/install/racoonbot_pkg/include/racoonbot_pkg/WiringPi/gpio/gpio.c
[7.427s] -- Symlinking: /home/lisior/Workspaces/racoonbot_ws/install/racoonbot_pkg/include/racoonbot_pkg/WiringPi/gpio/pintest
[7.438s] -- Symlinking: /home/lisior/Workspaces/racoonbot_ws/install/racoonbot_pkg/include/racoonbot_pkg/WiringPi/gpio/readall.c
[7.450s] -- Symlinking: /home/lisior/Workspaces/racoonbot_ws/install/racoonbot_pkg/include/racoonbot_pkg/WiringPi/gpio/test.sh
[7.461s] -- Symlinking: /home/lisior/Workspaces/racoonbot_ws/install/racoonbot_pkg/include/racoonbot_pkg/WiringPi/newVersion
[7.474s] -- Symlinking: /home/lisior/Workspaces/racoonbot_ws/install/racoonbot_pkg/include/racoonbot_pkg/WiringPi/pins/Makefile
[7.493s] -- Symlinking: /home/lisior/Workspaces/racoonbot_ws/install/racoonbot_pkg/include/racoonbot_pkg/WiringPi/pins/pins.pdf
[7.510s] -- Symlinking: /home/lisior/Workspaces/racoonbot_ws/install/racoonbot_pkg/include/racoonbot_pkg/WiringPi/pins/pins.tex
[7.525s] -- Symlinking: /home/lisior/Workspaces/racoonbot_ws/install/racoonbot_pkg/include/racoonbot_pkg/WiringPi/reinstall
[7.537s] -- Symlinking: /home/lisior/Workspaces/racoonbot_ws/install/racoonbot_pkg/include/racoonbot_pkg/WiringPi/version.h
[7.551s] -- Symlinking: /home/lisior/Workspaces/racoonbot_ws/install/racoonbot_pkg/include/racoonbot_pkg/WiringPi/wiringPi/COPYING.LESSER
[7.565s] -- Symlinking: /home/lisior/Workspaces/racoonbot_ws/install/racoonbot_pkg/include/racoonbot_pkg/WiringPi/wiringPi/Makefile
[7.584s] -- Symlinking: /home/lisior/Workspaces/racoonbot_ws/install/racoonbot_pkg/include/racoonbot_pkg/WiringPi/wiringPi/ads1115.c
[7.602s] -- Symlinking: /home/lisior/Workspaces/racoonbot_ws/install/racoonbot_pkg/include/racoonbot_pkg/WiringPi/wiringPi/ads1115.h
[7.614s] -- Symlinking: /home/lisior/Workspaces/racoonbot_ws/install/racoonbot_pkg/include/racoonbot_pkg/WiringPi/wiringPi/bmp180.c
[7.629s] -- Symlinking: /home/lisior/Workspaces/racoonbot_ws/install/racoonbot_pkg/include/racoonbot_pkg/WiringPi/wiringPi/bmp180.h
[7.641s] -- Symlinking: /home/lisior/Workspaces/racoonbot_ws/install/racoonbot_pkg/include/racoonbot_pkg/WiringPi/wiringPi/drcNet.c
[7.653s] -- Symlinking: /home/lisior/Workspaces/racoonbot_ws/install/racoonbot_pkg/include/racoonbot_pkg/WiringPi/wiringPi/drcNet.h
[7.668s] -- Symlinking: /home/lisior/Workspaces/racoonbot_ws/install/racoonbot_pkg/include/racoonbot_pkg/WiringPi/wiringPi/drcSerial.c
[7.704s] -- Symlinking: /home/lisior/Workspaces/racoonbot_ws/install/racoonbot_pkg/include/racoonbot_pkg/WiringPi/wiringPi/drcSerial.h
[7.726s] -- Symlinking: /home/lisior/Workspaces/racoonbot_ws/install/racoonbot_pkg/include/racoonbot_pkg/WiringPi/wiringPi/ds18b20.c
[7.741s] -- Symlinking: /home/lisior/Workspaces/racoonbot_ws/install/racoonbot_pkg/include/racoonbot_pkg/WiringPi/wiringPi/ds18b20.h
[7.752s] -- Symlinking: /home/lisior/Workspaces/racoonbot_ws/install/racoonbot_pkg/include/racoonbot_pkg/WiringPi/wiringPi/htu21d.c
[7.767s] -- Symlinking: /home/lisior/Workspaces/racoonbot_ws/install/racoonbot_pkg/include/racoonbot_pkg/WiringPi/wiringPi/htu21d.h
[7.783s] -- Symlinking: /home/lisior/Workspaces/racoonbot_ws/install/racoonbot_pkg/include/racoonbot_pkg/WiringPi/wiringPi/max31855.c
[7.800s] -- Symlinking: /home/lisior/Workspaces/racoonbot_ws/install/racoonbot_pkg/include/racoonbot_pkg/WiringPi/wiringPi/max31855.h
[7.810s] -- Symlinking: /home/lisior/Workspaces/racoonbot_ws/install/racoonbot_pkg/include/racoonbot_pkg/WiringPi/wiringPi/max5322.c
[7.821s] -- Symlinking: /home/lisior/Workspaces/racoonbot_ws/install/racoonbot_pkg/include/racoonbot_pkg/WiringPi/wiringPi/max5322.h
[7.833s] -- Symlinking: /home/lisior/Workspaces/racoonbot_ws/install/racoonbot_pkg/include/racoonbot_pkg/WiringPi/wiringPi/mcp23008.c
[7.850s] -- Symlinking: /home/lisior/Workspaces/racoonbot_ws/install/racoonbot_pkg/include/racoonbot_pkg/WiringPi/wiringPi/mcp23008.h
[7.861s] -- Symlinking: /home/lisior/Workspaces/racoonbot_ws/install/racoonbot_pkg/include/racoonbot_pkg/WiringPi/wiringPi/mcp23016.c
[7.879s] -- Symlinking: /home/lisior/Workspaces/racoonbot_ws/install/racoonbot_pkg/include/racoonbot_pkg/WiringPi/wiringPi/mcp23016.h
[7.891s] -- Symlinking: /home/lisior/Workspaces/racoonbot_ws/install/racoonbot_pkg/include/racoonbot_pkg/WiringPi/wiringPi/mcp23016reg.h
[7.907s] -- Symlinking: /home/lisior/Workspaces/racoonbot_ws/install/racoonbot_pkg/include/racoonbot_pkg/WiringPi/wiringPi/mcp23017.c
[7.919s] -- Symlinking: /home/lisior/Workspaces/racoonbot_ws/install/racoonbot_pkg/include/racoonbot_pkg/WiringPi/wiringPi/mcp23017.h
[7.936s] -- Symlinking: /home/lisior/Workspaces/racoonbot_ws/install/racoonbot_pkg/include/racoonbot_pkg/WiringPi/wiringPi/mcp23s08.c
[7.950s] -- Symlinking: /home/lisior/Workspaces/racoonbot_ws/install/racoonbot_pkg/include/racoonbot_pkg/WiringPi/wiringPi/mcp23s08.h
[7.962s] -- Symlinking: /home/lisior/Workspaces/racoonbot_ws/install/racoonbot_pkg/include/racoonbot_pkg/WiringPi/wiringPi/mcp23s17.c
[7.977s] -- Symlinking: /home/lisior/Workspaces/racoonbot_ws/install/racoonbot_pkg/include/racoonbot_pkg/WiringPi/wiringPi/mcp23s17.h
[8.002s] -- Symlinking: /home/lisior/Workspaces/racoonbot_ws/install/racoonbot_pkg/include/racoonbot_pkg/WiringPi/wiringPi/mcp23x08.h
[8.009s] -- Symlinking: /home/lisior/Workspaces/racoonbot_ws/install/racoonbot_pkg/include/racoonbot_pkg/WiringPi/wiringPi/mcp23x0817.h
[8.029s] -- Symlinking: /home/lisior/Workspaces/racoonbot_ws/install/racoonbot_pkg/include/racoonbot_pkg/WiringPi/wiringPi/mcp3002.c
[8.042s] -- Symlinking: /home/lisior/Workspaces/racoonbot_ws/install/racoonbot_pkg/include/racoonbot_pkg/WiringPi/wiringPi/mcp3002.h
[8.060s] -- Symlinking: /home/lisior/Workspaces/racoonbot_ws/install/racoonbot_pkg/include/racoonbot_pkg/WiringPi/wiringPi/mcp3004.c
[8.077s] -- Symlinking: /home/lisior/Workspaces/racoonbot_ws/install/racoonbot_pkg/include/racoonbot_pkg/WiringPi/wiringPi/mcp3004.h
[8.092s] -- Symlinking: /home/lisior/Workspaces/racoonbot_ws/install/racoonbot_pkg/include/racoonbot_pkg/WiringPi/wiringPi/mcp3422.c
[8.103s] -- Symlinking: /home/lisior/Workspaces/racoonbot_ws/install/racoonbot_pkg/include/racoonbot_pkg/WiringPi/wiringPi/mcp3422.h
[8.115s] -- Symlinking: /home/lisior/Workspaces/racoonbot_ws/install/racoonbot_pkg/include/racoonbot_pkg/WiringPi/wiringPi/mcp4802.c
[8.133s] -- Symlinking: /home/lisior/Workspaces/racoonbot_ws/install/racoonbot_pkg/include/racoonbot_pkg/WiringPi/wiringPi/mcp4802.h
[8.148s] -- Symlinking: /home/lisior/Workspaces/racoonbot_ws/install/racoonbot_pkg/include/racoonbot_pkg/WiringPi/wiringPi/noMoreStatic
[8.163s] -- Symlinking: /home/lisior/Workspaces/racoonbot_ws/install/racoonbot_pkg/include/racoonbot_pkg/WiringPi/wiringPi/pcf8574.c
[8.190s] -- Symlinking: /home/lisior/Workspaces/racoonbot_ws/install/racoonbot_pkg/include/racoonbot_pkg/WiringPi/wiringPi/pcf8574.h
[8.203s] -- Symlinking: /home/lisior/Workspaces/racoonbot_ws/install/racoonbot_pkg/include/racoonbot_pkg/WiringPi/wiringPi/pcf8591.c
[8.221s] -- Symlinking: /home/lisior/Workspaces/racoonbot_ws/install/racoonbot_pkg/include/racoonbot_pkg/WiringPi/wiringPi/pcf8591.h
[8.239s] -- Symlinking: /home/lisior/Workspaces/racoonbot_ws/install/racoonbot_pkg/include/racoonbot_pkg/WiringPi/wiringPi/piHiPri.c
[8.256s] -- Symlinking: /home/lisior/Workspaces/racoonbot_ws/install/racoonbot_pkg/include/racoonbot_pkg/WiringPi/wiringPi/piThread.c
[8.278s] -- Symlinking: /home/lisior/Workspaces/racoonbot_ws/install/racoonbot_pkg/include/racoonbot_pkg/WiringPi/wiringPi/pseudoPins.c
[8.290s] -- Symlinking: /home/lisior/Workspaces/racoonbot_ws/install/racoonbot_pkg/include/racoonbot_pkg/WiringPi/wiringPi/pseudoPins.h
[8.302s] -- Symlinking: /home/lisior/Workspaces/racoonbot_ws/install/racoonbot_pkg/include/racoonbot_pkg/WiringPi/wiringPi/rht03.c
[8.317s] -- Symlinking: /home/lisior/Workspaces/racoonbot_ws/install/racoonbot_pkg/include/racoonbot_pkg/WiringPi/wiringPi/rht03.h
[8.336s] -- Symlinking: /home/lisior/Workspaces/racoonbot_ws/install/racoonbot_pkg/include/racoonbot_pkg/WiringPi/wiringPi/sn3218.c
[8.349s] -- Symlinking: /home/lisior/Workspaces/racoonbot_ws/install/racoonbot_pkg/include/racoonbot_pkg/WiringPi/wiringPi/sn3218.h
[8.361s] -- Symlinking: /home/lisior/Workspaces/racoonbot_ws/install/racoonbot_pkg/include/racoonbot_pkg/WiringPi/wiringPi/softPwm.c
[8.393s] -- Symlinking: /home/lisior/Workspaces/racoonbot_ws/install/racoonbot_pkg/include/racoonbot_pkg/WiringPi/wiringPi/softPwm.h
[8.409s] -- Symlinking: /home/lisior/Workspaces/racoonbot_ws/install/racoonbot_pkg/include/racoonbot_pkg/WiringPi/wiringPi/softServo.c
[8.423s] -- Symlinking: /home/lisior/Workspaces/racoonbot_ws/install/racoonbot_pkg/include/racoonbot_pkg/WiringPi/wiringPi/softServo.h
[8.436s] -- Symlinking: /home/lisior/Workspaces/racoonbot_ws/install/racoonbot_pkg/include/racoonbot_pkg/WiringPi/wiringPi/softTone.c
[8.450s] -- Symlinking: /home/lisior/Workspaces/racoonbot_ws/install/racoonbot_pkg/include/racoonbot_pkg/WiringPi/wiringPi/softTone.h
[8.463s] -- Symlinking: /home/lisior/Workspaces/racoonbot_ws/install/racoonbot_pkg/include/racoonbot_pkg/WiringPi/wiringPi/sr595.c
[8.479s] -- Symlinking: /home/lisior/Workspaces/racoonbot_ws/install/racoonbot_pkg/include/racoonbot_pkg/WiringPi/wiringPi/sr595.h
[8.497s] -- Symlinking: /home/lisior/Workspaces/racoonbot_ws/install/racoonbot_pkg/include/racoonbot_pkg/WiringPi/wiringPi/wiringPi.c
[8.518s] -- Symlinking: /home/lisior/Workspaces/racoonbot_ws/install/racoonbot_pkg/include/racoonbot_pkg/WiringPi/wiringPi/wiringPi.h
[8.535s] -- Symlinking: /home/lisior/Workspaces/racoonbot_ws/install/racoonbot_pkg/include/racoonbot_pkg/WiringPi/wiringPi/wiringPiI2C.c
[8.554s] -- Symlinking: /home/lisior/Workspaces/racoonbot_ws/install/racoonbot_pkg/include/racoonbot_pkg/WiringPi/wiringPi/wiringPiI2C.h
[8.566s] -- Symlinking: /home/lisior/Workspaces/racoonbot_ws/install/racoonbot_pkg/include/racoonbot_pkg/WiringPi/wiringPi/wiringPiLegacy.c
[8.583s] -- Symlinking: /home/lisior/Workspaces/racoonbot_ws/install/racoonbot_pkg/include/racoonbot_pkg/WiringPi/wiringPi/wiringPiLegacy.h
[8.594s] -- Symlinking: /home/lisior/Workspaces/racoonbot_ws/install/racoonbot_pkg/include/racoonbot_pkg/WiringPi/wiringPi/wiringPiSPI.c
[8.608s] -- Symlinking: /home/lisior/Workspaces/racoonbot_ws/install/racoonbot_pkg/include/racoonbot_pkg/WiringPi/wiringPi/wiringPiSPI.h
[8.623s] -- Symlinking: /home/lisior/Workspaces/racoonbot_ws/install/racoonbot_pkg/include/racoonbot_pkg/WiringPi/wiringPi/wiringSerial.c
[8.636s] -- Symlinking: /home/lisior/Workspaces/racoonbot_ws/install/racoonbot_pkg/include/racoonbot_pkg/WiringPi/wiringPi/wiringSerial.h
[8.657s] -- Symlinking: /home/lisior/Workspaces/racoonbot_ws/install/racoonbot_pkg/include/racoonbot_pkg/WiringPi/wiringPi/wiringShift.c
[8.677s] -- Symlinking: /home/lisior/Workspaces/racoonbot_ws/install/racoonbot_pkg/include/racoonbot_pkg/WiringPi/wiringPi/wiringShift.h
[8.700s] -- Symlinking: /home/lisior/Workspaces/racoonbot_ws/install/racoonbot_pkg/include/racoonbot_pkg/WiringPi/wiringPi/wpiExtensions.c
[8.722s] -- Symlinking: /home/lisior/Workspaces/racoonbot_ws/install/racoonbot_pkg/include/racoonbot_pkg/WiringPi/wiringPi/wpiExtensions.h
[8.744s] -- Symlinking: /home/lisior/Workspaces/racoonbot_ws/install/racoonbot_pkg/include/racoonbot_pkg/WiringPi/wiringPiD/Makefile
[8.760s] -- Symlinking: /home/lisior/Workspaces/racoonbot_ws/install/racoonbot_pkg/include/racoonbot_pkg/WiringPi/wiringPiD/daemonise.c
[8.773s] -- Symlinking: /home/lisior/Workspaces/racoonbot_ws/install/racoonbot_pkg/include/racoonbot_pkg/WiringPi/wiringPiD/daemonise.h
[8.788s] -- Symlinking: /home/lisior/Workspaces/racoonbot_ws/install/racoonbot_pkg/include/racoonbot_pkg/WiringPi/wiringPiD/drcNetCmd.h
[8.799s] -- Symlinking: /home/lisior/Workspaces/racoonbot_ws/install/racoonbot_pkg/include/racoonbot_pkg/WiringPi/wiringPiD/network.c
[8.812s] -- Symlinking: /home/lisior/Workspaces/racoonbot_ws/install/racoonbot_pkg/include/racoonbot_pkg/WiringPi/wiringPiD/network.h
[8.825s] -- Symlinking: /home/lisior/Workspaces/racoonbot_ws/install/racoonbot_pkg/include/racoonbot_pkg/WiringPi/wiringPiD/runRemote.c
[8.838s] -- Symlinking: /home/lisior/Workspaces/racoonbot_ws/install/racoonbot_pkg/include/racoonbot_pkg/WiringPi/wiringPiD/runRemote.h
[8.850s] -- Symlinking: /home/lisior/Workspaces/racoonbot_ws/install/racoonbot_pkg/include/racoonbot_pkg/WiringPi/wiringPiD/wiringpid.c
[8.865s] -- Symlinking: /home/lisior/Workspaces/racoonbot_ws/install/racoonbot_pkg/include/racoonbot_pkg/racoonbot_pkg/racoonbot_control.hpp
[8.877s] -- Up-to-date symlink: /home/lisior/Workspaces/racoonbot_ws/install/racoonbot_pkg/include/racoonbot_pkg/racoonbot_pkg/racoonbot_system.hpp
[8.879s] -- Up-to-date symlink: /home/lisior/Workspaces/racoonbot_ws/install/racoonbot_pkg/include/racoonbot_pkg/racoonbot_pkg/visibility_control.h
[8.881s] -- Symlinking: /home/lisior/Workspaces/racoonbot_ws/install/racoonbot_pkg/include/racoonbot_pkg/racoonbot_pkg/wheel.hpp
[8.897s] -- Up-to-date symlink: /home/lisior/Workspaces/racoonbot_ws/install/racoonbot_pkg/share/racoonbot_pkg/ros2_control/racoonbot.ros2_control.xacro
[8.898s] -- Up-to-date symlink: /home/lisior/Workspaces/racoonbot_ws/install/racoonbot_pkg/share/racoonbot_pkg/urdf/racoonbot.materials.xacro
[8.899s] -- Up-to-date symlink: /home/lisior/Workspaces/racoonbot_ws/install/racoonbot_pkg/share/racoonbot_pkg/urdf/racoonbot.urdf.xacro
[8.900s] -- Up-to-date symlink: /home/lisior/Workspaces/racoonbot_ws/install/racoonbot_pkg/share/racoonbot_pkg/urdf/racoonbot_description.urdf.xacro
[8.901s] -- Up-to-date symlink: /home/lisior/Workspaces/racoonbot_ws/install/racoonbot_pkg/share/racoonbot_pkg/urdf/racoonbot_description_3.urdf.xacro
[8.903s] -- Up-to-date symlink: /home/lisior/Workspaces/racoonbot_ws/install/racoonbot_pkg/share/racoonbot_pkg/rviz/racoonbot copy.rviz
[8.904s] -- Up-to-date symlink: /home/lisior/Workspaces/racoonbot_ws/install/racoonbot_pkg/share/racoonbot_pkg/rviz/racoonbot.rviz
[8.905s] -- Up-to-date symlink: /home/lisior/Workspaces/racoonbot_ws/install/racoonbot_pkg/share/racoonbot_pkg/rviz/racoonbot_view copy.rviz
[8.906s] -- Up-to-date symlink: /home/lisior/Workspaces/racoonbot_ws/install/racoonbot_pkg/share/racoonbot_pkg/rviz/racoonbot_view.rviz
[8.907s] -- Up-to-date symlink: /home/lisior/Workspaces/racoonbot_ws/install/racoonbot_pkg/share/racoonbot_pkg/meshes/base_link.dae
[8.908s] -- Up-to-date symlink: /home/lisior/Workspaces/racoonbot_ws/install/racoonbot_pkg/share/racoonbot_pkg/meshes/caster_link.dae
[8.909s] -- Up-to-date symlink: /home/lisior/Workspaces/racoonbot_ws/install/racoonbot_pkg/share/racoonbot_pkg/meshes/motor_link.dae
[8.909s] -- Up-to-date symlink: /home/lisior/Workspaces/racoonbot_ws/install/racoonbot_pkg/share/racoonbot_pkg/meshes/scan_link.dae
[8.910s] -- Up-to-date symlink: /home/lisior/Workspaces/racoonbot_ws/install/racoonbot_pkg/share/racoonbot_pkg/meshes/wheel_link.dae
[8.910s] -- Up-to-date symlink: /home/lisior/Workspaces/racoonbot_ws/install/racoonbot_pkg/share/racoonbot_pkg/launch/racoonbot.launch.py
[8.912s] -- Up-to-date symlink: /home/lisior/Workspaces/racoonbot_ws/install/racoonbot_pkg/share/racoonbot_pkg/config/racoonbot_controllers.yaml
[8.912s] -- Up-to-date symlink: /home/lisior/Workspaces/racoonbot_ws/install/racoonbot_pkg/share/racoonbot_pkg/environment/library_path.sh
[8.913s] -- Up-to-date symlink: /home/lisior/Workspaces/racoonbot_ws/install/racoonbot_pkg/share/racoonbot_pkg/environment/library_path.dsv
[8.913s] -- Up-to-date symlink: /home/lisior/Workspaces/racoonbot_ws/install/racoonbot_pkg/share/ament_index/resource_index/package_run_dependencies/racoonbot_pkg
[8.913s] -- Up-to-date symlink: /home/lisior/Workspaces/racoonbot_ws/install/racoonbot_pkg/share/ament_index/resource_index/parent_prefix_path/racoonbot_pkg
[8.914s] -- Up-to-date symlink: /home/lisior/Workspaces/racoonbot_ws/install/racoonbot_pkg/share/racoonbot_pkg/environment/ament_prefix_path.sh
[8.914s] -- Up-to-date symlink: /home/lisior/Workspaces/racoonbot_ws/install/racoonbot_pkg/share/racoonbot_pkg/environment/ament_prefix_path.dsv
[8.916s] -- Up-to-date symlink: /home/lisior/Workspaces/racoonbot_ws/install/racoonbot_pkg/share/racoonbot_pkg/environment/path.sh
[8.917s] -- Up-to-date symlink: /home/lisior/Workspaces/racoonbot_ws/install/racoonbot_pkg/share/racoonbot_pkg/environment/path.dsv
[8.917s] -- Up-to-date symlink: /home/lisior/Workspaces/racoonbot_ws/install/racoonbot_pkg/share/racoonbot_pkg/local_setup.bash
[8.918s] -- Up-to-date symlink: /home/lisior/Workspaces/racoonbot_ws/install/racoonbot_pkg/share/racoonbot_pkg/local_setup.sh
[8.918s] -- Up-to-date symlink: /home/lisior/Workspaces/racoonbot_ws/install/racoonbot_pkg/share/racoonbot_pkg/local_setup.zsh
[8.918s] -- Up-to-date symlink: /home/lisior/Workspaces/racoonbot_ws/install/racoonbot_pkg/share/racoonbot_pkg/local_setup.dsv
[8.919s] -- Symlinking: /home/lisior/Workspaces/racoonbot_ws/install/racoonbot_pkg/share/racoonbot_pkg/package.dsv
[8.945s] -- Up-to-date symlink: /home/lisior/Workspaces/racoonbot_ws/install/racoonbot_pkg/share/ament_index/resource_index/packages/racoonbot_pkg
[8.946s] -- Up-to-date symlink: /home/lisior/Workspaces/racoonbot_ws/install/racoonbot_pkg/share/ament_index/resource_index/hardware_interface__pluginlib__plugin/racoonbot_pkg
[8.946s] -- Up-to-date symlink: /home/lisior/Workspaces/racoonbot_ws/install/racoonbot_pkg/share/racoonbot_pkg/cmake/ament_cmake_export_targets-extras.cmake
[8.947s] -- Up-to-date symlink: /home/lisior/Workspaces/racoonbot_ws/install/racoonbot_pkg/share/racoonbot_pkg/cmake/ament_cmake_export_dependencies-extras.cmake
[8.948s] -- Up-to-date symlink: /home/lisior/Workspaces/racoonbot_ws/install/racoonbot_pkg/share/racoonbot_pkg/cmake/racoonbot_pkgConfig.cmake
[8.949s] -- Up-to-date symlink: /home/lisior/Workspaces/racoonbot_ws/install/racoonbot_pkg/share/racoonbot_pkg/cmake/racoonbot_pkgConfig-version.cmake
[8.961s] -- Up-to-date symlink: /home/lisior/Workspaces/racoonbot_ws/install/racoonbot_pkg/share/racoonbot_pkg/package.xml
[8.967s] -- Installing: /home/lisior/Workspaces/racoonbot_ws/install/racoonbot_pkg/lib/libracoonbot_pkg.so
[9.003s] -- Set runtime path of "/home/lisior/Workspaces/racoonbot_ws/install/racoonbot_pkg/lib/libracoonbot_pkg.so" to ""
[9.014s] -- Up-to-date: /home/lisior/Workspaces/racoonbot_ws/install/racoonbot_pkg/share/racoonbot_pkg/cmake/export_racoonbot_pkgExport.cmake
[9.015s] -- Up-to-date: /home/lisior/Workspaces/racoonbot_ws/install/racoonbot_pkg/share/racoonbot_pkg/cmake/export_racoonbot_pkgExport-noconfig.cmake
[9.015s] Invoked command in '/home/lisior/Workspaces/racoonbot_ws/build/racoonbot_pkg' returned '0': /usr/bin/cmake --install /home/lisior/Workspaces/racoonbot_ws/build/racoonbot_pkg
